[1.557s] DEBUG:colcon:Command line arguments: ['/usr/bin/colcon', 'build', '--packages-select', 'uorover_ik']
[1.557s] DEBUG:colcon:Parsed command line arguments: Namespace(log_base=None, log_level=None, verb_name='build', build_base='build', install_base='install', merge_install=False, symlink_install=False, test_result_base=None, continue_on_error=False, executor='parallel', parallel_workers=12, event_handlers=None, ignore_user_meta=False, metas=['./colcon.meta'], base_paths=['.'], packages_ignore=None, packages_ignore_regex=None, paths=None, packages_up_to=None, packages_up_to_regex=None, packages_above=None, packages_above_and_dependencies=None, packages_above_depth=None, packages_select_by_dep=None, packages_skip_by_dep=None, packages_skip_up_to=None, packages_select_build_failed=False, packages_skip_build_finished=False, packages_select_test_failures=False, packages_skip_test_passed=False, packages_select=['uorover_ik'], packages_skip=None, packages_select_regex=None, packages_skip_regex=None, packages_start=None, packages_end=None, allow_overriding=[], cmake_args=None, cmake_target=None, cmake_target_skip_unavailable=False, cmake_clean_cache=False, cmake_clean_first=False, cmake_force_configure=False, ament_cmake_args=None, catkin_cmake_args=None, catkin_skip_building_tests=False, mixin_files=None, mixin=None, verb_parser=<colcon_mixin.mixin.mixin_argument.MixinArgumentDecorator object at 0x7faa0f2cefb0>, verb_extension=<colcon_core.verb.build.BuildVerb object at 0x7faa0f2dd4b0>, main=<bound method BuildVerb.main of <colcon_core.verb.build.BuildVerb object at 0x7faa0f2dd4b0>>, mixin_verb=('build',))
[1.608s] Level 1:colcon.colcon_core.package_discovery:discover_packages(colcon_meta) check parameters
[1.608s] Level 1:colcon.colcon_core.package_discovery:discover_packages(recursive) check parameters
[1.608s] Level 1:colcon.colcon_core.package_discovery:discover_packages(ignore) check parameters
[1.608s] Level 1:colcon.colcon_core.package_discovery:discover_packages(path) check parameters
[1.608s] Level 1:colcon.colcon_core.package_discovery:discover_packages(colcon_meta) discover
[1.608s] Level 1:colcon.colcon_core.package_discovery:discover_packages(recursive) discover
[1.608s] INFO:colcon.colcon_core.package_discovery:Crawling recursively for packages in '/home/luka/ws_moveit2'
[1.608s] Level 1:colcon.colcon_core.package_identification:_identify(.) by extensions ['ignore', 'ignore_ament_install']
[1.608s] Level 1:colcon.colcon_core.package_identification:_identify(.) by extension 'ignore'
[1.608s] Level 1:colcon.colcon_core.package_identification:_identify(.) by extension 'ignore_ament_install'
[1.608s] Level 1:colcon.colcon_core.package_identification:_identify(.) by extensions ['colcon_pkg']
[1.608s] Level 1:colcon.colcon_core.package_identification:_identify(.) by extension 'colcon_pkg'
[1.608s] Level 1:colcon.colcon_core.package_identification:_identify(.) by extensions ['colcon_meta']
[1.609s] Level 1:colcon.colcon_core.package_identification:_identify(.) by extension 'colcon_meta'
[1.609s] Level 1:colcon.colcon_core.package_identification:_identify(.) by extensions ['ros']
[1.609s] Level 1:colcon.colcon_core.package_identification:_identify(.) by extension 'ros'
[1.618s] Level 1:colcon.colcon_core.package_identification:_identify(.) by extensions ['cmake', 'python']
[1.618s] Level 1:colcon.colcon_core.package_identification:_identify(.) by extension 'cmake'
[1.618s] Level 1:colcon.colcon_core.package_identification:_identify(.) by extension 'python'
[1.618s] Level 1:colcon.colcon_core.package_identification:_identify(.) by extensions ['python_setup_py']
[1.618s] Level 1:colcon.colcon_core.package_identification:_identify(.) by extension 'python_setup_py'
[1.618s] Level 1:colcon.colcon_core.package_identification:_identify(build) by extensions ['ignore', 'ignore_ament_install']
[1.618s] Level 1:colcon.colcon_core.package_identification:_identify(build) by extension 'ignore'
[1.618s] Level 1:colcon.colcon_core.package_identification:_identify(build) ignored
[1.618s] Level 1:colcon.colcon_core.package_identification:_identify(install) by extensions ['ignore', 'ignore_ament_install']
[1.618s] Level 1:colcon.colcon_core.package_identification:_identify(install) by extension 'ignore'
[1.618s] Level 1:colcon.colcon_core.package_identification:_identify(install) ignored
[1.619s] Level 1:colcon.colcon_core.package_identification:_identify(log) by extensions ['ignore', 'ignore_ament_install']
[1.619s] Level 1:colcon.colcon_core.package_identification:_identify(log) by extension 'ignore'
[1.619s] Level 1:colcon.colcon_core.package_identification:_identify(log) ignored
[1.619s] Level 1:colcon.colcon_core.package_identification:_identify(src) by extensions ['ignore', 'ignore_ament_install']
[1.619s] Level 1:colcon.colcon_core.package_identification:_identify(src) by extension 'ignore'
[1.619s] Level 1:colcon.colcon_core.package_identification:_identify(src) by extension 'ignore_ament_install'
[1.619s] Level 1:colcon.colcon_core.package_identification:_identify(src) by extensions ['colcon_pkg']
[1.619s] Level 1:colcon.colcon_core.package_identification:_identify(src) by extension 'colcon_pkg'
[1.619s] Level 1:colcon.colcon_core.package_identification:_identify(src) by extensions ['colcon_meta']
[1.619s] Level 1:colcon.colcon_core.package_identification:_identify(src) by extension 'colcon_meta'
[1.619s] Level 1:colcon.colcon_core.package_identification:_identify(src) by extensions ['ros']
[1.619s] Level 1:colcon.colcon_core.package_identification:_identify(src) by extension 'ros'
[1.619s] Level 1:colcon.colcon_core.package_identification:_identify(src) by extensions ['cmake', 'python']
[1.619s] Level 1:colcon.colcon_core.package_identification:_identify(src) by extension 'cmake'
[1.619s] Level 1:colcon.colcon_core.package_identification:_identify(src) by extension 'python'
[1.619s] Level 1:colcon.colcon_core.package_identification:_identify(src) by extensions ['python_setup_py']
[1.619s] Level 1:colcon.colcon_core.package_identification:_identify(src) by extension 'python_setup_py'
[1.619s] Level 1:colcon.colcon_core.package_identification:_identify(src/uorover_arm) by extensions ['ignore', 'ignore_ament_install']
[1.619s] Level 1:colcon.colcon_core.package_identification:_identify(src/uorover_arm) by extension 'ignore'
[1.620s] Level 1:colcon.colcon_core.package_identification:_identify(src/uorover_arm) by extension 'ignore_ament_install'
[1.620s] Level 1:colcon.colcon_core.package_identification:_identify(src/uorover_arm) by extensions ['colcon_pkg']
[1.620s] Level 1:colcon.colcon_core.package_identification:_identify(src/uorover_arm) by extension 'colcon_pkg'
[1.620s] Level 1:colcon.colcon_core.package_identification:_identify(src/uorover_arm) by extensions ['colcon_meta']
[1.620s] Level 1:colcon.colcon_core.package_identification:_identify(src/uorover_arm) by extension 'colcon_meta'
[1.620s] Level 1:colcon.colcon_core.package_identification:_identify(src/uorover_arm) by extensions ['ros']
[1.620s] Level 1:colcon.colcon_core.package_identification:_identify(src/uorover_arm) by extension 'ros'
[1.622s] DEBUG:colcon.colcon_core.package_identification:Package 'src/uorover_arm' with type 'ros.ament_python' and name 'uorover_arm'
[1.622s] Level 1:colcon.colcon_core.package_identification:_identify(src/uorover_ik) by extensions ['ignore', 'ignore_ament_install']
[1.622s] Level 1:colcon.colcon_core.package_identification:_identify(src/uorover_ik) by extension 'ignore'
[1.622s] Level 1:colcon.colcon_core.package_identification:_identify(src/uorover_ik) by extension 'ignore_ament_install'
[1.622s] Level 1:colcon.colcon_core.package_identification:_identify(src/uorover_ik) by extensions ['colcon_pkg']
[1.622s] Level 1:colcon.colcon_core.package_identification:_identify(src/uorover_ik) by extension 'colcon_pkg'
[1.622s] Level 1:colcon.colcon_core.package_identification:_identify(src/uorover_ik) by extensions ['colcon_meta']
[1.622s] Level 1:colcon.colcon_core.package_identification:_identify(src/uorover_ik) by extension 'colcon_meta'
[1.622s] Level 1:colcon.colcon_core.package_identification:_identify(src/uorover_ik) by extensions ['ros']
[1.622s] Level 1:colcon.colcon_core.package_identification:_identify(src/uorover_ik) by extension 'ros'
[1.623s] DEBUG:colcon.colcon_core.package_identification:Package 'src/uorover_ik' with type 'ros.ament_cmake' and name 'uorover_ik'
[1.623s] Level 1:colcon.colcon_core.package_identification:_identify(src/uorover_moveit_config) by extensions ['ignore', 'ignore_ament_install']
[1.623s] Level 1:colcon.colcon_core.package_identification:_identify(src/uorover_moveit_config) by extension 'ignore'
[1.623s] Level 1:colcon.colcon_core.package_identification:_identify(src/uorover_moveit_config) by extension 'ignore_ament_install'
[1.623s] Level 1:colcon.colcon_core.package_identification:_identify(src/uorover_moveit_config) by extensions ['colcon_pkg']
[1.623s] Level 1:colcon.colcon_core.package_identification:_identify(src/uorover_moveit_config) by extension 'colcon_pkg'
[1.623s] Level 1:colcon.colcon_core.package_identification:_identify(src/uorover_moveit_config) by extensions ['colcon_meta']
[1.623s] Level 1:colcon.colcon_core.package_identification:_identify(src/uorover_moveit_config) by extension 'colcon_meta'
[1.623s] Level 1:colcon.colcon_core.package_identification:_identify(src/uorover_moveit_config) by extensions ['ros']
[1.623s] Level 1:colcon.colcon_core.package_identification:_identify(src/uorover_moveit_config) by extension 'ros'
[1.624s] DEBUG:colcon.colcon_core.package_identification:Package 'src/uorover_moveit_config' with type 'ros.ament_cmake' and name 'uorover_moveit_config'
[1.624s] Level 1:colcon.colcon_core.package_discovery:discover_packages(recursive) using defaults
[1.624s] Level 1:colcon.colcon_core.package_discovery:discover_packages(ignore) discover
[1.624s] Level 1:colcon.colcon_core.package_discovery:discover_packages(ignore) using defaults
[1.624s] Level 1:colcon.colcon_core.package_discovery:discover_packages(path) discover
[1.624s] Level 1:colcon.colcon_core.package_discovery:discover_packages(path) using defaults
[1.696s] INFO:colcon.colcon_core.package_selection:Skipping not selected package 'uorover_arm' in 'src/uorover_arm'
[1.696s] INFO:colcon.colcon_core.package_selection:Skipping not selected package 'uorover_moveit_config' in 'src/uorover_moveit_config'
[1.732s] Level 1:colcon.colcon_core.package_discovery:discover_packages(prefix_path) check parameters
[1.732s] Level 1:colcon.colcon_core.package_discovery:discover_packages(prefix_path) discover
[1.770s] DEBUG:colcon.colcon_installed_package_information.package_discovery:Found 3 installed packages in /home/luka/ws_moveit2/install
[1.789s] DEBUG:colcon.colcon_installed_package_information.package_discovery:Found 9 installed packages in /home/luka/rover_workspace/install
[1.808s] DEBUG:colcon.colcon_installed_package_information.package_discovery:Found 407 installed packages in /opt/ros/humble
[1.809s] Level 1:colcon.colcon_core.package_discovery:discover_packages(prefix_path) using defaults
[1.921s] Level 5:colcon.colcon_core.verb:set package 'uorover_ik' build argument 'cmake_args' from command line to 'None'
[1.921s] Level 5:colcon.colcon_core.verb:set package 'uorover_ik' build argument 'cmake_target' from command line to 'None'
[1.922s] Level 5:colcon.colcon_core.verb:set package 'uorover_ik' build argument 'cmake_target_skip_unavailable' from command line to 'False'
[1.922s] Level 5:colcon.colcon_core.verb:set package 'uorover_ik' build argument 'cmake_clean_cache' from command line to 'False'
[1.922s] Level 5:colcon.colcon_core.verb:set package 'uorover_ik' build argument 'cmake_clean_first' from command line to 'False'
[1.922s] Level 5:colcon.colcon_core.verb:set package 'uorover_ik' build argument 'cmake_force_configure' from command line to 'False'
[1.922s] Level 5:colcon.colcon_core.verb:set package 'uorover_ik' build argument 'ament_cmake_args' from command line to 'None'
[1.922s] Level 5:colcon.colcon_core.verb:set package 'uorover_ik' build argument 'catkin_cmake_args' from command line to 'None'
[1.922s] Level 5:colcon.colcon_core.verb:set package 'uorover_ik' build argument 'catkin_skip_building_tests' from command line to 'False'
[1.922s] DEBUG:colcon.colcon_core.verb:Building package 'uorover_ik' with the following arguments: {'ament_cmake_args': None, 'build_base': '/home/luka/ws_moveit2/build/uorover_ik', 'catkin_cmake_args': None, 'catkin_skip_building_tests': False, 'cmake_args': None, 'cmake_clean_cache': False, 'cmake_clean_first': False, 'cmake_force_configure': False, 'cmake_target': None, 'cmake_target_skip_unavailable': False, 'install_base': '/home/luka/ws_moveit2/install/uorover_ik', 'merge_install': False, 'path': '/home/luka/ws_moveit2/src/uorover_ik', 'symlink_install': False, 'test_result_base': None}
[1.940s] INFO:colcon.colcon_core.executor:Executing jobs using 'parallel' executor
[1.958s] DEBUG:colcon.colcon_parallel_executor.executor.parallel:run_until_complete
[1.958s] INFO:colcon.colcon_ros.task.ament_cmake.build:Building ROS package in '/home/luka/ws_moveit2/src/uorover_ik' with build type 'ament_cmake'
[1.958s] INFO:colcon.colcon_cmake.task.cmake.build:Building CMake package in '/home/luka/ws_moveit2/src/uorover_ik'
[1.987s] INFO:colcon.colcon_core.plugin_system:Skipping extension 'colcon_core.shell.bat': Not used on non-Windows systems
[1.987s] INFO:colcon.colcon_core.shell:Skip shell extension 'powershell' for command environment: Not usable outside of PowerShell
[1.987s] DEBUG:colcon.colcon_core.shell:Skip shell extension 'dsv' for command environment
[2.068s] DEBUG:colcon.colcon_core.event_handler.log_command:Invoking command in '/home/luka/ws_moveit2/build/uorover_ik': CMAKE_PREFIX_PATH=${CMAKE_PREFIX_PATH}:/home/luka/ws_moveit2/install/uorover_arm:/home/luka/rover_workspace/install/robotic_arm_controls:/home/luka/rover_workspace/install/ld_controls:/home/luka/rover_workspace/install/gps_node:/home/luka/rover_workspace/install/camera_nodes:/home/luka/rover_workspace/install/drive_urdf:/home/luka/rover_workspace/install/drive_controls:/home/luka/rover_workspace/install/autonomous_navigation:/opt/ros/humble /usr/bin/cmake --build /home/luka/ws_moveit2/build/uorover_ik -- -j12 -l12
[8.535s] DEBUG:colcon.colcon_core.event_handler.log_command:Invoked command in '/home/luka/ws_moveit2/build/uorover_ik' returned '0': CMAKE_PREFIX_PATH=${CMAKE_PREFIX_PATH}:/home/luka/ws_moveit2/install/uorover_arm:/home/luka/rover_workspace/install/robotic_arm_controls:/home/luka/rover_workspace/install/ld_controls:/home/luka/rover_workspace/install/gps_node:/home/luka/rover_workspace/install/camera_nodes:/home/luka/rover_workspace/install/drive_urdf:/home/luka/rover_workspace/install/drive_controls:/home/luka/rover_workspace/install/autonomous_navigation:/opt/ros/humble /usr/bin/cmake --build /home/luka/ws_moveit2/build/uorover_ik -- -j12 -l12
[8.568s] DEBUG:colcon.colcon_core.event_handler.log_command:Invoking command in '/home/luka/ws_moveit2/build/uorover_ik': CMAKE_PREFIX_PATH=${CMAKE_PREFIX_PATH}:/home/luka/ws_moveit2/install/uorover_arm:/home/luka/rover_workspace/install/robotic_arm_controls:/home/luka/rover_workspace/install/ld_controls:/home/luka/rover_workspace/install/gps_node:/home/luka/rover_workspace/install/camera_nodes:/home/luka/rover_workspace/install/drive_urdf:/home/luka/rover_workspace/install/drive_controls:/home/luka/rover_workspace/install/autonomous_navigation:/opt/ros/humble /usr/bin/cmake --install /home/luka/ws_moveit2/build/uorover_ik
[8.578s] Level 1:colcon.colcon_core.environment:create_environment_scripts_only(uorover_ik)
[8.579s] DEBUG:colcon.colcon_core.event_handler.log_command:Invoked command in '/home/luka/ws_moveit2/build/uorover_ik' returned '0': CMAKE_PREFIX_PATH=${CMAKE_PREFIX_PATH}:/home/luka/ws_moveit2/install/uorover_arm:/home/luka/rover_workspace/install/robotic_arm_controls:/home/luka/rover_workspace/install/ld_controls:/home/luka/rover_workspace/install/gps_node:/home/luka/rover_workspace/install/camera_nodes:/home/luka/rover_workspace/install/drive_urdf:/home/luka/rover_workspace/install/drive_controls:/home/luka/rover_workspace/install/autonomous_navigation:/opt/ros/humble /usr/bin/cmake --install /home/luka/ws_moveit2/build/uorover_ik
[8.603s] Level 1:colcon.colcon_core.environment:checking '/home/luka/ws_moveit2/install/uorover_ik' for CMake module files
[8.603s] Level 1:colcon.colcon_core.environment:checking '/home/luka/ws_moveit2/install/uorover_ik' for CMake config files
[8.603s] Level 1:colcon.colcon_core.shell:create_environment_hook('uorover_ik', 'cmake_prefix_path')
[8.623s] INFO:colcon.colcon_core.shell:Creating environment hook '/home/luka/ws_moveit2/install/uorover_ik/share/uorover_ik/hook/cmake_prefix_path.ps1'
[8.623s] INFO:colcon.colcon_core.shell:Creating environment descriptor '/home/luka/ws_moveit2/install/uorover_ik/share/uorover_ik/hook/cmake_prefix_path.dsv'
[8.623s] INFO:colcon.colcon_core.shell:Creating environment hook '/home/luka/ws_moveit2/install/uorover_ik/share/uorover_ik/hook/cmake_prefix_path.sh'
[8.624s] Level 1:colcon.colcon_core.environment:checking '/home/luka/ws_moveit2/install/uorover_ik/lib'
[8.624s] Level 1:colcon.colcon_core.environment:checking '/home/luka/ws_moveit2/install/uorover_ik/bin'
[8.624s] Level 1:colcon.colcon_core.environment:checking '/home/luka/ws_moveit2/install/uorover_ik/lib/pkgconfig/uorover_ik.pc'
[8.625s] Level 1:colcon.colcon_core.environment:checking '/home/luka/ws_moveit2/install/uorover_ik/lib/python3.10/site-packages'
[8.625s] Level 1:colcon.colcon_core.environment:checking '/home/luka/ws_moveit2/install/uorover_ik/bin'
[8.643s] INFO:colcon.colcon_core.shell:Creating package script '/home/luka/ws_moveit2/install/uorover_ik/share/uorover_ik/package.ps1'
[8.644s] INFO:colcon.colcon_core.shell:Creating package descriptor '/home/luka/ws_moveit2/install/uorover_ik/share/uorover_ik/package.dsv'
[8.644s] INFO:colcon.colcon_core.shell:Creating package script '/home/luka/ws_moveit2/install/uorover_ik/share/uorover_ik/package.sh'
[8.645s] INFO:colcon.colcon_core.shell:Creating package script '/home/luka/ws_moveit2/install/uorover_ik/share/uorover_ik/package.bash'
[8.645s] INFO:colcon.colcon_core.shell:Creating package script '/home/luka/ws_moveit2/install/uorover_ik/share/uorover_ik/package.zsh'
[8.646s] Level 1:colcon.colcon_core.environment:create_file_with_runtime_dependencies(/home/luka/ws_moveit2/install/uorover_ik/share/colcon-core/packages/uorover_ik)
[8.690s] Level 1:colcon.colcon_core.environment:create_environment_scripts_only(uorover_ik)
[8.709s] Level 1:colcon.colcon_core.environment:checking '/home/luka/ws_moveit2/install/uorover_ik' for CMake module files
[8.709s] Level 1:colcon.colcon_core.environment:checking '/home/luka/ws_moveit2/install/uorover_ik' for CMake config files
[8.710s] Level 1:colcon.colcon_core.shell:create_environment_hook('uorover_ik', 'cmake_prefix_path')
[8.728s] INFO:colcon.colcon_core.shell:Creating environment hook '/home/luka/ws_moveit2/install/uorover_ik/share/uorover_ik/hook/cmake_prefix_path.ps1'
[8.728s] INFO:colcon.colcon_core.shell:Creating environment descriptor '/home/luka/ws_moveit2/install/uorover_ik/share/uorover_ik/hook/cmake_prefix_path.dsv'
[8.729s] INFO:colcon.colcon_core.shell:Creating environment hook '/home/luka/ws_moveit2/install/uorover_ik/share/uorover_ik/hook/cmake_prefix_path.sh'
[8.729s] Level 1:colcon.colcon_core.environment:checking '/home/luka/ws_moveit2/install/uorover_ik/lib'
[8.729s] Level 1:colcon.colcon_core.environment:checking '/home/luka/ws_moveit2/install/uorover_ik/bin'
[8.729s] Level 1:colcon.colcon_core.environment:checking '/home/luka/ws_moveit2/install/uorover_ik/lib/pkgconfig/uorover_ik.pc'
[8.730s] Level 1:colcon.colcon_core.environment:checking '/home/luka/ws_moveit2/install/uorover_ik/lib/python3.10/site-packages'
[8.730s] Level 1:colcon.colcon_core.environment:checking '/home/luka/ws_moveit2/install/uorover_ik/bin'
[8.748s] INFO:colcon.colcon_core.shell:Creating package script '/home/luka/ws_moveit2/install/uorover_ik/share/uorover_ik/package.ps1'
[8.749s] INFO:colcon.colcon_core.shell:Creating package descriptor '/home/luka/ws_moveit2/install/uorover_ik/share/uorover_ik/package.dsv'
[8.749s] INFO:colcon.colcon_core.shell:Creating package script '/home/luka/ws_moveit2/install/uorover_ik/share/uorover_ik/package.sh'
[8.749s] INFO:colcon.colcon_core.shell:Creating package script '/home/luka/ws_moveit2/install/uorover_ik/share/uorover_ik/package.bash'
[8.750s] INFO:colcon.colcon_core.shell:Creating package script '/home/luka/ws_moveit2/install/uorover_ik/share/uorover_ik/package.zsh'
[8.750s] Level 1:colcon.colcon_core.environment:create_file_with_runtime_dependencies(/home/luka/ws_moveit2/install/uorover_ik/share/colcon-core/packages/uorover_ik)
[8.750s] DEBUG:colcon.colcon_parallel_executor.executor.parallel:closing loop
[8.750s] DEBUG:colcon.colcon_parallel_executor.executor.parallel:loop closed
[8.750s] DEBUG:colcon.colcon_parallel_executor.executor.parallel:run_until_complete finished with '0'
[8.750s] DEBUG:colcon.colcon_core.event_reactor:joining thread
[8.773s] INFO:colcon.colcon_core.plugin_system:Skipping extension 'colcon_notification.desktop_notification.terminal_notifier': Not used on non-Darwin systems
[8.773s] INFO:colcon.colcon_core.plugin_system:Skipping extension 'colcon_notification.desktop_notification.win32': Not used on non-Windows systems
[8.773s] INFO:colcon.colcon_notification.desktop_notification:Sending desktop notification using 'notify2'
[8.783s] DEBUG:colcon.colcon_core.event_reactor:joined thread
[8.803s] INFO:colcon.colcon_core.shell:Creating prefix script '/home/luka/ws_moveit2/install/local_setup.ps1'
[8.804s] INFO:colcon.colcon_core.shell:Creating prefix util module '/home/luka/ws_moveit2/install/_local_setup_util_ps1.py'
[8.805s] INFO:colcon.colcon_core.shell:Creating prefix chain script '/home/luka/ws_moveit2/install/setup.ps1'
[8.825s] INFO:colcon.colcon_core.shell:Creating prefix script '/home/luka/ws_moveit2/install/local_setup.sh'
[8.825s] INFO:colcon.colcon_core.shell:Creating prefix util module '/home/luka/ws_moveit2/install/_local_setup_util_sh.py'
[8.825s] INFO:colcon.colcon_core.shell:Creating prefix chain script '/home/luka/ws_moveit2/install/setup.sh'
[8.845s] INFO:colcon.colcon_core.shell:Creating prefix script '/home/luka/ws_moveit2/install/local_setup.bash'
[8.845s] INFO:colcon.colcon_core.shell:Creating prefix chain script '/home/luka/ws_moveit2/install/setup.bash'
[8.867s] INFO:colcon.colcon_core.shell:Creating prefix script '/home/luka/ws_moveit2/install/local_setup.zsh'
[8.867s] INFO:colcon.colcon_core.shell:Creating prefix chain script '/home/luka/ws_moveit2/install/setup.zsh'
