[0.393s] Invoking command in '/home/luka/ws_moveit2/build/uorover_ik': CMAKE_PREFIX_PATH=/opt/ros/humble /usr/bin/cmake /home/luka/ws_moveit2/src/uorover_ik -DCMAKE_INSTALL_PREFIX=/home/luka/ws_moveit2/install/uorover_ik
[0.440s] -- The C compiler identification is GNU 11.4.0
[0.491s] -- The CXX compiler identification is GNU 11.4.0
[0.497s] -- Detecting C compiler ABI info
[0.559s] -- Detecting C compiler ABI info - done
[0.565s] -- Check for working C compiler: /usr/bin/cc - skipped
[0.566s] -- Detecting C compile features
[0.566s] -- Detecting C compile features - done
[0.569s] -- Detecting CXX compiler ABI info
[0.642s] -- Detecting CXX compiler ABI info - done
[0.649s] -- Check for working CXX compiler: /usr/bin/c++ - skipped
[0.649s] -- Detecting CXX compile features
[0.649s] -- Detecting CXX compile features - done
[0.652s] -- Found ament_cmake: 1.3.8 (/opt/ros/humble/share/ament_cmake/cmake)
[0.794s] -- Found Python3: /usr/bin/python3 (found version "3.10.12") found components: Interpreter 
[0.872s] -- Found moveit_ros_planning_interface: 2.5.5 (/opt/ros/humble/share/moveit_ros_planning_interface/cmake)
[1.026s] -- Found Boost: /usr/lib/x86_64-linux-gnu/cmake/Boost-1.74.0/BoostConfig.cmake (found version "1.74.0") found components: date_time filesystem program_options system thread 
[1.067s] -- Found rosidl_generator_c: 3.1.5 (/opt/ros/humble/share/rosidl_generator_c/cmake)
[1.072s] -- Found rosidl_adapter: 3.1.5 (/opt/ros/humble/share/rosidl_adapter/cmake)
[1.080s] -- Found rosidl_generator_cpp: 3.1.5 (/opt/ros/humble/share/rosidl_generator_cpp/cmake)
[1.093s] -- Using all available rosidl_typesupport_c: rosidl_typesupport_fastrtps_c;rosidl_typesupport_introspection_c
[1.111s] -- Using all available rosidl_typesupport_cpp: rosidl_typesupport_fastrtps_cpp;rosidl_typesupport_introspection_cpp
[1.987s] -- Found Boost: /usr/lib/x86_64-linux-gnu/cmake/Boost-1.74.0/BoostConfig.cmake (found version "1.74.0") found components: chrono date_time filesystem iostreams program_options regex serialization system thread 
[2.001s] -- Found parameter_traits: 0.3.7 (/opt/ros/humble/share/parameter_traits/cmake)
[2.058s] -- Found rmw_implementation_cmake: 6.1.1 (/opt/ros/humble/share/rmw_implementation_cmake/cmake)
[2.060s] -- Found rmw_cyclonedds_cpp: 1.3.4 (/opt/ros/humble/share/rmw_cyclonedds_cpp/cmake)
[2.089s] -- Using RMW implementation 'rmw_cyclonedds_cpp' as default
[2.098s] -- Found Threads: TRUE  
[2.243s] -- Found rclcpp_lifecycle: 16.0.8 (/opt/ros/humble/share/rclcpp_lifecycle/cmake)
[2.286s] -- Found Boost: /usr/lib/x86_64-linux-gnu/cmake/Boost-1.74.0/BoostConfig.cmake (found version "1.74.0") found components: filesystem 
[2.370s] -- library: /usr/lib/x86_64-linux-gnu/libcurl.so
[2.518s] -- Found Eigen3: TRUE (found version "3.4.0") 
[2.518s] -- Ensuring Eigen3 include directory is part of orocos-kdl CMake target
[3.023s] -- Found Boost: /usr/lib/x86_64-linux-gnu/cmake/Boost-1.74.0/BoostConfig.cmake (found version "1.74.0") found components: system filesystem date_time program_options thread chrono 
[3.549s] -- Found Boost: /usr/lib/x86_64-linux-gnu/cmake/Boost-1.74.0/BoostConfig.cmake (found version "1.74.0") found components: thread system filesystem regex date_time program_options 
[3.843s] -- Found Boost: /usr/lib/x86_64-linux-gnu/cmake/Boost-1.74.0/BoostConfig.cmake (found version "1.74.0") found components: system filesystem date_time program_options thread 
[4.265s] -- Found control_msgs: 4.4.0 (/opt/ros/humble/share/control_msgs/cmake)
[4.476s] [31mCMake Error at CMakeLists.txt:14 (find_package):
[4.476s]   By not providing "Findgeneral_interfaces.cmake" in CMAKE_MODULE_PATH this
[4.476s]   project has asked CMake to find a package configuration file provided by
[4.476s]   "general_interfaces", but CMake did not find one.
[4.476s] 
[4.476s]   Could not find a package configuration file provided by
[4.476s]   "general_interfaces" with any of the following names:
[4.476s] 
[4.477s]     general_interfacesConfig.cmake
[4.477s]     general_interfaces-config.cmake
[4.477s] 
[4.477s]   Add the installation prefix of "general_interfaces" to CMAKE_PREFIX_PATH or
[4.477s]   set "general_interfaces_DIR" to a directory containing one of the above
[4.477s]   files.  If "general_interfaces" provides a separate development package or
[4.477s]   SDK, be sure it has been installed.
[4.477s] 
[4.477s] [0m
[4.477s] -- Configuring incomplete, errors occurred!
[4.477s] See also "/home/luka/ws_moveit2/build/uorover_ik/CMakeFiles/CMakeOutput.log".
[4.489s] Invoked command in '/home/luka/ws_moveit2/build/uorover_ik' returned '1': CMAKE_PREFIX_PATH=/opt/ros/humble /usr/bin/cmake /home/luka/ws_moveit2/src/uorover_ik -DCMAKE_INSTALL_PREFIX=/home/luka/ws_moveit2/install/uorover_ik
