[0.197s] Invoking command in '/home/luka/ws_moveit2/build/uorover_ik': CMAKE_PREFIX_PATH=${CMAKE_PREFIX_PATH}:/home/luka/ws_moveit2/install/uorover_arm:/home/luka/rover_workspace/install/robotic_arm_controls:/home/luka/rover_workspace/install/ld_controls:/home/luka/rover_workspace/install/gps_node:/home/luka/rover_workspace/install/camera_nodes:/home/luka/rover_workspace/install/drive_urdf:/home/luka/rover_workspace/install/drive_controls:/home/luka/rover_workspace/install/autonomous_navigation:/opt/ros/humble /usr/bin/cmake --build /home/luka/ws_moveit2/build/uorover_ik -- -j12 -l12
[0.239s] [35m[1mConsolidate compiler generated dependencies of target ik_hardware_interface[0m
[0.255s] [ 50%] Built target uorover_ik
[0.256s] [ 75%] [32mBuilding CXX object CMakeFiles/ik_hardware_interface.dir/src/ik_hardware_interface.cpp.o[0m
[8.837s] [100%] [32m[1mLinking CXX executable ik_hardware_interface[0m
[9.693s] [100%] Built target ik_hardware_interface
[9.703s] Invoked command in '/home/luka/ws_moveit2/build/uorover_ik' returned '0': CMAKE_PREFIX_PATH=${CMAKE_PREFIX_PATH}:/home/luka/ws_moveit2/install/uorover_arm:/home/luka/rover_workspace/install/robotic_arm_controls:/home/luka/rover_workspace/install/ld_controls:/home/luka/rover_workspace/install/gps_node:/home/luka/rover_workspace/install/camera_nodes:/home/luka/rover_workspace/install/drive_urdf:/home/luka/rover_workspace/install/drive_controls:/home/luka/rover_workspace/install/autonomous_navigation:/opt/ros/humble /usr/bin/cmake --build /home/luka/ws_moveit2/build/uorover_ik -- -j12 -l12
[9.729s] Invoking command in '/home/luka/ws_moveit2/build/uorover_ik': CMAKE_PREFIX_PATH=${CMAKE_PREFIX_PATH}:/home/luka/ws_moveit2/install/uorover_arm:/home/luka/rover_workspace/install/robotic_arm_controls:/home/luka/rover_workspace/install/ld_controls:/home/luka/rover_workspace/install/gps_node:/home/luka/rover_workspace/install/camera_nodes:/home/luka/rover_workspace/install/drive_urdf:/home/luka/rover_workspace/install/drive_controls:/home/luka/rover_workspace/install/autonomous_navigation:/opt/ros/humble /usr/bin/cmake --install /home/luka/ws_moveit2/build/uorover_ik
[9.735s] -- Install configuration: ""
[9.736s] -- Up-to-date: /home/luka/ws_moveit2/install/uorover_ik/lib/uorover_ik/uorover_ik
[9.736s] -- Installing: /home/luka/ws_moveit2/install/uorover_ik/lib/uorover_ik/ik_hardware_interface
[9.742s] -- Set runtime path of "/home/luka/ws_moveit2/install/uorover_ik/lib/uorover_ik/ik_hardware_interface" to ""
[9.742s] -- Up-to-date: /home/luka/ws_moveit2/install/uorover_ik/share/uorover_ik/launch
[9.742s] -- Up-to-date: /home/luka/ws_moveit2/install/uorover_ik/share/uorover_ik/launch/ik.launch.py
[9.742s] -- Up-to-date: /home/luka/ws_moveit2/install/uorover_ik/share/ament_index/resource_index/package_run_dependencies/uorover_ik
[9.742s] -- Up-to-date: /home/luka/ws_moveit2/install/uorover_ik/share/ament_index/resource_index/parent_prefix_path/uorover_ik
[9.742s] -- Up-to-date: /home/luka/ws_moveit2/install/uorover_ik/share/uorover_ik/environment/ament_prefix_path.sh
[9.742s] -- Up-to-date: /home/luka/ws_moveit2/install/uorover_ik/share/uorover_ik/environment/ament_prefix_path.dsv
[9.742s] -- Up-to-date: /home/luka/ws_moveit2/install/uorover_ik/share/uorover_ik/environment/path.sh
[9.742s] -- Up-to-date: /home/luka/ws_moveit2/install/uorover_ik/share/uorover_ik/environment/path.dsv
[9.743s] -- Up-to-date: /home/luka/ws_moveit2/install/uorover_ik/share/uorover_ik/local_setup.bash
[9.743s] -- Up-to-date: /home/luka/ws_moveit2/install/uorover_ik/share/uorover_ik/local_setup.sh
[9.743s] -- Up-to-date: /home/luka/ws_moveit2/install/uorover_ik/share/uorover_ik/local_setup.zsh
[9.743s] -- Up-to-date: /home/luka/ws_moveit2/install/uorover_ik/share/uorover_ik/local_setup.dsv
[9.743s] -- Installing: /home/luka/ws_moveit2/install/uorover_ik/share/uorover_ik/package.dsv
[9.743s] -- Up-to-date: /home/luka/ws_moveit2/install/uorover_ik/share/ament_index/resource_index/packages/uorover_ik
[9.743s] -- Up-to-date: /home/luka/ws_moveit2/install/uorover_ik/share/uorover_ik/cmake/uorover_ikConfig.cmake
[9.743s] -- Up-to-date: /home/luka/ws_moveit2/install/uorover_ik/share/uorover_ik/cmake/uorover_ikConfig-version.cmake
[9.743s] -- Up-to-date: /home/luka/ws_moveit2/install/uorover_ik/share/uorover_ik/package.xml
[9.744s] Invoked command in '/home/luka/ws_moveit2/build/uorover_ik' returned '0': CMAKE_PREFIX_PATH=${CMAKE_PREFIX_PATH}:/home/luka/ws_moveit2/install/uorover_arm:/home/luka/rover_workspace/install/robotic_arm_controls:/home/luka/rover_workspace/install/ld_controls:/home/luka/rover_workspace/install/gps_node:/home/luka/rover_workspace/install/camera_nodes:/home/luka/rover_workspace/install/drive_urdf:/home/luka/rover_workspace/install/drive_controls:/home/luka/rover_workspace/install/autonomous_navigation:/opt/ros/humble /usr/bin/cmake --install /home/luka/ws_moveit2/build/uorover_ik
