[0.193s] Invoking command in '/home/luka/ws_moveit2/build/uorover_ik': CMAKE_PREFIX_PATH=${CMAKE_PREFIX_PATH}:/home/luka/rover_workspace/install/robotic_arm_controls:/home/luka/rover_workspace/install/ld_controls:/home/luka/rover_workspace/install/gps_node:/home/luka/rover_workspace/install/camera_nodes:/home/luka/rover_workspace/install/drive_urdf:/home/luka/rover_workspace/install/drive_controls:/home/luka/rover_workspace/install/autonomous_navigation:/opt/ros/humble /usr/bin/cmake --build /home/luka/ws_moveit2/build/uorover_ik -- -j12 -l12
[0.269s] -- Found ament_cmake: 1.3.7 (/opt/ros/humble/share/ament_cmake/cmake)
[0.734s] -- Found moveit_ros_planning_interface: 2.5.5 (/opt/ros/humble/share/moveit_ros_planning_interface/cmake)
[0.772s] -- Found Boost: /usr/lib/x86_64-linux-gnu/cmake/Boost-1.74.0/BoostConfig.cmake (found version "1.74.0") found components: date_time filesystem program_options system thread 
[0.863s] -- Found rosidl_generator_c: 3.1.5 (/opt/ros/humble/share/rosidl_generator_c/cmake)
[0.871s] -- Found rosidl_adapter: 3.1.5 (/opt/ros/humble/share/rosidl_adapter/cmake)
[0.890s] -- Found rosidl_generator_cpp: 3.1.5 (/opt/ros/humble/share/rosidl_generator_cpp/cmake)
[0.925s] -- Using all available rosidl_typesupport_c: rosidl_typesupport_fastrtps_c;rosidl_typesupport_introspection_c
[0.976s] -- Using all available rosidl_typesupport_cpp: rosidl_typesupport_fastrtps_cpp;rosidl_typesupport_introspection_cpp
[2.643s] -- Found Boost: /usr/lib/x86_64-linux-gnu/cmake/Boost-1.74.0/BoostConfig.cmake (found version "1.74.0") found components: chrono date_time filesystem iostreams program_options regex serialization system thread 
[2.657s] -- Found parameter_traits: 0.3.7 (/opt/ros/humble/share/parameter_traits/cmake)
[2.750s] -- Found rmw_implementation_cmake: 6.1.1 (/opt/ros/humble/share/rmw_implementation_cmake/cmake)
[2.752s] -- Found rmw_cyclonedds_cpp: 1.3.4 (/opt/ros/humble/share/rmw_cyclonedds_cpp/cmake)
[2.797s] -- Using RMW implementation 'rmw_cyclonedds_cpp' as default
[3.050s] -- Found rclcpp_lifecycle: 16.0.8 (/opt/ros/humble/share/rclcpp_lifecycle/cmake)
[3.129s] -- Found Boost: /usr/lib/x86_64-linux-gnu/cmake/Boost-1.74.0/BoostConfig.cmake (found version "1.74.0") found components: filesystem 
[3.193s] -- library: /usr/lib/x86_64-linux-gnu/libcurl.so
[3.523s] -- Ensuring Eigen3 include directory is part of orocos-kdl CMake target
[4.571s] -- Found Boost: /usr/lib/x86_64-linux-gnu/cmake/Boost-1.74.0/BoostConfig.cmake (found version "1.74.0") found components: system filesystem date_time program_options thread chrono 
[5.671s] -- Found Boost: /usr/lib/x86_64-linux-gnu/cmake/Boost-1.74.0/BoostConfig.cmake (found version "1.74.0") found components: thread system filesystem regex date_time program_options 
[6.116s] -- Found Boost: /usr/lib/x86_64-linux-gnu/cmake/Boost-1.74.0/BoostConfig.cmake (found version "1.74.0") found components: system filesystem date_time program_options thread 
[6.943s] -- Found control_msgs: 4.4.0 (/opt/ros/humble/share/control_msgs/cmake)
[7.302s] -- Found general_interfaces: 0.1.0 (/home/luka/rover_workspace/install/general_interfaces/share/general_interfaces/cmake)
[7.329s] -- Found ament_lint_auto: 0.12.10 (/opt/ros/humble/share/ament_lint_auto/cmake)
[7.545s] -- Added test 'cppcheck' to perform static code analysis on C / C++ code
[7.547s] -- Configured cppcheck include dirs: $<BUILD_INTERFACE:/home/luka/ws_moveit2/src/uorover_ik/include>
[7.547s] -- Configured cppcheck exclude dirs and/or files: 
[7.549s] -- Added test 'flake8' to check Python code syntax and style conventions
[7.550s] -- Added test 'lint_cmake' to check CMake code style
[7.552s] -- Added test 'pep257' to check Python code against some of the docstring style conventions in PEP 257
[7.555s] -- Added test 'uncrustify' to check C / C++ code style
[7.555s] -- Configured uncrustify additional arguments: 
[7.556s] -- Added test 'xmllint' to check XML markup files
[7.559s] -- Configuring done
[7.730s] -- Generating done
[7.739s] -- Build files have been written to: /home/luka/ws_moveit2/build/uorover_ik
[7.852s] [35m[1mConsolidate compiler generated dependencies of target ik_hardware_interface[0m
[7.857s] [35m[1mConsolidate compiler generated dependencies of target uorover_ik[0m
[7.925s] [ 25%] [32m[1mLinking CXX executable ik_hardware_interface[0m
[7.964s] [ 75%] Built target uorover_ik
[9.536s] /usr/bin/ld: CMakeFiles/ik_hardware_interface.dir/src/ik_hardware_interface.cpp.o: in function `std::enable_if<rosidl_generator_traits::is_message<general_interfaces::msg::ArmPose_<std::allocator<void> > >::value, rosidl_message_type_support_t const&>::type rclcpp::get_message_type_support_handle<general_interfaces::msg::ArmPose_<std::allocator<void> > >()':
[9.536s] ik_hardware_interface.cpp:(.text._ZN6rclcpp31get_message_type_support_handleIN18general_interfaces3msg8ArmPose_ISaIvEEEEENSt9enable_ifIXsrN23rosidl_generator_traits10is_messageIT_EE5valueERK29rosidl_message_type_support_tE4typeEv[_ZN6rclcpp31get_message_type_support_handleIN18general_interfaces3msg8ArmPose_ISaIvEEEEENSt9enable_ifIXsrN23rosidl_generator_traits10is_messageIT_EE5valueERK29rosidl_message_type_support_tE4typeEv]+0x10): undefined reference to `rosidl_message_type_support_t const* rosidl_typesupport_cpp::get_message_type_support_handle<general_interfaces::msg::ArmPose_<std::allocator<void> > >()'
[9.647s] collect2: error: ld returned 1 exit status
[9.650s] gmake[2]: *** [CMakeFiles/ik_hardware_interface.dir/build.make:371: ik_hardware_interface] Error 1
[9.650s] gmake[1]: *** [CMakeFiles/Makefile2:165: CMakeFiles/ik_hardware_interface.dir/all] Error 2
[9.651s] gmake: *** [Makefile:146: all] Error 2
[9.654s] Invoked command in '/home/luka/ws_moveit2/build/uorover_ik' returned '2': CMAKE_PREFIX_PATH=${CMAKE_PREFIX_PATH}:/home/luka/rover_workspace/install/robotic_arm_controls:/home/luka/rover_workspace/install/ld_controls:/home/luka/rover_workspace/install/gps_node:/home/luka/rover_workspace/install/camera_nodes:/home/luka/rover_workspace/install/drive_urdf:/home/luka/rover_workspace/install/drive_controls:/home/luka/rover_workspace/install/autonomous_navigation:/opt/ros/humble /usr/bin/cmake --build /home/luka/ws_moveit2/build/uorover_ik -- -j12 -l12
