[2.027s] Invoking command in '/home/luka/ws_moveit2/src/uorover_arm': PYTHONPATH=/home/luka/ws_moveit2/build/uorover_arm/prefix_override:/home/luka/ws_moveit2/install/uorover_arm/lib/python3.10/site-packages:${PYTHONPATH} /usr/bin/python3 setup.py egg_info --egg-base ../../build/uorover_arm build --build-base /home/luka/ws_moveit2/build/uorover_arm/build install --record /home/luka/ws_moveit2/build/uorover_arm/install.log --single-version-externally-managed
[2.631s] running egg_info
[2.632s] writing ../../build/uorover_arm/uorover_arm.egg-info/PKG-INFO
[2.633s] writing dependency_links to ../../build/uorover_arm/uorover_arm.egg-info/dependency_links.txt
[2.633s] writing entry points to ../../build/uorover_arm/uorover_arm.egg-info/entry_points.txt
[2.633s] writing requirements to ../../build/uorover_arm/uorover_arm.egg-info/requires.txt
[2.634s] writing top-level names to ../../build/uorover_arm/uorover_arm.egg-info/top_level.txt
[2.637s] reading manifest file '../../build/uorover_arm/uorover_arm.egg-info/SOURCES.txt'
[2.639s] writing manifest file '../../build/uorover_arm/uorover_arm.egg-info/SOURCES.txt'
[2.639s] running build
[2.640s] running build_py
[2.640s] running install
[2.640s] /usr/lib/python3/dist-packages/setuptools/command/install.py:34: SetuptoolsDeprecationWarning: setup.py install is deprecated. Use build and pip and other standards-based tools.
[2.641s]   warnings.warn(
[2.641s] running install_lib
[2.644s] running install_data
[2.646s] running install_egg_info
[2.649s] removing '/home/luka/ws_moveit2/install/uorover_arm/lib/python3.10/site-packages/uorover_arm-0.0.0-py3.10.egg-info' (and everything under it)
[2.650s] Copying ../../build/uorover_arm/uorover_arm.egg-info to /home/luka/ws_moveit2/install/uorover_arm/lib/python3.10/site-packages/uorover_arm-0.0.0-py3.10.egg-info
[2.652s] running install_scripts
[2.696s] writing list of installed files to '/home/luka/ws_moveit2/build/uorover_arm/install.log'
[2.734s] Invoked command in '/home/luka/ws_moveit2/src/uorover_arm' returned '0': PYTHONPATH=/home/luka/ws_moveit2/build/uorover_arm/prefix_override:/home/luka/ws_moveit2/install/uorover_arm/lib/python3.10/site-packages:${PYTHONPATH} /usr/bin/python3 setup.py egg_info --egg-base ../../build/uorover_arm build --build-base /home/luka/ws_moveit2/build/uorover_arm/build install --record /home/luka/ws_moveit2/build/uorover_arm/install.log --single-version-externally-managed
