[2.352s] Invoking command in '/home/luka/ws_moveit2/src/uorover_arm': PYTHONPATH=/home/luka/ws_moveit2/build/uorover_arm/prefix_override:/home/luka/ws_moveit2/install/uorover_arm/lib/python3.10/site-packages:${PYTHONPATH} /usr/bin/python3 setup.py egg_info --egg-base ../../build/uorover_arm build --build-base /home/luka/ws_moveit2/build/uorover_arm/build install --record /home/luka/ws_moveit2/build/uorover_arm/install.log --single-version-externally-managed
[2.969s] running egg_info
[2.970s] writing ../../build/uorover_arm/uorover_arm.egg-info/PKG-INFO
[2.970s] writing dependency_links to ../../build/uorover_arm/uorover_arm.egg-info/dependency_links.txt
[2.971s] writing entry points to ../../build/uorover_arm/uorover_arm.egg-info/entry_points.txt
[2.971s] writing requirements to ../../build/uorover_arm/uorover_arm.egg-info/requires.txt
[2.972s] writing top-level names to ../../build/uorover_arm/uorover_arm.egg-info/top_level.txt
[2.975s] reading manifest file '../../build/uorover_arm/uorover_arm.egg-info/SOURCES.txt'
[2.978s] writing manifest file '../../build/uorover_arm/uorover_arm.egg-info/SOURCES.txt'
[2.978s] running build
[2.979s] running build_py
[2.979s] running install
[2.979s] running install_lib
[2.982s] running install_data
[2.984s] running install_egg_info
[2.988s] removing '/home/luka/ws_moveit2/install/uorover_arm/lib/python3.10/site-packages/uorover_arm-0.0.0-py3.10.egg-info' (and everything under it)
[2.989s] Copying ../../build/uorover_arm/uorover_arm.egg-info to /home/luka/ws_moveit2/install/uorover_arm/lib/python3.10/site-packages/uorover_arm-0.0.0-py3.10.egg-info
[2.991s] running install_scripts
[3.029s] writing list of installed files to '/home/luka/ws_moveit2/build/uorover_arm/install.log'
[3.069s] Invoked command in '/home/luka/ws_moveit2/src/uorover_arm' returned '0': PYTHONPATH=/home/luka/ws_moveit2/build/uorover_arm/prefix_override:/home/luka/ws_moveit2/install/uorover_arm/lib/python3.10/site-packages:${PYTHONPATH} /usr/bin/python3 setup.py egg_info --egg-base ../../build/uorover_arm build --build-base /home/luka/ws_moveit2/build/uorover_arm/build install --record /home/luka/ws_moveit2/build/uorover_arm/install.log --single-version-externally-managed
