[0.977s] Invoking command in '/home/luka/ws_moveit2/src/uorover_arm': PYTHONPATH=/home/luka/ws_moveit2/build/uorover_arm/prefix_override:/home/luka/ws_moveit2/install/uorover_arm/lib/python3.10/site-packages:${PYTHONPATH} /usr/bin/python3 setup.py egg_info --egg-base ../../build/uorover_arm build --build-base /home/luka/ws_moveit2/build/uorover_arm/build install --record /home/luka/ws_moveit2/build/uorover_arm/install.log --single-version-externally-managed
[1.248s] running egg_info
[1.248s] creating ../../build/uorover_arm/uorover_arm.egg-info
[1.248s] writing ../../build/uorover_arm/uorover_arm.egg-info/PKG-INFO
[1.249s] writing dependency_links to ../../build/uorover_arm/uorover_arm.egg-info/dependency_links.txt
[1.249s] writing entry points to ../../build/uorover_arm/uorover_arm.egg-info/entry_points.txt
[1.249s] writing requirements to ../../build/uorover_arm/uorover_arm.egg-info/requires.txt
[1.249s] writing top-level names to ../../build/uorover_arm/uorover_arm.egg-info/top_level.txt
[1.249s] writing manifest file '../../build/uorover_arm/uorover_arm.egg-info/SOURCES.txt'
[1.251s] reading manifest file '../../build/uorover_arm/uorover_arm.egg-info/SOURCES.txt'
[1.252s] writing manifest file '../../build/uorover_arm/uorover_arm.egg-info/SOURCES.txt'
[1.252s] running build
[1.252s] running build_py
[1.252s] creating /home/luka/ws_moveit2/build/uorover_arm/build
[1.252s] creating /home/luka/ws_moveit2/build/uorover_arm/build/lib
[1.253s] creating /home/luka/ws_moveit2/build/uorover_arm/build/lib/uorover_arm
[1.253s] copying uorover_arm/__init__.py -> /home/luka/ws_moveit2/build/uorover_arm/build/lib/uorover_arm
[1.253s] running install
[1.253s] /usr/lib/python3/dist-packages/setuptools/command/install.py:34: SetuptoolsDeprecationWarning: setup.py install is deprecated. Use build and pip and other standards-based tools.
[1.253s]   warnings.warn(
[1.253s] running install_lib
[1.254s] creating /home/luka/ws_moveit2/install/uorover_arm/lib/python3.10/site-packages/uorover_arm
[1.254s] copying /home/luka/ws_moveit2/build/uorover_arm/build/lib/uorover_arm/__init__.py -> /home/luka/ws_moveit2/install/uorover_arm/lib/python3.10/site-packages/uorover_arm
[1.255s] byte-compiling /home/luka/ws_moveit2/install/uorover_arm/lib/python3.10/site-packages/uorover_arm/__init__.py to __init__.cpython-310.pyc
[1.255s] running install_data
[1.256s] creating /home/luka/ws_moveit2/install/uorover_arm/share/ament_index
[1.256s] creating /home/luka/ws_moveit2/install/uorover_arm/share/ament_index/resource_index
[1.256s] creating /home/luka/ws_moveit2/install/uorover_arm/share/ament_index/resource_index/packages
[1.256s] copying resource/uorover_arm -> /home/luka/ws_moveit2/install/uorover_arm/share/ament_index/resource_index/packages
[1.256s] copying package.xml -> /home/luka/ws_moveit2/install/uorover_arm/share/uorover_arm
[1.256s] copying launch/launch.py -> /home/luka/ws_moveit2/install/uorover_arm/share/uorover_arm
[1.261s] creating /home/luka/ws_moveit2/install/uorover_arm/share/uorover_arm/urdf
[1.262s] copying urdf/crane.urdf -> /home/luka/ws_moveit2/install/uorover_arm/share/uorover_arm/urdf/
[1.271s] creating /home/luka/ws_moveit2/install/uorover_arm/share/uorover_arm/rviz
[1.271s] creating /home/luka/ws_moveit2/install/uorover_arm/share/uorover_arm/meshes
[1.271s] creating /home/luka/ws_moveit2/install/uorover_arm/share/uorover_arm/meshes/collision
[1.272s] copying meshes/collision/L4.STL -> /home/luka/ws_moveit2/install/uorover_arm/share/uorover_arm/meshes/collision/
[1.473s] copying meshes/collision/L1.STL -> /home/luka/ws_moveit2/install/uorover_arm/share/uorover_arm/meshes/collision/
[1.603s] copying meshes/collision/L2.STL -> /home/luka/ws_moveit2/install/uorover_arm/share/uorover_arm/meshes/collision/
[1.653s] copying meshes/collision/L3.STL -> /home/luka/ws_moveit2/install/uorover_arm/share/uorover_arm/meshes/collision/
[1.682s] copying meshes/collision/L5.STL -> /home/luka/ws_moveit2/install/uorover_arm/share/uorover_arm/meshes/collision/
[1.795s] creating /home/luka/ws_moveit2/install/uorover_arm/share/uorover_arm/meshes/visual
[1.795s] copying meshes/visual/L4.STL -> /home/luka/ws_moveit2/install/uorover_arm/share/uorover_arm/meshes/visual/
[1.805s] copying meshes/visual/L1.STL -> /home/luka/ws_moveit2/install/uorover_arm/share/uorover_arm/meshes/visual/
[1.810s] copying meshes/visual/L2.STL -> /home/luka/ws_moveit2/install/uorover_arm/share/uorover_arm/meshes/visual/
[1.812s] copying meshes/visual/L3.STL -> /home/luka/ws_moveit2/install/uorover_arm/share/uorover_arm/meshes/visual/
[1.813s] copying meshes/visual/L5.STL -> /home/luka/ws_moveit2/install/uorover_arm/share/uorover_arm/meshes/visual/
[1.841s] running install_egg_info
[1.843s] Copying ../../build/uorover_arm/uorover_arm.egg-info to /home/luka/ws_moveit2/install/uorover_arm/lib/python3.10/site-packages/uorover_arm-0.0.0-py3.10.egg-info
[1.844s] running install_scripts
[1.865s] writing list of installed files to '/home/luka/ws_moveit2/build/uorover_arm/install.log'
[1.882s] Invoked command in '/home/luka/ws_moveit2/src/uorover_arm' returned '0': PYTHONPATH=/home/luka/ws_moveit2/build/uorover_arm/prefix_override:/home/luka/ws_moveit2/install/uorover_arm/lib/python3.10/site-packages:${PYTHONPATH} /usr/bin/python3 setup.py egg_info --egg-base ../../build/uorover_arm build --build-base /home/luka/ws_moveit2/build/uorover_arm/build install --record /home/luka/ws_moveit2/build/uorover_arm/install.log --single-version-externally-managed
