[2.767s] Invoking command in '/home/luka/ws_moveit2/src/uorover_arm': PYTHONPATH=/home/luka/ws_moveit2/build/uorover_arm/prefix_override:/home/luka/ws_moveit2/install/uorover_arm/lib/python3.10/site-packages:${PYTHONPATH} /usr/bin/python3 setup.py egg_info --egg-base ../../build/uorover_arm build --build-base /home/luka/ws_moveit2/build/uorover_arm/build install --record /home/luka/ws_moveit2/build/uorover_arm/install.log --single-version-externally-managed
[3.527s] running egg_info
[3.528s] writing ../../build/uorover_arm/uorover_arm.egg-info/PKG-INFO
[3.529s] writing dependency_links to ../../build/uorover_arm/uorover_arm.egg-info/dependency_links.txt
[3.529s] writing entry points to ../../build/uorover_arm/uorover_arm.egg-info/entry_points.txt
[3.530s] writing requirements to ../../build/uorover_arm/uorover_arm.egg-info/requires.txt
[3.530s] writing top-level names to ../../build/uorover_arm/uorover_arm.egg-info/top_level.txt
[3.533s] reading manifest file '../../build/uorover_arm/uorover_arm.egg-info/SOURCES.txt'
[3.536s] writing manifest file '../../build/uorover_arm/uorover_arm.egg-info/SOURCES.txt'
[3.536s] running build
[3.536s] running build_py
[3.537s] running install
[3.537s] running install_lib
[3.539s] running install_data
[3.541s] running install_egg_info
[3.544s] removing '/home/luka/ws_moveit2/install/uorover_arm/lib/python3.10/site-packages/uorover_arm-0.0.0-py3.10.egg-info' (and everything under it)
[3.544s] Copying ../../build/uorover_arm/uorover_arm.egg-info to /home/luka/ws_moveit2/install/uorover_arm/lib/python3.10/site-packages/uorover_arm-0.0.0-py3.10.egg-info
[3.546s] running install_scripts
[3.597s] writing list of installed files to '/home/luka/ws_moveit2/build/uorover_arm/install.log'
[3.649s] Invoked command in '/home/luka/ws_moveit2/src/uorover_arm' returned '0': PYTHONPATH=/home/luka/ws_moveit2/build/uorover_arm/prefix_override:/home/luka/ws_moveit2/install/uorover_arm/lib/python3.10/site-packages:${PYTHONPATH} /usr/bin/python3 setup.py egg_info --egg-base ../../build/uorover_arm build --build-base /home/luka/ws_moveit2/build/uorover_arm/build install --record /home/luka/ws_moveit2/build/uorover_arm/install.log --single-version-externally-managed
