[35m[1mConsolidate compiler generated dependencies of target ik_hardware_interface[0m
[35m[1mConsolidate compiler generated dependencies of target uorover_ik[0m
[ 25%] [32mBuilding CXX object CMakeFiles/ik_hardware_interface.dir/src/ik_hardware_interface.cpp.o[0m
[ 75%] Built target uorover_ik
[100%] [32m[1mLinking CXX executable ik_hardware_interface[0m
[100%] Built target ik_hardware_interface
-- Install configuration: ""
-- Up-to-date: /home/luka/ws_moveit2/install/uorover_ik/lib/uorover_ik/uorover_ik
-- Installing: /home/luka/ws_moveit2/install/uorover_ik/lib/uorover_ik/ik_hardware_interface
-- Set runtime path of "/home/luka/ws_moveit2/install/uorover_ik/lib/uorover_ik/ik_hardware_interface" to ""
-- Up-to-date: /home/luka/ws_moveit2/install/uorover_ik/share/uorover_ik/launch
-- Installing: /home/luka/ws_moveit2/install/uorover_ik/share/uorover_ik/launch/ik.launch.py
-- Installing: /home/luka/ws_moveit2/install/uorover_ik/share/ament_index/resource_index/package_run_dependencies/uorover_ik
-- Installing: /home/luka/ws_moveit2/install/uorover_ik/share/ament_index/resource_index/parent_prefix_path/uorover_ik
-- Installing: /home/luka/ws_moveit2/install/uorover_ik/share/uorover_ik/environment/ament_prefix_path.sh
-- Installing: /home/luka/ws_moveit2/install/uorover_ik/share/uorover_ik/environment/ament_prefix_path.dsv
-- Installing: /home/luka/ws_moveit2/install/uorover_ik/share/uorover_ik/environment/path.sh
-- Installing: /home/luka/ws_moveit2/install/uorover_ik/share/uorover_ik/environment/path.dsv
-- Installing: /home/luka/ws_moveit2/install/uorover_ik/share/uorover_ik/local_setup.bash
-- Installing: /home/luka/ws_moveit2/install/uorover_ik/share/uorover_ik/local_setup.sh
-- Installing: /home/luka/ws_moveit2/install/uorover_ik/share/uorover_ik/local_setup.zsh
-- Installing: /home/luka/ws_moveit2/install/uorover_ik/share/uorover_ik/local_setup.dsv
-- Installing: /home/luka/ws_moveit2/install/uorover_ik/share/uorover_ik/package.dsv
-- Installing: /home/luka/ws_moveit2/install/uorover_ik/share/ament_index/resource_index/packages/uorover_ik
-- Installing: /home/luka/ws_moveit2/install/uorover_ik/share/uorover_ik/cmake/uorover_ikConfig.cmake
-- Installing: /home/luka/ws_moveit2/install/uorover_ik/share/uorover_ik/cmake/uorover_ikConfig-version.cmake
-- Installing: /home/luka/ws_moveit2/install/uorover_ik/share/uorover_ik/package.xml
