[0.382s] Invoking command in '/home/luka/ws_moveit2/build/uorover_ik': CMAKE_PREFIX_PATH=/opt/ros/humble /usr/bin/cmake --build /home/luka/ws_moveit2/build/uorover_ik -- -j12 -l12
[0.423s] [35m[1mConsolidate compiler generated dependencies of target ik_hardware_interface[0m
[0.424s] [35m[1mConsolidate compiler generated dependencies of target uorover_ik[0m
[0.439s] [ 25%] [32mBuilding CXX object CMakeFiles/ik_hardware_interface.dir/src/ik_hardware_interface.cpp.o[0m
[0.448s] [ 75%] Built target uorover_ik
[8.887s] [100%] [32m[1mLinking CXX executable ik_hardware_interface[0m
[9.856s] [100%] Built target ik_hardware_interface
[9.866s] Invoked command in '/home/luka/ws_moveit2/build/uorover_ik' returned '0': CMAKE_PREFIX_PATH=/opt/ros/humble /usr/bin/cmake --build /home/luka/ws_moveit2/build/uorover_ik -- -j12 -l12
[9.893s] Invoking command in '/home/luka/ws_moveit2/build/uorover_ik': CMAKE_PREFIX_PATH=/opt/ros/humble /usr/bin/cmake --install /home/luka/ws_moveit2/build/uorover_ik
[9.900s] -- Install configuration: ""
[9.900s] -- Up-to-date: /home/luka/ws_moveit2/install/uorover_ik/lib/uorover_ik/uorover_ik
[9.900s] -- Installing: /home/luka/ws_moveit2/install/uorover_ik/lib/uorover_ik/ik_hardware_interface
[9.906s] -- Set runtime path of "/home/luka/ws_moveit2/install/uorover_ik/lib/uorover_ik/ik_hardware_interface" to ""
[9.906s] -- Up-to-date: /home/luka/ws_moveit2/install/uorover_ik/share/uorover_ik/launch
[9.906s] -- Installing: /home/luka/ws_moveit2/install/uorover_ik/share/uorover_ik/launch/ik.launch.py
[9.907s] -- Installing: /home/luka/ws_moveit2/install/uorover_ik/share/ament_index/resource_index/package_run_dependencies/uorover_ik
[9.907s] -- Installing: /home/luka/ws_moveit2/install/uorover_ik/share/ament_index/resource_index/parent_prefix_path/uorover_ik
[9.907s] -- Installing: /home/luka/ws_moveit2/install/uorover_ik/share/uorover_ik/environment/ament_prefix_path.sh
[9.907s] -- Installing: /home/luka/ws_moveit2/install/uorover_ik/share/uorover_ik/environment/ament_prefix_path.dsv
[9.907s] -- Installing: /home/luka/ws_moveit2/install/uorover_ik/share/uorover_ik/environment/path.sh
[9.907s] -- Installing: /home/luka/ws_moveit2/install/uorover_ik/share/uorover_ik/environment/path.dsv
[9.907s] -- Installing: /home/luka/ws_moveit2/install/uorover_ik/share/uorover_ik/local_setup.bash
[9.907s] -- Installing: /home/luka/ws_moveit2/install/uorover_ik/share/uorover_ik/local_setup.sh
[9.907s] -- Installing: /home/luka/ws_moveit2/install/uorover_ik/share/uorover_ik/local_setup.zsh
[9.908s] -- Installing: /home/luka/ws_moveit2/install/uorover_ik/share/uorover_ik/local_setup.dsv
[9.908s] -- Installing: /home/luka/ws_moveit2/install/uorover_ik/share/uorover_ik/package.dsv
[9.908s] -- Installing: /home/luka/ws_moveit2/install/uorover_ik/share/ament_index/resource_index/packages/uorover_ik
[9.908s] -- Installing: /home/luka/ws_moveit2/install/uorover_ik/share/uorover_ik/cmake/uorover_ikConfig.cmake
[9.908s] -- Installing: /home/luka/ws_moveit2/install/uorover_ik/share/uorover_ik/cmake/uorover_ikConfig-version.cmake
[9.908s] -- Installing: /home/luka/ws_moveit2/install/uorover_ik/share/uorover_ik/package.xml
[9.910s] Invoked command in '/home/luka/ws_moveit2/build/uorover_ik' returned '0': CMAKE_PREFIX_PATH=/opt/ros/humble /usr/bin/cmake --install /home/luka/ws_moveit2/build/uorover_ik
