[0.615s] Invoking command in '/home/luka/ws_moveit2/build/uorover_ik': CMAKE_PREFIX_PATH=${CMAKE_PREFIX_PATH}:/home/luka/ws_moveit2/install/uorover_arm:/home/luka/rover_workspace/install/robotic_arm_controls:/home/luka/rover_workspace/install/ld_controls:/home/luka/rover_workspace/install/gps_node:/home/luka/rover_workspace/install/camera_nodes:/home/luka/rover_workspace/install/drive_urdf:/home/luka/rover_workspace/install/drive_controls:/opt/ros/humble /usr/bin/cmake --build /home/luka/ws_moveit2/build/uorover_ik -- -j12 -l12
[0.673s] [35m[1mConsolidate compiler generated dependencies of target ik_hardware_interface[0m
[0.675s] [35m[1mConsolidate compiler generated dependencies of target uorover_ik[0m
[0.700s] [ 50%] Built target ik_hardware_interface
[0.712s] [ 75%] [32mBuilding CXX object CMakeFiles/uorover_ik.dir/src/uorover_ik.cpp.o[0m
[9.633s] [100%] [32m[1mLinking CXX executable uorover_ik[0m
[10.003s] [100%] Built target uorover_ik
[10.018s] Invoked command in '/home/luka/ws_moveit2/build/uorover_ik' returned '0': CMAKE_PREFIX_PATH=${CMAKE_PREFIX_PATH}:/home/luka/ws_moveit2/install/uorover_arm:/home/luka/rover_workspace/install/robotic_arm_controls:/home/luka/rover_workspace/install/ld_controls:/home/luka/rover_workspace/install/gps_node:/home/luka/rover_workspace/install/camera_nodes:/home/luka/rover_workspace/install/drive_urdf:/home/luka/rover_workspace/install/drive_controls:/opt/ros/humble /usr/bin/cmake --build /home/luka/ws_moveit2/build/uorover_ik -- -j12 -l12
[10.052s] Invoking command in '/home/luka/ws_moveit2/build/uorover_ik': CMAKE_PREFIX_PATH=${CMAKE_PREFIX_PATH}:/home/luka/ws_moveit2/install/uorover_arm:/home/luka/rover_workspace/install/robotic_arm_controls:/home/luka/rover_workspace/install/ld_controls:/home/luka/rover_workspace/install/gps_node:/home/luka/rover_workspace/install/camera_nodes:/home/luka/rover_workspace/install/drive_urdf:/home/luka/rover_workspace/install/drive_controls:/opt/ros/humble /usr/bin/cmake --install /home/luka/ws_moveit2/build/uorover_ik
[10.060s] -- Install configuration: ""
[10.060s] -- Installing: /home/luka/ws_moveit2/install/uorover_ik/lib/uorover_ik/uorover_ik
[10.061s] -- Set runtime path of "/home/luka/ws_moveit2/install/uorover_ik/lib/uorover_ik/uorover_ik" to ""
[10.061s] -- Up-to-date: /home/luka/ws_moveit2/install/uorover_ik/lib/uorover_ik/ik_hardware_interface
[10.062s] -- Up-to-date: /home/luka/ws_moveit2/install/uorover_ik/share/uorover_ik/launch
[10.062s] -- Up-to-date: /home/luka/ws_moveit2/install/uorover_ik/share/uorover_ik/launch/ik.launch.py
[10.062s] -- Up-to-date: /home/luka/ws_moveit2/install/uorover_ik/share/ament_index/resource_index/package_run_dependencies/uorover_ik
[10.062s] -- Up-to-date: /home/luka/ws_moveit2/install/uorover_ik/share/ament_index/resource_index/parent_prefix_path/uorover_ik
[10.062s] -- Up-to-date: /home/luka/ws_moveit2/install/uorover_ik/share/uorover_ik/environment/ament_prefix_path.sh
[10.062s] -- Up-to-date: /home/luka/ws_moveit2/install/uorover_ik/share/uorover_ik/environment/ament_prefix_path.dsv
[10.062s] -- Up-to-date: /home/luka/ws_moveit2/install/uorover_ik/share/uorover_ik/environment/path.sh
[10.062s] -- Up-to-date: /home/luka/ws_moveit2/install/uorover_ik/share/uorover_ik/environment/path.dsv
[10.062s] -- Up-to-date: /home/luka/ws_moveit2/install/uorover_ik/share/uorover_ik/local_setup.bash
[10.062s] -- Up-to-date: /home/luka/ws_moveit2/install/uorover_ik/share/uorover_ik/local_setup.sh
[10.062s] -- Up-to-date: /home/luka/ws_moveit2/install/uorover_ik/share/uorover_ik/local_setup.zsh
[10.062s] -- Up-to-date: /home/luka/ws_moveit2/install/uorover_ik/share/uorover_ik/local_setup.dsv
[10.063s] -- Installing: /home/luka/ws_moveit2/install/uorover_ik/share/uorover_ik/package.dsv
[10.063s] -- Up-to-date: /home/luka/ws_moveit2/install/uorover_ik/share/ament_index/resource_index/packages/uorover_ik
[10.063s] -- Up-to-date: /home/luka/ws_moveit2/install/uorover_ik/share/uorover_ik/cmake/uorover_ikConfig.cmake
[10.063s] -- Up-to-date: /home/luka/ws_moveit2/install/uorover_ik/share/uorover_ik/cmake/uorover_ikConfig-version.cmake
[10.063s] -- Up-to-date: /home/luka/ws_moveit2/install/uorover_ik/share/uorover_ik/package.xml
[10.065s] Invoked command in '/home/luka/ws_moveit2/build/uorover_ik' returned '0': CMAKE_PREFIX_PATH=${CMAKE_PREFIX_PATH}:/home/luka/ws_moveit2/install/uorover_arm:/home/luka/rover_workspace/install/robotic_arm_controls:/home/luka/rover_workspace/install/ld_controls:/home/luka/rover_workspace/install/gps_node:/home/luka/rover_workspace/install/camera_nodes:/home/luka/rover_workspace/install/drive_urdf:/home/luka/rover_workspace/install/drive_controls:/opt/ros/humble /usr/bin/cmake --install /home/luka/ws_moveit2/build/uorover_ik
