[0.100s] Invoking command in '/home/luka/ws_moveit2/build/uorover_moveit_config': AMENT_PREFIX_PATH=/home/luka/ws_moveit2/install/uorover_arm:/home/luka/ws_moveit2/install/uorover_moveit_config:/home/luka/ws_moveit2/install/uorover_ik:/home/luka/rover_workspace/install/robotic_arm_controls:/home/luka/rover_workspace/install/ld_controls:/home/luka/rover_workspace/install/gps_node:/home/luka/rover_workspace/install/chassis_controls:/home/luka/rover_workspace/install/camera_nodes:/home/luka/rover_workspace/install/general_interfaces:/home/luka/rover_workspace/install/drive_urdf:/home/luka/rover_workspace/install/drive_controls:/opt/ros/humble CMAKE_PREFIX_PATH=${CMAKE_PREFIX_PATH}:/home/luka/ws_moveit2/install/uorover_arm:/home/luka/rover_workspace/install/robotic_arm_controls:/home/luka/rover_workspace/install/ld_controls:/home/luka/rover_workspace/install/gps_node:/home/luka/rover_workspace/install/camera_nodes:/home/luka/rover_workspace/install/drive_urdf:/home/luka/rover_workspace/install/drive_controls:/opt/ros/humble /usr/bin/cmake /home/luka/ws_moveit2/src/uorover_moveit_config -DCMAKE_EXPORT_COMPILE_COMMANDS=1 -DCMAKE_INSTALL_PREFIX=/home/luka/ws_moveit2/install/uorover_moveit_config
[0.111s] -- Found ament_cmake: 1.3.8 (/opt/ros/humble/share/ament_cmake/cmake)
[0.278s] -- Configuring done
[0.280s] -- Generating done
[0.280s] [33mCMake Warning:
[0.280s]   Manually-specified variables were not used by the project:
[0.280s] 
[0.280s]     CMAKE_EXPORT_COMPILE_COMMANDS
[0.281s] 
[0.281s] [0m
[0.281s] -- Build files have been written to: /home/luka/ws_moveit2/build/uorover_moveit_config
[0.283s] Invoked command in '/home/luka/ws_moveit2/build/uorover_moveit_config' returned '0': AMENT_PREFIX_PATH=/home/luka/ws_moveit2/install/uorover_arm:/home/luka/ws_moveit2/install/uorover_moveit_config:/home/luka/ws_moveit2/install/uorover_ik:/home/luka/rover_workspace/install/robotic_arm_controls:/home/luka/rover_workspace/install/ld_controls:/home/luka/rover_workspace/install/gps_node:/home/luka/rover_workspace/install/chassis_controls:/home/luka/rover_workspace/install/camera_nodes:/home/luka/rover_workspace/install/general_interfaces:/home/luka/rover_workspace/install/drive_urdf:/home/luka/rover_workspace/install/drive_controls:/opt/ros/humble CMAKE_PREFIX_PATH=${CMAKE_PREFIX_PATH}:/home/luka/ws_moveit2/install/uorover_arm:/home/luka/rover_workspace/install/robotic_arm_controls:/home/luka/rover_workspace/install/ld_controls:/home/luka/rover_workspace/install/gps_node:/home/luka/rover_workspace/install/camera_nodes:/home/luka/rover_workspace/install/drive_urdf:/home/luka/rover_workspace/install/drive_controls:/opt/ros/humble /usr/bin/cmake /home/luka/ws_moveit2/src/uorover_moveit_config -DCMAKE_EXPORT_COMPILE_COMMANDS=1 -DCMAKE_INSTALL_PREFIX=/home/luka/ws_moveit2/install/uorover_moveit_config
[0.284s] Invoking command in '/home/luka/ws_moveit2/build/uorover_moveit_config': AMENT_PREFIX_PATH=/home/luka/ws_moveit2/install/uorover_arm:/home/luka/ws_moveit2/install/uorover_moveit_config:/home/luka/ws_moveit2/install/uorover_ik:/home/luka/rover_workspace/install/robotic_arm_controls:/home/luka/rover_workspace/install/ld_controls:/home/luka/rover_workspace/install/gps_node:/home/luka/rover_workspace/install/chassis_controls:/home/luka/rover_workspace/install/camera_nodes:/home/luka/rover_workspace/install/general_interfaces:/home/luka/rover_workspace/install/drive_urdf:/home/luka/rover_workspace/install/drive_controls:/opt/ros/humble CMAKE_PREFIX_PATH=${CMAKE_PREFIX_PATH}:/home/luka/ws_moveit2/install/uorover_arm:/home/luka/rover_workspace/install/robotic_arm_controls:/home/luka/rover_workspace/install/ld_controls:/home/luka/rover_workspace/install/gps_node:/home/luka/rover_workspace/install/camera_nodes:/home/luka/rover_workspace/install/drive_urdf:/home/luka/rover_workspace/install/drive_controls:/opt/ros/humble /usr/bin/cmake --build /home/luka/ws_moveit2/build/uorover_moveit_config -- -j12 -l12
[0.318s] Invoked command in '/home/luka/ws_moveit2/build/uorover_moveit_config' returned '0': AMENT_PREFIX_PATH=/home/luka/ws_moveit2/install/uorover_arm:/home/luka/ws_moveit2/install/uorover_moveit_config:/home/luka/ws_moveit2/install/uorover_ik:/home/luka/rover_workspace/install/robotic_arm_controls:/home/luka/rover_workspace/install/ld_controls:/home/luka/rover_workspace/install/gps_node:/home/luka/rover_workspace/install/chassis_controls:/home/luka/rover_workspace/install/camera_nodes:/home/luka/rover_workspace/install/general_interfaces:/home/luka/rover_workspace/install/drive_urdf:/home/luka/rover_workspace/install/drive_controls:/opt/ros/humble CMAKE_PREFIX_PATH=${CMAKE_PREFIX_PATH}:/home/luka/ws_moveit2/install/uorover_arm:/home/luka/rover_workspace/install/robotic_arm_controls:/home/luka/rover_workspace/install/ld_controls:/home/luka/rover_workspace/install/gps_node:/home/luka/rover_workspace/install/camera_nodes:/home/luka/rover_workspace/install/drive_urdf:/home/luka/rover_workspace/install/drive_controls:/opt/ros/humble /usr/bin/cmake --build /home/luka/ws_moveit2/build/uorover_moveit_config -- -j12 -l12
[0.347s] Invoking command in '/home/luka/ws_moveit2/build/uorover_moveit_config': AMENT_PREFIX_PATH=/home/luka/ws_moveit2/install/uorover_arm:/home/luka/ws_moveit2/install/uorover_moveit_config:/home/luka/ws_moveit2/install/uorover_ik:/home/luka/rover_workspace/install/robotic_arm_controls:/home/luka/rover_workspace/install/ld_controls:/home/luka/rover_workspace/install/gps_node:/home/luka/rover_workspace/install/chassis_controls:/home/luka/rover_workspace/install/camera_nodes:/home/luka/rover_workspace/install/general_interfaces:/home/luka/rover_workspace/install/drive_urdf:/home/luka/rover_workspace/install/drive_controls:/opt/ros/humble CMAKE_PREFIX_PATH=${CMAKE_PREFIX_PATH}:/home/luka/ws_moveit2/install/uorover_arm:/home/luka/rover_workspace/install/robotic_arm_controls:/home/luka/rover_workspace/install/ld_controls:/home/luka/rover_workspace/install/gps_node:/home/luka/rover_workspace/install/camera_nodes:/home/luka/rover_workspace/install/drive_urdf:/home/luka/rover_workspace/install/drive_controls:/opt/ros/humble /usr/bin/cmake --install /home/luka/ws_moveit2/build/uorover_moveit_config
[0.354s] -- Install configuration: ""
[0.354s] -- Up-to-date: /home/luka/ws_moveit2/install/uorover_moveit_config/share/ament_index/resource_index/package_run_dependencies/uorover_moveit_config
[0.354s] -- Installing: /home/luka/ws_moveit2/install/uorover_moveit_config/share/ament_index/resource_index/parent_prefix_path/uorover_moveit_config
[0.355s] -- Up-to-date: /home/luka/ws_moveit2/install/uorover_moveit_config/share/uorover_moveit_config/environment/ament_prefix_path.sh
[0.355s] -- Installing: /home/luka/ws_moveit2/install/uorover_moveit_config/share/uorover_moveit_config/environment/ament_prefix_path.dsv
[0.355s] -- Up-to-date: /home/luka/ws_moveit2/install/uorover_moveit_config/share/uorover_moveit_config/environment/path.sh
[0.355s] -- Installing: /home/luka/ws_moveit2/install/uorover_moveit_config/share/uorover_moveit_config/environment/path.dsv
[0.355s] -- Up-to-date: /home/luka/ws_moveit2/install/uorover_moveit_config/share/uorover_moveit_config/local_setup.bash
[0.355s] -- Up-to-date: /home/luka/ws_moveit2/install/uorover_moveit_config/share/uorover_moveit_config/local_setup.sh
[0.355s] -- Up-to-date: /home/luka/ws_moveit2/install/uorover_moveit_config/share/uorover_moveit_config/local_setup.zsh
[0.356s] -- Installing: /home/luka/ws_moveit2/install/uorover_moveit_config/share/uorover_moveit_config/local_setup.dsv
[0.356s] -- Installing: /home/luka/ws_moveit2/install/uorover_moveit_config/share/uorover_moveit_config/package.dsv
[0.356s] -- Up-to-date: /home/luka/ws_moveit2/install/uorover_moveit_config/share/ament_index/resource_index/packages/uorover_moveit_config
[0.356s] -- Up-to-date: /home/luka/ws_moveit2/install/uorover_moveit_config/share/uorover_moveit_config/cmake/uorover_moveit_configConfig.cmake
[0.356s] -- Up-to-date: /home/luka/ws_moveit2/install/uorover_moveit_config/share/uorover_moveit_config/cmake/uorover_moveit_configConfig-version.cmake
[0.356s] -- Up-to-date: /home/luka/ws_moveit2/install/uorover_moveit_config/share/uorover_moveit_config/package.xml
[0.356s] -- Up-to-date: /home/luka/ws_moveit2/install/uorover_moveit_config/share/uorover_moveit_config/launch
[0.356s] -- Up-to-date: /home/luka/ws_moveit2/install/uorover_moveit_config/share/uorover_moveit_config/launch/demo.launch.py
[0.356s] -- Up-to-date: /home/luka/ws_moveit2/install/uorover_moveit_config/share/uorover_moveit_config/launch/moveit_rviz.launch.py
[0.356s] -- Up-to-date: /home/luka/ws_moveit2/install/uorover_moveit_config/share/uorover_moveit_config/launch/warehouse_db.launch.py
[0.356s] -- Up-to-date: /home/luka/ws_moveit2/install/uorover_moveit_config/share/uorover_moveit_config/launch/static_virtual_joint_tfs.launch.py
[0.356s] -- Up-to-date: /home/luka/ws_moveit2/install/uorover_moveit_config/share/uorover_moveit_config/launch/rsp.launch.py
[0.356s] -- Up-to-date: /home/luka/ws_moveit2/install/uorover_moveit_config/share/uorover_moveit_config/launch/setup_assistant.launch.py
[0.356s] -- Up-to-date: /home/luka/ws_moveit2/install/uorover_moveit_config/share/uorover_moveit_config/launch/move_group.launch.py
[0.356s] -- Up-to-date: /home/luka/ws_moveit2/install/uorover_moveit_config/share/uorover_moveit_config/launch/spawn_controllers.launch.py
[0.356s] -- Up-to-date: /home/luka/ws_moveit2/install/uorover_moveit_config/share/uorover_moveit_config/config
[0.357s] -- Up-to-date: /home/luka/ws_moveit2/install/uorover_moveit_config/share/uorover_moveit_config/config/moveit.rviz
[0.357s] -- Up-to-date: /home/luka/ws_moveit2/install/uorover_moveit_config/share/uorover_moveit_config/config/initial_positions.yaml
[0.357s] -- Up-to-date: /home/luka/ws_moveit2/install/uorover_moveit_config/share/uorover_moveit_config/config/rmm.srdf
[0.358s] -- Up-to-date: /home/luka/ws_moveit2/install/uorover_moveit_config/share/uorover_moveit_config/config/rmm.urdf.xacro
[0.358s] -- Up-to-date: /home/luka/ws_moveit2/install/uorover_moveit_config/share/uorover_moveit_config/config/rmm_ros2_control.xacro
[0.358s] -- Up-to-date: /home/luka/ws_moveit2/install/uorover_moveit_config/share/uorover_moveit_config/config/moveit_controllers.yaml
[0.358s] -- Up-to-date: /home/luka/ws_moveit2/install/uorover_moveit_config/share/uorover_moveit_config/config/pilz_cartesian_limits.yaml
[0.358s] -- Up-to-date: /home/luka/ws_moveit2/install/uorover_moveit_config/share/uorover_moveit_config/config/joint_limits.yaml
[0.358s] -- Up-to-date: /home/luka/ws_moveit2/install/uorover_moveit_config/share/uorover_moveit_config/config/ros2_controllers.yaml
[0.359s] -- Up-to-date: /home/luka/ws_moveit2/install/uorover_moveit_config/share/uorover_moveit_config/config/kinematics.yaml
[0.359s] -- Up-to-date: /home/luka/ws_moveit2/install/uorover_moveit_config/share/uorover_moveit_config/.setup_assistant
[0.359s] Invoked command in '/home/luka/ws_moveit2/build/uorover_moveit_config' returned '0': AMENT_PREFIX_PATH=/home/luka/ws_moveit2/install/uorover_arm:/home/luka/ws_moveit2/install/uorover_moveit_config:/home/luka/ws_moveit2/install/uorover_ik:/home/luka/rover_workspace/install/robotic_arm_controls:/home/luka/rover_workspace/install/ld_controls:/home/luka/rover_workspace/install/gps_node:/home/luka/rover_workspace/install/chassis_controls:/home/luka/rover_workspace/install/camera_nodes:/home/luka/rover_workspace/install/general_interfaces:/home/luka/rover_workspace/install/drive_urdf:/home/luka/rover_workspace/install/drive_controls:/opt/ros/humble CMAKE_PREFIX_PATH=${CMAKE_PREFIX_PATH}:/home/luka/ws_moveit2/install/uorover_arm:/home/luka/rover_workspace/install/robotic_arm_controls:/home/luka/rover_workspace/install/ld_controls:/home/luka/rover_workspace/install/gps_node:/home/luka/rover_workspace/install/camera_nodes:/home/luka/rover_workspace/install/drive_urdf:/home/luka/rover_workspace/install/drive_controls:/opt/ros/humble /usr/bin/cmake --install /home/luka/ws_moveit2/build/uorover_moveit_config
