[0.956s] Invoking command in '/home/luka/ws_moveit2/build/ros2_control_demo_example_7': CMAKE_PREFIX_PATH=${CMAKE_PREFIX_PATH}:/home/luka/rover_workspace/install/robotic_arm_controls:/home/luka/rover_workspace/install/ld_controls:/home/luka/rover_workspace/install/gps_node:/home/luka/rover_workspace/install/camera_nodes:/home/luka/rover_workspace/install/drive_urdf:/home/luka/rover_workspace/install/drive_controls:/home/luka/rover_workspace/install/autonomous_navigation:/home/luka/ws_moveit2/install/uorover_arm:/opt/ros/humble /usr/bin/cmake --build /home/luka/ws_moveit2/build/ros2_control_demo_example_7 -- -j12 -l12
[1.058s] [ 40%] Built target send_trajectory
[1.060s] [100%] Built target ros2_control_demo_example_7
[1.074s] Invoked command in '/home/luka/ws_moveit2/build/ros2_control_demo_example_7' returned '0': CMAKE_PREFIX_PATH=${CMAKE_PREFIX_PATH}:/home/luka/rover_workspace/install/robotic_arm_controls:/home/luka/rover_workspace/install/ld_controls:/home/luka/rover_workspace/install/gps_node:/home/luka/rover_workspace/install/camera_nodes:/home/luka/rover_workspace/install/drive_urdf:/home/luka/rover_workspace/install/drive_controls:/home/luka/rover_workspace/install/autonomous_navigation:/home/luka/ws_moveit2/install/uorover_arm:/opt/ros/humble /usr/bin/cmake --build /home/luka/ws_moveit2/build/ros2_control_demo_example_7 -- -j12 -l12
[1.147s] Invoking command in '/home/luka/ws_moveit2/build/ros2_control_demo_example_7': CMAKE_PREFIX_PATH=${CMAKE_PREFIX_PATH}:/home/luka/rover_workspace/install/robotic_arm_controls:/home/luka/rover_workspace/install/ld_controls:/home/luka/rover_workspace/install/gps_node:/home/luka/rover_workspace/install/camera_nodes:/home/luka/rover_workspace/install/drive_urdf:/home/luka/rover_workspace/install/drive_controls:/home/luka/rover_workspace/install/autonomous_navigation:/home/luka/ws_moveit2/install/uorover_arm:/opt/ros/humble /usr/bin/cmake --install /home/luka/ws_moveit2/build/ros2_control_demo_example_7
[1.157s] -- Install configuration: ""
[1.157s] -- Up-to-date: /home/luka/ws_moveit2/install/ros2_control_demo_example_7/share/ros2_control_demo_example_7/ros2_control_demo_example_7.xml
[1.157s] -- Up-to-date: /home/luka/ws_moveit2/install/ros2_control_demo_example_7/share/ros2_control_demo_example_7/ros2_control_demo_example_7.xml
[1.157s] -- Up-to-date: /home/luka/ws_moveit2/install/ros2_control_demo_example_7/include/ros2_control_demo_example_7
[1.157s] -- Up-to-date: /home/luka/ws_moveit2/install/ros2_control_demo_example_7/include/ros2_control_demo_example_7/ros2_control_demo_example_7
[1.158s] -- Up-to-date: /home/luka/ws_moveit2/install/ros2_control_demo_example_7/include/ros2_control_demo_example_7/ros2_control_demo_example_7/r6bot_hardware.hpp
[1.158s] -- Up-to-date: /home/luka/ws_moveit2/install/ros2_control_demo_example_7/share/ros2_control_demo_example_7/launch
[1.158s] -- Up-to-date: /home/luka/ws_moveit2/install/ros2_control_demo_example_7/share/ros2_control_demo_example_7/launch/view_r6bot.launch.py
[1.158s] -- Up-to-date: /home/luka/ws_moveit2/install/ros2_control_demo_example_7/share/ros2_control_demo_example_7/ros2_control
[1.159s] -- Up-to-date: /home/luka/ws_moveit2/install/ros2_control_demo_example_7/share/ros2_control_demo_example_7/ros2_control/r6bot.ros2_control.xacro
[1.159s] -- Up-to-date: /home/luka/ws_moveit2/install/ros2_control_demo_example_7/share/ros2_control_demo_example_7/urdf
[1.159s] -- Up-to-date: /home/luka/ws_moveit2/install/ros2_control_demo_example_7/share/ros2_control_demo_example_7/urdf/r6bot.urdf.xacro
[1.159s] -- Up-to-date: /home/luka/ws_moveit2/install/ros2_control_demo_example_7/share/ros2_control_demo_example_7/launch
[1.159s] -- Up-to-date: /home/luka/ws_moveit2/install/ros2_control_demo_example_7/share/ros2_control_demo_example_7/launch/r6bot_controller.launch.py
[1.159s] -- Up-to-date: /home/luka/ws_moveit2/install/ros2_control_demo_example_7/share/ros2_control_demo_example_7/launch/send_trajectory.launch.py
[1.159s] -- Up-to-date: /home/luka/ws_moveit2/install/ros2_control_demo_example_7/share/ros2_control_demo_example_7/config
[1.160s] -- Up-to-date: /home/luka/ws_moveit2/install/ros2_control_demo_example_7/share/ros2_control_demo_example_7/config/r6bot_controller.yaml
[1.160s] -- Up-to-date: /home/luka/ws_moveit2/install/ros2_control_demo_example_7/lib/ros2_control_demo_example_7/send_trajectory
[1.160s] -- Up-to-date: /home/luka/ws_moveit2/install/ros2_control_demo_example_7/lib/libros2_control_demo_example_7.so
[1.160s] -- Up-to-date: /home/luka/ws_moveit2/install/ros2_control_demo_example_7/share/ros2_control_demo_example_7/environment/library_path.sh
[1.160s] -- Up-to-date: /home/luka/ws_moveit2/install/ros2_control_demo_example_7/share/ros2_control_demo_example_7/environment/library_path.dsv
[1.160s] -- Up-to-date: /home/luka/ws_moveit2/install/ros2_control_demo_example_7/share/ament_index/resource_index/package_run_dependencies/ros2_control_demo_example_7
[1.160s] -- Up-to-date: /home/luka/ws_moveit2/install/ros2_control_demo_example_7/share/ament_index/resource_index/parent_prefix_path/ros2_control_demo_example_7
[1.160s] -- Up-to-date: /home/luka/ws_moveit2/install/ros2_control_demo_example_7/share/ros2_control_demo_example_7/environment/ament_prefix_path.sh
[1.160s] -- Up-to-date: /home/luka/ws_moveit2/install/ros2_control_demo_example_7/share/ros2_control_demo_example_7/environment/ament_prefix_path.dsv
[1.161s] -- Up-to-date: /home/luka/ws_moveit2/install/ros2_control_demo_example_7/share/ros2_control_demo_example_7/environment/path.sh
[1.161s] -- Up-to-date: /home/luka/ws_moveit2/install/ros2_control_demo_example_7/share/ros2_control_demo_example_7/environment/path.dsv
[1.161s] -- Up-to-date: /home/luka/ws_moveit2/install/ros2_control_demo_example_7/share/ros2_control_demo_example_7/local_setup.bash
[1.161s] -- Up-to-date: /home/luka/ws_moveit2/install/ros2_control_demo_example_7/share/ros2_control_demo_example_7/local_setup.sh
[1.161s] -- Up-to-date: /home/luka/ws_moveit2/install/ros2_control_demo_example_7/share/ros2_control_demo_example_7/local_setup.zsh
[1.161s] -- Up-to-date: /home/luka/ws_moveit2/install/ros2_control_demo_example_7/share/ros2_control_demo_example_7/local_setup.dsv
[1.162s] -- Installing: /home/luka/ws_moveit2/install/ros2_control_demo_example_7/share/ros2_control_demo_example_7/package.dsv
[1.163s] -- Up-to-date: /home/luka/ws_moveit2/install/ros2_control_demo_example_7/share/ament_index/resource_index/packages/ros2_control_demo_example_7
[1.164s] -- Up-to-date: /home/luka/ws_moveit2/install/ros2_control_demo_example_7/share/ament_index/resource_index/hardware_interface__pluginlib__plugin/ros2_control_demo_example_7
[1.164s] -- Up-to-date: /home/luka/ws_moveit2/install/ros2_control_demo_example_7/share/ament_index/resource_index/controller_interface__pluginlib__plugin/ros2_control_demo_example_7
[1.164s] -- Up-to-date: /home/luka/ws_moveit2/install/ros2_control_demo_example_7/share/ros2_control_demo_example_7/cmake/export_ros2_control_demo_example_7Export.cmake
[1.165s] -- Up-to-date: /home/luka/ws_moveit2/install/ros2_control_demo_example_7/share/ros2_control_demo_example_7/cmake/export_ros2_control_demo_example_7Export-noconfig.cmake
[1.165s] -- Up-to-date: /home/luka/ws_moveit2/install/ros2_control_demo_example_7/share/ros2_control_demo_example_7/cmake/ament_cmake_export_targets-extras.cmake
[1.165s] -- Up-to-date: /home/luka/ws_moveit2/install/ros2_control_demo_example_7/share/ros2_control_demo_example_7/cmake/ament_cmake_export_dependencies-extras.cmake
[1.166s] -- Up-to-date: /home/luka/ws_moveit2/install/ros2_control_demo_example_7/share/ros2_control_demo_example_7/cmake/ros2_control_demo_example_7Config.cmake
[1.166s] -- Up-to-date: /home/luka/ws_moveit2/install/ros2_control_demo_example_7/share/ros2_control_demo_example_7/cmake/ros2_control_demo_example_7Config-version.cmake
[1.167s] -- Up-to-date: /home/luka/ws_moveit2/install/ros2_control_demo_example_7/share/ros2_control_demo_example_7/package.xml
[1.170s] Invoked command in '/home/luka/ws_moveit2/build/ros2_control_demo_example_7' returned '0': CMAKE_PREFIX_PATH=${CMAKE_PREFIX_PATH}:/home/luka/rover_workspace/install/robotic_arm_controls:/home/luka/rover_workspace/install/ld_controls:/home/luka/rover_workspace/install/gps_node:/home/luka/rover_workspace/install/camera_nodes:/home/luka/rover_workspace/install/drive_urdf:/home/luka/rover_workspace/install/drive_controls:/home/luka/rover_workspace/install/autonomous_navigation:/home/luka/ws_moveit2/install/uorover_arm:/opt/ros/humble /usr/bin/cmake --install /home/luka/ws_moveit2/build/ros2_control_demo_example_7
