[0.486s] Invoking command in '/home/luka/ws_moveit2/build/uorover_ik': CMAKE_PREFIX_PATH=${CMAKE_PREFIX_PATH}:/home/luka/rover_workspace/install/robotic_arm_controls:/home/luka/rover_workspace/install/ld_controls:/home/luka/rover_workspace/install/gps_node:/home/luka/rover_workspace/install/camera_nodes:/home/luka/rover_workspace/install/drive_urdf:/home/luka/rover_workspace/install/drive_controls:/home/luka/rover_workspace/install/autonomous_navigation:/home/luka/ws_moveit2/install/uorover_arm:/opt/ros/humble /usr/bin/cmake /home/luka/ws_moveit2/src/uorover_ik -DCMAKE_INSTALL_PREFIX=/home/luka/ws_moveit2/install/uorover_ik
[0.496s] -- Found ament_cmake: 1.3.8 (/opt/ros/humble/share/ament_cmake/cmake)
[0.619s] -- Found moveit_ros_planning_interface: 2.5.5 (/opt/ros/humble/share/moveit_ros_planning_interface/cmake)
[0.629s] -- Found Boost: /usr/lib/x86_64-linux-gnu/cmake/Boost-1.74.0/BoostConfig.cmake (found version "1.74.0") found components: date_time filesystem program_options system thread 
[0.662s] -- Found rosidl_generator_c: 3.1.5 (/opt/ros/humble/share/rosidl_generator_c/cmake)
[0.664s] -- Found rosidl_adapter: 3.1.5 (/opt/ros/humble/share/rosidl_adapter/cmake)
[0.670s] -- Found rosidl_generator_cpp: 3.1.5 (/opt/ros/humble/share/rosidl_generator_cpp/cmake)
[0.683s] -- Using all available rosidl_typesupport_c: rosidl_typesupport_fastrtps_c;rosidl_typesupport_introspection_c
[0.699s] -- Using all available rosidl_typesupport_cpp: rosidl_typesupport_fastrtps_cpp;rosidl_typesupport_introspection_cpp
[1.563s] -- Found Boost: /usr/lib/x86_64-linux-gnu/cmake/Boost-1.74.0/BoostConfig.cmake (found version "1.74.0") found components: chrono date_time filesystem iostreams program_options regex serialization system thread 
[1.568s] -- Found parameter_traits: 0.3.7 (/opt/ros/humble/share/parameter_traits/cmake)
[1.616s] -- Found rmw_implementation_cmake: 6.1.1 (/opt/ros/humble/share/rmw_implementation_cmake/cmake)
[1.617s] -- Found rmw_cyclonedds_cpp: 1.3.4 (/opt/ros/humble/share/rmw_cyclonedds_cpp/cmake)
[1.643s] -- Using RMW implementation 'rmw_cyclonedds_cpp' as default
[1.777s] -- Found rclcpp_lifecycle: 16.0.8 (/opt/ros/humble/share/rclcpp_lifecycle/cmake)
[1.814s] -- Found Boost: /usr/lib/x86_64-linux-gnu/cmake/Boost-1.74.0/BoostConfig.cmake (found version "1.74.0") found components: filesystem 
[1.850s] -- library: /usr/lib/x86_64-linux-gnu/libcurl.so
[1.988s] -- Ensuring Eigen3 include directory is part of orocos-kdl CMake target
[2.450s] -- Found Boost: /usr/lib/x86_64-linux-gnu/cmake/Boost-1.74.0/BoostConfig.cmake (found version "1.74.0") found components: system filesystem date_time program_options thread chrono 
[2.954s] -- Found Boost: /usr/lib/x86_64-linux-gnu/cmake/Boost-1.74.0/BoostConfig.cmake (found version "1.74.0") found components: thread system filesystem regex date_time program_options 
[3.187s] -- Found Boost: /usr/lib/x86_64-linux-gnu/cmake/Boost-1.74.0/BoostConfig.cmake (found version "1.74.0") found components: system filesystem date_time program_options thread 
[3.584s] -- Found control_msgs: 4.4.0 (/opt/ros/humble/share/control_msgs/cmake)
[3.773s] -- Found general_interfaces: 0.1.0 (/home/luka/rover_workspace/install/general_interfaces/share/general_interfaces/cmake)
[3.826s] -- Found ament_lint_auto: 0.12.10 (/opt/ros/humble/share/ament_lint_auto/cmake)
[3.902s] -- Added test 'cppcheck' to perform static code analysis on C / C++ code
[3.902s] -- Configured cppcheck include dirs: $<BUILD_INTERFACE:/home/luka/ws_moveit2/src/uorover_ik/include>
[3.902s] -- Configured cppcheck exclude dirs and/or files: 
[3.903s] -- Added test 'flake8' to check Python code syntax and style conventions
[3.904s] -- Added test 'lint_cmake' to check CMake code style
[3.904s] -- Added test 'pep257' to check Python code against some of the docstring style conventions in PEP 257
[3.905s] -- Added test 'uncrustify' to check C / C++ code style
[3.905s] -- Configured uncrustify additional arguments: 
[3.906s] -- Added test 'xmllint' to check XML markup files
[3.907s] -- Configuring done
[3.945s] -- Generating done
[3.946s] -- Build files have been written to: /home/luka/ws_moveit2/build/uorover_ik
[3.956s] Invoked command in '/home/luka/ws_moveit2/build/uorover_ik' returned '0': CMAKE_PREFIX_PATH=${CMAKE_PREFIX_PATH}:/home/luka/rover_workspace/install/robotic_arm_controls:/home/luka/rover_workspace/install/ld_controls:/home/luka/rover_workspace/install/gps_node:/home/luka/rover_workspace/install/camera_nodes:/home/luka/rover_workspace/install/drive_urdf:/home/luka/rover_workspace/install/drive_controls:/home/luka/rover_workspace/install/autonomous_navigation:/home/luka/ws_moveit2/install/uorover_arm:/opt/ros/humble /usr/bin/cmake /home/luka/ws_moveit2/src/uorover_ik -DCMAKE_INSTALL_PREFIX=/home/luka/ws_moveit2/install/uorover_ik
[3.958s] Invoking command in '/home/luka/ws_moveit2/build/uorover_ik': CMAKE_PREFIX_PATH=${CMAKE_PREFIX_PATH}:/home/luka/rover_workspace/install/robotic_arm_controls:/home/luka/rover_workspace/install/ld_controls:/home/luka/rover_workspace/install/gps_node:/home/luka/rover_workspace/install/camera_nodes:/home/luka/rover_workspace/install/drive_urdf:/home/luka/rover_workspace/install/drive_controls:/home/luka/rover_workspace/install/autonomous_navigation:/home/luka/ws_moveit2/install/uorover_arm:/opt/ros/humble /usr/bin/cmake --build /home/luka/ws_moveit2/build/uorover_ik -- -j12 -l12
[4.005s] [ 50%] [32mBuilding CXX object CMakeFiles/uorover_ik.dir/src/uorover_ik.cpp.o[0m
[4.005s] [ 50%] [32mBuilding CXX object CMakeFiles/ik_hardware_interface.dir/src/ik_hardware_interface.cpp.o[0m
[11.030s] [ 75%] [32m[1mLinking CXX executable uorover_ik[0m
[11.513s] [ 75%] Built target uorover_ik
[15.332s] [100%] [32m[1mLinking CXX executable ik_hardware_interface[0m
[17.358s] [100%] Built target ik_hardware_interface
[17.376s] Invoked command in '/home/luka/ws_moveit2/build/uorover_ik' returned '0': CMAKE_PREFIX_PATH=${CMAKE_PREFIX_PATH}:/home/luka/rover_workspace/install/robotic_arm_controls:/home/luka/rover_workspace/install/ld_controls:/home/luka/rover_workspace/install/gps_node:/home/luka/rover_workspace/install/camera_nodes:/home/luka/rover_workspace/install/drive_urdf:/home/luka/rover_workspace/install/drive_controls:/home/luka/rover_workspace/install/autonomous_navigation:/home/luka/ws_moveit2/install/uorover_arm:/opt/ros/humble /usr/bin/cmake --build /home/luka/ws_moveit2/build/uorover_ik -- -j12 -l12
[17.419s] Invoking command in '/home/luka/ws_moveit2/build/uorover_ik': CMAKE_PREFIX_PATH=${CMAKE_PREFIX_PATH}:/home/luka/rover_workspace/install/robotic_arm_controls:/home/luka/rover_workspace/install/ld_controls:/home/luka/rover_workspace/install/gps_node:/home/luka/rover_workspace/install/camera_nodes:/home/luka/rover_workspace/install/drive_urdf:/home/luka/rover_workspace/install/drive_controls:/home/luka/rover_workspace/install/autonomous_navigation:/home/luka/ws_moveit2/install/uorover_arm:/opt/ros/humble /usr/bin/cmake --install /home/luka/ws_moveit2/build/uorover_ik
[17.431s] -- Install configuration: ""
[17.432s] -- Installing: /home/luka/ws_moveit2/install/uorover_ik/lib/uorover_ik/uorover_ik
[17.433s] -- Set runtime path of "/home/luka/ws_moveit2/install/uorover_ik/lib/uorover_ik/uorover_ik" to ""
[17.433s] -- Installing: /home/luka/ws_moveit2/install/uorover_ik/lib/uorover_ik/ik_hardware_interface
[17.439s] -- Set runtime path of "/home/luka/ws_moveit2/install/uorover_ik/lib/uorover_ik/ik_hardware_interface" to ""
[17.439s] -- Installing: /home/luka/ws_moveit2/install/uorover_ik/share/uorover_ik/launch
[17.439s] -- Installing: /home/luka/ws_moveit2/install/uorover_ik/share/uorover_ik/launch/sim_ik.launch.py
[17.439s] -- Installing: /home/luka/ws_moveit2/install/uorover_ik/share/uorover_ik/launch/ik.launch.py
[17.439s] -- Installing: /home/luka/ws_moveit2/install/uorover_ik/share/ament_index/resource_index/package_run_dependencies/uorover_ik
[17.439s] -- Installing: /home/luka/ws_moveit2/install/uorover_ik/share/ament_index/resource_index/parent_prefix_path/uorover_ik
[17.440s] -- Installing: /home/luka/ws_moveit2/install/uorover_ik/share/uorover_ik/environment/ament_prefix_path.sh
[17.440s] -- Installing: /home/luka/ws_moveit2/install/uorover_ik/share/uorover_ik/environment/ament_prefix_path.dsv
[17.440s] -- Installing: /home/luka/ws_moveit2/install/uorover_ik/share/uorover_ik/environment/path.sh
[17.440s] -- Installing: /home/luka/ws_moveit2/install/uorover_ik/share/uorover_ik/environment/path.dsv
[17.440s] -- Installing: /home/luka/ws_moveit2/install/uorover_ik/share/uorover_ik/local_setup.bash
[17.440s] -- Installing: /home/luka/ws_moveit2/install/uorover_ik/share/uorover_ik/local_setup.sh
[17.440s] -- Installing: /home/luka/ws_moveit2/install/uorover_ik/share/uorover_ik/local_setup.zsh
[17.440s] -- Installing: /home/luka/ws_moveit2/install/uorover_ik/share/uorover_ik/local_setup.dsv
[17.440s] -- Installing: /home/luka/ws_moveit2/install/uorover_ik/share/uorover_ik/package.dsv
[17.441s] -- Installing: /home/luka/ws_moveit2/install/uorover_ik/share/ament_index/resource_index/packages/uorover_ik
[17.441s] -- Installing: /home/luka/ws_moveit2/install/uorover_ik/share/uorover_ik/cmake/uorover_ikConfig.cmake
[17.441s] -- Installing: /home/luka/ws_moveit2/install/uorover_ik/share/uorover_ik/cmake/uorover_ikConfig-version.cmake
[17.441s] -- Installing: /home/luka/ws_moveit2/install/uorover_ik/share/uorover_ik/package.xml
[17.443s] Invoked command in '/home/luka/ws_moveit2/build/uorover_ik' returned '0': CMAKE_PREFIX_PATH=${CMAKE_PREFIX_PATH}:/home/luka/rover_workspace/install/robotic_arm_controls:/home/luka/rover_workspace/install/ld_controls:/home/luka/rover_workspace/install/gps_node:/home/luka/rover_workspace/install/camera_nodes:/home/luka/rover_workspace/install/drive_urdf:/home/luka/rover_workspace/install/drive_controls:/home/luka/rover_workspace/install/autonomous_navigation:/home/luka/ws_moveit2/install/uorover_arm:/opt/ros/humble /usr/bin/cmake --install /home/luka/ws_moveit2/build/uorover_ik
