[0.469s] Invoking command in '/home/luka/ws_moveit2/build/uorover_moveit_config': AMENT_PREFIX_PATH=/home/luka/ws_moveit2/install/uorover_arm:/home/luka/ws_moveit2/install/uorover_moveit_config:/home/luka/ws_moveit2/install/uorover_ik:/home/luka/rover_workspace/install/robotic_arm_controls:/home/luka/rover_workspace/install/ld_controls:/home/luka/rover_workspace/install/gps_node:/home/luka/rover_workspace/install/chassis_controls:/home/luka/rover_workspace/install/camera_nodes:/home/luka/rover_workspace/install/general_interfaces:/home/luka/rover_workspace/install/drive_urdf:/home/luka/rover_workspace/install/drive_controls:/opt/ros/humble CMAKE_PREFIX_PATH=${CMAKE_PREFIX_PATH}:/home/luka/ws_moveit2/install/uorover_arm:/home/luka/rover_workspace/install/robotic_arm_controls:/home/luka/rover_workspace/install/ld_controls:/home/luka/rover_workspace/install/gps_node:/home/luka/rover_workspace/install/camera_nodes:/home/luka/rover_workspace/install/drive_urdf:/home/luka/rover_workspace/install/drive_controls:/opt/ros/humble /usr/bin/cmake --build /home/luka/ws_moveit2/build/uorover_moveit_config -- -j12 -l12
[0.593s] Invoked command in '/home/luka/ws_moveit2/build/uorover_moveit_config' returned '0': AMENT_PREFIX_PATH=/home/luka/ws_moveit2/install/uorover_arm:/home/luka/ws_moveit2/install/uorover_moveit_config:/home/luka/ws_moveit2/install/uorover_ik:/home/luka/rover_workspace/install/robotic_arm_controls:/home/luka/rover_workspace/install/ld_controls:/home/luka/rover_workspace/install/gps_node:/home/luka/rover_workspace/install/chassis_controls:/home/luka/rover_workspace/install/camera_nodes:/home/luka/rover_workspace/install/general_interfaces:/home/luka/rover_workspace/install/drive_urdf:/home/luka/rover_workspace/install/drive_controls:/opt/ros/humble CMAKE_PREFIX_PATH=${CMAKE_PREFIX_PATH}:/home/luka/ws_moveit2/install/uorover_arm:/home/luka/rover_workspace/install/robotic_arm_controls:/home/luka/rover_workspace/install/ld_controls:/home/luka/rover_workspace/install/gps_node:/home/luka/rover_workspace/install/camera_nodes:/home/luka/rover_workspace/install/drive_urdf:/home/luka/rover_workspace/install/drive_controls:/opt/ros/humble /usr/bin/cmake --build /home/luka/ws_moveit2/build/uorover_moveit_config -- -j12 -l12
[0.703s] Invoking command in '/home/luka/ws_moveit2/build/uorover_moveit_config': AMENT_PREFIX_PATH=/home/luka/ws_moveit2/install/uorover_arm:/home/luka/ws_moveit2/install/uorover_moveit_config:/home/luka/ws_moveit2/install/uorover_ik:/home/luka/rover_workspace/install/robotic_arm_controls:/home/luka/rover_workspace/install/ld_controls:/home/luka/rover_workspace/install/gps_node:/home/luka/rover_workspace/install/chassis_controls:/home/luka/rover_workspace/install/camera_nodes:/home/luka/rover_workspace/install/general_interfaces:/home/luka/rover_workspace/install/drive_urdf:/home/luka/rover_workspace/install/drive_controls:/opt/ros/humble CMAKE_PREFIX_PATH=${CMAKE_PREFIX_PATH}:/home/luka/ws_moveit2/install/uorover_arm:/home/luka/rover_workspace/install/robotic_arm_controls:/home/luka/rover_workspace/install/ld_controls:/home/luka/rover_workspace/install/gps_node:/home/luka/rover_workspace/install/camera_nodes:/home/luka/rover_workspace/install/drive_urdf:/home/luka/rover_workspace/install/drive_controls:/opt/ros/humble /usr/bin/cmake --install /home/luka/ws_moveit2/build/uorover_moveit_config
[0.729s] -- Install configuration: ""
[0.729s] -- Up-to-date: /home/luka/ws_moveit2/install/uorover_moveit_config/share/ament_index/resource_index/package_run_dependencies/uorover_moveit_config
[0.730s] -- Up-to-date: /home/luka/ws_moveit2/install/uorover_moveit_config/share/ament_index/resource_index/parent_prefix_path/uorover_moveit_config
[0.730s] -- Up-to-date: /home/luka/ws_moveit2/install/uorover_moveit_config/share/uorover_moveit_config/environment/ament_prefix_path.sh
[0.730s] -- Up-to-date: /home/luka/ws_moveit2/install/uorover_moveit_config/share/uorover_moveit_config/environment/ament_prefix_path.dsv
[0.731s] -- Up-to-date: /home/luka/ws_moveit2/install/uorover_moveit_config/share/uorover_moveit_config/environment/path.sh
[0.731s] -- Up-to-date: /home/luka/ws_moveit2/install/uorover_moveit_config/share/uorover_moveit_config/environment/path.dsv
[0.731s] -- Up-to-date: /home/luka/ws_moveit2/install/uorover_moveit_config/share/uorover_moveit_config/local_setup.bash
[0.731s] -- Up-to-date: /home/luka/ws_moveit2/install/uorover_moveit_config/share/uorover_moveit_config/local_setup.sh
[0.732s] -- Up-to-date: /home/luka/ws_moveit2/install/uorover_moveit_config/share/uorover_moveit_config/local_setup.zsh
[0.733s] -- Up-to-date: /home/luka/ws_moveit2/install/uorover_moveit_config/share/uorover_moveit_config/local_setup.dsv
[0.733s] -- Installing: /home/luka/ws_moveit2/install/uorover_moveit_config/share/uorover_moveit_config/package.dsv
[0.734s] -- Up-to-date: /home/luka/ws_moveit2/install/uorover_moveit_config/share/ament_index/resource_index/packages/uorover_moveit_config
[0.734s] -- Up-to-date: /home/luka/ws_moveit2/install/uorover_moveit_config/share/uorover_moveit_config/cmake/uorover_moveit_configConfig.cmake
[0.735s] -- Up-to-date: /home/luka/ws_moveit2/install/uorover_moveit_config/share/uorover_moveit_config/cmake/uorover_moveit_configConfig-version.cmake
[0.735s] -- Up-to-date: /home/luka/ws_moveit2/install/uorover_moveit_config/share/uorover_moveit_config/package.xml
[0.735s] -- Up-to-date: /home/luka/ws_moveit2/install/uorover_moveit_config/share/uorover_moveit_config/launch
[0.735s] -- Up-to-date: /home/luka/ws_moveit2/install/uorover_moveit_config/share/uorover_moveit_config/launch/demo.launch.py
[0.736s] -- Up-to-date: /home/luka/ws_moveit2/install/uorover_moveit_config/share/uorover_moveit_config/launch/moveit_rviz.launch.py
[0.736s] -- Up-to-date: /home/luka/ws_moveit2/install/uorover_moveit_config/share/uorover_moveit_config/launch/warehouse_db.launch.py
[0.736s] -- Up-to-date: /home/luka/ws_moveit2/install/uorover_moveit_config/share/uorover_moveit_config/launch/static_virtual_joint_tfs.launch.py
[0.736s] -- Up-to-date: /home/luka/ws_moveit2/install/uorover_moveit_config/share/uorover_moveit_config/launch/rsp.launch.py
[0.737s] -- Up-to-date: /home/luka/ws_moveit2/install/uorover_moveit_config/share/uorover_moveit_config/launch/setup_assistant.launch.py
[0.737s] -- Up-to-date: /home/luka/ws_moveit2/install/uorover_moveit_config/share/uorover_moveit_config/launch/move_group.launch.py
[0.737s] -- Up-to-date: /home/luka/ws_moveit2/install/uorover_moveit_config/share/uorover_moveit_config/launch/spawn_controllers.launch.py
[0.737s] -- Up-to-date: /home/luka/ws_moveit2/install/uorover_moveit_config/share/uorover_moveit_config/config
[0.738s] -- Up-to-date: /home/luka/ws_moveit2/install/uorover_moveit_config/share/uorover_moveit_config/config/crane.srdf
[0.738s] -- Up-to-date: /home/luka/ws_moveit2/install/uorover_moveit_config/share/uorover_moveit_config/config/moveit.rviz
[0.739s] -- Up-to-date: /home/luka/ws_moveit2/install/uorover_moveit_config/share/uorover_moveit_config/config/initial_positions.yaml
[0.740s] -- Up-to-date: /home/luka/ws_moveit2/install/uorover_moveit_config/share/uorover_moveit_config/config/crane.ros2_control.xacro
[0.740s] -- Up-to-date: /home/luka/ws_moveit2/install/uorover_moveit_config/share/uorover_moveit_config/config/crane.urdf.xacro
[0.741s] -- Up-to-date: /home/luka/ws_moveit2/install/uorover_moveit_config/share/uorover_moveit_config/config/moveit_controllers.yaml
[0.742s] -- Up-to-date: /home/luka/ws_moveit2/install/uorover_moveit_config/share/uorover_moveit_config/config/pilz_cartesian_limits.yaml
[0.743s] -- Up-to-date: /home/luka/ws_moveit2/install/uorover_moveit_config/share/uorover_moveit_config/config/joint_limits.yaml
[0.744s] -- Up-to-date: /home/luka/ws_moveit2/install/uorover_moveit_config/share/uorover_moveit_config/config/ros2_controllers.yaml
[0.745s] -- Up-to-date: /home/luka/ws_moveit2/install/uorover_moveit_config/share/uorover_moveit_config/config/kinematics.yaml
[0.746s] -- Up-to-date: /home/luka/ws_moveit2/install/uorover_moveit_config/share/uorover_moveit_config/.setup_assistant
[0.747s] Invoked command in '/home/luka/ws_moveit2/build/uorover_moveit_config' returned '0': AMENT_PREFIX_PATH=/home/luka/ws_moveit2/install/uorover_arm:/home/luka/ws_moveit2/install/uorover_moveit_config:/home/luka/ws_moveit2/install/uorover_ik:/home/luka/rover_workspace/install/robotic_arm_controls:/home/luka/rover_workspace/install/ld_controls:/home/luka/rover_workspace/install/gps_node:/home/luka/rover_workspace/install/chassis_controls:/home/luka/rover_workspace/install/camera_nodes:/home/luka/rover_workspace/install/general_interfaces:/home/luka/rover_workspace/install/drive_urdf:/home/luka/rover_workspace/install/drive_controls:/opt/ros/humble CMAKE_PREFIX_PATH=${CMAKE_PREFIX_PATH}:/home/luka/ws_moveit2/install/uorover_arm:/home/luka/rover_workspace/install/robotic_arm_controls:/home/luka/rover_workspace/install/ld_controls:/home/luka/rover_workspace/install/gps_node:/home/luka/rover_workspace/install/camera_nodes:/home/luka/rover_workspace/install/drive_urdf:/home/luka/rover_workspace/install/drive_controls:/opt/ros/humble /usr/bin/cmake --install /home/luka/ws_moveit2/build/uorover_moveit_config
