[0.302s] Invoking command in '/home/luka/ws_moveit2/build/uorover_moveit_config': AMENT_PREFIX_PATH=/home/luka/ws_moveit2/install/uorover_arm:${AMENT_PREFIX_PATH} CMAKE_PREFIX_PATH=${CMAKE_PREFIX_PATH}:/home/luka/rover_workspace/install/robotic_arm_controls:/home/luka/rover_workspace/install/ld_controls:/home/luka/rover_workspace/install/gps_node:/home/luka/rover_workspace/install/camera_nodes:/home/luka/rover_workspace/install/drive_urdf:/home/luka/rover_workspace/install/drive_controls:/home/luka/rover_workspace/install/autonomous_navigation:/opt/ros/humble PYTHONPATH=/home/luka/ws_moveit2/install/uorover_arm/lib/python3.10/site-packages:${PYTHONPATH} /usr/bin/cmake --build /home/luka/ws_moveit2/build/uorover_moveit_config -- -j12 -l12
[0.373s] Invoked command in '/home/luka/ws_moveit2/build/uorover_moveit_config' returned '0': AMENT_PREFIX_PATH=/home/luka/ws_moveit2/install/uorover_arm:${AMENT_PREFIX_PATH} CMAKE_PREFIX_PATH=${CMAKE_PREFIX_PATH}:/home/luka/rover_workspace/install/robotic_arm_controls:/home/luka/rover_workspace/install/ld_controls:/home/luka/rover_workspace/install/gps_node:/home/luka/rover_workspace/install/camera_nodes:/home/luka/rover_workspace/install/drive_urdf:/home/luka/rover_workspace/install/drive_controls:/home/luka/rover_workspace/install/autonomous_navigation:/opt/ros/humble PYTHONPATH=/home/luka/ws_moveit2/install/uorover_arm/lib/python3.10/site-packages:${PYTHONPATH} /usr/bin/cmake --build /home/luka/ws_moveit2/build/uorover_moveit_config -- -j12 -l12
[0.447s] Invoking command in '/home/luka/ws_moveit2/build/uorover_moveit_config': AMENT_PREFIX_PATH=/home/luka/ws_moveit2/install/uorover_arm:${AMENT_PREFIX_PATH} CMAKE_PREFIX_PATH=${CMAKE_PREFIX_PATH}:/home/luka/rover_workspace/install/robotic_arm_controls:/home/luka/rover_workspace/install/ld_controls:/home/luka/rover_workspace/install/gps_node:/home/luka/rover_workspace/install/camera_nodes:/home/luka/rover_workspace/install/drive_urdf:/home/luka/rover_workspace/install/drive_controls:/home/luka/rover_workspace/install/autonomous_navigation:/opt/ros/humble PYTHONPATH=/home/luka/ws_moveit2/install/uorover_arm/lib/python3.10/site-packages:${PYTHONPATH} /usr/bin/cmake --install /home/luka/ws_moveit2/build/uorover_moveit_config
[0.465s] -- Install configuration: ""
[0.466s] -- Up-to-date: /home/luka/ws_moveit2/install/uorover_moveit_config/share/ament_index/resource_index/package_run_dependencies/uorover_moveit_config
[0.466s] -- Up-to-date: /home/luka/ws_moveit2/install/uorover_moveit_config/share/ament_index/resource_index/parent_prefix_path/uorover_moveit_config
[0.467s] -- Up-to-date: /home/luka/ws_moveit2/install/uorover_moveit_config/share/uorover_moveit_config/environment/ament_prefix_path.sh
[0.467s] -- Up-to-date: /home/luka/ws_moveit2/install/uorover_moveit_config/share/uorover_moveit_config/environment/ament_prefix_path.dsv
[0.468s] -- Up-to-date: /home/luka/ws_moveit2/install/uorover_moveit_config/share/uorover_moveit_config/environment/path.sh
[0.468s] -- Up-to-date: /home/luka/ws_moveit2/install/uorover_moveit_config/share/uorover_moveit_config/environment/path.dsv
[0.468s] -- Up-to-date: /home/luka/ws_moveit2/install/uorover_moveit_config/share/uorover_moveit_config/local_setup.bash
[0.469s] -- Up-to-date: /home/luka/ws_moveit2/install/uorover_moveit_config/share/uorover_moveit_config/local_setup.sh
[0.469s] -- Up-to-date: /home/luka/ws_moveit2/install/uorover_moveit_config/share/uorover_moveit_config/local_setup.zsh
[0.469s] -- Up-to-date: /home/luka/ws_moveit2/install/uorover_moveit_config/share/uorover_moveit_config/local_setup.dsv
[0.470s] -- Installing: /home/luka/ws_moveit2/install/uorover_moveit_config/share/uorover_moveit_config/package.dsv
[0.470s] -- Up-to-date: /home/luka/ws_moveit2/install/uorover_moveit_config/share/ament_index/resource_index/packages/uorover_moveit_config
[0.470s] -- Up-to-date: /home/luka/ws_moveit2/install/uorover_moveit_config/share/uorover_moveit_config/cmake/uorover_moveit_configConfig.cmake
[0.470s] -- Up-to-date: /home/luka/ws_moveit2/install/uorover_moveit_config/share/uorover_moveit_config/cmake/uorover_moveit_configConfig-version.cmake
[0.471s] -- Up-to-date: /home/luka/ws_moveit2/install/uorover_moveit_config/share/uorover_moveit_config/package.xml
[0.473s] -- Up-to-date: /home/luka/ws_moveit2/install/uorover_moveit_config/share/uorover_moveit_config/launch
[0.474s] -- Up-to-date: /home/luka/ws_moveit2/install/uorover_moveit_config/share/uorover_moveit_config/launch/demo.launch.py
[0.474s] -- Up-to-date: /home/luka/ws_moveit2/install/uorover_moveit_config/share/uorover_moveit_config/launch/moveit_rviz.launch.py
[0.475s] -- Up-to-date: /home/luka/ws_moveit2/install/uorover_moveit_config/share/uorover_moveit_config/launch/warehouse_db.launch.py
[0.475s] -- Up-to-date: /home/luka/ws_moveit2/install/uorover_moveit_config/share/uorover_moveit_config/launch/static_virtual_joint_tfs.launch.py
[0.476s] -- Up-to-date: /home/luka/ws_moveit2/install/uorover_moveit_config/share/uorover_moveit_config/launch/rsp.launch.py
[0.476s] -- Up-to-date: /home/luka/ws_moveit2/install/uorover_moveit_config/share/uorover_moveit_config/launch/setup_assistant.launch.py
[0.477s] -- Up-to-date: /home/luka/ws_moveit2/install/uorover_moveit_config/share/uorover_moveit_config/launch/move_group.launch.py
[0.478s] -- Up-to-date: /home/luka/ws_moveit2/install/uorover_moveit_config/share/uorover_moveit_config/launch/spawn_controllers.launch.py
[0.478s] -- Up-to-date: /home/luka/ws_moveit2/install/uorover_moveit_config/share/uorover_moveit_config/config
[0.479s] -- Up-to-date: /home/luka/ws_moveit2/install/uorover_moveit_config/share/uorover_moveit_config/config/crane.srdf
[0.480s] -- Up-to-date: /home/luka/ws_moveit2/install/uorover_moveit_config/share/uorover_moveit_config/config/moveit.rviz
[0.480s] -- Up-to-date: /home/luka/ws_moveit2/install/uorover_moveit_config/share/uorover_moveit_config/config/initial_positions.yaml
[0.481s] -- Up-to-date: /home/luka/ws_moveit2/install/uorover_moveit_config/share/uorover_moveit_config/config/crane.ros2_control.xacro
[0.481s] -- Up-to-date: /home/luka/ws_moveit2/install/uorover_moveit_config/share/uorover_moveit_config/config/crane.urdf.xacro
[0.482s] -- Up-to-date: /home/luka/ws_moveit2/install/uorover_moveit_config/share/uorover_moveit_config/config/moveit_controllers.yaml
[0.482s] -- Up-to-date: /home/luka/ws_moveit2/install/uorover_moveit_config/share/uorover_moveit_config/config/pilz_cartesian_limits.yaml
[0.483s] -- Up-to-date: /home/luka/ws_moveit2/install/uorover_moveit_config/share/uorover_moveit_config/config/joint_limits.yaml
[0.484s] -- Up-to-date: /home/luka/ws_moveit2/install/uorover_moveit_config/share/uorover_moveit_config/config/ros2_controllers.yaml
[0.484s] -- Up-to-date: /home/luka/ws_moveit2/install/uorover_moveit_config/share/uorover_moveit_config/config/kinematics.yaml
[0.485s] -- Up-to-date: /home/luka/ws_moveit2/install/uorover_moveit_config/share/uorover_moveit_config/.setup_assistant
[0.486s] Invoked command in '/home/luka/ws_moveit2/build/uorover_moveit_config' returned '0': AMENT_PREFIX_PATH=/home/luka/ws_moveit2/install/uorover_arm:${AMENT_PREFIX_PATH} CMAKE_PREFIX_PATH=${CMAKE_PREFIX_PATH}:/home/luka/rover_workspace/install/robotic_arm_controls:/home/luka/rover_workspace/install/ld_controls:/home/luka/rover_workspace/install/gps_node:/home/luka/rover_workspace/install/camera_nodes:/home/luka/rover_workspace/install/drive_urdf:/home/luka/rover_workspace/install/drive_controls:/home/luka/rover_workspace/install/autonomous_navigation:/opt/ros/humble PYTHONPATH=/home/luka/ws_moveit2/install/uorover_arm/lib/python3.10/site-packages:${PYTHONPATH} /usr/bin/cmake --install /home/luka/ws_moveit2/build/uorover_moveit_config
