[0.474s] Invoking command in '/home/luka/ws_moveit2/build/uorover_ik': CMAKE_PREFIX_PATH=${CMAKE_PREFIX_PATH}:/home/luka/ws_moveit2/install/uorover_arm:/home/luka/rover_workspace/install/robotic_arm_controls:/home/luka/rover_workspace/install/ld_controls:/home/luka/rover_workspace/install/gps_node:/home/luka/rover_workspace/install/camera_nodes:/home/luka/rover_workspace/install/drive_urdf:/home/luka/rover_workspace/install/drive_controls:/opt/ros/humble /usr/bin/cmake --build /home/luka/ws_moveit2/build/uorover_ik -- -j12 -l12
[0.503s] -- Found ament_cmake: 1.3.7 (/opt/ros/humble/share/ament_cmake/cmake)
[0.646s] -- Found moveit_ros_planning_interface: 2.5.5 (/opt/ros/humble/share/moveit_ros_planning_interface/cmake)
[0.660s] -- Found Boost: /usr/lib/x86_64-linux-gnu/cmake/Boost-1.74.0/BoostConfig.cmake (found version "1.74.0") found components: date_time filesystem program_options system thread 
[0.697s] -- Found rosidl_generator_c: 3.1.5 (/opt/ros/humble/share/rosidl_generator_c/cmake)
[0.700s] -- Found rosidl_adapter: 3.1.5 (/opt/ros/humble/share/rosidl_adapter/cmake)
[0.707s] -- Found rosidl_generator_cpp: 3.1.5 (/opt/ros/humble/share/rosidl_generator_cpp/cmake)
[0.721s] -- Using all available rosidl_typesupport_c: rosidl_typesupport_fastrtps_c;rosidl_typesupport_introspection_c
[0.743s] -- Using all available rosidl_typesupport_cpp: rosidl_typesupport_fastrtps_cpp;rosidl_typesupport_introspection_cpp
[1.658s] -- Found Boost: /usr/lib/x86_64-linux-gnu/cmake/Boost-1.74.0/BoostConfig.cmake (found version "1.74.0") found components: chrono date_time filesystem iostreams program_options regex serialization system thread 
[1.668s] -- Found parameter_traits: 0.3.7 (/opt/ros/humble/share/parameter_traits/cmake)
[1.724s] -- Found rmw_implementation_cmake: 6.1.1 (/opt/ros/humble/share/rmw_implementation_cmake/cmake)
[1.727s] -- Found rmw_cyclonedds_cpp: 1.3.4 (/opt/ros/humble/share/rmw_cyclonedds_cpp/cmake)
[1.764s] -- Using RMW implementation 'rmw_cyclonedds_cpp' as default
[1.911s] -- Found rclcpp_lifecycle: 16.0.8 (/opt/ros/humble/share/rclcpp_lifecycle/cmake)
[1.955s] -- Found Boost: /usr/lib/x86_64-linux-gnu/cmake/Boost-1.74.0/BoostConfig.cmake (found version "1.74.0") found components: filesystem 
[1.999s] -- library: /usr/lib/x86_64-linux-gnu/libcurl.so
[2.151s] -- Ensuring Eigen3 include directory is part of orocos-kdl CMake target
[2.657s] -- Found Boost: /usr/lib/x86_64-linux-gnu/cmake/Boost-1.74.0/BoostConfig.cmake (found version "1.74.0") found components: system filesystem date_time program_options thread chrono 
[3.192s] -- Found Boost: /usr/lib/x86_64-linux-gnu/cmake/Boost-1.74.0/BoostConfig.cmake (found version "1.74.0") found components: thread system filesystem regex date_time program_options 
[3.442s] -- Found Boost: /usr/lib/x86_64-linux-gnu/cmake/Boost-1.74.0/BoostConfig.cmake (found version "1.74.0") found components: system filesystem date_time program_options thread 
[3.875s] -- Found control_msgs: 4.4.0 (/opt/ros/humble/share/control_msgs/cmake)
[4.078s] -- Found general_interfaces: 0.1.0 (/home/luka/rover_workspace/install/general_interfaces/share/general_interfaces/cmake)
[4.096s] -- Found ament_lint_auto: 0.12.10 (/opt/ros/humble/share/ament_lint_auto/cmake)
[4.162s] -- Added test 'cppcheck' to perform static code analysis on C / C++ code
[4.162s] -- Configured cppcheck include dirs: $<BUILD_INTERFACE:/home/luka/ws_moveit2/src/uorover_ik/include>
[4.162s] -- Configured cppcheck exclude dirs and/or files: 
[4.163s] -- Added test 'flake8' to check Python code syntax and style conventions
[4.163s] -- Added test 'lint_cmake' to check CMake code style
[4.164s] -- Added test 'pep257' to check Python code against some of the docstring style conventions in PEP 257
[4.164s] -- Added test 'uncrustify' to check C / C++ code style
[4.164s] -- Configured uncrustify additional arguments: 
[4.165s] -- Added test 'xmllint' to check XML markup files
[4.166s] -- Configuring done
[4.212s] -- Generating done
[4.214s] -- Build files have been written to: /home/luka/ws_moveit2/build/uorover_ik
[4.242s] [35m[1mConsolidate compiler generated dependencies of target ik_hardware_interface[0m
[4.243s] [35m[1mConsolidate compiler generated dependencies of target uorover_ik[0m
[4.258s] [ 25%] [32mBuilding CXX object CMakeFiles/ik_hardware_interface.dir/src/ik_hardware_interface.cpp.o[0m
[4.266s] [ 50%] [32mBuilding CXX object CMakeFiles/uorover_ik.dir/src/uorover_ik.cpp.o[0m
[6.188s] In file included from [01m[K/opt/ros/humble/include/rclcpp/rclcpp/subscription_base.hpp:32[m[K,
[6.189s]                  from [01m[K/opt/ros/humble/include/rclcpp/rclcpp/callback_group.hpp:29[m[K,
[6.189s]                  from [01m[K/opt/ros/humble/include/rclcpp/rclcpp/node.hpp:40[m[K,
[6.189s]                  from [01m[K/home/luka/ws_moveit2/src/uorover_ik/src/ik_hardware_interface.cpp:8[m[K:
[6.189s] /opt/ros/humble/include/rclcpp/rclcpp/any_subscription_callback.hpp: In instantiation of ‘[01m[Krclcpp::AnySubscriptionCallback<MessageT, AllocatorT> rclcpp::AnySubscriptionCallback<MessageT, AllocatorT>::set(CallbackT) [with CallbackT = std::_Bind<void (IKHardwareInterface::*(IKHardwareInterface*, std::_Placeholder<2>))(general_interfaces::msg::ArmPose_<std::allocator<void> >)>; MessageT = general_interfaces::msg::ArmPose_<std::allocator<void> >; AllocatorT = std::allocator<void>][m[K’:
[6.189s] [01m[K/opt/ros/humble/include/rclcpp/rclcpp/subscription_factory.hpp:94:32:[m[K   required from ‘[01m[Krclcpp::SubscriptionFactory rclcpp::create_subscription_factory(CallbackT&&, const rclcpp::SubscriptionOptionsWithAllocator<AllocatorT>&, typename MessageMemoryStrategyT::SharedPtr, std::shared_ptr<rclcpp::topic_statistics::SubscriptionTopicStatistics<ROSMessageType> >) [with MessageT = general_interfaces::msg::ArmPose_<std::allocator<void> >; CallbackT = std::_Bind<void (IKHardwareInterface::*(IKHardwareInterface*, std::_Placeholder<2>))(general_interfaces::msg::ArmPose_<std::allocator<void> >)>; AllocatorT = std::allocator<void>; SubscriptionT = rclcpp::Subscription<general_interfaces::msg::ArmPose_<std::allocator<void> > >; MessageMemoryStrategyT = rclcpp::message_memory_strategy::MessageMemoryStrategy<general_interfaces::msg::ArmPose_<std::allocator<void> >, std::allocator<void> >; ROSMessageType = general_interfaces::msg::ArmPose_<std::allocator<void> >; typename MessageMemoryStrategyT::SharedPtr = std::shared_ptr<rclcpp::message_memory_strategy::MessageMemoryStrategy<general_interfaces::msg::ArmPose_<std::allocator<void> >, std::allocator<void> > >][m[K’
[6.189s] [01m[K/opt/ros/humble/include/rclcpp/rclcpp/create_subscription.hpp:122:63:[m[K   required from ‘[01m[Kstd::shared_ptr<ROSMessageT> rclcpp::detail::create_subscription(NodeParametersT&, NodeTopicsT&, const string&, const rclcpp::QoS&, CallbackT&&, const rclcpp::SubscriptionOptionsWithAllocator<AllocatorT>&, typename MessageMemoryStrategyT::SharedPtr) [with MessageT = general_interfaces::msg::ArmPose_<std::allocator<void> >; CallbackT = std::_Bind<void (IKHardwareInterface::*(IKHardwareInterface*, std::_Placeholder<2>))(general_interfaces::msg::ArmPose_<std::allocator<void> >)>; AllocatorT = std::allocator<void>; SubscriptionT = rclcpp::Subscription<general_interfaces::msg::ArmPose_<std::allocator<void> > >; MessageMemoryStrategyT = rclcpp::message_memory_strategy::MessageMemoryStrategy<general_interfaces::msg::ArmPose_<std::allocator<void> >, std::allocator<void> >; NodeParametersT = rclcpp::Node; NodeTopicsT = rclcpp::Node; ROSMessageType = general_interfaces::msg::ArmPose_<std::allocator<void> >; std::string = std::__cxx11::basic_string<char>; typename MessageMemoryStrategyT::SharedPtr = std::shared_ptr<rclcpp::message_memory_strategy::MessageMemoryStrategy<general_interfaces::msg::ArmPose_<std::allocator<void> >, std::allocator<void> > >][m[K’
[6.189s] [01m[K/opt/ros/humble/include/rclcpp/rclcpp/create_subscription.hpp:191:76:[m[K   required from ‘[01m[Kstd::shared_ptr<ROSMessageT> rclcpp::create_subscription(NodeT&, const string&, const rclcpp::QoS&, CallbackT&&, const rclcpp::SubscriptionOptionsWithAllocator<AllocatorT>&, typename MessageMemoryStrategyT::SharedPtr) [with MessageT = general_interfaces::msg::ArmPose_<std::allocator<void> >; CallbackT = std::_Bind<void (IKHardwareInterface::*(IKHardwareInterface*, std::_Placeholder<2>))(general_interfaces::msg::ArmPose_<std::allocator<void> >)>; AllocatorT = std::allocator<void>; SubscriptionT = rclcpp::Subscription<general_interfaces::msg::ArmPose_<std::allocator<void> > >; MessageMemoryStrategyT = rclcpp::message_memory_strategy::MessageMemoryStrategy<general_interfaces::msg::ArmPose_<std::allocator<void> >, std::allocator<void> >; NodeT = rclcpp::Node; std::string = std::__cxx11::basic_string<char>; typename MessageMemoryStrategyT::SharedPtr = std::shared_ptr<rclcpp::message_memory_strategy::MessageMemoryStrategy<general_interfaces::msg::ArmPose_<std::allocator<void> >, std::allocator<void> > >][m[K’
[6.189s] [01m[K/opt/ros/humble/include/rclcpp/rclcpp/node_impl.hpp:99:47:[m[K   required from ‘[01m[Kstd::shared_ptr<ROSMessageT> rclcpp::Node::create_subscription(const string&, const rclcpp::QoS&, CallbackT&&, const rclcpp::SubscriptionOptionsWithAllocator<AllocatorT>&, typename MessageMemoryStrategyT::SharedPtr) [with MessageT = general_interfaces::msg::ArmPose_<std::allocator<void> >; CallbackT = std::_Bind<void (IKHardwareInterface::*(IKHardwareInterface*, std::_Placeholder<2>))(general_interfaces::msg::ArmPose_<std::allocator<void> >)>; AllocatorT = std::allocator<void>; SubscriptionT = rclcpp::Subscription<general_interfaces::msg::ArmPose_<std::allocator<void> > >; MessageMemoryStrategyT = rclcpp::message_memory_strategy::MessageMemoryStrategy<general_interfaces::msg::ArmPose_<std::allocator<void> >, std::allocator<void> >; std::string = std::__cxx11::basic_string<char>; typename MessageMemoryStrategyT::SharedPtr = std::shared_ptr<rclcpp::message_memory_strategy::MessageMemoryStrategy<general_interfaces::msg::ArmPose_<std::allocator<void> >, std::allocator<void> > >][m[K’
[6.189s] [01m[K/home/luka/ws_moveit2/src/uorover_ik/src/ik_hardware_interface.cpp:31:95:[m[K   required from here
[6.190s] [01m[K/opt/ros/humble/include/rclcpp/rclcpp/any_subscription_callback.hpp:394:27:[m[K [01;31m[Kerror: [m[Kno matching function for call to ‘[01m[Kstd::function<void(general_interfaces::msg::ArmPose_<std::allocator<void> >)>::function(std::_Bind<void (IKHardwareInterface::*(IKHardwareInterface*, std::_Placeholder<2>))(general_interfaces::msg::ArmPose_<std::allocator<void> >)>&)[m[K’
[6.190s]   394 |       callback_variant_ = [01;31m[Kstatic_cast<typename scbth::callback_type>(callback)[m[K;
[6.190s]       |                           [01;31m[K^~~~~~~~~~~~~~~~~~~~~~~~~~~~~~~~~~~~~~~~~~~~~~~~~~~~[m[K
[6.190s] In file included from [01m[K/usr/include/c++/11/functional:59[m[K,
[6.190s]                  from [01m[K/home/luka/ws_moveit2/src/uorover_ik/src/ik_hardware_interface.cpp:2[m[K:
[6.190s] [01m[K/usr/include/c++/11/bits/std_function.h:435:9:[m[K [01;36m[Knote: [m[Kcandidate: ‘[01m[Ktemplate<class _Functor, class _Constraints> std::function<_Res(_ArgTypes ...)>::function(_Functor&&) [with _Functor = _Functor; _Constraints = _Constraints; _Res = void; _ArgTypes = {general_interfaces::msg::ArmPose_<std::allocator<void> >}][m[K’
[6.190s]   435 |         [01;36m[Kfunction[m[K(_Functor&& __f)
[6.190s]       |         [01;36m[K^~~~~~~~[m[K
[6.190s] [01m[K/usr/include/c++/11/bits/std_function.h:435:9:[m[K [01;36m[Knote: [m[K  template argument deduction/substitution failed:
[6.190s] In file included from [01m[K/usr/include/c++/11/ratio:39[m[K,
[6.190s]                  from [01m[K/usr/include/c++/11/chrono:39[m[K,
[6.190s]                  from [01m[K/home/luka/ws_moveit2/src/uorover_ik/src/ik_hardware_interface.cpp:1[m[K:
[6.190s] /usr/include/c++/11/type_traits: In substitution of ‘[01m[Ktemplate<bool _Cond, class _Tp> using __enable_if_t = typename std::enable_if::type [with bool _Cond = false; _Tp = void][m[K’:
[6.190s] [01m[K/usr/include/c++/11/bits/std_function.h:353:8:[m[K   required by substitution of ‘[01m[Ktemplate<class _Res, class ... _ArgTypes> template<class _Cond, class _Tp> using _Requires = std::__enable_if_t<_Cond::value, _Tp> [with _Cond = std::function<void(general_interfaces::msg::ArmPose_<std::allocator<void> >)>::_Callable<std::_Bind<void (IKHardwareInterface::*(IKHardwareInterface*, std::_Placeholder<2>))(general_interfaces::msg::ArmPose_<std::allocator<void> >)>&, std::_Bind<void (IKHardwareInterface::*(IKHardwareInterface*, std::_Placeholder<2>))(general_interfaces::msg::ArmPose_<std::allocator<void> >)>, std::__invoke_result<std::_Bind<void (IKHardwareInterface::*(IKHardwareInterface*, std::_Placeholder<2>))(general_interfaces::msg::ArmPose_<std::allocator<void> >)>&, general_interfaces::msg::ArmPose_<std::allocator<void> > > >; _Tp = void; _Res = void; _ArgTypes = {general_interfaces::msg::ArmPose_<std::allocator<void> >}][m[K’
[6.190s] [01m[K/usr/include/c++/11/bits/std_function.h:434:9:[m[K   required from ‘[01m[Krclcpp::AnySubscriptionCallback<MessageT, AllocatorT> rclcpp::AnySubscriptionCallback<MessageT, AllocatorT>::set(CallbackT) [with CallbackT = std::_Bind<void (IKHardwareInterface::*(IKHardwareInterface*, std::_Placeholder<2>))(general_interfaces::msg::ArmPose_<std::allocator<void> >)>; MessageT = general_interfaces::msg::ArmPose_<std::allocator<void> >; AllocatorT = std::allocator<void>][m[K’
[6.190s] [01m[K/opt/ros/humble/include/rclcpp/rclcpp/subscription_factory.hpp:94:32:[m[K   required from ‘[01m[Krclcpp::SubscriptionFactory rclcpp::create_subscription_factory(CallbackT&&, const rclcpp::SubscriptionOptionsWithAllocator<AllocatorT>&, typename MessageMemoryStrategyT::SharedPtr, std::shared_ptr<rclcpp::topic_statistics::SubscriptionTopicStatistics<ROSMessageType> >) [with MessageT = general_interfaces::msg::ArmPose_<std::allocator<void> >; CallbackT = std::_Bind<void (IKHardwareInterface::*(IKHardwareInterface*, std::_Placeholder<2>))(general_interfaces::msg::ArmPose_<std::allocator<void> >)>; AllocatorT = std::allocator<void>; SubscriptionT = rclcpp::Subscription<general_interfaces::msg::ArmPose_<std::allocator<void> > >; MessageMemoryStrategyT = rclcpp::message_memory_strategy::MessageMemoryStrategy<general_interfaces::msg::ArmPose_<std::allocator<void> >, std::allocator<void> >; ROSMessageType = general_interfaces::msg::ArmPose_<std::allocator<void> >; typename MessageMemoryStrategyT::SharedPtr = std::shared_ptr<rclcpp::message_memory_strategy::MessageMemoryStrategy<general_interfaces::msg::ArmPose_<std::allocator<void> >, std::allocator<void> > >][m[K’
[6.190s] [01m[K/opt/ros/humble/include/rclcpp/rclcpp/create_subscription.hpp:122:63:[m[K   required from ‘[01m[Kstd::shared_ptr<ROSMessageT> rclcpp::detail::create_subscription(NodeParametersT&, NodeTopicsT&, const string&, const rclcpp::QoS&, CallbackT&&, const rclcpp::SubscriptionOptionsWithAllocator<AllocatorT>&, typename MessageMemoryStrategyT::SharedPtr) [with MessageT = general_interfaces::msg::ArmPose_<std::allocator<void> >; CallbackT = std::_Bind<void (IKHardwareInterface::*(IKHardwareInterface*, std::_Placeholder<2>))(general_interfaces::msg::ArmPose_<std::allocator<void> >)>; AllocatorT = std::allocator<void>; SubscriptionT = rclcpp::Subscription<general_interfaces::msg::ArmPose_<std::allocator<void> > >; MessageMemoryStrategyT = rclcpp::message_memory_strategy::MessageMemoryStrategy<general_interfaces::msg::ArmPose_<std::allocator<void> >, std::allocator<void> >; NodeParametersT = rclcpp::Node; NodeTopicsT = rclcpp::Node; ROSMessageType = general_interfaces::msg::ArmPose_<std::allocator<void> >; std::string = std::__cxx11::basic_string<char>; typename MessageMemoryStrategyT::SharedPtr = std::shared_ptr<rclcpp::message_memory_strategy::MessageMemoryStrategy<general_interfaces::msg::ArmPose_<std::allocator<void> >, std::allocator<void> > >][m[K’
[6.190s] [01m[K/opt/ros/humble/include/rclcpp/rclcpp/create_subscription.hpp:191:76:[m[K   required from ‘[01m[Kstd::shared_ptr<ROSMessageT> rclcpp::create_subscription(NodeT&, const string&, const rclcpp::QoS&, CallbackT&&, const rclcpp::SubscriptionOptionsWithAllocator<AllocatorT>&, typename MessageMemoryStrategyT::SharedPtr) [with MessageT = general_interfaces::msg::ArmPose_<std::allocator<void> >; CallbackT = std::_Bind<void (IKHardwareInterface::*(IKHardwareInterface*, std::_Placeholder<2>))(general_interfaces::msg::ArmPose_<std::allocator<void> >)>; AllocatorT = std::allocator<void>; SubscriptionT = rclcpp::Subscription<general_interfaces::msg::ArmPose_<std::allocator<void> > >; MessageMemoryStrategyT = rclcpp::message_memory_strategy::MessageMemoryStrategy<general_interfaces::msg::ArmPose_<std::allocator<void> >, std::allocator<void> >; NodeT = rclcpp::Node; std::string = std::__cxx11::basic_string<char>; typename MessageMemoryStrategyT::SharedPtr = std::shared_ptr<rclcpp::message_memory_strategy::MessageMemoryStrategy<general_interfaces::msg::ArmPose_<std::allocator<void> >, std::allocator<void> > >][m[K’
[6.190s] [01m[K/opt/ros/humble/include/rclcpp/rclcpp/node_impl.hpp:99:47:[m[K   required from ‘[01m[Kstd::shared_ptr<ROSMessageT> rclcpp::Node::create_subscription(const string&, const rclcpp::QoS&, CallbackT&&, const rclcpp::SubscriptionOptionsWithAllocator<AllocatorT>&, typename MessageMemoryStrategyT::SharedPtr) [with MessageT = general_interfaces::msg::ArmPose_<std::allocator<void> >; CallbackT = std::_Bind<void (IKHardwareInterface::*(IKHardwareInterface*, std::_Placeholder<2>))(general_interfaces::msg::ArmPose_<std::allocator<void> >)>; AllocatorT = std::allocator<void>; SubscriptionT = rclcpp::Subscription<general_interfaces::msg::ArmPose_<std::allocator<void> > >; MessageMemoryStrategyT = rclcpp::message_memory_strategy::MessageMemoryStrategy<general_interfaces::msg::ArmPose_<std::allocator<void> >, std::allocator<void> >; std::string = std::__cxx11::basic_string<char>; typename MessageMemoryStrategyT::SharedPtr = std::shared_ptr<rclcpp::message_memory_strategy::MessageMemoryStrategy<general_interfaces::msg::ArmPose_<std::allocator<void> >, std::allocator<void> > >][m[K’
[6.190s] [01m[K/home/luka/ws_moveit2/src/uorover_ik/src/ik_hardware_interface.cpp:31:95:[m[K   required from here
[6.191s] [01m[K/usr/include/c++/11/type_traits:2205:11:[m[K [01;31m[Kerror: [m[Kno type named ‘[01m[Ktype[m[K’ in ‘[01m[Kstruct std::enable_if<false, void>[m[K’
[6.191s]  2205 |     using [01;31m[K__enable_if_t[m[K = typename enable_if<_Cond, _Tp>::type;
[6.191s]       |           [01;31m[K^~~~~~~~~~~~~[m[K
[6.191s] In file included from [01m[K/usr/include/c++/11/functional:59[m[K,
[6.191s]                  from [01m[K/home/luka/ws_moveit2/src/uorover_ik/src/ik_hardware_interface.cpp:2[m[K:
[6.191s] /opt/ros/humble/include/rclcpp/rclcpp/any_subscription_callback.hpp: In instantiation of ‘[01m[Krclcpp::AnySubscriptionCallback<MessageT, AllocatorT> rclcpp::AnySubscriptionCallback<MessageT, AllocatorT>::set(CallbackT) [with CallbackT = std::_Bind<void (IKHardwareInterface::*(IKHardwareInterface*, std::_Placeholder<2>))(general_interfaces::msg::ArmPose_<std::allocator<void> >)>; MessageT = general_interfaces::msg::ArmPose_<std::allocator<void> >; AllocatorT = std::allocator<void>][m[K’:
[6.191s] [01m[K/opt/ros/humble/include/rclcpp/rclcpp/subscription_factory.hpp:94:32:[m[K   required from ‘[01m[Krclcpp::SubscriptionFactory rclcpp::create_subscription_factory(CallbackT&&, const rclcpp::SubscriptionOptionsWithAllocator<AllocatorT>&, typename MessageMemoryStrategyT::SharedPtr, std::shared_ptr<rclcpp::topic_statistics::SubscriptionTopicStatistics<ROSMessageType> >) [with MessageT = general_interfaces::msg::ArmPose_<std::allocator<void> >; CallbackT = std::_Bind<void (IKHardwareInterface::*(IKHardwareInterface*, std::_Placeholder<2>))(general_interfaces::msg::ArmPose_<std::allocator<void> >)>; AllocatorT = std::allocator<void>; SubscriptionT = rclcpp::Subscription<general_interfaces::msg::ArmPose_<std::allocator<void> > >; MessageMemoryStrategyT = rclcpp::message_memory_strategy::MessageMemoryStrategy<general_interfaces::msg::ArmPose_<std::allocator<void> >, std::allocator<void> >; ROSMessageType = general_interfaces::msg::ArmPose_<std::allocator<void> >; typename MessageMemoryStrategyT::SharedPtr = std::shared_ptr<rclcpp::message_memory_strategy::MessageMemoryStrategy<general_interfaces::msg::ArmPose_<std::allocator<void> >, std::allocator<void> > >][m[K’
[6.191s] [01m[K/opt/ros/humble/include/rclcpp/rclcpp/create_subscription.hpp:122:63:[m[K   required from ‘[01m[Kstd::shared_ptr<ROSMessageT> rclcpp::detail::create_subscription(NodeParametersT&, NodeTopicsT&, const string&, const rclcpp::QoS&, CallbackT&&, const rclcpp::SubscriptionOptionsWithAllocator<AllocatorT>&, typename MessageMemoryStrategyT::SharedPtr) [with MessageT = general_interfaces::msg::ArmPose_<std::allocator<void> >; CallbackT = std::_Bind<void (IKHardwareInterface::*(IKHardwareInterface*, std::_Placeholder<2>))(general_interfaces::msg::ArmPose_<std::allocator<void> >)>; AllocatorT = std::allocator<void>; SubscriptionT = rclcpp::Subscription<general_interfaces::msg::ArmPose_<std::allocator<void> > >; MessageMemoryStrategyT = rclcpp::message_memory_strategy::MessageMemoryStrategy<general_interfaces::msg::ArmPose_<std::allocator<void> >, std::allocator<void> >; NodeParametersT = rclcpp::Node; NodeTopicsT = rclcpp::Node; ROSMessageType = general_interfaces::msg::ArmPose_<std::allocator<void> >; std::string = std::__cxx11::basic_string<char>; typename MessageMemoryStrategyT::SharedPtr = std::shared_ptr<rclcpp::message_memory_strategy::MessageMemoryStrategy<general_interfaces::msg::ArmPose_<std::allocator<void> >, std::allocator<void> > >][m[K’
[6.191s] [01m[K/opt/ros/humble/include/rclcpp/rclcpp/create_subscription.hpp:191:76:[m[K   required from ‘[01m[Kstd::shared_ptr<ROSMessageT> rclcpp::create_subscription(NodeT&, const string&, const rclcpp::QoS&, CallbackT&&, const rclcpp::SubscriptionOptionsWithAllocator<AllocatorT>&, typename MessageMemoryStrategyT::SharedPtr) [with MessageT = general_interfaces::msg::ArmPose_<std::allocator<void> >; CallbackT = std::_Bind<void (IKHardwareInterface::*(IKHardwareInterface*, std::_Placeholder<2>))(general_interfaces::msg::ArmPose_<std::allocator<void> >)>; AllocatorT = std::allocator<void>; SubscriptionT = rclcpp::Subscription<general_interfaces::msg::ArmPose_<std::allocator<void> > >; MessageMemoryStrategyT = rclcpp::message_memory_strategy::MessageMemoryStrategy<general_interfaces::msg::ArmPose_<std::allocator<void> >, std::allocator<void> >; NodeT = rclcpp::Node; std::string = std::__cxx11::basic_string<char>; typename MessageMemoryStrategyT::SharedPtr = std::shared_ptr<rclcpp::message_memory_strategy::MessageMemoryStrategy<general_interfaces::msg::ArmPose_<std::allocator<void> >, std::allocator<void> > >][m[K’
[6.191s] [01m[K/opt/ros/humble/include/rclcpp/rclcpp/node_impl.hpp:99:47:[m[K   required from ‘[01m[Kstd::shared_ptr<ROSMessageT> rclcpp::Node::create_subscription(const string&, const rclcpp::QoS&, CallbackT&&, const rclcpp::SubscriptionOptionsWithAllocator<AllocatorT>&, typename MessageMemoryStrategyT::SharedPtr) [with MessageT = general_interfaces::msg::ArmPose_<std::allocator<void> >; CallbackT = std::_Bind<void (IKHardwareInterface::*(IKHardwareInterface*, std::_Placeholder<2>))(general_interfaces::msg::ArmPose_<std::allocator<void> >)>; AllocatorT = std::allocator<void>; SubscriptionT = rclcpp::Subscription<general_interfaces::msg::ArmPose_<std::allocator<void> > >; MessageMemoryStrategyT = rclcpp::message_memory_strategy::MessageMemoryStrategy<general_interfaces::msg::ArmPose_<std::allocator<void> >, std::allocator<void> >; std::string = std::__cxx11::basic_string<char>; typename MessageMemoryStrategyT::SharedPtr = std::shared_ptr<rclcpp::message_memory_strategy::MessageMemoryStrategy<general_interfaces::msg::ArmPose_<std::allocator<void> >, std::allocator<void> > >][m[K’
[6.191s] [01m[K/home/luka/ws_moveit2/src/uorover_ik/src/ik_hardware_interface.cpp:31:95:[m[K   required from here
[6.191s] [01m[K/usr/include/c++/11/bits/std_function.h:404:7:[m[K [01;36m[Knote: [m[Kcandidate: ‘[01m[Kstd::function<_Res(_ArgTypes ...)>::function(std::function<_Res(_ArgTypes ...)>&&) [with _Res = void; _ArgTypes = {general_interfaces::msg::ArmPose_<std::allocator<void> >}][m[K’
[6.191s]   404 |       [01;36m[Kfunction[m[K(function&& __x) noexcept
[6.191s]       |       [01;36m[K^~~~~~~~[m[K
[6.191s] [01m[K/usr/include/c++/11/bits/std_function.h:404:27:[m[K [01;36m[Knote: [m[K  no known conversion for argument 1 from ‘[01m[Kstd::_Bind<void (IKHardwareInterface::*(IKHardwareInterface*, std::_Placeholder<2>))(general_interfaces::msg::ArmPose_<std::allocator<void> >)>[m[K’ to ‘[01m[Kstd::function<void(general_interfaces::msg::ArmPose_<std::allocator<void> >)>&&[m[K’
[6.191s]   404 |       function([01;36m[Kfunction&& __x[m[K) noexcept
[6.191s]       |                [01;36m[K~~~~~~~~~~~^~~[m[K
[6.191s] [01m[K/usr/include/c++/11/bits/std_function.h:386:7:[m[K [01;36m[Knote: [m[Kcandidate: ‘[01m[Kstd::function<_Res(_ArgTypes ...)>::function(const std::function<_Res(_ArgTypes ...)>&) [with _Res = void; _ArgTypes = {general_interfaces::msg::ArmPose_<std::allocator<void> >}][m[K’
[6.191s]   386 |       [01;36m[Kfunction[m[K(const function& __x)
[6.192s]       |       [01;36m[K^~~~~~~~[m[K
[6.192s] [01m[K/usr/include/c++/11/bits/std_function.h:386:32:[m[K [01;36m[Knote: [m[K  no known conversion for argument 1 from ‘[01m[Kstd::_Bind<void (IKHardwareInterface::*(IKHardwareInterface*, std::_Placeholder<2>))(general_interfaces::msg::ArmPose_<std::allocator<void> >)>[m[K’ to ‘[01m[Kconst std::function<void(general_interfaces::msg::ArmPose_<std::allocator<void> >)>&[m[K’
[6.192s]   386 |       function([01;36m[Kconst function& __x[m[K)
[6.192s]       |                [01;36m[K~~~~~~~~~~~~~~~~^~~[m[K
[6.192s] [01m[K/usr/include/c++/11/bits/std_function.h:375:7:[m[K [01;36m[Knote: [m[Kcandidate: ‘[01m[Kstd::function<_Res(_ArgTypes ...)>::function(std::nullptr_t) [with _Res = void; _ArgTypes = {general_interfaces::msg::ArmPose_<std::allocator<void> >}; std::nullptr_t = std::nullptr_t][m[K’
[6.192s]   375 |       [01;36m[Kfunction[m[K(nullptr_t) noexcept
[6.192s]       |       [01;36m[K^~~~~~~~[m[K
[6.192s] [01m[K/usr/include/c++/11/bits/std_function.h:375:16:[m[K [01;36m[Knote: [m[K  no known conversion for argument 1 from ‘[01m[Kstd::_Bind<void (IKHardwareInterface::*(IKHardwareInterface*, std::_Placeholder<2>))(general_interfaces::msg::ArmPose_<std::allocator<void> >)>[m[K’ to ‘[01m[Kstd::nullptr_t[m[K’
[6.192s]   375 |       function([01;36m[Knullptr_t[m[K) noexcept
[6.192s]       |                [01;36m[K^~~~~~~~~[m[K
[6.192s] [01m[K/usr/include/c++/11/bits/std_function.h:368:7:[m[K [01;36m[Knote: [m[Kcandidate: ‘[01m[Kstd::function<_Res(_ArgTypes ...)>::function() [with _Res = void; _ArgTypes = {general_interfaces::msg::ArmPose_<std::allocator<void> >}][m[K’
[6.192s]   368 |       [01;36m[Kfunction[m[K() noexcept
[6.192s]       |       [01;36m[K^~~~~~~~[m[K
[6.192s] [01m[K/usr/include/c++/11/bits/std_function.h:368:7:[m[K [01;36m[Knote: [m[K  candidate expects 0 arguments, 1 provided
[8.310s] gmake[2]: *** [CMakeFiles/ik_hardware_interface.dir/build.make:76: CMakeFiles/ik_hardware_interface.dir/src/ik_hardware_interface.cpp.o] Error 1
[8.310s] gmake[1]: *** [CMakeFiles/Makefile2:165: CMakeFiles/ik_hardware_interface.dir/all] Error 2
[8.310s] gmake[1]: *** Waiting for unfinished jobs....
[10.634s] [ 75%] [32m[1mLinking CXX executable uorover_ik[0m
[10.943s] [ 75%] Built target uorover_ik
[10.944s] gmake: *** [Makefile:146: all] Error 2
[10.946s] Invoked command in '/home/luka/ws_moveit2/build/uorover_ik' returned '2': CMAKE_PREFIX_PATH=${CMAKE_PREFIX_PATH}:/home/luka/ws_moveit2/install/uorover_arm:/home/luka/rover_workspace/install/robotic_arm_controls:/home/luka/rover_workspace/install/ld_controls:/home/luka/rover_workspace/install/gps_node:/home/luka/rover_workspace/install/camera_nodes:/home/luka/rover_workspace/install/drive_urdf:/home/luka/rover_workspace/install/drive_controls:/opt/ros/humble /usr/bin/cmake --build /home/luka/ws_moveit2/build/uorover_ik -- -j12 -l12
