[0.446s] Invoking command in '/home/luka/ws_moveit2/build/ros2_control_demo_example_7': CMAKE_PREFIX_PATH=/opt/ros/humble /usr/bin/cmake /home/luka/ws_moveit2/src/example_7 -DCMAKE_INSTALL_PREFIX=/home/luka/ws_moveit2/install/ros2_control_demo_example_7
[0.507s] -- The CXX compiler identification is GNU 11.4.0
[0.513s] -- Detecting CXX compiler ABI info
[0.587s] -- Detecting CXX compiler ABI info - done
[0.593s] -- Check for working CXX compiler: /usr/bin/c++ - skipped
[0.594s] -- Detecting CXX compile features
[0.594s] -- Detecting CXX compile features - done
[0.596s] -- Found ament_cmake: 1.3.8 (/opt/ros/humble/share/ament_cmake/cmake)
[0.729s] -- Found Python3: /usr/bin/python3 (found version "3.10.12") found components: Interpreter 
[0.816s] -- Found pluginlib: 5.1.0 (/opt/ros/humble/share/pluginlib/cmake)
[0.860s] -- Found hardware_interface: 2.39.1 (/opt/ros/humble/share/hardware_interface/cmake)
[0.888s] -- Found rosidl_generator_c: 3.1.5 (/opt/ros/humble/share/rosidl_generator_c/cmake)
[0.893s] -- Found rosidl_adapter: 3.1.5 (/opt/ros/humble/share/rosidl_adapter/cmake)
[0.901s] -- Found rosidl_generator_cpp: 3.1.5 (/opt/ros/humble/share/rosidl_generator_cpp/cmake)
[0.914s] -- Using all available rosidl_typesupport_c: rosidl_typesupport_fastrtps_c;rosidl_typesupport_introspection_c
[0.929s] -- Using all available rosidl_typesupport_cpp: rosidl_typesupport_fastrtps_cpp;rosidl_typesupport_introspection_cpp
[1.535s] -- Found rmw_implementation_cmake: 6.1.1 (/opt/ros/humble/share/rmw_implementation_cmake/cmake)
[1.537s] -- Found rmw_cyclonedds_cpp: 1.3.4 (/opt/ros/humble/share/rmw_cyclonedds_cpp/cmake)
[1.568s] -- Using RMW implementation 'rmw_cyclonedds_cpp' as default
[1.577s] -- Looking for C++ include pthread.h
[1.655s] -- Looking for C++ include pthread.h - found
[1.656s] -- Performing Test CMAKE_HAVE_LIBC_PTHREAD
[1.737s] -- Performing Test CMAKE_HAVE_LIBC_PTHREAD - Success
[1.738s] -- Found Threads: TRUE  
[1.899s] -- Found kdl_parser: 2.6.4 (/opt/ros/humble/share/kdl_parser/cmake)
[1.911s] -- Found eigen3_cmake_module: 0.1.1 (/opt/ros/humble/share/eigen3_cmake_module/cmake)
[1.912s] -- Found Eigen3: TRUE (found version "3.4.0") 
[1.912s] -- Ensuring Eigen3 include directory is part of orocos-kdl CMake target
[1.916s] -- Found controller_interface: 2.39.1 (/opt/ros/humble/share/controller_interface/cmake)
[2.032s] -- Found realtime_tools: 2.5.0 (/opt/ros/humble/share/realtime_tools/cmake)
[2.289s] -- Found ament_cmake_pytest: 1.3.8 (/opt/ros/humble/share/ament_cmake_pytest/cmake)
[2.953s] -- Configuring done
[2.985s] -- Generating done
[2.986s] -- Build files have been written to: /home/luka/ws_moveit2/build/ros2_control_demo_example_7
[2.994s] Invoked command in '/home/luka/ws_moveit2/build/ros2_control_demo_example_7' returned '0': CMAKE_PREFIX_PATH=/opt/ros/humble /usr/bin/cmake /home/luka/ws_moveit2/src/example_7 -DCMAKE_INSTALL_PREFIX=/home/luka/ws_moveit2/install/ros2_control_demo_example_7
[2.995s] Invoking command in '/home/luka/ws_moveit2/build/ros2_control_demo_example_7': CMAKE_PREFIX_PATH=/opt/ros/humble /usr/bin/cmake --build /home/luka/ws_moveit2/build/ros2_control_demo_example_7 -- -j12 -l12
[3.041s] [ 60%] [32mBuilding CXX object CMakeFiles/send_trajectory.dir/reference_generator/send_trajectory.cpp.o[0m
[3.042s] [ 60%] [32mBuilding CXX object CMakeFiles/ros2_control_demo_example_7.dir/hardware/r6bot_hardware.cpp.o[0m
[3.042s] [ 60%] [32mBuilding CXX object CMakeFiles/ros2_control_demo_example_7.dir/controller/r6bot_controller.cpp.o[0m
[7.552s] [ 80%] [32m[1mLinking CXX executable send_trajectory[0m
[7.738s] [ 80%] Built target send_trajectory
[10.453s] [100%] [32m[1mLinking CXX shared library libros2_control_demo_example_7.so[0m
[10.887s] [100%] Built target ros2_control_demo_example_7
