[0.612s] Invoking command in '/home/luka/ws_moveit2/build/ros2_control_demo_example_7': CMAKE_PREFIX_PATH=${CMAKE_PREFIX_PATH}:/home/luka/rover_workspace/install/robotic_arm_controls:/home/luka/rover_workspace/install/ld_controls:/home/luka/rover_workspace/install/gps_node:/home/luka/rover_workspace/install/camera_nodes:/home/luka/rover_workspace/install/drive_urdf:/home/luka/rover_workspace/install/drive_controls:/home/luka/rover_workspace/install/autonomous_navigation:/home/luka/ws_moveit2/install/uorover_arm:/opt/ros/humble /usr/bin/cmake --build /home/luka/ws_moveit2/build/ros2_control_demo_example_7 -- -j12 -l12
[0.670s] [100%] Built target send_trajectory
[0.670s] [100%] Built target ros2_control_demo_example_7
[0.681s] Invoked command in '/home/luka/ws_moveit2/build/ros2_control_demo_example_7' returned '0': CMAKE_PREFIX_PATH=${CMAKE_PREFIX_PATH}:/home/luka/rover_workspace/install/robotic_arm_controls:/home/luka/rover_workspace/install/ld_controls:/home/luka/rover_workspace/install/gps_node:/home/luka/rover_workspace/install/camera_nodes:/home/luka/rover_workspace/install/drive_urdf:/home/luka/rover_workspace/install/drive_controls:/home/luka/rover_workspace/install/autonomous_navigation:/home/luka/ws_moveit2/install/uorover_arm:/opt/ros/humble /usr/bin/cmake --build /home/luka/ws_moveit2/build/ros2_control_demo_example_7 -- -j12 -l12
[0.727s] Invoking command in '/home/luka/ws_moveit2/build/ros2_control_demo_example_7': CMAKE_PREFIX_PATH=${CMAKE_PREFIX_PATH}:/home/luka/rover_workspace/install/robotic_arm_controls:/home/luka/rover_workspace/install/ld_controls:/home/luka/rover_workspace/install/gps_node:/home/luka/rover_workspace/install/camera_nodes:/home/luka/rover_workspace/install/drive_urdf:/home/luka/rover_workspace/install/drive_controls:/home/luka/rover_workspace/install/autonomous_navigation:/home/luka/ws_moveit2/install/uorover_arm:/opt/ros/humble /usr/bin/cmake --install /home/luka/ws_moveit2/build/ros2_control_demo_example_7
[0.735s] -- Install configuration: ""
[0.735s] -- Up-to-date: /home/luka/ws_moveit2/install/ros2_control_demo_example_7/share/ros2_control_demo_example_7/ros2_control_demo_example_7.xml
[0.735s] -- Up-to-date: /home/luka/ws_moveit2/install/ros2_control_demo_example_7/share/ros2_control_demo_example_7/ros2_control_demo_example_7.xml
[0.735s] -- Up-to-date: /home/luka/ws_moveit2/install/ros2_control_demo_example_7/include/ros2_control_demo_example_7
[0.735s] -- Up-to-date: /home/luka/ws_moveit2/install/ros2_control_demo_example_7/include/ros2_control_demo_example_7/ros2_control_demo_example_7
[0.735s] -- Up-to-date: /home/luka/ws_moveit2/install/ros2_control_demo_example_7/include/ros2_control_demo_example_7/ros2_control_demo_example_7/r6bot_hardware.hpp
[0.736s] -- Up-to-date: /home/luka/ws_moveit2/install/ros2_control_demo_example_7/share/ros2_control_demo_example_7/launch
[0.736s] -- Up-to-date: /home/luka/ws_moveit2/install/ros2_control_demo_example_7/share/ros2_control_demo_example_7/launch/view_r6bot.launch.py
[0.736s] -- Up-to-date: /home/luka/ws_moveit2/install/ros2_control_demo_example_7/share/ros2_control_demo_example_7/ros2_control
[0.736s] -- Up-to-date: /home/luka/ws_moveit2/install/ros2_control_demo_example_7/share/ros2_control_demo_example_7/ros2_control/r6bot.ros2_control.xacro
[0.736s] -- Up-to-date: /home/luka/ws_moveit2/install/ros2_control_demo_example_7/share/ros2_control_demo_example_7/urdf
[0.736s] -- Up-to-date: /home/luka/ws_moveit2/install/ros2_control_demo_example_7/share/ros2_control_demo_example_7/urdf/r6bot.urdf.xacro
[0.736s] -- Up-to-date: /home/luka/ws_moveit2/install/ros2_control_demo_example_7/share/ros2_control_demo_example_7/launch
[0.737s] -- Up-to-date: /home/luka/ws_moveit2/install/ros2_control_demo_example_7/share/ros2_control_demo_example_7/launch/r6bot_controller.launch.py
[0.737s] -- Up-to-date: /home/luka/ws_moveit2/install/ros2_control_demo_example_7/share/ros2_control_demo_example_7/launch/send_trajectory.launch.py
[0.737s] -- Up-to-date: /home/luka/ws_moveit2/install/ros2_control_demo_example_7/share/ros2_control_demo_example_7/config
[0.737s] -- Up-to-date: /home/luka/ws_moveit2/install/ros2_control_demo_example_7/share/ros2_control_demo_example_7/config/r6bot_controller.yaml
[0.737s] -- Up-to-date: /home/luka/ws_moveit2/install/ros2_control_demo_example_7/lib/ros2_control_demo_example_7/send_trajectory
[0.737s] -- Up-to-date: /home/luka/ws_moveit2/install/ros2_control_demo_example_7/lib/libros2_control_demo_example_7.so
[0.737s] -- Up-to-date: /home/luka/ws_moveit2/install/ros2_control_demo_example_7/share/ros2_control_demo_example_7/environment/library_path.sh
[0.738s] -- Up-to-date: /home/luka/ws_moveit2/install/ros2_control_demo_example_7/share/ros2_control_demo_example_7/environment/library_path.dsv
[0.738s] -- Up-to-date: /home/luka/ws_moveit2/install/ros2_control_demo_example_7/share/ament_index/resource_index/package_run_dependencies/ros2_control_demo_example_7
[0.738s] -- Up-to-date: /home/luka/ws_moveit2/install/ros2_control_demo_example_7/share/ament_index/resource_index/parent_prefix_path/ros2_control_demo_example_7
[0.738s] -- Up-to-date: /home/luka/ws_moveit2/install/ros2_control_demo_example_7/share/ros2_control_demo_example_7/environment/ament_prefix_path.sh
[0.738s] -- Up-to-date: /home/luka/ws_moveit2/install/ros2_control_demo_example_7/share/ros2_control_demo_example_7/environment/ament_prefix_path.dsv
[0.738s] -- Up-to-date: /home/luka/ws_moveit2/install/ros2_control_demo_example_7/share/ros2_control_demo_example_7/environment/path.sh
[0.738s] -- Up-to-date: /home/luka/ws_moveit2/install/ros2_control_demo_example_7/share/ros2_control_demo_example_7/environment/path.dsv
[0.738s] -- Up-to-date: /home/luka/ws_moveit2/install/ros2_control_demo_example_7/share/ros2_control_demo_example_7/local_setup.bash
[0.739s] -- Up-to-date: /home/luka/ws_moveit2/install/ros2_control_demo_example_7/share/ros2_control_demo_example_7/local_setup.sh
[0.739s] -- Up-to-date: /home/luka/ws_moveit2/install/ros2_control_demo_example_7/share/ros2_control_demo_example_7/local_setup.zsh
[0.739s] -- Up-to-date: /home/luka/ws_moveit2/install/ros2_control_demo_example_7/share/ros2_control_demo_example_7/local_setup.dsv
[0.739s] -- Installing: /home/luka/ws_moveit2/install/ros2_control_demo_example_7/share/ros2_control_demo_example_7/package.dsv
[0.739s] -- Up-to-date: /home/luka/ws_moveit2/install/ros2_control_demo_example_7/share/ament_index/resource_index/packages/ros2_control_demo_example_7
[0.739s] -- Up-to-date: /home/luka/ws_moveit2/install/ros2_control_demo_example_7/share/ament_index/resource_index/hardware_interface__pluginlib__plugin/ros2_control_demo_example_7
[0.739s] -- Up-to-date: /home/luka/ws_moveit2/install/ros2_control_demo_example_7/share/ament_index/resource_index/controller_interface__pluginlib__plugin/ros2_control_demo_example_7
[0.739s] -- Up-to-date: /home/luka/ws_moveit2/install/ros2_control_demo_example_7/share/ros2_control_demo_example_7/cmake/export_ros2_control_demo_example_7Export.cmake
[0.740s] -- Up-to-date: /home/luka/ws_moveit2/install/ros2_control_demo_example_7/share/ros2_control_demo_example_7/cmake/export_ros2_control_demo_example_7Export-noconfig.cmake
[0.740s] -- Up-to-date: /home/luka/ws_moveit2/install/ros2_control_demo_example_7/share/ros2_control_demo_example_7/cmake/ament_cmake_export_targets-extras.cmake
[0.740s] -- Up-to-date: /home/luka/ws_moveit2/install/ros2_control_demo_example_7/share/ros2_control_demo_example_7/cmake/ament_cmake_export_dependencies-extras.cmake
[0.740s] -- Up-to-date: /home/luka/ws_moveit2/install/ros2_control_demo_example_7/share/ros2_control_demo_example_7/cmake/ros2_control_demo_example_7Config.cmake
[0.740s] -- Up-to-date: /home/luka/ws_moveit2/install/ros2_control_demo_example_7/share/ros2_control_demo_example_7/cmake/ros2_control_demo_example_7Config-version.cmake
[0.741s] -- Up-to-date: /home/luka/ws_moveit2/install/ros2_control_demo_example_7/share/ros2_control_demo_example_7/package.xml
[0.741s] Invoked command in '/home/luka/ws_moveit2/build/ros2_control_demo_example_7' returned '0': CMAKE_PREFIX_PATH=${CMAKE_PREFIX_PATH}:/home/luka/rover_workspace/install/robotic_arm_controls:/home/luka/rover_workspace/install/ld_controls:/home/luka/rover_workspace/install/gps_node:/home/luka/rover_workspace/install/camera_nodes:/home/luka/rover_workspace/install/drive_urdf:/home/luka/rover_workspace/install/drive_controls:/home/luka/rover_workspace/install/autonomous_navigation:/home/luka/ws_moveit2/install/uorover_arm:/opt/ros/humble /usr/bin/cmake --install /home/luka/ws_moveit2/build/ros2_control_demo_example_7
