[4.202s] Invoking command in '/home/luka/ws_moveit2/src/uorover_arm': PYTHONPATH=/home/luka/ws_moveit2/build/uorover_arm/prefix_override:/home/luka/ws_moveit2/install/uorover_arm/lib/python3.10/site-packages:${PYTHONPATH} /usr/bin/python3 setup.py egg_info --egg-base ../../build/uorover_arm build --build-base /home/luka/ws_moveit2/build/uorover_arm/build install --record /home/luka/ws_moveit2/build/uorover_arm/install.log --single-version-externally-managed
[5.277s] running egg_info
[5.279s] writing ../../build/uorover_arm/uorover_arm.egg-info/PKG-INFO
[5.279s] writing dependency_links to ../../build/uorover_arm/uorover_arm.egg-info/dependency_links.txt
[5.280s] writing entry points to ../../build/uorover_arm/uorover_arm.egg-info/entry_points.txt
[5.281s] writing requirements to ../../build/uorover_arm/uorover_arm.egg-info/requires.txt
[5.281s] writing top-level names to ../../build/uorover_arm/uorover_arm.egg-info/top_level.txt
[5.288s] reading manifest file '../../build/uorover_arm/uorover_arm.egg-info/SOURCES.txt'
[5.292s] writing manifest file '../../build/uorover_arm/uorover_arm.egg-info/SOURCES.txt'
[5.292s] running build
[5.293s] running build_py
[5.293s] running install
[5.294s] /usr/lib/python3/dist-packages/setuptools/command/install.py:34: SetuptoolsDeprecationWarning: setup.py install is deprecated. Use build and pip and other standards-based tools.
[5.294s]   warnings.warn(
[5.295s] running install_lib
[5.299s] running install_data
[5.302s] running install_egg_info
[5.309s] removing '/home/luka/ws_moveit2/install/uorover_arm/lib/python3.10/site-packages/uorover_arm-0.0.0-py3.10.egg-info' (and everything under it)
[5.310s] Copying ../../build/uorover_arm/uorover_arm.egg-info to /home/luka/ws_moveit2/install/uorover_arm/lib/python3.10/site-packages/uorover_arm-0.0.0-py3.10.egg-info
[5.314s] running install_scripts
[5.391s] writing list of installed files to '/home/luka/ws_moveit2/build/uorover_arm/install.log'
[5.457s] Invoked command in '/home/luka/ws_moveit2/src/uorover_arm' returned '0': PYTHONPATH=/home/luka/ws_moveit2/build/uorover_arm/prefix_override:/home/luka/ws_moveit2/install/uorover_arm/lib/python3.10/site-packages:${PYTHONPATH} /usr/bin/python3 setup.py egg_info --egg-base ../../build/uorover_arm build --build-base /home/luka/ws_moveit2/build/uorover_arm/build install --record /home/luka/ws_moveit2/build/uorover_arm/install.log --single-version-externally-managed
