[0.919s] Invoking command in '/home/luka/ws_moveit2/src/uorover_arm': PYTHONPATH=/home/luka/ws_moveit2/build/uorover_arm/prefix_override:/home/luka/ws_moveit2/install/uorover_arm/lib/python3.10/site-packages:${PYTHONPATH} /usr/bin/python3 setup.py egg_info --egg-base ../../build/uorover_arm build --build-base /home/luka/ws_moveit2/build/uorover_arm/build install --record /home/luka/ws_moveit2/build/uorover_arm/install.log --single-version-externally-managed
[1.180s] running egg_info
[1.181s] creating ../../build/uorover_arm/uorover_arm.egg-info
[1.181s] writing ../../build/uorover_arm/uorover_arm.egg-info/PKG-INFO
[1.181s] writing dependency_links to ../../build/uorover_arm/uorover_arm.egg-info/dependency_links.txt
[1.182s] writing entry points to ../../build/uorover_arm/uorover_arm.egg-info/entry_points.txt
[1.182s] writing requirements to ../../build/uorover_arm/uorover_arm.egg-info/requires.txt
[1.182s] writing top-level names to ../../build/uorover_arm/uorover_arm.egg-info/top_level.txt
[1.182s] writing manifest file '../../build/uorover_arm/uorover_arm.egg-info/SOURCES.txt'
[1.183s] reading manifest file '../../build/uorover_arm/uorover_arm.egg-info/SOURCES.txt'
[1.184s] writing manifest file '../../build/uorover_arm/uorover_arm.egg-info/SOURCES.txt'
[1.184s] running build
[1.184s] running build_py
[1.185s] creating /home/luka/ws_moveit2/build/uorover_arm/build
[1.185s] creating /home/luka/ws_moveit2/build/uorover_arm/build/lib
[1.185s] creating /home/luka/ws_moveit2/build/uorover_arm/build/lib/uorover_arm
[1.185s] copying uorover_arm/__init__.py -> /home/luka/ws_moveit2/build/uorover_arm/build/lib/uorover_arm
[1.185s] running install
[1.185s] running install_lib
[1.186s] creating /home/luka/ws_moveit2/install/uorover_arm/lib/python3.10/site-packages/uorover_arm
[1.186s] copying /home/luka/ws_moveit2/build/uorover_arm/build/lib/uorover_arm/__init__.py -> /home/luka/ws_moveit2/install/uorover_arm/lib/python3.10/site-packages/uorover_arm
[1.186s] byte-compiling /home/luka/ws_moveit2/install/uorover_arm/lib/python3.10/site-packages/uorover_arm/__init__.py to __init__.cpython-310.pyc
[1.186s] running install_data
[1.187s] creating /home/luka/ws_moveit2/install/uorover_arm/share/ament_index
[1.187s] creating /home/luka/ws_moveit2/install/uorover_arm/share/ament_index/resource_index
[1.188s] creating /home/luka/ws_moveit2/install/uorover_arm/share/ament_index/resource_index/packages
[1.188s] copying resource/uorover_arm -> /home/luka/ws_moveit2/install/uorover_arm/share/ament_index/resource_index/packages
[1.188s] copying package.xml -> /home/luka/ws_moveit2/install/uorover_arm/share/uorover_arm
[1.188s] copying launch/launch.py -> /home/luka/ws_moveit2/install/uorover_arm/share/uorover_arm
[1.188s] creating /home/luka/ws_moveit2/install/uorover_arm/share/uorover_arm/urdf
[1.188s] copying urdf/rmm.urdf -> /home/luka/ws_moveit2/install/uorover_arm/share/uorover_arm/urdf/
[1.188s] creating /home/luka/ws_moveit2/install/uorover_arm/share/uorover_arm/rviz
[1.188s] creating /home/luka/ws_moveit2/install/uorover_arm/share/uorover_arm/meshes
[1.188s] creating /home/luka/ws_moveit2/install/uorover_arm/share/uorover_arm/meshes/collision
[1.188s] copying meshes/collision/L4.STL -> /home/luka/ws_moveit2/install/uorover_arm/share/uorover_arm/meshes/collision/
[1.192s] copying meshes/collision/L1.STL -> /home/luka/ws_moveit2/install/uorover_arm/share/uorover_arm/meshes/collision/
[1.194s] copying meshes/collision/L2.STL -> /home/luka/ws_moveit2/install/uorover_arm/share/uorover_arm/meshes/collision/
[1.195s] copying meshes/collision/L3.STL -> /home/luka/ws_moveit2/install/uorover_arm/share/uorover_arm/meshes/collision/
[1.195s] copying meshes/collision/L5.STL -> /home/luka/ws_moveit2/install/uorover_arm/share/uorover_arm/meshes/collision/
[1.210s] creating /home/luka/ws_moveit2/install/uorover_arm/share/uorover_arm/meshes/visual
[1.210s] copying meshes/visual/L4.STL -> /home/luka/ws_moveit2/install/uorover_arm/share/uorover_arm/meshes/visual/
[1.214s] copying meshes/visual/L1.STL -> /home/luka/ws_moveit2/install/uorover_arm/share/uorover_arm/meshes/visual/
[1.216s] copying meshes/visual/L2.STL -> /home/luka/ws_moveit2/install/uorover_arm/share/uorover_arm/meshes/visual/
[1.217s] copying meshes/visual/L3.STL -> /home/luka/ws_moveit2/install/uorover_arm/share/uorover_arm/meshes/visual/
[1.217s] copying meshes/visual/L5.STL -> /home/luka/ws_moveit2/install/uorover_arm/share/uorover_arm/meshes/visual/
[1.232s] running install_egg_info
[1.234s] Copying ../../build/uorover_arm/uorover_arm.egg-info to /home/luka/ws_moveit2/install/uorover_arm/lib/python3.10/site-packages/uorover_arm-0.0.0-py3.10.egg-info
[1.234s] running install_scripts
[1.253s] writing list of installed files to '/home/luka/ws_moveit2/build/uorover_arm/install.log'
[1.273s] Invoked command in '/home/luka/ws_moveit2/src/uorover_arm' returned '0': PYTHONPATH=/home/luka/ws_moveit2/build/uorover_arm/prefix_override:/home/luka/ws_moveit2/install/uorover_arm/lib/python3.10/site-packages:${PYTHONPATH} /usr/bin/python3 setup.py egg_info --egg-base ../../build/uorover_arm build --build-base /home/luka/ws_moveit2/build/uorover_arm/build install --record /home/luka/ws_moveit2/build/uorover_arm/install.log --single-version-externally-managed
