[2.830s] Invoking command in '/home/luka/ws_moveit2/src/uorover_arm': PYTHONPATH=/home/luka/ws_moveit2/build/uorover_arm/prefix_override:/home/luka/ws_moveit2/install/uorover_arm/lib/python3.10/site-packages:${PYTHONPATH} /usr/bin/python3 setup.py egg_info --egg-base ../../build/uorover_arm build --build-base /home/luka/ws_moveit2/build/uorover_arm/build install --record /home/luka/ws_moveit2/build/uorover_arm/install.log --single-version-externally-managed
[3.605s] running egg_info
[3.606s] writing ../../build/uorover_arm/uorover_arm.egg-info/PKG-INFO
[3.606s] writing dependency_links to ../../build/uorover_arm/uorover_arm.egg-info/dependency_links.txt
[3.607s] writing entry points to ../../build/uorover_arm/uorover_arm.egg-info/entry_points.txt
[3.607s] writing requirements to ../../build/uorover_arm/uorover_arm.egg-info/requires.txt
[3.607s] writing top-level names to ../../build/uorover_arm/uorover_arm.egg-info/top_level.txt
[3.611s] reading manifest file '../../build/uorover_arm/uorover_arm.egg-info/SOURCES.txt'
[3.613s] writing manifest file '../../build/uorover_arm/uorover_arm.egg-info/SOURCES.txt'
[3.613s] running build
[3.613s] running build_py
[3.613s] running install
[3.614s] running install_lib
[3.616s] running install_data
[3.618s] running install_egg_info
[3.621s] removing '/home/luka/ws_moveit2/install/uorover_arm/lib/python3.10/site-packages/uorover_arm-0.0.0-py3.10.egg-info' (and everything under it)
[3.622s] Copying ../../build/uorover_arm/uorover_arm.egg-info to /home/luka/ws_moveit2/install/uorover_arm/lib/python3.10/site-packages/uorover_arm-0.0.0-py3.10.egg-info
[3.624s] running install_scripts
[3.665s] writing list of installed files to '/home/luka/ws_moveit2/build/uorover_arm/install.log'
[3.704s] Invoked command in '/home/luka/ws_moveit2/src/uorover_arm' returned '0': PYTHONPATH=/home/luka/ws_moveit2/build/uorover_arm/prefix_override:/home/luka/ws_moveit2/install/uorover_arm/lib/python3.10/site-packages:${PYTHONPATH} /usr/bin/python3 setup.py egg_info --egg-base ../../build/uorover_arm build --build-base /home/luka/ws_moveit2/build/uorover_arm/build install --record /home/luka/ws_moveit2/build/uorover_arm/install.log --single-version-externally-managed
