[1.563s] DEBUG:colcon:Command line arguments: ['/usr/bin/colcon', 'build', '--parallel-workers', '2', '--cmake-args', '-DCMAKE_EXPORT_COMPILE_COMMANDS=1']
[1.563s] DEBUG:colcon:Parsed command line arguments: Namespace(log_base=None, log_level=None, verb_name='build', build_base='build', install_base='install', merge_install=False, symlink_install=False, test_result_base=None, continue_on_error=False, executor='parallel', parallel_workers=2, event_handlers=None, ignore_user_meta=False, metas=['./colcon.meta'], base_paths=['.'], packages_ignore=None, packages_ignore_regex=None, paths=None, packages_up_to=None, packages_up_to_regex=None, packages_above=None, packages_above_and_dependencies=None, packages_above_depth=None, packages_select_by_dep=None, packages_skip_by_dep=None, packages_skip_up_to=None, packages_select_build_failed=False, packages_skip_build_finished=False, packages_select_test_failures=False, packages_skip_test_passed=False, packages_select=None, packages_skip=None, packages_select_regex=None, packages_skip_regex=None, packages_start=None, packages_end=None, allow_overriding=[], cmake_args=['-DCMAKE_EXPORT_COMPILE_COMMANDS=1'], cmake_target=None, cmake_target_skip_unavailable=False, cmake_clean_cache=False, cmake_clean_first=False, cmake_force_configure=False, ament_cmake_args=None, catkin_cmake_args=None, catkin_skip_building_tests=False, mixin_files=None, mixin=None, verb_parser=<colcon_mixin.mixin.mixin_argument.MixinArgumentDecorator object at 0x7fb0bafcaec0>, verb_extension=<colcon_core.verb.build.BuildVerb object at 0x7fb0bafdd4e0>, main=<bound method BuildVerb.main of <colcon_core.verb.build.BuildVerb object at 0x7fb0bafdd4e0>>, mixin_verb=('build',))
[1.614s] Level 1:colcon.colcon_core.package_discovery:discover_packages(colcon_meta) check parameters
[1.614s] Level 1:colcon.colcon_core.package_discovery:discover_packages(recursive) check parameters
[1.614s] Level 1:colcon.colcon_core.package_discovery:discover_packages(ignore) check parameters
[1.614s] Level 1:colcon.colcon_core.package_discovery:discover_packages(path) check parameters
[1.614s] Level 1:colcon.colcon_core.package_discovery:discover_packages(colcon_meta) discover
[1.614s] Level 1:colcon.colcon_core.package_discovery:discover_packages(recursive) discover
[1.614s] INFO:colcon.colcon_core.package_discovery:Crawling recursively for packages in '/home/luka/ws_moveit2'
[1.614s] Level 1:colcon.colcon_core.package_identification:_identify(.) by extensions ['ignore', 'ignore_ament_install']
[1.614s] Level 1:colcon.colcon_core.package_identification:_identify(.) by extension 'ignore'
[1.614s] Level 1:colcon.colcon_core.package_identification:_identify(.) by extension 'ignore_ament_install'
[1.615s] Level 1:colcon.colcon_core.package_identification:_identify(.) by extensions ['colcon_pkg']
[1.615s] Level 1:colcon.colcon_core.package_identification:_identify(.) by extension 'colcon_pkg'
[1.615s] Level 1:colcon.colcon_core.package_identification:_identify(.) by extensions ['colcon_meta']
[1.615s] Level 1:colcon.colcon_core.package_identification:_identify(.) by extension 'colcon_meta'
[1.615s] Level 1:colcon.colcon_core.package_identification:_identify(.) by extensions ['ros']
[1.615s] Level 1:colcon.colcon_core.package_identification:_identify(.) by extension 'ros'
[1.624s] Level 1:colcon.colcon_core.package_identification:_identify(.) by extensions ['cmake', 'python']
[1.624s] Level 1:colcon.colcon_core.package_identification:_identify(.) by extension 'cmake'
[1.624s] Level 1:colcon.colcon_core.package_identification:_identify(.) by extension 'python'
[1.624s] Level 1:colcon.colcon_core.package_identification:_identify(.) by extensions ['python_setup_py']
[1.624s] Level 1:colcon.colcon_core.package_identification:_identify(.) by extension 'python_setup_py'
[1.624s] Level 1:colcon.colcon_core.package_identification:_identify(build) by extensions ['ignore', 'ignore_ament_install']
[1.624s] Level 1:colcon.colcon_core.package_identification:_identify(build) by extension 'ignore'
[1.624s] Level 1:colcon.colcon_core.package_identification:_identify(build) ignored
[1.624s] Level 1:colcon.colcon_core.package_identification:_identify(install) by extensions ['ignore', 'ignore_ament_install']
[1.624s] Level 1:colcon.colcon_core.package_identification:_identify(install) by extension 'ignore'
[1.624s] Level 1:colcon.colcon_core.package_identification:_identify(install) ignored
[1.625s] Level 1:colcon.colcon_core.package_identification:_identify(log) by extensions ['ignore', 'ignore_ament_install']
[1.625s] Level 1:colcon.colcon_core.package_identification:_identify(log) by extension 'ignore'
[1.625s] Level 1:colcon.colcon_core.package_identification:_identify(log) ignored
[1.625s] Level 1:colcon.colcon_core.package_identification:_identify(src) by extensions ['ignore', 'ignore_ament_install']
[1.625s] Level 1:colcon.colcon_core.package_identification:_identify(src) by extension 'ignore'
[1.625s] Level 1:colcon.colcon_core.package_identification:_identify(src) by extension 'ignore_ament_install'
[1.625s] Level 1:colcon.colcon_core.package_identification:_identify(src) by extensions ['colcon_pkg']
[1.625s] Level 1:colcon.colcon_core.package_identification:_identify(src) by extension 'colcon_pkg'
[1.625s] Level 1:colcon.colcon_core.package_identification:_identify(src) by extensions ['colcon_meta']
[1.625s] Level 1:colcon.colcon_core.package_identification:_identify(src) by extension 'colcon_meta'
[1.625s] Level 1:colcon.colcon_core.package_identification:_identify(src) by extensions ['ros']
[1.625s] Level 1:colcon.colcon_core.package_identification:_identify(src) by extension 'ros'
[1.625s] Level 1:colcon.colcon_core.package_identification:_identify(src) by extensions ['cmake', 'python']
[1.625s] Level 1:colcon.colcon_core.package_identification:_identify(src) by extension 'cmake'
[1.625s] Level 1:colcon.colcon_core.package_identification:_identify(src) by extension 'python'
[1.625s] Level 1:colcon.colcon_core.package_identification:_identify(src) by extensions ['python_setup_py']
[1.625s] Level 1:colcon.colcon_core.package_identification:_identify(src) by extension 'python_setup_py'
[1.625s] Level 1:colcon.colcon_core.package_identification:_identify(src/uorover_arm) by extensions ['ignore', 'ignore_ament_install']
[1.625s] Level 1:colcon.colcon_core.package_identification:_identify(src/uorover_arm) by extension 'ignore'
[1.625s] Level 1:colcon.colcon_core.package_identification:_identify(src/uorover_arm) by extension 'ignore_ament_install'
[1.625s] Level 1:colcon.colcon_core.package_identification:_identify(src/uorover_arm) by extensions ['colcon_pkg']
[1.626s] Level 1:colcon.colcon_core.package_identification:_identify(src/uorover_arm) by extension 'colcon_pkg'
[1.626s] Level 1:colcon.colcon_core.package_identification:_identify(src/uorover_arm) by extensions ['colcon_meta']
[1.626s] Level 1:colcon.colcon_core.package_identification:_identify(src/uorover_arm) by extension 'colcon_meta'
[1.626s] Level 1:colcon.colcon_core.package_identification:_identify(src/uorover_arm) by extensions ['ros']
[1.626s] Level 1:colcon.colcon_core.package_identification:_identify(src/uorover_arm) by extension 'ros'
[1.628s] DEBUG:colcon.colcon_core.package_identification:Package 'src/uorover_arm' with type 'ros.ament_python' and name 'uorover_arm'
[1.628s] Level 1:colcon.colcon_core.package_identification:_identify(src/uorover_ik) by extensions ['ignore', 'ignore_ament_install']
[1.628s] Level 1:colcon.colcon_core.package_identification:_identify(src/uorover_ik) by extension 'ignore'
[1.628s] Level 1:colcon.colcon_core.package_identification:_identify(src/uorover_ik) by extension 'ignore_ament_install'
[1.628s] Level 1:colcon.colcon_core.package_identification:_identify(src/uorover_ik) by extensions ['colcon_pkg']
[1.628s] Level 1:colcon.colcon_core.package_identification:_identify(src/uorover_ik) by extension 'colcon_pkg'
[1.628s] Level 1:colcon.colcon_core.package_identification:_identify(src/uorover_ik) by extensions ['colcon_meta']
[1.628s] Level 1:colcon.colcon_core.package_identification:_identify(src/uorover_ik) by extension 'colcon_meta'
[1.628s] Level 1:colcon.colcon_core.package_identification:_identify(src/uorover_ik) by extensions ['ros']
[1.628s] Level 1:colcon.colcon_core.package_identification:_identify(src/uorover_ik) by extension 'ros'
[1.629s] DEBUG:colcon.colcon_core.package_identification:Package 'src/uorover_ik' with type 'ros.ament_cmake' and name 'uorover_ik'
[1.629s] Level 1:colcon.colcon_core.package_identification:_identify(src/uorover_moveit_config) by extensions ['ignore', 'ignore_ament_install']
[1.629s] Level 1:colcon.colcon_core.package_identification:_identify(src/uorover_moveit_config) by extension 'ignore'
[1.629s] Level 1:colcon.colcon_core.package_identification:_identify(src/uorover_moveit_config) by extension 'ignore_ament_install'
[1.629s] Level 1:colcon.colcon_core.package_identification:_identify(src/uorover_moveit_config) by extensions ['colcon_pkg']
[1.629s] Level 1:colcon.colcon_core.package_identification:_identify(src/uorover_moveit_config) by extension 'colcon_pkg'
[1.629s] Level 1:colcon.colcon_core.package_identification:_identify(src/uorover_moveit_config) by extensions ['colcon_meta']
[1.629s] Level 1:colcon.colcon_core.package_identification:_identify(src/uorover_moveit_config) by extension 'colcon_meta'
[1.629s] Level 1:colcon.colcon_core.package_identification:_identify(src/uorover_moveit_config) by extensions ['ros']
[1.629s] Level 1:colcon.colcon_core.package_identification:_identify(src/uorover_moveit_config) by extension 'ros'
[1.630s] DEBUG:colcon.colcon_core.package_identification:Package 'src/uorover_moveit_config' with type 'ros.ament_cmake' and name 'uorover_moveit_config'
[1.630s] Level 1:colcon.colcon_core.package_discovery:discover_packages(recursive) using defaults
[1.630s] Level 1:colcon.colcon_core.package_discovery:discover_packages(ignore) discover
[1.630s] Level 1:colcon.colcon_core.package_discovery:discover_packages(ignore) using defaults
[1.630s] Level 1:colcon.colcon_core.package_discovery:discover_packages(path) discover
[1.630s] Level 1:colcon.colcon_core.package_discovery:discover_packages(path) using defaults
[1.737s] Level 1:colcon.colcon_core.package_discovery:discover_packages(prefix_path) check parameters
[1.737s] Level 1:colcon.colcon_core.package_discovery:discover_packages(prefix_path) discover
[1.775s] DEBUG:colcon.colcon_installed_package_information.package_discovery:Found 3 installed packages in /home/luka/ws_moveit2/install
[1.793s] DEBUG:colcon.colcon_installed_package_information.package_discovery:Found 8 installed packages in /home/luka/rover_workspace/install
[1.812s] DEBUG:colcon.colcon_installed_package_information.package_discovery:Found 411 installed packages in /opt/ros/humble
[1.814s] Level 1:colcon.colcon_core.package_discovery:discover_packages(prefix_path) using defaults
[1.924s] Level 5:colcon.colcon_core.verb:set package 'uorover_arm' build argument 'cmake_args' from command line to '['-DCMAKE_EXPORT_COMPILE_COMMANDS=1']'
[1.924s] Level 5:colcon.colcon_core.verb:set package 'uorover_arm' build argument 'cmake_target' from command line to 'None'
[1.924s] Level 5:colcon.colcon_core.verb:set package 'uorover_arm' build argument 'cmake_target_skip_unavailable' from command line to 'False'
[1.924s] Level 5:colcon.colcon_core.verb:set package 'uorover_arm' build argument 'cmake_clean_cache' from command line to 'False'
[1.924s] Level 5:colcon.colcon_core.verb:set package 'uorover_arm' build argument 'cmake_clean_first' from command line to 'False'
[1.924s] Level 5:colcon.colcon_core.verb:set package 'uorover_arm' build argument 'cmake_force_configure' from command line to 'False'
[1.924s] Level 5:colcon.colcon_core.verb:set package 'uorover_arm' build argument 'ament_cmake_args' from command line to 'None'
[1.924s] Level 5:colcon.colcon_core.verb:set package 'uorover_arm' build argument 'catkin_cmake_args' from command line to 'None'
[1.924s] Level 5:colcon.colcon_core.verb:set package 'uorover_arm' build argument 'catkin_skip_building_tests' from command line to 'False'
[1.924s] DEBUG:colcon.colcon_core.verb:Building package 'uorover_arm' with the following arguments: {'ament_cmake_args': None, 'build_base': '/home/luka/ws_moveit2/build/uorover_arm', 'catkin_cmake_args': None, 'catkin_skip_building_tests': False, 'cmake_args': ['-DCMAKE_EXPORT_COMPILE_COMMANDS=1'], 'cmake_clean_cache': False, 'cmake_clean_first': False, 'cmake_force_configure': False, 'cmake_target': None, 'cmake_target_skip_unavailable': False, 'install_base': '/home/luka/ws_moveit2/install/uorover_arm', 'merge_install': False, 'path': '/home/luka/ws_moveit2/src/uorover_arm', 'symlink_install': False, 'test_result_base': None}
[1.943s] Level 5:colcon.colcon_core.verb:set package 'uorover_ik' build argument 'cmake_args' from command line to '['-DCMAKE_EXPORT_COMPILE_COMMANDS=1']'
[1.943s] Level 5:colcon.colcon_core.verb:set package 'uorover_ik' build argument 'cmake_target' from command line to 'None'
[1.943s] Level 5:colcon.colcon_core.verb:set package 'uorover_ik' build argument 'cmake_target_skip_unavailable' from command line to 'False'
[1.943s] Level 5:colcon.colcon_core.verb:set package 'uorover_ik' build argument 'cmake_clean_cache' from command line to 'False'
[1.943s] Level 5:colcon.colcon_core.verb:set package 'uorover_ik' build argument 'cmake_clean_first' from command line to 'False'
[1.943s] Level 5:colcon.colcon_core.verb:set package 'uorover_ik' build argument 'cmake_force_configure' from command line to 'False'
[1.943s] Level 5:colcon.colcon_core.verb:set package 'uorover_ik' build argument 'ament_cmake_args' from command line to 'None'
[1.943s] Level 5:colcon.colcon_core.verb:set package 'uorover_ik' build argument 'catkin_cmake_args' from command line to 'None'
[1.943s] Level 5:colcon.colcon_core.verb:set package 'uorover_ik' build argument 'catkin_skip_building_tests' from command line to 'False'
[1.943s] DEBUG:colcon.colcon_core.verb:Building package 'uorover_ik' with the following arguments: {'ament_cmake_args': None, 'build_base': '/home/luka/ws_moveit2/build/uorover_ik', 'catkin_cmake_args': None, 'catkin_skip_building_tests': False, 'cmake_args': ['-DCMAKE_EXPORT_COMPILE_COMMANDS=1'], 'cmake_clean_cache': False, 'cmake_clean_first': False, 'cmake_force_configure': False, 'cmake_target': None, 'cmake_target_skip_unavailable': False, 'install_base': '/home/luka/ws_moveit2/install/uorover_ik', 'merge_install': False, 'path': '/home/luka/ws_moveit2/src/uorover_ik', 'symlink_install': False, 'test_result_base': None}
[1.961s] Level 5:colcon.colcon_core.verb:set package 'uorover_moveit_config' build argument 'cmake_args' from command line to '['-DCMAKE_EXPORT_COMPILE_COMMANDS=1']'
[1.962s] Level 5:colcon.colcon_core.verb:set package 'uorover_moveit_config' build argument 'cmake_target' from command line to 'None'
[1.962s] Level 5:colcon.colcon_core.verb:set package 'uorover_moveit_config' build argument 'cmake_target_skip_unavailable' from command line to 'False'
[1.962s] Level 5:colcon.colcon_core.verb:set package 'uorover_moveit_config' build argument 'cmake_clean_cache' from command line to 'False'
[1.962s] Level 5:colcon.colcon_core.verb:set package 'uorover_moveit_config' build argument 'cmake_clean_first' from command line to 'False'
[1.962s] Level 5:colcon.colcon_core.verb:set package 'uorover_moveit_config' build argument 'cmake_force_configure' from command line to 'False'
[1.962s] Level 5:colcon.colcon_core.verb:set package 'uorover_moveit_config' build argument 'ament_cmake_args' from command line to 'None'
[1.962s] Level 5:colcon.colcon_core.verb:set package 'uorover_moveit_config' build argument 'catkin_cmake_args' from command line to 'None'
[1.962s] Level 5:colcon.colcon_core.verb:set package 'uorover_moveit_config' build argument 'catkin_skip_building_tests' from command line to 'False'
[1.962s] DEBUG:colcon.colcon_core.verb:Building package 'uorover_moveit_config' with the following arguments: {'ament_cmake_args': None, 'build_base': '/home/luka/ws_moveit2/build/uorover_moveit_config', 'catkin_cmake_args': None, 'catkin_skip_building_tests': False, 'cmake_args': ['-DCMAKE_EXPORT_COMPILE_COMMANDS=1'], 'cmake_clean_cache': False, 'cmake_clean_first': False, 'cmake_force_configure': False, 'cmake_target': None, 'cmake_target_skip_unavailable': False, 'install_base': '/home/luka/ws_moveit2/install/uorover_moveit_config', 'merge_install': False, 'path': '/home/luka/ws_moveit2/src/uorover_moveit_config', 'symlink_install': False, 'test_result_base': None}
[1.980s] INFO:colcon.colcon_core.executor:Executing jobs using 'parallel' executor
[1.998s] DEBUG:colcon.colcon_parallel_executor.executor.parallel:run_until_complete
[1.999s] INFO:colcon.colcon_ros.task.ament_python.build:Building ROS package in '/home/luka/ws_moveit2/src/uorover_arm' with build type 'ament_python'
[1.999s] Level 1:colcon.colcon_core.shell:create_environment_hook('uorover_arm', 'ament_prefix_path')
[2.019s] INFO:colcon.colcon_core.plugin_system:Skipping extension 'colcon_core.shell.bat': Not used on non-Windows systems
[2.019s] INFO:colcon.colcon_core.shell:Creating environment hook '/home/luka/ws_moveit2/install/uorover_arm/share/uorover_arm/hook/ament_prefix_path.ps1'
[2.020s] INFO:colcon.colcon_core.shell:Creating environment descriptor '/home/luka/ws_moveit2/install/uorover_arm/share/uorover_arm/hook/ament_prefix_path.dsv'
[2.020s] INFO:colcon.colcon_core.shell:Creating environment hook '/home/luka/ws_moveit2/install/uorover_arm/share/uorover_arm/hook/ament_prefix_path.sh'
[2.039s] INFO:colcon.colcon_core.shell:Skip shell extension 'powershell' for command environment: Not usable outside of PowerShell
[2.039s] DEBUG:colcon.colcon_core.shell:Skip shell extension 'dsv' for command environment
[2.116s] INFO:colcon.colcon_ros.task.ament_cmake.build:Building ROS package in '/home/luka/ws_moveit2/src/uorover_ik' with build type 'ament_cmake'
[2.116s] INFO:colcon.colcon_cmake.task.cmake.build:Building CMake package in '/home/luka/ws_moveit2/src/uorover_ik'
[2.136s] INFO:colcon.colcon_core.shell:Skip shell extension 'powershell' for command environment: Not usable outside of PowerShell
[2.136s] DEBUG:colcon.colcon_core.shell:Skip shell extension 'dsv' for command environment
[2.494s] INFO:colcon.colcon_core.task.python.build:Building Python package in '/home/luka/ws_moveit2/src/uorover_arm'
[2.513s] INFO:colcon.colcon_core.shell:Skip shell extension 'powershell' for command environment: Not usable outside of PowerShell
[2.513s] DEBUG:colcon.colcon_core.shell:Skip shell extension 'dsv' for command environment
[2.592s] DEBUG:colcon.colcon_core.event_handler.log_command:Invoking command in '/home/luka/ws_moveit2/build/uorover_ik': CMAKE_PREFIX_PATH=${CMAKE_PREFIX_PATH}:/home/luka/ws_moveit2/install/uorover_arm:/home/luka/rover_workspace/install/robotic_arm_controls:/home/luka/rover_workspace/install/ld_controls:/home/luka/rover_workspace/install/gps_node:/home/luka/rover_workspace/install/camera_nodes:/home/luka/rover_workspace/install/drive_urdf:/home/luka/rover_workspace/install/drive_controls:/opt/ros/humble /usr/bin/cmake --build /home/luka/ws_moveit2/build/uorover_ik -- -j12 -l12
[2.661s] DEBUG:colcon.colcon_core.event_handler.log_command:Invoked command in '/home/luka/ws_moveit2/build/uorover_ik' returned '0': CMAKE_PREFIX_PATH=${CMAKE_PREFIX_PATH}:/home/luka/ws_moveit2/install/uorover_arm:/home/luka/rover_workspace/install/robotic_arm_controls:/home/luka/rover_workspace/install/ld_controls:/home/luka/rover_workspace/install/gps_node:/home/luka/rover_workspace/install/camera_nodes:/home/luka/rover_workspace/install/drive_urdf:/home/luka/rover_workspace/install/drive_controls:/opt/ros/humble /usr/bin/cmake --build /home/luka/ws_moveit2/build/uorover_ik -- -j12 -l12
[2.697s] DEBUG:colcon.colcon_core.event_handler.log_command:Invoking command in '/home/luka/ws_moveit2/build/uorover_ik': CMAKE_PREFIX_PATH=${CMAKE_PREFIX_PATH}:/home/luka/ws_moveit2/install/uorover_arm:/home/luka/rover_workspace/install/robotic_arm_controls:/home/luka/rover_workspace/install/ld_controls:/home/luka/rover_workspace/install/gps_node:/home/luka/rover_workspace/install/camera_nodes:/home/luka/rover_workspace/install/drive_urdf:/home/luka/rover_workspace/install/drive_controls:/opt/ros/humble /usr/bin/cmake --install /home/luka/ws_moveit2/build/uorover_ik
[2.708s] Level 1:colcon.colcon_core.environment:create_environment_scripts_only(uorover_ik)
[2.711s] DEBUG:colcon.colcon_core.event_handler.log_command:Invoked command in '/home/luka/ws_moveit2/build/uorover_ik' returned '0': CMAKE_PREFIX_PATH=${CMAKE_PREFIX_PATH}:/home/luka/ws_moveit2/install/uorover_arm:/home/luka/rover_workspace/install/robotic_arm_controls:/home/luka/rover_workspace/install/ld_controls:/home/luka/rover_workspace/install/gps_node:/home/luka/rover_workspace/install/camera_nodes:/home/luka/rover_workspace/install/drive_urdf:/home/luka/rover_workspace/install/drive_controls:/opt/ros/humble /usr/bin/cmake --install /home/luka/ws_moveit2/build/uorover_ik
[2.739s] Level 1:colcon.colcon_core.environment:checking '/home/luka/ws_moveit2/install/uorover_ik' for CMake module files
[2.740s] Level 1:colcon.colcon_core.environment:checking '/home/luka/ws_moveit2/install/uorover_ik' for CMake config files
[2.740s] Level 1:colcon.colcon_core.shell:create_environment_hook('uorover_ik', 'cmake_prefix_path')
[2.759s] INFO:colcon.colcon_core.shell:Creating environment hook '/home/luka/ws_moveit2/install/uorover_ik/share/uorover_ik/hook/cmake_prefix_path.ps1'
[2.760s] INFO:colcon.colcon_core.shell:Creating environment descriptor '/home/luka/ws_moveit2/install/uorover_ik/share/uorover_ik/hook/cmake_prefix_path.dsv'
[2.760s] INFO:colcon.colcon_core.shell:Creating environment hook '/home/luka/ws_moveit2/install/uorover_ik/share/uorover_ik/hook/cmake_prefix_path.sh'
[2.760s] Level 1:colcon.colcon_core.environment:checking '/home/luka/ws_moveit2/install/uorover_ik/lib'
[2.760s] Level 1:colcon.colcon_core.shell:create_environment_hook('uorover_ik', 'ld_library_path_lib')
[2.780s] INFO:colcon.colcon_core.shell:Creating environment hook '/home/luka/ws_moveit2/install/uorover_ik/share/uorover_ik/hook/ld_library_path_lib.ps1'
[2.780s] INFO:colcon.colcon_core.shell:Creating environment descriptor '/home/luka/ws_moveit2/install/uorover_ik/share/uorover_ik/hook/ld_library_path_lib.dsv'
[2.781s] INFO:colcon.colcon_core.shell:Creating environment hook '/home/luka/ws_moveit2/install/uorover_ik/share/uorover_ik/hook/ld_library_path_lib.sh'
[2.781s] Level 1:colcon.colcon_core.environment:checking '/home/luka/ws_moveit2/install/uorover_ik/bin'
[2.781s] Level 1:colcon.colcon_core.environment:checking '/home/luka/ws_moveit2/install/uorover_ik/lib/pkgconfig/uorover_ik.pc'
[2.781s] Level 1:colcon.colcon_core.environment:checking '/home/luka/ws_moveit2/install/uorover_ik/lib/python3.10/site-packages'
[2.781s] Level 1:colcon.colcon_core.environment:checking '/home/luka/ws_moveit2/install/uorover_ik/bin'
[2.800s] INFO:colcon.colcon_core.shell:Creating package script '/home/luka/ws_moveit2/install/uorover_ik/share/uorover_ik/package.ps1'
[2.801s] INFO:colcon.colcon_core.shell:Creating package descriptor '/home/luka/ws_moveit2/install/uorover_ik/share/uorover_ik/package.dsv'
[2.802s] INFO:colcon.colcon_core.shell:Creating package script '/home/luka/ws_moveit2/install/uorover_ik/share/uorover_ik/package.sh'
[2.802s] INFO:colcon.colcon_core.shell:Creating package script '/home/luka/ws_moveit2/install/uorover_ik/share/uorover_ik/package.bash'
[2.803s] INFO:colcon.colcon_core.shell:Creating package script '/home/luka/ws_moveit2/install/uorover_ik/share/uorover_ik/package.zsh'
[2.803s] Level 1:colcon.colcon_core.environment:create_file_with_runtime_dependencies(/home/luka/ws_moveit2/install/uorover_ik/share/colcon-core/packages/uorover_ik)
[2.849s] Level 1:colcon.colcon_core.environment:create_environment_scripts_only(uorover_ik)
[2.868s] Level 1:colcon.colcon_core.environment:checking '/home/luka/ws_moveit2/install/uorover_ik' for CMake module files
[2.869s] Level 1:colcon.colcon_core.environment:checking '/home/luka/ws_moveit2/install/uorover_ik' for CMake config files
[2.869s] Level 1:colcon.colcon_core.shell:create_environment_hook('uorover_ik', 'cmake_prefix_path')
[2.888s] INFO:colcon.colcon_core.shell:Creating environment hook '/home/luka/ws_moveit2/install/uorover_ik/share/uorover_ik/hook/cmake_prefix_path.ps1'
[2.888s] INFO:colcon.colcon_core.shell:Creating environment descriptor '/home/luka/ws_moveit2/install/uorover_ik/share/uorover_ik/hook/cmake_prefix_path.dsv'
[2.888s] INFO:colcon.colcon_core.shell:Creating environment hook '/home/luka/ws_moveit2/install/uorover_ik/share/uorover_ik/hook/cmake_prefix_path.sh'
[2.889s] Level 1:colcon.colcon_core.environment:checking '/home/luka/ws_moveit2/install/uorover_ik/lib'
[2.889s] Level 1:colcon.colcon_core.shell:create_environment_hook('uorover_ik', 'ld_library_path_lib')
[2.908s] INFO:colcon.colcon_core.shell:Creating environment hook '/home/luka/ws_moveit2/install/uorover_ik/share/uorover_ik/hook/ld_library_path_lib.ps1'
[2.908s] INFO:colcon.colcon_core.shell:Creating environment descriptor '/home/luka/ws_moveit2/install/uorover_ik/share/uorover_ik/hook/ld_library_path_lib.dsv'
[2.908s] INFO:colcon.colcon_core.shell:Creating environment hook '/home/luka/ws_moveit2/install/uorover_ik/share/uorover_ik/hook/ld_library_path_lib.sh'
[2.909s] Level 1:colcon.colcon_core.environment:checking '/home/luka/ws_moveit2/install/uorover_ik/bin'
[2.909s] Level 1:colcon.colcon_core.environment:checking '/home/luka/ws_moveit2/install/uorover_ik/lib/pkgconfig/uorover_ik.pc'
[2.909s] Level 1:colcon.colcon_core.environment:checking '/home/luka/ws_moveit2/install/uorover_ik/lib/python3.10/site-packages'
[2.909s] Level 1:colcon.colcon_core.environment:checking '/home/luka/ws_moveit2/install/uorover_ik/bin'
[2.928s] INFO:colcon.colcon_core.shell:Creating package script '/home/luka/ws_moveit2/install/uorover_ik/share/uorover_ik/package.ps1'
[2.929s] INFO:colcon.colcon_core.shell:Creating package descriptor '/home/luka/ws_moveit2/install/uorover_ik/share/uorover_ik/package.dsv'
[2.929s] INFO:colcon.colcon_core.shell:Creating package script '/home/luka/ws_moveit2/install/uorover_ik/share/uorover_ik/package.sh'
[2.930s] INFO:colcon.colcon_core.shell:Creating package script '/home/luka/ws_moveit2/install/uorover_ik/share/uorover_ik/package.bash'
[2.930s] INFO:colcon.colcon_core.shell:Creating package script '/home/luka/ws_moveit2/install/uorover_ik/share/uorover_ik/package.zsh'
[2.930s] Level 1:colcon.colcon_core.environment:create_file_with_runtime_dependencies(/home/luka/ws_moveit2/install/uorover_ik/share/colcon-core/packages/uorover_ik)
[3.003s] DEBUG:colcon.colcon_core.event_handler.log_command:Invoking command in '/home/luka/ws_moveit2/src/uorover_arm': PYTHONPATH=/home/luka/ws_moveit2/build/uorover_arm/prefix_override:/home/luka/ws_moveit2/install/uorover_arm/lib/python3.10/site-packages:${PYTHONPATH} /usr/bin/python3 setup.py egg_info --egg-base ../../build/uorover_arm build --build-base /home/luka/ws_moveit2/build/uorover_arm/build install --record /home/luka/ws_moveit2/build/uorover_arm/install.log --single-version-externally-managed
[3.309s] DEBUG:colcon.colcon_core.event_handler.log_command:Invoked command in '/home/luka/ws_moveit2/src/uorover_arm' returned '0': PYTHONPATH=/home/luka/ws_moveit2/build/uorover_arm/prefix_override:/home/luka/ws_moveit2/install/uorover_arm/lib/python3.10/site-packages:${PYTHONPATH} /usr/bin/python3 setup.py egg_info --egg-base ../../build/uorover_arm build --build-base /home/luka/ws_moveit2/build/uorover_arm/build install --record /home/luka/ws_moveit2/build/uorover_arm/install.log --single-version-externally-managed
[3.328s] Level 1:colcon.colcon_core.environment:checking '/home/luka/ws_moveit2/install/uorover_arm' for CMake module files
[3.328s] Level 1:colcon.colcon_core.environment:checking '/home/luka/ws_moveit2/install/uorover_arm' for CMake config files
[3.329s] Level 1:colcon.colcon_core.environment:checking '/home/luka/ws_moveit2/install/uorover_arm/lib'
[3.329s] Level 1:colcon.colcon_core.environment:checking '/home/luka/ws_moveit2/install/uorover_arm/bin'
[3.329s] Level 1:colcon.colcon_core.environment:checking '/home/luka/ws_moveit2/install/uorover_arm/lib/pkgconfig/uorover_arm.pc'
[3.329s] Level 1:colcon.colcon_core.environment:checking '/home/luka/ws_moveit2/install/uorover_arm/lib/python3.10/site-packages'
[3.329s] Level 1:colcon.colcon_core.shell:create_environment_hook('uorover_arm', 'pythonpath')
[3.348s] INFO:colcon.colcon_core.shell:Creating environment hook '/home/luka/ws_moveit2/install/uorover_arm/share/uorover_arm/hook/pythonpath.ps1'
[3.349s] INFO:colcon.colcon_core.shell:Creating environment descriptor '/home/luka/ws_moveit2/install/uorover_arm/share/uorover_arm/hook/pythonpath.dsv'
[3.349s] INFO:colcon.colcon_core.shell:Creating environment hook '/home/luka/ws_moveit2/install/uorover_arm/share/uorover_arm/hook/pythonpath.sh'
[3.349s] Level 1:colcon.colcon_core.environment:checking '/home/luka/ws_moveit2/install/uorover_arm/bin'
[3.350s] Level 1:colcon.colcon_core.environment:create_environment_scripts_only(uorover_arm)
[3.368s] INFO:colcon.colcon_core.shell:Creating package script '/home/luka/ws_moveit2/install/uorover_arm/share/uorover_arm/package.ps1'
[3.369s] INFO:colcon.colcon_core.shell:Creating package descriptor '/home/luka/ws_moveit2/install/uorover_arm/share/uorover_arm/package.dsv'
[3.369s] INFO:colcon.colcon_core.shell:Creating package script '/home/luka/ws_moveit2/install/uorover_arm/share/uorover_arm/package.sh'
[3.369s] INFO:colcon.colcon_core.shell:Creating package script '/home/luka/ws_moveit2/install/uorover_arm/share/uorover_arm/package.bash'
[3.370s] INFO:colcon.colcon_core.shell:Creating package script '/home/luka/ws_moveit2/install/uorover_arm/share/uorover_arm/package.zsh'
[3.370s] Level 1:colcon.colcon_core.environment:create_file_with_runtime_dependencies(/home/luka/ws_moveit2/install/uorover_arm/share/colcon-core/packages/uorover_arm)
[3.370s] INFO:colcon.colcon_ros.task.ament_cmake.build:Building ROS package in '/home/luka/ws_moveit2/src/uorover_moveit_config' with build type 'ament_cmake'
[3.370s] INFO:colcon.colcon_cmake.task.cmake.build:Building CMake package in '/home/luka/ws_moveit2/src/uorover_moveit_config'
[3.390s] INFO:colcon.colcon_core.shell:Skip shell extension 'powershell' for command environment: Not usable outside of PowerShell
[3.390s] DEBUG:colcon.colcon_core.shell:Skip shell extension 'dsv' for command environment
[3.473s] DEBUG:colcon.colcon_core.event_handler.log_command:Invoking command in '/home/luka/ws_moveit2/build/uorover_moveit_config': AMENT_PREFIX_PATH=/home/luka/ws_moveit2/install/uorover_arm:/home/luka/ws_moveit2/install/uorover_moveit_config:/home/luka/ws_moveit2/install/uorover_ik:/home/luka/rover_workspace/install/robotic_arm_controls:/home/luka/rover_workspace/install/ld_controls:/home/luka/rover_workspace/install/gps_node:/home/luka/rover_workspace/install/chassis_controls:/home/luka/rover_workspace/install/camera_nodes:/home/luka/rover_workspace/install/general_interfaces:/home/luka/rover_workspace/install/drive_urdf:/home/luka/rover_workspace/install/drive_controls:/opt/ros/humble CMAKE_PREFIX_PATH=${CMAKE_PREFIX_PATH}:/home/luka/ws_moveit2/install/uorover_arm:/home/luka/rover_workspace/install/robotic_arm_controls:/home/luka/rover_workspace/install/ld_controls:/home/luka/rover_workspace/install/gps_node:/home/luka/rover_workspace/install/camera_nodes:/home/luka/rover_workspace/install/drive_urdf:/home/luka/rover_workspace/install/drive_controls:/opt/ros/humble /usr/bin/cmake --build /home/luka/ws_moveit2/build/uorover_moveit_config -- -j12 -l12
[3.506s] DEBUG:colcon.colcon_core.event_handler.log_command:Invoked command in '/home/luka/ws_moveit2/build/uorover_moveit_config' returned '0': AMENT_PREFIX_PATH=/home/luka/ws_moveit2/install/uorover_arm:/home/luka/ws_moveit2/install/uorover_moveit_config:/home/luka/ws_moveit2/install/uorover_ik:/home/luka/rover_workspace/install/robotic_arm_controls:/home/luka/rover_workspace/install/ld_controls:/home/luka/rover_workspace/install/gps_node:/home/luka/rover_workspace/install/chassis_controls:/home/luka/rover_workspace/install/camera_nodes:/home/luka/rover_workspace/install/general_interfaces:/home/luka/rover_workspace/install/drive_urdf:/home/luka/rover_workspace/install/drive_controls:/opt/ros/humble CMAKE_PREFIX_PATH=${CMAKE_PREFIX_PATH}:/home/luka/ws_moveit2/install/uorover_arm:/home/luka/rover_workspace/install/robotic_arm_controls:/home/luka/rover_workspace/install/ld_controls:/home/luka/rover_workspace/install/gps_node:/home/luka/rover_workspace/install/camera_nodes:/home/luka/rover_workspace/install/drive_urdf:/home/luka/rover_workspace/install/drive_controls:/opt/ros/humble /usr/bin/cmake --build /home/luka/ws_moveit2/build/uorover_moveit_config -- -j12 -l12
[3.529s] DEBUG:colcon.colcon_core.event_handler.log_command:Invoking command in '/home/luka/ws_moveit2/build/uorover_moveit_config': AMENT_PREFIX_PATH=/home/luka/ws_moveit2/install/uorover_arm:/home/luka/ws_moveit2/install/uorover_moveit_config:/home/luka/ws_moveit2/install/uorover_ik:/home/luka/rover_workspace/install/robotic_arm_controls:/home/luka/rover_workspace/install/ld_controls:/home/luka/rover_workspace/install/gps_node:/home/luka/rover_workspace/install/chassis_controls:/home/luka/rover_workspace/install/camera_nodes:/home/luka/rover_workspace/install/general_interfaces:/home/luka/rover_workspace/install/drive_urdf:/home/luka/rover_workspace/install/drive_controls:/opt/ros/humble CMAKE_PREFIX_PATH=${CMAKE_PREFIX_PATH}:/home/luka/ws_moveit2/install/uorover_arm:/home/luka/rover_workspace/install/robotic_arm_controls:/home/luka/rover_workspace/install/ld_controls:/home/luka/rover_workspace/install/gps_node:/home/luka/rover_workspace/install/camera_nodes:/home/luka/rover_workspace/install/drive_urdf:/home/luka/rover_workspace/install/drive_controls:/opt/ros/humble /usr/bin/cmake --install /home/luka/ws_moveit2/build/uorover_moveit_config
[3.540s] Level 1:colcon.colcon_core.environment:create_environment_scripts_only(uorover_moveit_config)
[3.542s] DEBUG:colcon.colcon_core.event_handler.log_command:Invoked command in '/home/luka/ws_moveit2/build/uorover_moveit_config' returned '0': AMENT_PREFIX_PATH=/home/luka/ws_moveit2/install/uorover_arm:/home/luka/ws_moveit2/install/uorover_moveit_config:/home/luka/ws_moveit2/install/uorover_ik:/home/luka/rover_workspace/install/robotic_arm_controls:/home/luka/rover_workspace/install/ld_controls:/home/luka/rover_workspace/install/gps_node:/home/luka/rover_workspace/install/chassis_controls:/home/luka/rover_workspace/install/camera_nodes:/home/luka/rover_workspace/install/general_interfaces:/home/luka/rover_workspace/install/drive_urdf:/home/luka/rover_workspace/install/drive_controls:/opt/ros/humble CMAKE_PREFIX_PATH=${CMAKE_PREFIX_PATH}:/home/luka/ws_moveit2/install/uorover_arm:/home/luka/rover_workspace/install/robotic_arm_controls:/home/luka/rover_workspace/install/ld_controls:/home/luka/rover_workspace/install/gps_node:/home/luka/rover_workspace/install/camera_nodes:/home/luka/rover_workspace/install/drive_urdf:/home/luka/rover_workspace/install/drive_controls:/opt/ros/humble /usr/bin/cmake --install /home/luka/ws_moveit2/build/uorover_moveit_config
[3.564s] Level 1:colcon.colcon_core.environment:checking '/home/luka/ws_moveit2/install/uorover_moveit_config' for CMake module files
[3.565s] Level 1:colcon.colcon_core.environment:checking '/home/luka/ws_moveit2/install/uorover_moveit_config' for CMake config files
[3.565s] Level 1:colcon.colcon_core.shell:create_environment_hook('uorover_moveit_config', 'cmake_prefix_path')
[3.585s] INFO:colcon.colcon_core.shell:Creating environment hook '/home/luka/ws_moveit2/install/uorover_moveit_config/share/uorover_moveit_config/hook/cmake_prefix_path.ps1'
[3.585s] INFO:colcon.colcon_core.shell:Creating environment descriptor '/home/luka/ws_moveit2/install/uorover_moveit_config/share/uorover_moveit_config/hook/cmake_prefix_path.dsv'
[3.585s] INFO:colcon.colcon_core.shell:Creating environment hook '/home/luka/ws_moveit2/install/uorover_moveit_config/share/uorover_moveit_config/hook/cmake_prefix_path.sh'
[3.586s] Level 1:colcon.colcon_core.environment:checking '/home/luka/ws_moveit2/install/uorover_moveit_config/bin'
[3.586s] Level 1:colcon.colcon_core.environment:checking '/home/luka/ws_moveit2/install/uorover_moveit_config/lib/pkgconfig/uorover_moveit_config.pc'
[3.586s] Level 1:colcon.colcon_core.environment:checking '/home/luka/ws_moveit2/install/uorover_moveit_config/lib/python3.10/site-packages'
[3.586s] Level 1:colcon.colcon_core.environment:checking '/home/luka/ws_moveit2/install/uorover_moveit_config/bin'
[3.605s] INFO:colcon.colcon_core.shell:Creating package script '/home/luka/ws_moveit2/install/uorover_moveit_config/share/uorover_moveit_config/package.ps1'
[3.605s] INFO:colcon.colcon_core.shell:Creating package descriptor '/home/luka/ws_moveit2/install/uorover_moveit_config/share/uorover_moveit_config/package.dsv'
[3.605s] INFO:colcon.colcon_core.shell:Creating package script '/home/luka/ws_moveit2/install/uorover_moveit_config/share/uorover_moveit_config/package.sh'
[3.606s] INFO:colcon.colcon_core.shell:Creating package script '/home/luka/ws_moveit2/install/uorover_moveit_config/share/uorover_moveit_config/package.bash'
[3.606s] INFO:colcon.colcon_core.shell:Creating package script '/home/luka/ws_moveit2/install/uorover_moveit_config/share/uorover_moveit_config/package.zsh'
[3.606s] Level 1:colcon.colcon_core.environment:create_file_with_runtime_dependencies(/home/luka/ws_moveit2/install/uorover_moveit_config/share/colcon-core/packages/uorover_moveit_config)
[3.645s] Level 1:colcon.colcon_core.environment:create_environment_scripts_only(uorover_moveit_config)
[3.663s] Level 1:colcon.colcon_core.environment:checking '/home/luka/ws_moveit2/install/uorover_moveit_config' for CMake module files
[3.664s] Level 1:colcon.colcon_core.environment:checking '/home/luka/ws_moveit2/install/uorover_moveit_config' for CMake config files
[3.664s] Level 1:colcon.colcon_core.shell:create_environment_hook('uorover_moveit_config', 'cmake_prefix_path')
[3.682s] INFO:colcon.colcon_core.shell:Creating environment hook '/home/luka/ws_moveit2/install/uorover_moveit_config/share/uorover_moveit_config/hook/cmake_prefix_path.ps1'
[3.683s] INFO:colcon.colcon_core.shell:Creating environment descriptor '/home/luka/ws_moveit2/install/uorover_moveit_config/share/uorover_moveit_config/hook/cmake_prefix_path.dsv'
[3.683s] INFO:colcon.colcon_core.shell:Creating environment hook '/home/luka/ws_moveit2/install/uorover_moveit_config/share/uorover_moveit_config/hook/cmake_prefix_path.sh'
[3.683s] Level 1:colcon.colcon_core.environment:checking '/home/luka/ws_moveit2/install/uorover_moveit_config/bin'
[3.683s] Level 1:colcon.colcon_core.environment:checking '/home/luka/ws_moveit2/install/uorover_moveit_config/lib/pkgconfig/uorover_moveit_config.pc'
[3.684s] Level 1:colcon.colcon_core.environment:checking '/home/luka/ws_moveit2/install/uorover_moveit_config/lib/python3.10/site-packages'
[3.684s] Level 1:colcon.colcon_core.environment:checking '/home/luka/ws_moveit2/install/uorover_moveit_config/bin'
[3.702s] INFO:colcon.colcon_core.shell:Creating package script '/home/luka/ws_moveit2/install/uorover_moveit_config/share/uorover_moveit_config/package.ps1'
[3.703s] INFO:colcon.colcon_core.shell:Creating package descriptor '/home/luka/ws_moveit2/install/uorover_moveit_config/share/uorover_moveit_config/package.dsv'
[3.703s] INFO:colcon.colcon_core.shell:Creating package script '/home/luka/ws_moveit2/install/uorover_moveit_config/share/uorover_moveit_config/package.sh'
[3.703s] INFO:colcon.colcon_core.shell:Creating package script '/home/luka/ws_moveit2/install/uorover_moveit_config/share/uorover_moveit_config/package.bash'
[3.704s] INFO:colcon.colcon_core.shell:Creating package script '/home/luka/ws_moveit2/install/uorover_moveit_config/share/uorover_moveit_config/package.zsh'
[3.704s] Level 1:colcon.colcon_core.environment:create_file_with_runtime_dependencies(/home/luka/ws_moveit2/install/uorover_moveit_config/share/colcon-core/packages/uorover_moveit_config)
[3.704s] DEBUG:colcon.colcon_parallel_executor.executor.parallel:closing loop
[3.704s] DEBUG:colcon.colcon_parallel_executor.executor.parallel:loop closed
[3.704s] DEBUG:colcon.colcon_parallel_executor.executor.parallel:run_until_complete finished with '0'
[3.704s] DEBUG:colcon.colcon_core.event_reactor:joining thread
[3.728s] INFO:colcon.colcon_core.plugin_system:Skipping extension 'colcon_notification.desktop_notification.terminal_notifier': Not used on non-Darwin systems
[3.728s] INFO:colcon.colcon_core.plugin_system:Skipping extension 'colcon_notification.desktop_notification.win32': Not used on non-Windows systems
[3.728s] INFO:colcon.colcon_notification.desktop_notification:Sending desktop notification using 'notify2'
[3.737s] DEBUG:colcon.colcon_core.event_reactor:joined thread
[3.757s] INFO:colcon.colcon_core.shell:Creating prefix script '/home/luka/ws_moveit2/install/local_setup.ps1'
[3.757s] INFO:colcon.colcon_core.shell:Creating prefix util module '/home/luka/ws_moveit2/install/_local_setup_util_ps1.py'
[3.758s] INFO:colcon.colcon_core.shell:Creating prefix chain script '/home/luka/ws_moveit2/install/setup.ps1'
[3.778s] INFO:colcon.colcon_core.shell:Creating prefix script '/home/luka/ws_moveit2/install/local_setup.sh'
[3.778s] INFO:colcon.colcon_core.shell:Creating prefix util module '/home/luka/ws_moveit2/install/_local_setup_util_sh.py'
[3.779s] INFO:colcon.colcon_core.shell:Creating prefix chain script '/home/luka/ws_moveit2/install/setup.sh'
[3.798s] INFO:colcon.colcon_core.shell:Creating prefix script '/home/luka/ws_moveit2/install/local_setup.bash'
[3.798s] INFO:colcon.colcon_core.shell:Creating prefix chain script '/home/luka/ws_moveit2/install/setup.bash'
[3.818s] INFO:colcon.colcon_core.shell:Creating prefix script '/home/luka/ws_moveit2/install/local_setup.zsh'
[3.818s] INFO:colcon.colcon_core.shell:Creating prefix chain script '/home/luka/ws_moveit2/install/setup.zsh'
