[0.452s] Invoking command in '/home/luka/ws_moveit2/build/ros2_control_demo_example_7': CMAKE_PREFIX_PATH=/opt/ros/humble /usr/bin/cmake --build /home/luka/ws_moveit2/build/ros2_control_demo_example_7 -- -j12 -l12
[0.476s] -- Found ament_cmake: 1.3.8 (/opt/ros/humble/share/ament_cmake/cmake)
[0.583s] -- Found pluginlib: 5.1.0 (/opt/ros/humble/share/pluginlib/cmake)
[0.611s] -- Found hardware_interface: 2.39.1 (/opt/ros/humble/share/hardware_interface/cmake)
[0.627s] -- Found rosidl_generator_c: 3.1.5 (/opt/ros/humble/share/rosidl_generator_c/cmake)
[0.629s] -- Found rosidl_adapter: 3.1.5 (/opt/ros/humble/share/rosidl_adapter/cmake)
[0.634s] -- Found rosidl_generator_cpp: 3.1.5 (/opt/ros/humble/share/rosidl_generator_cpp/cmake)
[0.644s] -- Using all available rosidl_typesupport_c: rosidl_typesupport_fastrtps_c;rosidl_typesupport_introspection_c
[0.658s] -- Using all available rosidl_typesupport_cpp: rosidl_typesupport_fastrtps_cpp;rosidl_typesupport_introspection_cpp
[1.270s] -- Found rmw_implementation_cmake: 6.1.1 (/opt/ros/humble/share/rmw_implementation_cmake/cmake)
[1.270s] -- Found rmw_cyclonedds_cpp: 1.3.4 (/opt/ros/humble/share/rmw_cyclonedds_cpp/cmake)
[1.298s] -- Using RMW implementation 'rmw_cyclonedds_cpp' as default
[1.447s] -- Found kdl_parser: 2.6.4 (/opt/ros/humble/share/kdl_parser/cmake)
[1.448s] -- Found eigen3_cmake_module: 0.1.1 (/opt/ros/humble/share/eigen3_cmake_module/cmake)
[1.450s] -- Ensuring Eigen3 include directory is part of orocos-kdl CMake target
[1.452s] -- Found controller_interface: 2.39.1 (/opt/ros/humble/share/controller_interface/cmake)
[1.544s] -- Found realtime_tools: 2.5.0 (/opt/ros/humble/share/realtime_tools/cmake)
[1.801s] -- Found ament_cmake_pytest: 1.3.8 (/opt/ros/humble/share/ament_cmake_pytest/cmake)
[2.475s] -- Configuring done
[2.506s] -- Generating done
[2.507s] -- Build files have been written to: /home/luka/ws_moveit2/build/ros2_control_demo_example_7
[2.531s] [35m[1mConsolidate compiler generated dependencies of target send_trajectory[0m
[2.531s] [35m[1mConsolidate compiler generated dependencies of target ros2_control_demo_example_7[0m
[2.550s] [ 40%] [32mBuilding CXX object CMakeFiles/ros2_control_demo_example_7.dir/hardware/r6bot_hardware.cpp.o[0m
[2.550s] [ 40%] [32mBuilding CXX object CMakeFiles/send_trajectory.dir/reference_generator/send_trajectory.cpp.o[0m
[2.551s] [ 60%] [32mBuilding CXX object CMakeFiles/ros2_control_demo_example_7.dir/controller/r6bot_controller.cpp.o[0m
[7.461s] [ 80%] [32m[1mLinking CXX executable send_trajectory[0m
[7.668s] [ 80%] Built target send_trajectory
[10.467s] [100%] [32m[1mLinking CXX shared library libros2_control_demo_example_7.so[0m
[10.977s] [100%] Built target ros2_control_demo_example_7
[10.989s] Invoked command in '/home/luka/ws_moveit2/build/ros2_control_demo_example_7' returned '0': CMAKE_PREFIX_PATH=/opt/ros/humble /usr/bin/cmake --build /home/luka/ws_moveit2/build/ros2_control_demo_example_7 -- -j12 -l12
[11.019s] Invoking command in '/home/luka/ws_moveit2/build/ros2_control_demo_example_7': CMAKE_PREFIX_PATH=/opt/ros/humble /usr/bin/cmake --install /home/luka/ws_moveit2/build/ros2_control_demo_example_7
[11.026s] -- Install configuration: ""
[11.026s] -- Up-to-date: /home/luka/ws_moveit2/install/ros2_control_demo_example_7/share/ros2_control_demo_example_7/ros2_control_demo_example_7.xml
[11.027s] -- Up-to-date: /home/luka/ws_moveit2/install/ros2_control_demo_example_7/share/ros2_control_demo_example_7/ros2_control_demo_example_7.xml
[11.027s] -- Up-to-date: /home/luka/ws_moveit2/install/ros2_control_demo_example_7/include/ros2_control_demo_example_7
[11.027s] -- Up-to-date: /home/luka/ws_moveit2/install/ros2_control_demo_example_7/include/ros2_control_demo_example_7/ros2_control_demo_example_7
[11.027s] -- Up-to-date: /home/luka/ws_moveit2/install/ros2_control_demo_example_7/include/ros2_control_demo_example_7/ros2_control_demo_example_7/r6bot_hardware.hpp
[11.027s] -- Up-to-date: /home/luka/ws_moveit2/install/ros2_control_demo_example_7/share/ros2_control_demo_example_7/launch
[11.027s] -- Up-to-date: /home/luka/ws_moveit2/install/ros2_control_demo_example_7/share/ros2_control_demo_example_7/launch/view_r6bot.launch.py
[11.027s] -- Up-to-date: /home/luka/ws_moveit2/install/ros2_control_demo_example_7/share/ros2_control_demo_example_7/ros2_control
[11.027s] -- Up-to-date: /home/luka/ws_moveit2/install/ros2_control_demo_example_7/share/ros2_control_demo_example_7/ros2_control/r6bot.ros2_control.xacro
[11.027s] -- Up-to-date: /home/luka/ws_moveit2/install/ros2_control_demo_example_7/share/ros2_control_demo_example_7/urdf
[11.027s] -- Up-to-date: /home/luka/ws_moveit2/install/ros2_control_demo_example_7/share/ros2_control_demo_example_7/urdf/r6bot.urdf.xacro
[11.027s] -- Up-to-date: /home/luka/ws_moveit2/install/ros2_control_demo_example_7/share/ros2_control_demo_example_7/launch
[11.027s] -- Up-to-date: /home/luka/ws_moveit2/install/ros2_control_demo_example_7/share/ros2_control_demo_example_7/launch/r6bot_controller.launch.py
[11.027s] -- Up-to-date: /home/luka/ws_moveit2/install/ros2_control_demo_example_7/share/ros2_control_demo_example_7/launch/send_trajectory.launch.py
[11.027s] -- Up-to-date: /home/luka/ws_moveit2/install/ros2_control_demo_example_7/share/ros2_control_demo_example_7/config
[11.027s] -- Up-to-date: /home/luka/ws_moveit2/install/ros2_control_demo_example_7/share/ros2_control_demo_example_7/config/r6bot_controller.yaml
[11.028s] -- Installing: /home/luka/ws_moveit2/install/ros2_control_demo_example_7/lib/ros2_control_demo_example_7/send_trajectory
[11.028s] -- Set runtime path of "/home/luka/ws_moveit2/install/ros2_control_demo_example_7/lib/ros2_control_demo_example_7/send_trajectory" to ""
[11.029s] -- Installing: /home/luka/ws_moveit2/install/ros2_control_demo_example_7/lib/libros2_control_demo_example_7.so
[11.036s] -- Set runtime path of "/home/luka/ws_moveit2/install/ros2_control_demo_example_7/lib/libros2_control_demo_example_7.so" to ""
[11.036s] -- Installing: /home/luka/ws_moveit2/install/ros2_control_demo_example_7/share/ros2_control_demo_example_7/environment/library_path.sh
[11.036s] -- Installing: /home/luka/ws_moveit2/install/ros2_control_demo_example_7/share/ros2_control_demo_example_7/environment/library_path.dsv
[11.037s] -- Up-to-date: /home/luka/ws_moveit2/install/ros2_control_demo_example_7/share/ament_index/resource_index/package_run_dependencies/ros2_control_demo_example_7
[11.037s] -- Installing: /home/luka/ws_moveit2/install/ros2_control_demo_example_7/share/ament_index/resource_index/parent_prefix_path/ros2_control_demo_example_7
[11.037s] -- Installing: /home/luka/ws_moveit2/install/ros2_control_demo_example_7/share/ros2_control_demo_example_7/environment/ament_prefix_path.sh
[11.037s] -- Installing: /home/luka/ws_moveit2/install/ros2_control_demo_example_7/share/ros2_control_demo_example_7/environment/ament_prefix_path.dsv
[11.037s] -- Installing: /home/luka/ws_moveit2/install/ros2_control_demo_example_7/share/ros2_control_demo_example_7/environment/path.sh
[11.037s] -- Installing: /home/luka/ws_moveit2/install/ros2_control_demo_example_7/share/ros2_control_demo_example_7/environment/path.dsv
[11.037s] -- Up-to-date: /home/luka/ws_moveit2/install/ros2_control_demo_example_7/share/ros2_control_demo_example_7/local_setup.bash
[11.038s] -- Up-to-date: /home/luka/ws_moveit2/install/ros2_control_demo_example_7/share/ros2_control_demo_example_7/local_setup.sh
[11.038s] -- Up-to-date: /home/luka/ws_moveit2/install/ros2_control_demo_example_7/share/ros2_control_demo_example_7/local_setup.zsh
[11.038s] -- Installing: /home/luka/ws_moveit2/install/ros2_control_demo_example_7/share/ros2_control_demo_example_7/local_setup.dsv
[11.038s] -- Installing: /home/luka/ws_moveit2/install/ros2_control_demo_example_7/share/ros2_control_demo_example_7/package.dsv
[11.038s] -- Up-to-date: /home/luka/ws_moveit2/install/ros2_control_demo_example_7/share/ament_index/resource_index/packages/ros2_control_demo_example_7
[11.038s] -- Up-to-date: /home/luka/ws_moveit2/install/ros2_control_demo_example_7/share/ament_index/resource_index/hardware_interface__pluginlib__plugin/ros2_control_demo_example_7
[11.038s] -- Up-to-date: /home/luka/ws_moveit2/install/ros2_control_demo_example_7/share/ament_index/resource_index/controller_interface__pluginlib__plugin/ros2_control_demo_example_7
[11.038s] -- Up-to-date: /home/luka/ws_moveit2/install/ros2_control_demo_example_7/share/ros2_control_demo_example_7/cmake/export_ros2_control_demo_example_7Export.cmake
[11.039s] -- Up-to-date: /home/luka/ws_moveit2/install/ros2_control_demo_example_7/share/ros2_control_demo_example_7/cmake/export_ros2_control_demo_example_7Export-noconfig.cmake
[11.039s] -- Up-to-date: /home/luka/ws_moveit2/install/ros2_control_demo_example_7/share/ros2_control_demo_example_7/cmake/ament_cmake_export_targets-extras.cmake
[11.039s] -- Up-to-date: /home/luka/ws_moveit2/install/ros2_control_demo_example_7/share/ros2_control_demo_example_7/cmake/ament_cmake_export_dependencies-extras.cmake
[11.039s] -- Up-to-date: /home/luka/ws_moveit2/install/ros2_control_demo_example_7/share/ros2_control_demo_example_7/cmake/ros2_control_demo_example_7Config.cmake
[11.039s] -- Up-to-date: /home/luka/ws_moveit2/install/ros2_control_demo_example_7/share/ros2_control_demo_example_7/cmake/ros2_control_demo_example_7Config-version.cmake
[11.039s] -- Up-to-date: /home/luka/ws_moveit2/install/ros2_control_demo_example_7/share/ros2_control_demo_example_7/package.xml
[11.040s] Invoked command in '/home/luka/ws_moveit2/build/ros2_control_demo_example_7' returned '0': CMAKE_PREFIX_PATH=/opt/ros/humble /usr/bin/cmake --install /home/luka/ws_moveit2/build/ros2_control_demo_example_7
