[1.568s] DEBUG:colcon:Command line arguments: ['/usr/bin/colcon', 'build']
[1.568s] DEBUG:colcon:Parsed command line arguments: Namespace(log_base=None, log_level=None, verb_name='build', build_base='build', install_base='install', merge_install=False, symlink_install=False, test_result_base=None, continue_on_error=False, executor='parallel', parallel_workers=12, event_handlers=None, ignore_user_meta=False, metas=['./colcon.meta'], base_paths=['.'], packages_ignore=None, packages_ignore_regex=None, paths=None, packages_up_to=None, packages_up_to_regex=None, packages_above=None, packages_above_and_dependencies=None, packages_above_depth=None, packages_select_by_dep=None, packages_skip_by_dep=None, packages_skip_up_to=None, packages_select_build_failed=False, packages_skip_build_finished=False, packages_select_test_failures=False, packages_skip_test_passed=False, packages_select=None, packages_skip=None, packages_select_regex=None, packages_skip_regex=None, packages_start=None, packages_end=None, allow_overriding=[], cmake_args=None, cmake_target=None, cmake_target_skip_unavailable=False, cmake_clean_cache=False, cmake_clean_first=False, cmake_force_configure=False, ament_cmake_args=None, catkin_cmake_args=None, catkin_skip_building_tests=False, mixin_files=None, mixin=None, verb_parser=<colcon_mixin.mixin.mixin_argument.MixinArgumentDecorator object at 0x7fe7b27c4190>, verb_extension=<colcon_core.verb.build.BuildVerb object at 0x7fe7b27a5600>, main=<bound method BuildVerb.main of <colcon_core.verb.build.BuildVerb object at 0x7fe7b27a5600>>, mixin_verb=('build',))
[1.619s] Level 1:colcon.colcon_core.package_discovery:discover_packages(colcon_meta) check parameters
[1.619s] Level 1:colcon.colcon_core.package_discovery:discover_packages(recursive) check parameters
[1.620s] Level 1:colcon.colcon_core.package_discovery:discover_packages(ignore) check parameters
[1.620s] Level 1:colcon.colcon_core.package_discovery:discover_packages(path) check parameters
[1.620s] Level 1:colcon.colcon_core.package_discovery:discover_packages(colcon_meta) discover
[1.620s] Level 1:colcon.colcon_core.package_discovery:discover_packages(recursive) discover
[1.620s] INFO:colcon.colcon_core.package_discovery:Crawling recursively for packages in '/home/luka/ws_moveit2'
[1.620s] Level 1:colcon.colcon_core.package_identification:_identify(.) by extensions ['ignore', 'ignore_ament_install']
[1.620s] Level 1:colcon.colcon_core.package_identification:_identify(.) by extension 'ignore'
[1.620s] Level 1:colcon.colcon_core.package_identification:_identify(.) by extension 'ignore_ament_install'
[1.620s] Level 1:colcon.colcon_core.package_identification:_identify(.) by extensions ['colcon_pkg']
[1.620s] Level 1:colcon.colcon_core.package_identification:_identify(.) by extension 'colcon_pkg'
[1.620s] Level 1:colcon.colcon_core.package_identification:_identify(.) by extensions ['colcon_meta']
[1.620s] Level 1:colcon.colcon_core.package_identification:_identify(.) by extension 'colcon_meta'
[1.620s] Level 1:colcon.colcon_core.package_identification:_identify(.) by extensions ['ros']
[1.620s] Level 1:colcon.colcon_core.package_identification:_identify(.) by extension 'ros'
[1.629s] Level 1:colcon.colcon_core.package_identification:_identify(.) by extensions ['cmake', 'python']
[1.629s] Level 1:colcon.colcon_core.package_identification:_identify(.) by extension 'cmake'
[1.629s] Level 1:colcon.colcon_core.package_identification:_identify(.) by extension 'python'
[1.629s] Level 1:colcon.colcon_core.package_identification:_identify(.) by extensions ['python_setup_py']
[1.629s] Level 1:colcon.colcon_core.package_identification:_identify(.) by extension 'python_setup_py'
[1.630s] Level 1:colcon.colcon_core.package_identification:_identify(build) by extensions ['ignore', 'ignore_ament_install']
[1.630s] Level 1:colcon.colcon_core.package_identification:_identify(build) by extension 'ignore'
[1.630s] Level 1:colcon.colcon_core.package_identification:_identify(build) ignored
[1.630s] Level 1:colcon.colcon_core.package_identification:_identify(install) by extensions ['ignore', 'ignore_ament_install']
[1.630s] Level 1:colcon.colcon_core.package_identification:_identify(install) by extension 'ignore'
[1.630s] Level 1:colcon.colcon_core.package_identification:_identify(install) ignored
[1.630s] Level 1:colcon.colcon_core.package_identification:_identify(log) by extensions ['ignore', 'ignore_ament_install']
[1.630s] Level 1:colcon.colcon_core.package_identification:_identify(log) by extension 'ignore'
[1.630s] Level 1:colcon.colcon_core.package_identification:_identify(log) ignored
[1.630s] Level 1:colcon.colcon_core.package_identification:_identify(src) by extensions ['ignore', 'ignore_ament_install']
[1.630s] Level 1:colcon.colcon_core.package_identification:_identify(src) by extension 'ignore'
[1.630s] Level 1:colcon.colcon_core.package_identification:_identify(src) by extension 'ignore_ament_install'
[1.630s] Level 1:colcon.colcon_core.package_identification:_identify(src) by extensions ['colcon_pkg']
[1.630s] Level 1:colcon.colcon_core.package_identification:_identify(src) by extension 'colcon_pkg'
[1.630s] Level 1:colcon.colcon_core.package_identification:_identify(src) by extensions ['colcon_meta']
[1.630s] Level 1:colcon.colcon_core.package_identification:_identify(src) by extension 'colcon_meta'
[1.631s] Level 1:colcon.colcon_core.package_identification:_identify(src) by extensions ['ros']
[1.631s] Level 1:colcon.colcon_core.package_identification:_identify(src) by extension 'ros'
[1.631s] Level 1:colcon.colcon_core.package_identification:_identify(src) by extensions ['cmake', 'python']
[1.631s] Level 1:colcon.colcon_core.package_identification:_identify(src) by extension 'cmake'
[1.631s] Level 1:colcon.colcon_core.package_identification:_identify(src) by extension 'python'
[1.631s] Level 1:colcon.colcon_core.package_identification:_identify(src) by extensions ['python_setup_py']
[1.631s] Level 1:colcon.colcon_core.package_identification:_identify(src) by extension 'python_setup_py'
[1.631s] Level 1:colcon.colcon_core.package_identification:_identify(src/example_7) by extensions ['ignore', 'ignore_ament_install']
[1.631s] Level 1:colcon.colcon_core.package_identification:_identify(src/example_7) by extension 'ignore'
[1.631s] Level 1:colcon.colcon_core.package_identification:_identify(src/example_7) by extension 'ignore_ament_install'
[1.631s] Level 1:colcon.colcon_core.package_identification:_identify(src/example_7) by extensions ['colcon_pkg']
[1.631s] Level 1:colcon.colcon_core.package_identification:_identify(src/example_7) by extension 'colcon_pkg'
[1.631s] Level 1:colcon.colcon_core.package_identification:_identify(src/example_7) by extensions ['colcon_meta']
[1.631s] Level 1:colcon.colcon_core.package_identification:_identify(src/example_7) by extension 'colcon_meta'
[1.631s] Level 1:colcon.colcon_core.package_identification:_identify(src/example_7) by extensions ['ros']
[1.631s] Level 1:colcon.colcon_core.package_identification:_identify(src/example_7) by extension 'ros'
[1.634s] DEBUG:colcon.colcon_core.package_identification:Package 'src/example_7' with type 'ros.ament_cmake' and name 'ros2_control_demo_example_7'
[1.634s] Level 1:colcon.colcon_core.package_identification:_identify(src/uorover_arm) by extensions ['ignore', 'ignore_ament_install']
[1.634s] Level 1:colcon.colcon_core.package_identification:_identify(src/uorover_arm) by extension 'ignore'
[1.634s] Level 1:colcon.colcon_core.package_identification:_identify(src/uorover_arm) by extension 'ignore_ament_install'
[1.634s] Level 1:colcon.colcon_core.package_identification:_identify(src/uorover_arm) by extensions ['colcon_pkg']
[1.634s] Level 1:colcon.colcon_core.package_identification:_identify(src/uorover_arm) by extension 'colcon_pkg'
[1.634s] Level 1:colcon.colcon_core.package_identification:_identify(src/uorover_arm) by extensions ['colcon_meta']
[1.634s] Level 1:colcon.colcon_core.package_identification:_identify(src/uorover_arm) by extension 'colcon_meta'
[1.634s] Level 1:colcon.colcon_core.package_identification:_identify(src/uorover_arm) by extensions ['ros']
[1.634s] Level 1:colcon.colcon_core.package_identification:_identify(src/uorover_arm) by extension 'ros'
[1.635s] DEBUG:colcon.colcon_core.package_identification:Package 'src/uorover_arm' with type 'ros.ament_python' and name 'uorover_arm'
[1.635s] Level 1:colcon.colcon_core.package_identification:_identify(src/uorover_ik) by extensions ['ignore', 'ignore_ament_install']
[1.635s] Level 1:colcon.colcon_core.package_identification:_identify(src/uorover_ik) by extension 'ignore'
[1.635s] Level 1:colcon.colcon_core.package_identification:_identify(src/uorover_ik) by extension 'ignore_ament_install'
[1.635s] Level 1:colcon.colcon_core.package_identification:_identify(src/uorover_ik) by extensions ['colcon_pkg']
[1.635s] Level 1:colcon.colcon_core.package_identification:_identify(src/uorover_ik) by extension 'colcon_pkg'
[1.635s] Level 1:colcon.colcon_core.package_identification:_identify(src/uorover_ik) by extensions ['colcon_meta']
[1.635s] Level 1:colcon.colcon_core.package_identification:_identify(src/uorover_ik) by extension 'colcon_meta'
[1.635s] Level 1:colcon.colcon_core.package_identification:_identify(src/uorover_ik) by extensions ['ros']
[1.635s] Level 1:colcon.colcon_core.package_identification:_identify(src/uorover_ik) by extension 'ros'
[1.636s] DEBUG:colcon.colcon_core.package_identification:Package 'src/uorover_ik' with type 'ros.ament_cmake' and name 'uorover_ik'
[1.636s] Level 1:colcon.colcon_core.package_identification:_identify(src/uorover_moveit_config) by extensions ['ignore', 'ignore_ament_install']
[1.636s] Level 1:colcon.colcon_core.package_identification:_identify(src/uorover_moveit_config) by extension 'ignore'
[1.636s] Level 1:colcon.colcon_core.package_identification:_identify(src/uorover_moveit_config) by extension 'ignore_ament_install'
[1.636s] Level 1:colcon.colcon_core.package_identification:_identify(src/uorover_moveit_config) by extensions ['colcon_pkg']
[1.636s] Level 1:colcon.colcon_core.package_identification:_identify(src/uorover_moveit_config) by extension 'colcon_pkg'
[1.636s] Level 1:colcon.colcon_core.package_identification:_identify(src/uorover_moveit_config) by extensions ['colcon_meta']
[1.636s] Level 1:colcon.colcon_core.package_identification:_identify(src/uorover_moveit_config) by extension 'colcon_meta'
[1.636s] Level 1:colcon.colcon_core.package_identification:_identify(src/uorover_moveit_config) by extensions ['ros']
[1.636s] Level 1:colcon.colcon_core.package_identification:_identify(src/uorover_moveit_config) by extension 'ros'
[1.637s] DEBUG:colcon.colcon_core.package_identification:Package 'src/uorover_moveit_config' with type 'ros.ament_cmake' and name 'uorover_moveit_config'
[1.637s] Level 1:colcon.colcon_core.package_discovery:discover_packages(recursive) using defaults
[1.637s] Level 1:colcon.colcon_core.package_discovery:discover_packages(ignore) discover
[1.637s] Level 1:colcon.colcon_core.package_discovery:discover_packages(ignore) using defaults
[1.637s] Level 1:colcon.colcon_core.package_discovery:discover_packages(path) discover
[1.637s] Level 1:colcon.colcon_core.package_discovery:discover_packages(path) using defaults
[1.746s] Level 1:colcon.colcon_core.package_discovery:discover_packages(prefix_path) check parameters
[1.746s] Level 1:colcon.colcon_core.package_discovery:discover_packages(prefix_path) discover
[1.765s] WARNING:colcon.colcon_ros.prefix_path.ament:The path '/home/luka/ws_moveit2/install/uorover_moveit_config' in the environment variable AMENT_PREFIX_PATH doesn't exist
[1.765s] WARNING:colcon.colcon_ros.prefix_path.ament:The path '/home/luka/ws_moveit2/install/uorover_ik' in the environment variable AMENT_PREFIX_PATH doesn't exist
[1.765s] WARNING:colcon.colcon_ros.prefix_path.ament:The path '/home/luka/ws_moveit2/install/uorover_arm' in the environment variable AMENT_PREFIX_PATH doesn't exist
[1.765s] WARNING:colcon.colcon_ros.prefix_path.ament:The path '/home/luka/ws_moveit2/install/ros2_control_demo_example_7' in the environment variable AMENT_PREFIX_PATH doesn't exist
[1.765s] WARNING:colcon.colcon_ros.prefix_path.catkin:The path '/home/luka/ws_moveit2/install/uorover_moveit_config' in the environment variable CMAKE_PREFIX_PATH doesn't exist
[1.765s] WARNING:colcon.colcon_ros.prefix_path.catkin:The path '/home/luka/ws_moveit2/install/uorover_ik' in the environment variable CMAKE_PREFIX_PATH doesn't exist
[1.765s] WARNING:colcon.colcon_ros.prefix_path.catkin:The path '/home/luka/ws_moveit2/install/ros2_control_demo_example_7' in the environment variable CMAKE_PREFIX_PATH doesn't exist
[1.784s] DEBUG:colcon.colcon_installed_package_information.package_discovery:Found 9 installed packages in /home/luka/rover_workspace/install
[1.804s] DEBUG:colcon.colcon_installed_package_information.package_discovery:Found 0 installed packages in /home/luka/ws_moveit2/install
[1.825s] DEBUG:colcon.colcon_installed_package_information.package_discovery:Found 407 installed packages in /opt/ros/humble
[1.827s] Level 1:colcon.colcon_core.package_discovery:discover_packages(prefix_path) using defaults
[1.938s] Level 5:colcon.colcon_core.verb:set package 'ros2_control_demo_example_7' build argument 'cmake_args' from command line to 'None'
[1.938s] Level 5:colcon.colcon_core.verb:set package 'ros2_control_demo_example_7' build argument 'cmake_target' from command line to 'None'
[1.938s] Level 5:colcon.colcon_core.verb:set package 'ros2_control_demo_example_7' build argument 'cmake_target_skip_unavailable' from command line to 'False'
[1.938s] Level 5:colcon.colcon_core.verb:set package 'ros2_control_demo_example_7' build argument 'cmake_clean_cache' from command line to 'False'
[1.938s] Level 5:colcon.colcon_core.verb:set package 'ros2_control_demo_example_7' build argument 'cmake_clean_first' from command line to 'False'
[1.938s] Level 5:colcon.colcon_core.verb:set package 'ros2_control_demo_example_7' build argument 'cmake_force_configure' from command line to 'False'
[1.938s] Level 5:colcon.colcon_core.verb:set package 'ros2_control_demo_example_7' build argument 'ament_cmake_args' from command line to 'None'
[1.938s] Level 5:colcon.colcon_core.verb:set package 'ros2_control_demo_example_7' build argument 'catkin_cmake_args' from command line to 'None'
[1.938s] Level 5:colcon.colcon_core.verb:set package 'ros2_control_demo_example_7' build argument 'catkin_skip_building_tests' from command line to 'False'
[1.938s] DEBUG:colcon.colcon_core.verb:Building package 'ros2_control_demo_example_7' with the following arguments: {'ament_cmake_args': None, 'build_base': '/home/luka/ws_moveit2/build/ros2_control_demo_example_7', 'catkin_cmake_args': None, 'catkin_skip_building_tests': False, 'cmake_args': None, 'cmake_clean_cache': False, 'cmake_clean_first': False, 'cmake_force_configure': False, 'cmake_target': None, 'cmake_target_skip_unavailable': False, 'install_base': '/home/luka/ws_moveit2/install/ros2_control_demo_example_7', 'merge_install': False, 'path': '/home/luka/ws_moveit2/src/example_7', 'symlink_install': False, 'test_result_base': None}
[1.956s] Level 5:colcon.colcon_core.verb:set package 'uorover_arm' build argument 'cmake_args' from command line to 'None'
[1.956s] Level 5:colcon.colcon_core.verb:set package 'uorover_arm' build argument 'cmake_target' from command line to 'None'
[1.956s] Level 5:colcon.colcon_core.verb:set package 'uorover_arm' build argument 'cmake_target_skip_unavailable' from command line to 'False'
[1.956s] Level 5:colcon.colcon_core.verb:set package 'uorover_arm' build argument 'cmake_clean_cache' from command line to 'False'
[1.956s] Level 5:colcon.colcon_core.verb:set package 'uorover_arm' build argument 'cmake_clean_first' from command line to 'False'
[1.956s] Level 5:colcon.colcon_core.verb:set package 'uorover_arm' build argument 'cmake_force_configure' from command line to 'False'
[1.956s] Level 5:colcon.colcon_core.verb:set package 'uorover_arm' build argument 'ament_cmake_args' from command line to 'None'
[1.956s] Level 5:colcon.colcon_core.verb:set package 'uorover_arm' build argument 'catkin_cmake_args' from command line to 'None'
[1.956s] Level 5:colcon.colcon_core.verb:set package 'uorover_arm' build argument 'catkin_skip_building_tests' from command line to 'False'
[1.956s] DEBUG:colcon.colcon_core.verb:Building package 'uorover_arm' with the following arguments: {'ament_cmake_args': None, 'build_base': '/home/luka/ws_moveit2/build/uorover_arm', 'catkin_cmake_args': None, 'catkin_skip_building_tests': False, 'cmake_args': None, 'cmake_clean_cache': False, 'cmake_clean_first': False, 'cmake_force_configure': False, 'cmake_target': None, 'cmake_target_skip_unavailable': False, 'install_base': '/home/luka/ws_moveit2/install/uorover_arm', 'merge_install': False, 'path': '/home/luka/ws_moveit2/src/uorover_arm', 'symlink_install': False, 'test_result_base': None}
[1.974s] Level 5:colcon.colcon_core.verb:set package 'uorover_ik' build argument 'cmake_args' from command line to 'None'
[1.974s] Level 5:colcon.colcon_core.verb:set package 'uorover_ik' build argument 'cmake_target' from command line to 'None'
[1.974s] Level 5:colcon.colcon_core.verb:set package 'uorover_ik' build argument 'cmake_target_skip_unavailable' from command line to 'False'
[1.974s] Level 5:colcon.colcon_core.verb:set package 'uorover_ik' build argument 'cmake_clean_cache' from command line to 'False'
[1.974s] Level 5:colcon.colcon_core.verb:set package 'uorover_ik' build argument 'cmake_clean_first' from command line to 'False'
[1.975s] Level 5:colcon.colcon_core.verb:set package 'uorover_ik' build argument 'cmake_force_configure' from command line to 'False'
[1.975s] Level 5:colcon.colcon_core.verb:set package 'uorover_ik' build argument 'ament_cmake_args' from command line to 'None'
[1.975s] Level 5:colcon.colcon_core.verb:set package 'uorover_ik' build argument 'catkin_cmake_args' from command line to 'None'
[1.975s] Level 5:colcon.colcon_core.verb:set package 'uorover_ik' build argument 'catkin_skip_building_tests' from command line to 'False'
[1.975s] DEBUG:colcon.colcon_core.verb:Building package 'uorover_ik' with the following arguments: {'ament_cmake_args': None, 'build_base': '/home/luka/ws_moveit2/build/uorover_ik', 'catkin_cmake_args': None, 'catkin_skip_building_tests': False, 'cmake_args': None, 'cmake_clean_cache': False, 'cmake_clean_first': False, 'cmake_force_configure': False, 'cmake_target': None, 'cmake_target_skip_unavailable': False, 'install_base': '/home/luka/ws_moveit2/install/uorover_ik', 'merge_install': False, 'path': '/home/luka/ws_moveit2/src/uorover_ik', 'symlink_install': False, 'test_result_base': None}
[1.993s] Level 5:colcon.colcon_core.verb:set package 'uorover_moveit_config' build argument 'cmake_args' from command line to 'None'
[1.993s] Level 5:colcon.colcon_core.verb:set package 'uorover_moveit_config' build argument 'cmake_target' from command line to 'None'
[1.993s] Level 5:colcon.colcon_core.verb:set package 'uorover_moveit_config' build argument 'cmake_target_skip_unavailable' from command line to 'False'
[1.993s] Level 5:colcon.colcon_core.verb:set package 'uorover_moveit_config' build argument 'cmake_clean_cache' from command line to 'False'
[1.993s] Level 5:colcon.colcon_core.verb:set package 'uorover_moveit_config' build argument 'cmake_clean_first' from command line to 'False'
[1.993s] Level 5:colcon.colcon_core.verb:set package 'uorover_moveit_config' build argument 'cmake_force_configure' from command line to 'False'
[1.993s] Level 5:colcon.colcon_core.verb:set package 'uorover_moveit_config' build argument 'ament_cmake_args' from command line to 'None'
[1.993s] Level 5:colcon.colcon_core.verb:set package 'uorover_moveit_config' build argument 'catkin_cmake_args' from command line to 'None'
[1.993s] Level 5:colcon.colcon_core.verb:set package 'uorover_moveit_config' build argument 'catkin_skip_building_tests' from command line to 'False'
[1.993s] DEBUG:colcon.colcon_core.verb:Building package 'uorover_moveit_config' with the following arguments: {'ament_cmake_args': None, 'build_base': '/home/luka/ws_moveit2/build/uorover_moveit_config', 'catkin_cmake_args': None, 'catkin_skip_building_tests': False, 'cmake_args': None, 'cmake_clean_cache': False, 'cmake_clean_first': False, 'cmake_force_configure': False, 'cmake_target': None, 'cmake_target_skip_unavailable': False, 'install_base': '/home/luka/ws_moveit2/install/uorover_moveit_config', 'merge_install': False, 'path': '/home/luka/ws_moveit2/src/uorover_moveit_config', 'symlink_install': False, 'test_result_base': None}
[2.011s] INFO:colcon.colcon_core.executor:Executing jobs using 'parallel' executor
[2.030s] DEBUG:colcon.colcon_parallel_executor.executor.parallel:run_until_complete
[2.030s] INFO:colcon.colcon_ros.task.ament_python.build:Building ROS package in '/home/luka/ws_moveit2/src/uorover_arm' with build type 'ament_python'
[2.030s] Level 1:colcon.colcon_core.shell:create_environment_hook('uorover_arm', 'ament_prefix_path')
[2.051s] INFO:colcon.colcon_core.plugin_system:Skipping extension 'colcon_core.shell.bat': Not used on non-Windows systems
[2.051s] INFO:colcon.colcon_core.shell:Creating environment hook '/home/luka/ws_moveit2/install/uorover_arm/share/uorover_arm/hook/ament_prefix_path.ps1'
[2.052s] INFO:colcon.colcon_core.shell:Creating environment descriptor '/home/luka/ws_moveit2/install/uorover_arm/share/uorover_arm/hook/ament_prefix_path.dsv'
[2.052s] INFO:colcon.colcon_core.shell:Creating environment hook '/home/luka/ws_moveit2/install/uorover_arm/share/uorover_arm/hook/ament_prefix_path.sh'
[2.078s] INFO:colcon.colcon_core.shell:Skip shell extension 'powershell' for command environment: Not usable outside of PowerShell
[2.078s] DEBUG:colcon.colcon_core.shell:Skip shell extension 'dsv' for command environment
[2.156s] INFO:colcon.colcon_ros.task.ament_cmake.build:Building ROS package in '/home/luka/ws_moveit2/src/example_7' with build type 'ament_cmake'
[2.156s] INFO:colcon.colcon_cmake.task.cmake.build:Building CMake package in '/home/luka/ws_moveit2/src/example_7'
[2.179s] INFO:colcon.colcon_core.shell:Skip shell extension 'powershell' for command environment: Not usable outside of PowerShell
[2.179s] DEBUG:colcon.colcon_core.shell:Skip shell extension 'dsv' for command environment
[2.262s] INFO:colcon.colcon_ros.task.ament_cmake.build:Building ROS package in '/home/luka/ws_moveit2/src/uorover_ik' with build type 'ament_cmake'
[2.263s] INFO:colcon.colcon_cmake.task.cmake.build:Building CMake package in '/home/luka/ws_moveit2/src/uorover_ik'
[2.284s] INFO:colcon.colcon_core.shell:Skip shell extension 'powershell' for command environment: Not usable outside of PowerShell
[2.284s] DEBUG:colcon.colcon_core.shell:Skip shell extension 'dsv' for command environment
[2.683s] INFO:colcon.colcon_core.task.python.build:Building Python package in '/home/luka/ws_moveit2/src/uorover_arm'
[2.702s] INFO:colcon.colcon_core.shell:Skip shell extension 'powershell' for command environment: Not usable outside of PowerShell
[2.702s] DEBUG:colcon.colcon_core.shell:Skip shell extension 'dsv' for command environment
[2.784s] DEBUG:colcon.colcon_core.event_handler.log_command:Invoking command in '/home/luka/ws_moveit2/build/ros2_control_demo_example_7': CMAKE_PREFIX_PATH=${CMAKE_PREFIX_PATH}:/home/luka/rover_workspace/install/robotic_arm_controls:/home/luka/rover_workspace/install/ld_controls:/home/luka/rover_workspace/install/gps_node:/home/luka/rover_workspace/install/camera_nodes:/home/luka/rover_workspace/install/drive_urdf:/home/luka/rover_workspace/install/drive_controls:/home/luka/rover_workspace/install/autonomous_navigation:/home/luka/ws_moveit2/install/uorover_arm:/opt/ros/humble /usr/bin/cmake /home/luka/ws_moveit2/src/example_7 -DCMAKE_INSTALL_PREFIX=/home/luka/ws_moveit2/install/ros2_control_demo_example_7
[2.789s] DEBUG:colcon.colcon_core.event_handler.log_command:Invoking command in '/home/luka/ws_moveit2/build/uorover_ik': CMAKE_PREFIX_PATH=${CMAKE_PREFIX_PATH}:/home/luka/rover_workspace/install/robotic_arm_controls:/home/luka/rover_workspace/install/ld_controls:/home/luka/rover_workspace/install/gps_node:/home/luka/rover_workspace/install/camera_nodes:/home/luka/rover_workspace/install/drive_urdf:/home/luka/rover_workspace/install/drive_controls:/home/luka/rover_workspace/install/autonomous_navigation:/home/luka/ws_moveit2/install/uorover_arm:/opt/ros/humble /usr/bin/cmake /home/luka/ws_moveit2/src/uorover_ik -DCMAKE_INSTALL_PREFIX=/home/luka/ws_moveit2/install/uorover_ik
[3.225s] DEBUG:colcon.colcon_core.event_handler.log_command:Invoking command in '/home/luka/ws_moveit2/src/uorover_arm': PYTHONPATH=/home/luka/ws_moveit2/build/uorover_arm/prefix_override:/home/luka/ws_moveit2/install/uorover_arm/lib/python3.10/site-packages:${PYTHONPATH} /usr/bin/python3 setup.py egg_info --egg-base ../../build/uorover_arm build --build-base /home/luka/ws_moveit2/build/uorover_arm/build install --record /home/luka/ws_moveit2/build/uorover_arm/install.log --single-version-externally-managed
[3.618s] DEBUG:colcon.colcon_core.event_handler.log_command:Invoked command in '/home/luka/ws_moveit2/src/uorover_arm' returned '0': PYTHONPATH=/home/luka/ws_moveit2/build/uorover_arm/prefix_override:/home/luka/ws_moveit2/install/uorover_arm/lib/python3.10/site-packages:${PYTHONPATH} /usr/bin/python3 setup.py egg_info --egg-base ../../build/uorover_arm build --build-base /home/luka/ws_moveit2/build/uorover_arm/build install --record /home/luka/ws_moveit2/build/uorover_arm/install.log --single-version-externally-managed
[3.642s] Level 1:colcon.colcon_core.environment:checking '/home/luka/ws_moveit2/install/uorover_arm' for CMake module files
[3.642s] Level 1:colcon.colcon_core.environment:checking '/home/luka/ws_moveit2/install/uorover_arm' for CMake config files
[3.643s] Level 1:colcon.colcon_core.environment:checking '/home/luka/ws_moveit2/install/uorover_arm/lib'
[3.643s] Level 1:colcon.colcon_core.environment:checking '/home/luka/ws_moveit2/install/uorover_arm/bin'
[3.643s] Level 1:colcon.colcon_core.environment:checking '/home/luka/ws_moveit2/install/uorover_arm/lib/pkgconfig/uorover_arm.pc'
[3.643s] Level 1:colcon.colcon_core.environment:checking '/home/luka/ws_moveit2/install/uorover_arm/lib/python3.10/site-packages'
[3.643s] Level 1:colcon.colcon_core.shell:create_environment_hook('uorover_arm', 'pythonpath')
[3.663s] INFO:colcon.colcon_core.shell:Creating environment hook '/home/luka/ws_moveit2/install/uorover_arm/share/uorover_arm/hook/pythonpath.ps1'
[3.664s] INFO:colcon.colcon_core.shell:Creating environment descriptor '/home/luka/ws_moveit2/install/uorover_arm/share/uorover_arm/hook/pythonpath.dsv'
[3.664s] INFO:colcon.colcon_core.shell:Creating environment hook '/home/luka/ws_moveit2/install/uorover_arm/share/uorover_arm/hook/pythonpath.sh'
[3.665s] Level 1:colcon.colcon_core.environment:checking '/home/luka/ws_moveit2/install/uorover_arm/bin'
[3.665s] Level 1:colcon.colcon_core.environment:create_environment_scripts_only(uorover_arm)
[3.686s] INFO:colcon.colcon_core.shell:Creating package script '/home/luka/ws_moveit2/install/uorover_arm/share/uorover_arm/package.ps1'
[3.687s] INFO:colcon.colcon_core.shell:Creating package descriptor '/home/luka/ws_moveit2/install/uorover_arm/share/uorover_arm/package.dsv'
[3.687s] INFO:colcon.colcon_core.shell:Creating package script '/home/luka/ws_moveit2/install/uorover_arm/share/uorover_arm/package.sh'
[3.688s] INFO:colcon.colcon_core.shell:Creating package script '/home/luka/ws_moveit2/install/uorover_arm/share/uorover_arm/package.bash'
[3.688s] INFO:colcon.colcon_core.shell:Creating package script '/home/luka/ws_moveit2/install/uorover_arm/share/uorover_arm/package.zsh'
[3.689s] Level 1:colcon.colcon_core.environment:create_file_with_runtime_dependencies(/home/luka/ws_moveit2/install/uorover_arm/share/colcon-core/packages/uorover_arm)
[3.689s] INFO:colcon.colcon_ros.task.ament_cmake.build:Building ROS package in '/home/luka/ws_moveit2/src/uorover_moveit_config' with build type 'ament_cmake'
[3.689s] INFO:colcon.colcon_cmake.task.cmake.build:Building CMake package in '/home/luka/ws_moveit2/src/uorover_moveit_config'
[3.711s] INFO:colcon.colcon_core.shell:Skip shell extension 'powershell' for command environment: Not usable outside of PowerShell
[3.712s] DEBUG:colcon.colcon_core.shell:Skip shell extension 'dsv' for command environment
[3.807s] DEBUG:colcon.colcon_core.event_handler.log_command:Invoking command in '/home/luka/ws_moveit2/build/uorover_moveit_config': AMENT_PREFIX_PATH=/home/luka/ws_moveit2/install/uorover_arm:/home/luka/rover_workspace/install/robotic_arm_controls:/home/luka/rover_workspace/install/ld_controls:/home/luka/rover_workspace/install/gps_node:/home/luka/rover_workspace/install/chassis_controls:/home/luka/rover_workspace/install/camera_nodes:/home/luka/rover_workspace/install/general_interfaces:/home/luka/rover_workspace/install/drive_urdf:/home/luka/rover_workspace/install/drive_controls:/home/luka/rover_workspace/install/autonomous_navigation:/home/luka/ws_moveit2/install/uorover_moveit_config:/home/luka/ws_moveit2/install/uorover_ik:/home/luka/ws_moveit2/install/ros2_control_demo_example_7:/opt/ros/humble CMAKE_PREFIX_PATH=${CMAKE_PREFIX_PATH}:/home/luka/rover_workspace/install/robotic_arm_controls:/home/luka/rover_workspace/install/ld_controls:/home/luka/rover_workspace/install/gps_node:/home/luka/rover_workspace/install/camera_nodes:/home/luka/rover_workspace/install/drive_urdf:/home/luka/rover_workspace/install/drive_controls:/home/luka/rover_workspace/install/autonomous_navigation:/home/luka/ws_moveit2/install/uorover_arm:/opt/ros/humble PYTHONPATH=/home/luka/ws_moveit2/install/uorover_arm/lib/python3.10/site-packages:/home/luka/rover_workspace/install/robotic_arm_controls/lib/python3.10/site-packages:/home/luka/rover_workspace/install/ld_controls/lib/python3.10/site-packages:/home/luka/rover_workspace/install/gps_node/lib/python3.10/site-packages:/home/luka/rover_workspace/install/camera_nodes/lib/python3.10/site-packages:/home/luka/rover_workspace/install/general_interfaces/local/lib/python3.10/dist-packages:/home/luka/rover_workspace/install/drive_urdf/lib/python3.10/site-packages:/home/luka/rover_workspace/install/drive_controls/lib/python3.10/site-packages:/home/luka/rover_workspace/install/autonomous_navigation/lib/python3.10/site-packages:/opt/ros/humble/lib/python3.10/site-packages:/opt/ros/humble/local/lib/python3.10/dist-packages /usr/bin/cmake /home/luka/ws_moveit2/src/uorover_moveit_config -DCMAKE_INSTALL_PREFIX=/home/luka/ws_moveit2/install/uorover_moveit_config
[4.410s] DEBUG:colcon.colcon_core.event_handler.log_command:Invoked command in '/home/luka/ws_moveit2/build/uorover_moveit_config' returned '0': AMENT_PREFIX_PATH=/home/luka/ws_moveit2/install/uorover_arm:/home/luka/rover_workspace/install/robotic_arm_controls:/home/luka/rover_workspace/install/ld_controls:/home/luka/rover_workspace/install/gps_node:/home/luka/rover_workspace/install/chassis_controls:/home/luka/rover_workspace/install/camera_nodes:/home/luka/rover_workspace/install/general_interfaces:/home/luka/rover_workspace/install/drive_urdf:/home/luka/rover_workspace/install/drive_controls:/home/luka/rover_workspace/install/autonomous_navigation:/home/luka/ws_moveit2/install/uorover_moveit_config:/home/luka/ws_moveit2/install/uorover_ik:/home/luka/ws_moveit2/install/ros2_control_demo_example_7:/opt/ros/humble CMAKE_PREFIX_PATH=${CMAKE_PREFIX_PATH}:/home/luka/rover_workspace/install/robotic_arm_controls:/home/luka/rover_workspace/install/ld_controls:/home/luka/rover_workspace/install/gps_node:/home/luka/rover_workspace/install/camera_nodes:/home/luka/rover_workspace/install/drive_urdf:/home/luka/rover_workspace/install/drive_controls:/home/luka/rover_workspace/install/autonomous_navigation:/home/luka/ws_moveit2/install/uorover_arm:/opt/ros/humble PYTHONPATH=/home/luka/ws_moveit2/install/uorover_arm/lib/python3.10/site-packages:/home/luka/rover_workspace/install/robotic_arm_controls/lib/python3.10/site-packages:/home/luka/rover_workspace/install/ld_controls/lib/python3.10/site-packages:/home/luka/rover_workspace/install/gps_node/lib/python3.10/site-packages:/home/luka/rover_workspace/install/camera_nodes/lib/python3.10/site-packages:/home/luka/rover_workspace/install/general_interfaces/local/lib/python3.10/dist-packages:/home/luka/rover_workspace/install/drive_urdf/lib/python3.10/site-packages:/home/luka/rover_workspace/install/drive_controls/lib/python3.10/site-packages:/home/luka/rover_workspace/install/autonomous_navigation/lib/python3.10/site-packages:/opt/ros/humble/lib/python3.10/site-packages:/opt/ros/humble/local/lib/python3.10/dist-packages /usr/bin/cmake /home/luka/ws_moveit2/src/uorover_moveit_config -DCMAKE_INSTALL_PREFIX=/home/luka/ws_moveit2/install/uorover_moveit_config
[4.412s] DEBUG:colcon.colcon_core.event_handler.log_command:Invoking command in '/home/luka/ws_moveit2/build/uorover_moveit_config': AMENT_PREFIX_PATH=/home/luka/ws_moveit2/install/uorover_arm:/home/luka/rover_workspace/install/robotic_arm_controls:/home/luka/rover_workspace/install/ld_controls:/home/luka/rover_workspace/install/gps_node:/home/luka/rover_workspace/install/chassis_controls:/home/luka/rover_workspace/install/camera_nodes:/home/luka/rover_workspace/install/general_interfaces:/home/luka/rover_workspace/install/drive_urdf:/home/luka/rover_workspace/install/drive_controls:/home/luka/rover_workspace/install/autonomous_navigation:/home/luka/ws_moveit2/install/uorover_moveit_config:/home/luka/ws_moveit2/install/uorover_ik:/home/luka/ws_moveit2/install/ros2_control_demo_example_7:/opt/ros/humble CMAKE_PREFIX_PATH=${CMAKE_PREFIX_PATH}:/home/luka/rover_workspace/install/robotic_arm_controls:/home/luka/rover_workspace/install/ld_controls:/home/luka/rover_workspace/install/gps_node:/home/luka/rover_workspace/install/camera_nodes:/home/luka/rover_workspace/install/drive_urdf:/home/luka/rover_workspace/install/drive_controls:/home/luka/rover_workspace/install/autonomous_navigation:/home/luka/ws_moveit2/install/uorover_arm:/opt/ros/humble PYTHONPATH=/home/luka/ws_moveit2/install/uorover_arm/lib/python3.10/site-packages:/home/luka/rover_workspace/install/robotic_arm_controls/lib/python3.10/site-packages:/home/luka/rover_workspace/install/ld_controls/lib/python3.10/site-packages:/home/luka/rover_workspace/install/gps_node/lib/python3.10/site-packages:/home/luka/rover_workspace/install/camera_nodes/lib/python3.10/site-packages:/home/luka/rover_workspace/install/general_interfaces/local/lib/python3.10/dist-packages:/home/luka/rover_workspace/install/drive_urdf/lib/python3.10/site-packages:/home/luka/rover_workspace/install/drive_controls/lib/python3.10/site-packages:/home/luka/rover_workspace/install/autonomous_navigation/lib/python3.10/site-packages:/opt/ros/humble/lib/python3.10/site-packages:/opt/ros/humble/local/lib/python3.10/dist-packages /usr/bin/cmake --build /home/luka/ws_moveit2/build/uorover_moveit_config -- -j12 -l12
[4.448s] DEBUG:colcon.colcon_core.event_handler.log_command:Invoked command in '/home/luka/ws_moveit2/build/uorover_moveit_config' returned '0': AMENT_PREFIX_PATH=/home/luka/ws_moveit2/install/uorover_arm:/home/luka/rover_workspace/install/robotic_arm_controls:/home/luka/rover_workspace/install/ld_controls:/home/luka/rover_workspace/install/gps_node:/home/luka/rover_workspace/install/chassis_controls:/home/luka/rover_workspace/install/camera_nodes:/home/luka/rover_workspace/install/general_interfaces:/home/luka/rover_workspace/install/drive_urdf:/home/luka/rover_workspace/install/drive_controls:/home/luka/rover_workspace/install/autonomous_navigation:/home/luka/ws_moveit2/install/uorover_moveit_config:/home/luka/ws_moveit2/install/uorover_ik:/home/luka/ws_moveit2/install/ros2_control_demo_example_7:/opt/ros/humble CMAKE_PREFIX_PATH=${CMAKE_PREFIX_PATH}:/home/luka/rover_workspace/install/robotic_arm_controls:/home/luka/rover_workspace/install/ld_controls:/home/luka/rover_workspace/install/gps_node:/home/luka/rover_workspace/install/camera_nodes:/home/luka/rover_workspace/install/drive_urdf:/home/luka/rover_workspace/install/drive_controls:/home/luka/rover_workspace/install/autonomous_navigation:/home/luka/ws_moveit2/install/uorover_arm:/opt/ros/humble PYTHONPATH=/home/luka/ws_moveit2/install/uorover_arm/lib/python3.10/site-packages:/home/luka/rover_workspace/install/robotic_arm_controls/lib/python3.10/site-packages:/home/luka/rover_workspace/install/ld_controls/lib/python3.10/site-packages:/home/luka/rover_workspace/install/gps_node/lib/python3.10/site-packages:/home/luka/rover_workspace/install/camera_nodes/lib/python3.10/site-packages:/home/luka/rover_workspace/install/general_interfaces/local/lib/python3.10/dist-packages:/home/luka/rover_workspace/install/drive_urdf/lib/python3.10/site-packages:/home/luka/rover_workspace/install/drive_controls/lib/python3.10/site-packages:/home/luka/rover_workspace/install/autonomous_navigation/lib/python3.10/site-packages:/opt/ros/humble/lib/python3.10/site-packages:/opt/ros/humble/local/lib/python3.10/dist-packages /usr/bin/cmake --build /home/luka/ws_moveit2/build/uorover_moveit_config -- -j12 -l12
[4.483s] DEBUG:colcon.colcon_core.event_handler.log_command:Invoking command in '/home/luka/ws_moveit2/build/uorover_moveit_config': AMENT_PREFIX_PATH=/home/luka/ws_moveit2/install/uorover_arm:/home/luka/rover_workspace/install/robotic_arm_controls:/home/luka/rover_workspace/install/ld_controls:/home/luka/rover_workspace/install/gps_node:/home/luka/rover_workspace/install/chassis_controls:/home/luka/rover_workspace/install/camera_nodes:/home/luka/rover_workspace/install/general_interfaces:/home/luka/rover_workspace/install/drive_urdf:/home/luka/rover_workspace/install/drive_controls:/home/luka/rover_workspace/install/autonomous_navigation:/home/luka/ws_moveit2/install/uorover_moveit_config:/home/luka/ws_moveit2/install/uorover_ik:/home/luka/ws_moveit2/install/ros2_control_demo_example_7:/opt/ros/humble CMAKE_PREFIX_PATH=${CMAKE_PREFIX_PATH}:/home/luka/rover_workspace/install/robotic_arm_controls:/home/luka/rover_workspace/install/ld_controls:/home/luka/rover_workspace/install/gps_node:/home/luka/rover_workspace/install/camera_nodes:/home/luka/rover_workspace/install/drive_urdf:/home/luka/rover_workspace/install/drive_controls:/home/luka/rover_workspace/install/autonomous_navigation:/home/luka/ws_moveit2/install/uorover_arm:/opt/ros/humble PYTHONPATH=/home/luka/ws_moveit2/install/uorover_arm/lib/python3.10/site-packages:/home/luka/rover_workspace/install/robotic_arm_controls/lib/python3.10/site-packages:/home/luka/rover_workspace/install/ld_controls/lib/python3.10/site-packages:/home/luka/rover_workspace/install/gps_node/lib/python3.10/site-packages:/home/luka/rover_workspace/install/camera_nodes/lib/python3.10/site-packages:/home/luka/rover_workspace/install/general_interfaces/local/lib/python3.10/dist-packages:/home/luka/rover_workspace/install/drive_urdf/lib/python3.10/site-packages:/home/luka/rover_workspace/install/drive_controls/lib/python3.10/site-packages:/home/luka/rover_workspace/install/autonomous_navigation/lib/python3.10/site-packages:/opt/ros/humble/lib/python3.10/site-packages:/opt/ros/humble/local/lib/python3.10/dist-packages /usr/bin/cmake --install /home/luka/ws_moveit2/build/uorover_moveit_config
[4.496s] Level 1:colcon.colcon_core.environment:create_environment_scripts_only(uorover_moveit_config)
[4.496s] DEBUG:colcon.colcon_core.event_handler.log_command:Invoked command in '/home/luka/ws_moveit2/build/uorover_moveit_config' returned '0': AMENT_PREFIX_PATH=/home/luka/ws_moveit2/install/uorover_arm:/home/luka/rover_workspace/install/robotic_arm_controls:/home/luka/rover_workspace/install/ld_controls:/home/luka/rover_workspace/install/gps_node:/home/luka/rover_workspace/install/chassis_controls:/home/luka/rover_workspace/install/camera_nodes:/home/luka/rover_workspace/install/general_interfaces:/home/luka/rover_workspace/install/drive_urdf:/home/luka/rover_workspace/install/drive_controls:/home/luka/rover_workspace/install/autonomous_navigation:/home/luka/ws_moveit2/install/uorover_moveit_config:/home/luka/ws_moveit2/install/uorover_ik:/home/luka/ws_moveit2/install/ros2_control_demo_example_7:/opt/ros/humble CMAKE_PREFIX_PATH=${CMAKE_PREFIX_PATH}:/home/luka/rover_workspace/install/robotic_arm_controls:/home/luka/rover_workspace/install/ld_controls:/home/luka/rover_workspace/install/gps_node:/home/luka/rover_workspace/install/camera_nodes:/home/luka/rover_workspace/install/drive_urdf:/home/luka/rover_workspace/install/drive_controls:/home/luka/rover_workspace/install/autonomous_navigation:/home/luka/ws_moveit2/install/uorover_arm:/opt/ros/humble PYTHONPATH=/home/luka/ws_moveit2/install/uorover_arm/lib/python3.10/site-packages:/home/luka/rover_workspace/install/robotic_arm_controls/lib/python3.10/site-packages:/home/luka/rover_workspace/install/ld_controls/lib/python3.10/site-packages:/home/luka/rover_workspace/install/gps_node/lib/python3.10/site-packages:/home/luka/rover_workspace/install/camera_nodes/lib/python3.10/site-packages:/home/luka/rover_workspace/install/general_interfaces/local/lib/python3.10/dist-packages:/home/luka/rover_workspace/install/drive_urdf/lib/python3.10/site-packages:/home/luka/rover_workspace/install/drive_controls/lib/python3.10/site-packages:/home/luka/rover_workspace/install/autonomous_navigation/lib/python3.10/site-packages:/opt/ros/humble/lib/python3.10/site-packages:/opt/ros/humble/local/lib/python3.10/dist-packages /usr/bin/cmake --install /home/luka/ws_moveit2/build/uorover_moveit_config
[4.517s] Level 1:colcon.colcon_core.environment:checking '/home/luka/ws_moveit2/install/uorover_moveit_config' for CMake module files
[4.517s] Level 1:colcon.colcon_core.environment:checking '/home/luka/ws_moveit2/install/uorover_moveit_config' for CMake config files
[4.517s] Level 1:colcon.colcon_core.shell:create_environment_hook('uorover_moveit_config', 'cmake_prefix_path')
[4.538s] INFO:colcon.colcon_core.shell:Creating environment hook '/home/luka/ws_moveit2/install/uorover_moveit_config/share/uorover_moveit_config/hook/cmake_prefix_path.ps1'
[4.538s] INFO:colcon.colcon_core.shell:Creating environment descriptor '/home/luka/ws_moveit2/install/uorover_moveit_config/share/uorover_moveit_config/hook/cmake_prefix_path.dsv'
[4.538s] INFO:colcon.colcon_core.shell:Creating environment hook '/home/luka/ws_moveit2/install/uorover_moveit_config/share/uorover_moveit_config/hook/cmake_prefix_path.sh'
[4.539s] Level 1:colcon.colcon_core.environment:checking '/home/luka/ws_moveit2/install/uorover_moveit_config/bin'
[4.539s] Level 1:colcon.colcon_core.environment:checking '/home/luka/ws_moveit2/install/uorover_moveit_config/lib/pkgconfig/uorover_moveit_config.pc'
[4.539s] Level 1:colcon.colcon_core.environment:checking '/home/luka/ws_moveit2/install/uorover_moveit_config/lib/python3.10/site-packages'
[4.539s] Level 1:colcon.colcon_core.environment:checking '/home/luka/ws_moveit2/install/uorover_moveit_config/bin'
[4.560s] INFO:colcon.colcon_core.shell:Creating package script '/home/luka/ws_moveit2/install/uorover_moveit_config/share/uorover_moveit_config/package.ps1'
[4.560s] INFO:colcon.colcon_core.shell:Creating package descriptor '/home/luka/ws_moveit2/install/uorover_moveit_config/share/uorover_moveit_config/package.dsv'
[4.560s] INFO:colcon.colcon_core.shell:Creating package script '/home/luka/ws_moveit2/install/uorover_moveit_config/share/uorover_moveit_config/package.sh'
[4.560s] INFO:colcon.colcon_core.shell:Creating package script '/home/luka/ws_moveit2/install/uorover_moveit_config/share/uorover_moveit_config/package.bash'
[4.561s] INFO:colcon.colcon_core.shell:Creating package script '/home/luka/ws_moveit2/install/uorover_moveit_config/share/uorover_moveit_config/package.zsh'
[4.561s] Level 1:colcon.colcon_core.environment:create_file_with_runtime_dependencies(/home/luka/ws_moveit2/install/uorover_moveit_config/share/colcon-core/packages/uorover_moveit_config)
[4.606s] Level 1:colcon.colcon_core.environment:create_environment_scripts_only(uorover_moveit_config)
[4.625s] Level 1:colcon.colcon_core.environment:checking '/home/luka/ws_moveit2/install/uorover_moveit_config' for CMake module files
[4.625s] Level 1:colcon.colcon_core.environment:checking '/home/luka/ws_moveit2/install/uorover_moveit_config' for CMake config files
[4.625s] Level 1:colcon.colcon_core.shell:create_environment_hook('uorover_moveit_config', 'cmake_prefix_path')
[4.645s] INFO:colcon.colcon_core.shell:Creating environment hook '/home/luka/ws_moveit2/install/uorover_moveit_config/share/uorover_moveit_config/hook/cmake_prefix_path.ps1'
[4.646s] INFO:colcon.colcon_core.shell:Creating environment descriptor '/home/luka/ws_moveit2/install/uorover_moveit_config/share/uorover_moveit_config/hook/cmake_prefix_path.dsv'
[4.646s] INFO:colcon.colcon_core.shell:Creating environment hook '/home/luka/ws_moveit2/install/uorover_moveit_config/share/uorover_moveit_config/hook/cmake_prefix_path.sh'
[4.646s] Level 1:colcon.colcon_core.environment:checking '/home/luka/ws_moveit2/install/uorover_moveit_config/bin'
[4.646s] Level 1:colcon.colcon_core.environment:checking '/home/luka/ws_moveit2/install/uorover_moveit_config/lib/pkgconfig/uorover_moveit_config.pc'
[4.647s] Level 1:colcon.colcon_core.environment:checking '/home/luka/ws_moveit2/install/uorover_moveit_config/lib/python3.10/site-packages'
[4.647s] Level 1:colcon.colcon_core.environment:checking '/home/luka/ws_moveit2/install/uorover_moveit_config/bin'
[4.670s] INFO:colcon.colcon_core.shell:Creating package script '/home/luka/ws_moveit2/install/uorover_moveit_config/share/uorover_moveit_config/package.ps1'
[4.671s] INFO:colcon.colcon_core.shell:Creating package descriptor '/home/luka/ws_moveit2/install/uorover_moveit_config/share/uorover_moveit_config/package.dsv'
[4.671s] INFO:colcon.colcon_core.shell:Creating package script '/home/luka/ws_moveit2/install/uorover_moveit_config/share/uorover_moveit_config/package.sh'
[4.671s] INFO:colcon.colcon_core.shell:Creating package script '/home/luka/ws_moveit2/install/uorover_moveit_config/share/uorover_moveit_config/package.bash'
[4.672s] INFO:colcon.colcon_core.shell:Creating package script '/home/luka/ws_moveit2/install/uorover_moveit_config/share/uorover_moveit_config/package.zsh'
[4.672s] Level 1:colcon.colcon_core.environment:create_file_with_runtime_dependencies(/home/luka/ws_moveit2/install/uorover_moveit_config/share/colcon-core/packages/uorover_moveit_config)
[5.621s] DEBUG:colcon.colcon_core.event_handler.log_command:Invoked command in '/home/luka/ws_moveit2/build/ros2_control_demo_example_7' returned '0': CMAKE_PREFIX_PATH=${CMAKE_PREFIX_PATH}:/home/luka/rover_workspace/install/robotic_arm_controls:/home/luka/rover_workspace/install/ld_controls:/home/luka/rover_workspace/install/gps_node:/home/luka/rover_workspace/install/camera_nodes:/home/luka/rover_workspace/install/drive_urdf:/home/luka/rover_workspace/install/drive_controls:/home/luka/rover_workspace/install/autonomous_navigation:/home/luka/ws_moveit2/install/uorover_arm:/opt/ros/humble /usr/bin/cmake /home/luka/ws_moveit2/src/example_7 -DCMAKE_INSTALL_PREFIX=/home/luka/ws_moveit2/install/ros2_control_demo_example_7
[5.622s] DEBUG:colcon.colcon_core.event_handler.log_command:Invoking command in '/home/luka/ws_moveit2/build/ros2_control_demo_example_7': CMAKE_PREFIX_PATH=${CMAKE_PREFIX_PATH}:/home/luka/rover_workspace/install/robotic_arm_controls:/home/luka/rover_workspace/install/ld_controls:/home/luka/rover_workspace/install/gps_node:/home/luka/rover_workspace/install/camera_nodes:/home/luka/rover_workspace/install/drive_urdf:/home/luka/rover_workspace/install/drive_controls:/home/luka/rover_workspace/install/autonomous_navigation:/home/luka/ws_moveit2/install/uorover_arm:/opt/ros/humble /usr/bin/cmake --build /home/luka/ws_moveit2/build/ros2_control_demo_example_7 -- -j12 -l12
[7.519s] DEBUG:colcon.colcon_core.event_handler.log_command:Invoked command in '/home/luka/ws_moveit2/build/uorover_ik' returned '0': CMAKE_PREFIX_PATH=${CMAKE_PREFIX_PATH}:/home/luka/rover_workspace/install/robotic_arm_controls:/home/luka/rover_workspace/install/ld_controls:/home/luka/rover_workspace/install/gps_node:/home/luka/rover_workspace/install/camera_nodes:/home/luka/rover_workspace/install/drive_urdf:/home/luka/rover_workspace/install/drive_controls:/home/luka/rover_workspace/install/autonomous_navigation:/home/luka/ws_moveit2/install/uorover_arm:/opt/ros/humble /usr/bin/cmake /home/luka/ws_moveit2/src/uorover_ik -DCMAKE_INSTALL_PREFIX=/home/luka/ws_moveit2/install/uorover_ik
[7.521s] DEBUG:colcon.colcon_core.event_handler.log_command:Invoking command in '/home/luka/ws_moveit2/build/uorover_ik': CMAKE_PREFIX_PATH=${CMAKE_PREFIX_PATH}:/home/luka/rover_workspace/install/robotic_arm_controls:/home/luka/rover_workspace/install/ld_controls:/home/luka/rover_workspace/install/gps_node:/home/luka/rover_workspace/install/camera_nodes:/home/luka/rover_workspace/install/drive_urdf:/home/luka/rover_workspace/install/drive_controls:/home/luka/rover_workspace/install/autonomous_navigation:/home/luka/ws_moveit2/install/uorover_arm:/opt/ros/humble /usr/bin/cmake --build /home/luka/ws_moveit2/build/uorover_ik -- -j12 -l12
[14.751s] DEBUG:colcon.colcon_core.event_handler.log_command:Invoked command in '/home/luka/ws_moveit2/build/ros2_control_demo_example_7' returned '0': CMAKE_PREFIX_PATH=${CMAKE_PREFIX_PATH}:/home/luka/rover_workspace/install/robotic_arm_controls:/home/luka/rover_workspace/install/ld_controls:/home/luka/rover_workspace/install/gps_node:/home/luka/rover_workspace/install/camera_nodes:/home/luka/rover_workspace/install/drive_urdf:/home/luka/rover_workspace/install/drive_controls:/home/luka/rover_workspace/install/autonomous_navigation:/home/luka/ws_moveit2/install/uorover_arm:/opt/ros/humble /usr/bin/cmake --build /home/luka/ws_moveit2/build/ros2_control_demo_example_7 -- -j12 -l12
[14.783s] DEBUG:colcon.colcon_core.event_handler.log_command:Invoking command in '/home/luka/ws_moveit2/build/ros2_control_demo_example_7': CMAKE_PREFIX_PATH=${CMAKE_PREFIX_PATH}:/home/luka/rover_workspace/install/robotic_arm_controls:/home/luka/rover_workspace/install/ld_controls:/home/luka/rover_workspace/install/gps_node:/home/luka/rover_workspace/install/camera_nodes:/home/luka/rover_workspace/install/drive_urdf:/home/luka/rover_workspace/install/drive_controls:/home/luka/rover_workspace/install/autonomous_navigation:/home/luka/ws_moveit2/install/uorover_arm:/opt/ros/humble /usr/bin/cmake --install /home/luka/ws_moveit2/build/ros2_control_demo_example_7
[14.810s] Level 1:colcon.colcon_core.environment:create_environment_scripts_only(ros2_control_demo_example_7)
[14.810s] DEBUG:colcon.colcon_core.event_handler.log_command:Invoked command in '/home/luka/ws_moveit2/build/ros2_control_demo_example_7' returned '0': CMAKE_PREFIX_PATH=${CMAKE_PREFIX_PATH}:/home/luka/rover_workspace/install/robotic_arm_controls:/home/luka/rover_workspace/install/ld_controls:/home/luka/rover_workspace/install/gps_node:/home/luka/rover_workspace/install/camera_nodes:/home/luka/rover_workspace/install/drive_urdf:/home/luka/rover_workspace/install/drive_controls:/home/luka/rover_workspace/install/autonomous_navigation:/home/luka/ws_moveit2/install/uorover_arm:/opt/ros/humble /usr/bin/cmake --install /home/luka/ws_moveit2/build/ros2_control_demo_example_7
[14.831s] Level 1:colcon.colcon_core.environment:checking '/home/luka/ws_moveit2/install/ros2_control_demo_example_7' for CMake module files
[14.831s] Level 1:colcon.colcon_core.environment:checking '/home/luka/ws_moveit2/install/ros2_control_demo_example_7' for CMake config files
[14.832s] Level 1:colcon.colcon_core.shell:create_environment_hook('ros2_control_demo_example_7', 'cmake_prefix_path')
[14.853s] INFO:colcon.colcon_core.shell:Creating environment hook '/home/luka/ws_moveit2/install/ros2_control_demo_example_7/share/ros2_control_demo_example_7/hook/cmake_prefix_path.ps1'
[14.853s] INFO:colcon.colcon_core.shell:Creating environment descriptor '/home/luka/ws_moveit2/install/ros2_control_demo_example_7/share/ros2_control_demo_example_7/hook/cmake_prefix_path.dsv'
[14.853s] INFO:colcon.colcon_core.shell:Creating environment hook '/home/luka/ws_moveit2/install/ros2_control_demo_example_7/share/ros2_control_demo_example_7/hook/cmake_prefix_path.sh'
[14.854s] Level 1:colcon.colcon_core.environment:checking '/home/luka/ws_moveit2/install/ros2_control_demo_example_7/lib'
[14.854s] Level 1:colcon.colcon_core.shell:create_environment_hook('ros2_control_demo_example_7', 'ld_library_path_lib')
[14.874s] INFO:colcon.colcon_core.shell:Creating environment hook '/home/luka/ws_moveit2/install/ros2_control_demo_example_7/share/ros2_control_demo_example_7/hook/ld_library_path_lib.ps1'
[14.875s] INFO:colcon.colcon_core.shell:Creating environment descriptor '/home/luka/ws_moveit2/install/ros2_control_demo_example_7/share/ros2_control_demo_example_7/hook/ld_library_path_lib.dsv'
[14.875s] INFO:colcon.colcon_core.shell:Creating environment hook '/home/luka/ws_moveit2/install/ros2_control_demo_example_7/share/ros2_control_demo_example_7/hook/ld_library_path_lib.sh'
[14.875s] Level 1:colcon.colcon_core.environment:checking '/home/luka/ws_moveit2/install/ros2_control_demo_example_7/bin'
[14.875s] Level 1:colcon.colcon_core.environment:checking '/home/luka/ws_moveit2/install/ros2_control_demo_example_7/lib/pkgconfig/ros2_control_demo_example_7.pc'
[14.875s] Level 1:colcon.colcon_core.environment:checking '/home/luka/ws_moveit2/install/ros2_control_demo_example_7/lib/python3.10/site-packages'
[14.876s] Level 1:colcon.colcon_core.environment:checking '/home/luka/ws_moveit2/install/ros2_control_demo_example_7/bin'
[14.898s] INFO:colcon.colcon_core.shell:Creating package script '/home/luka/ws_moveit2/install/ros2_control_demo_example_7/share/ros2_control_demo_example_7/package.ps1'
[14.900s] INFO:colcon.colcon_core.shell:Creating package descriptor '/home/luka/ws_moveit2/install/ros2_control_demo_example_7/share/ros2_control_demo_example_7/package.dsv'
[14.901s] INFO:colcon.colcon_core.shell:Creating package script '/home/luka/ws_moveit2/install/ros2_control_demo_example_7/share/ros2_control_demo_example_7/package.sh'
[14.901s] INFO:colcon.colcon_core.shell:Creating package script '/home/luka/ws_moveit2/install/ros2_control_demo_example_7/share/ros2_control_demo_example_7/package.bash'
[14.902s] INFO:colcon.colcon_core.shell:Creating package script '/home/luka/ws_moveit2/install/ros2_control_demo_example_7/share/ros2_control_demo_example_7/package.zsh'
[14.902s] Level 1:colcon.colcon_core.environment:create_file_with_runtime_dependencies(/home/luka/ws_moveit2/install/ros2_control_demo_example_7/share/colcon-core/packages/ros2_control_demo_example_7)
[14.953s] Level 1:colcon.colcon_core.environment:create_environment_scripts_only(ros2_control_demo_example_7)
[14.973s] Level 1:colcon.colcon_core.environment:checking '/home/luka/ws_moveit2/install/ros2_control_demo_example_7' for CMake module files
[14.974s] Level 1:colcon.colcon_core.environment:checking '/home/luka/ws_moveit2/install/ros2_control_demo_example_7' for CMake config files
[14.974s] Level 1:colcon.colcon_core.shell:create_environment_hook('ros2_control_demo_example_7', 'cmake_prefix_path')
[14.999s] INFO:colcon.colcon_core.shell:Creating environment hook '/home/luka/ws_moveit2/install/ros2_control_demo_example_7/share/ros2_control_demo_example_7/hook/cmake_prefix_path.ps1'
[15.000s] INFO:colcon.colcon_core.shell:Creating environment descriptor '/home/luka/ws_moveit2/install/ros2_control_demo_example_7/share/ros2_control_demo_example_7/hook/cmake_prefix_path.dsv'
[15.000s] INFO:colcon.colcon_core.shell:Creating environment hook '/home/luka/ws_moveit2/install/ros2_control_demo_example_7/share/ros2_control_demo_example_7/hook/cmake_prefix_path.sh'
[15.001s] Level 1:colcon.colcon_core.environment:checking '/home/luka/ws_moveit2/install/ros2_control_demo_example_7/lib'
[15.001s] Level 1:colcon.colcon_core.shell:create_environment_hook('ros2_control_demo_example_7', 'ld_library_path_lib')
[15.021s] INFO:colcon.colcon_core.shell:Creating environment hook '/home/luka/ws_moveit2/install/ros2_control_demo_example_7/share/ros2_control_demo_example_7/hook/ld_library_path_lib.ps1'
[15.021s] INFO:colcon.colcon_core.shell:Creating environment descriptor '/home/luka/ws_moveit2/install/ros2_control_demo_example_7/share/ros2_control_demo_example_7/hook/ld_library_path_lib.dsv'
[15.022s] INFO:colcon.colcon_core.shell:Creating environment hook '/home/luka/ws_moveit2/install/ros2_control_demo_example_7/share/ros2_control_demo_example_7/hook/ld_library_path_lib.sh'
[15.022s] Level 1:colcon.colcon_core.environment:checking '/home/luka/ws_moveit2/install/ros2_control_demo_example_7/bin'
[15.022s] Level 1:colcon.colcon_core.environment:checking '/home/luka/ws_moveit2/install/ros2_control_demo_example_7/lib/pkgconfig/ros2_control_demo_example_7.pc'
[15.022s] Level 1:colcon.colcon_core.environment:checking '/home/luka/ws_moveit2/install/ros2_control_demo_example_7/lib/python3.10/site-packages'
[15.023s] Level 1:colcon.colcon_core.environment:checking '/home/luka/ws_moveit2/install/ros2_control_demo_example_7/bin'
[15.043s] INFO:colcon.colcon_core.shell:Creating package script '/home/luka/ws_moveit2/install/ros2_control_demo_example_7/share/ros2_control_demo_example_7/package.ps1'
[15.044s] INFO:colcon.colcon_core.shell:Creating package descriptor '/home/luka/ws_moveit2/install/ros2_control_demo_example_7/share/ros2_control_demo_example_7/package.dsv'
[15.044s] INFO:colcon.colcon_core.shell:Creating package script '/home/luka/ws_moveit2/install/ros2_control_demo_example_7/share/ros2_control_demo_example_7/package.sh'
[15.044s] INFO:colcon.colcon_core.shell:Creating package script '/home/luka/ws_moveit2/install/ros2_control_demo_example_7/share/ros2_control_demo_example_7/package.bash'
[15.045s] INFO:colcon.colcon_core.shell:Creating package script '/home/luka/ws_moveit2/install/ros2_control_demo_example_7/share/ros2_control_demo_example_7/package.zsh'
[15.045s] Level 1:colcon.colcon_core.environment:create_file_with_runtime_dependencies(/home/luka/ws_moveit2/install/ros2_control_demo_example_7/share/colcon-core/packages/ros2_control_demo_example_7)
[18.737s] DEBUG:colcon.colcon_core.event_handler.log_command:Invoked command in '/home/luka/ws_moveit2/build/uorover_ik' returned '0': CMAKE_PREFIX_PATH=${CMAKE_PREFIX_PATH}:/home/luka/rover_workspace/install/robotic_arm_controls:/home/luka/rover_workspace/install/ld_controls:/home/luka/rover_workspace/install/gps_node:/home/luka/rover_workspace/install/camera_nodes:/home/luka/rover_workspace/install/drive_urdf:/home/luka/rover_workspace/install/drive_controls:/home/luka/rover_workspace/install/autonomous_navigation:/home/luka/ws_moveit2/install/uorover_arm:/opt/ros/humble /usr/bin/cmake --build /home/luka/ws_moveit2/build/uorover_ik -- -j12 -l12
[18.765s] DEBUG:colcon.colcon_core.event_handler.log_command:Invoking command in '/home/luka/ws_moveit2/build/uorover_ik': CMAKE_PREFIX_PATH=${CMAKE_PREFIX_PATH}:/home/luka/rover_workspace/install/robotic_arm_controls:/home/luka/rover_workspace/install/ld_controls:/home/luka/rover_workspace/install/gps_node:/home/luka/rover_workspace/install/camera_nodes:/home/luka/rover_workspace/install/drive_urdf:/home/luka/rover_workspace/install/drive_controls:/home/luka/rover_workspace/install/autonomous_navigation:/home/luka/ws_moveit2/install/uorover_arm:/opt/ros/humble /usr/bin/cmake --install /home/luka/ws_moveit2/build/uorover_ik
[18.783s] Level 1:colcon.colcon_core.environment:create_environment_scripts_only(uorover_ik)
[18.783s] DEBUG:colcon.colcon_core.event_handler.log_command:Invoked command in '/home/luka/ws_moveit2/build/uorover_ik' returned '0': CMAKE_PREFIX_PATH=${CMAKE_PREFIX_PATH}:/home/luka/rover_workspace/install/robotic_arm_controls:/home/luka/rover_workspace/install/ld_controls:/home/luka/rover_workspace/install/gps_node:/home/luka/rover_workspace/install/camera_nodes:/home/luka/rover_workspace/install/drive_urdf:/home/luka/rover_workspace/install/drive_controls:/home/luka/rover_workspace/install/autonomous_navigation:/home/luka/ws_moveit2/install/uorover_arm:/opt/ros/humble /usr/bin/cmake --install /home/luka/ws_moveit2/build/uorover_ik
[18.803s] Level 1:colcon.colcon_core.environment:checking '/home/luka/ws_moveit2/install/uorover_ik' for CMake module files
[18.803s] Level 1:colcon.colcon_core.environment:checking '/home/luka/ws_moveit2/install/uorover_ik' for CMake config files
[18.803s] Level 1:colcon.colcon_core.shell:create_environment_hook('uorover_ik', 'cmake_prefix_path')
[18.824s] INFO:colcon.colcon_core.shell:Creating environment hook '/home/luka/ws_moveit2/install/uorover_ik/share/uorover_ik/hook/cmake_prefix_path.ps1'
[18.824s] INFO:colcon.colcon_core.shell:Creating environment descriptor '/home/luka/ws_moveit2/install/uorover_ik/share/uorover_ik/hook/cmake_prefix_path.dsv'
[18.825s] INFO:colcon.colcon_core.shell:Creating environment hook '/home/luka/ws_moveit2/install/uorover_ik/share/uorover_ik/hook/cmake_prefix_path.sh'
[18.825s] Level 1:colcon.colcon_core.environment:checking '/home/luka/ws_moveit2/install/uorover_ik/lib'
[18.825s] Level 1:colcon.colcon_core.environment:checking '/home/luka/ws_moveit2/install/uorover_ik/bin'
[18.825s] Level 1:colcon.colcon_core.environment:checking '/home/luka/ws_moveit2/install/uorover_ik/lib/pkgconfig/uorover_ik.pc'
[18.825s] Level 1:colcon.colcon_core.environment:checking '/home/luka/ws_moveit2/install/uorover_ik/lib/python3.10/site-packages'
[18.826s] Level 1:colcon.colcon_core.environment:checking '/home/luka/ws_moveit2/install/uorover_ik/bin'
[18.845s] INFO:colcon.colcon_core.shell:Creating package script '/home/luka/ws_moveit2/install/uorover_ik/share/uorover_ik/package.ps1'
[18.845s] INFO:colcon.colcon_core.shell:Creating package descriptor '/home/luka/ws_moveit2/install/uorover_ik/share/uorover_ik/package.dsv'
[18.845s] INFO:colcon.colcon_core.shell:Creating package script '/home/luka/ws_moveit2/install/uorover_ik/share/uorover_ik/package.sh'
[18.845s] INFO:colcon.colcon_core.shell:Creating package script '/home/luka/ws_moveit2/install/uorover_ik/share/uorover_ik/package.bash'
[18.846s] INFO:colcon.colcon_core.shell:Creating package script '/home/luka/ws_moveit2/install/uorover_ik/share/uorover_ik/package.zsh'
[18.846s] Level 1:colcon.colcon_core.environment:create_file_with_runtime_dependencies(/home/luka/ws_moveit2/install/uorover_ik/share/colcon-core/packages/uorover_ik)
[18.894s] Level 1:colcon.colcon_core.environment:create_environment_scripts_only(uorover_ik)
[18.917s] Level 1:colcon.colcon_core.environment:checking '/home/luka/ws_moveit2/install/uorover_ik' for CMake module files
[18.917s] Level 1:colcon.colcon_core.environment:checking '/home/luka/ws_moveit2/install/uorover_ik' for CMake config files
[18.918s] Level 1:colcon.colcon_core.shell:create_environment_hook('uorover_ik', 'cmake_prefix_path')
[18.937s] INFO:colcon.colcon_core.shell:Creating environment hook '/home/luka/ws_moveit2/install/uorover_ik/share/uorover_ik/hook/cmake_prefix_path.ps1'
[18.937s] INFO:colcon.colcon_core.shell:Creating environment descriptor '/home/luka/ws_moveit2/install/uorover_ik/share/uorover_ik/hook/cmake_prefix_path.dsv'
[18.937s] INFO:colcon.colcon_core.shell:Creating environment hook '/home/luka/ws_moveit2/install/uorover_ik/share/uorover_ik/hook/cmake_prefix_path.sh'
[18.938s] Level 1:colcon.colcon_core.environment:checking '/home/luka/ws_moveit2/install/uorover_ik/lib'
[18.938s] Level 1:colcon.colcon_core.environment:checking '/home/luka/ws_moveit2/install/uorover_ik/bin'
[18.938s] Level 1:colcon.colcon_core.environment:checking '/home/luka/ws_moveit2/install/uorover_ik/lib/pkgconfig/uorover_ik.pc'
[18.938s] Level 1:colcon.colcon_core.environment:checking '/home/luka/ws_moveit2/install/uorover_ik/lib/python3.10/site-packages'
[18.938s] Level 1:colcon.colcon_core.environment:checking '/home/luka/ws_moveit2/install/uorover_ik/bin'
[18.957s] INFO:colcon.colcon_core.shell:Creating package script '/home/luka/ws_moveit2/install/uorover_ik/share/uorover_ik/package.ps1'
[18.958s] INFO:colcon.colcon_core.shell:Creating package descriptor '/home/luka/ws_moveit2/install/uorover_ik/share/uorover_ik/package.dsv'
[18.959s] INFO:colcon.colcon_core.shell:Creating package script '/home/luka/ws_moveit2/install/uorover_ik/share/uorover_ik/package.sh'
[18.959s] INFO:colcon.colcon_core.shell:Creating package script '/home/luka/ws_moveit2/install/uorover_ik/share/uorover_ik/package.bash'
[18.959s] INFO:colcon.colcon_core.shell:Creating package script '/home/luka/ws_moveit2/install/uorover_ik/share/uorover_ik/package.zsh'
[18.960s] Level 1:colcon.colcon_core.environment:create_file_with_runtime_dependencies(/home/luka/ws_moveit2/install/uorover_ik/share/colcon-core/packages/uorover_ik)
[18.960s] DEBUG:colcon.colcon_parallel_executor.executor.parallel:closing loop
[18.960s] DEBUG:colcon.colcon_parallel_executor.executor.parallel:loop closed
[18.960s] DEBUG:colcon.colcon_parallel_executor.executor.parallel:run_until_complete finished with '0'
[18.960s] DEBUG:colcon.colcon_core.event_reactor:joining thread
[18.985s] INFO:colcon.colcon_core.plugin_system:Skipping extension 'colcon_notification.desktop_notification.terminal_notifier': Not used on non-Darwin systems
[18.985s] INFO:colcon.colcon_core.plugin_system:Skipping extension 'colcon_notification.desktop_notification.win32': Not used on non-Windows systems
[18.985s] INFO:colcon.colcon_notification.desktop_notification:Sending desktop notification using 'notify2'
[18.996s] DEBUG:colcon.colcon_core.event_reactor:joined thread
[19.018s] INFO:colcon.colcon_core.shell:Creating prefix script '/home/luka/ws_moveit2/install/local_setup.ps1'
[19.019s] INFO:colcon.colcon_core.shell:Creating prefix util module '/home/luka/ws_moveit2/install/_local_setup_util_ps1.py'
[19.020s] INFO:colcon.colcon_core.shell:Creating prefix chain script '/home/luka/ws_moveit2/install/setup.ps1'
[19.041s] INFO:colcon.colcon_core.shell:Creating prefix script '/home/luka/ws_moveit2/install/local_setup.sh'
[19.041s] INFO:colcon.colcon_core.shell:Creating prefix util module '/home/luka/ws_moveit2/install/_local_setup_util_sh.py'
[19.041s] INFO:colcon.colcon_core.shell:Creating prefix chain script '/home/luka/ws_moveit2/install/setup.sh'
[19.062s] INFO:colcon.colcon_core.shell:Creating prefix script '/home/luka/ws_moveit2/install/local_setup.bash'
[19.062s] INFO:colcon.colcon_core.shell:Creating prefix chain script '/home/luka/ws_moveit2/install/setup.bash'
[19.083s] INFO:colcon.colcon_core.shell:Creating prefix script '/home/luka/ws_moveit2/install/local_setup.zsh'
[19.083s] INFO:colcon.colcon_core.shell:Creating prefix chain script '/home/luka/ws_moveit2/install/setup.zsh'
