[1.014s] Invoking command in '/home/luka/ws_moveit2/src/uorover_arm': PYTHONPATH=/home/luka/ws_moveit2/build/uorover_arm/prefix_override:/home/luka/ws_moveit2/install/uorover_arm/lib/python3.10/site-packages:${PYTHONPATH} /usr/bin/python3 setup.py egg_info --egg-base ../../build/uorover_arm build --build-base /home/luka/ws_moveit2/build/uorover_arm/build install --record /home/luka/ws_moveit2/build/uorover_arm/install.log --single-version-externally-managed
[1.280s] running egg_info
[1.280s] writing ../../build/uorover_arm/uorover_arm.egg-info/PKG-INFO
[1.281s] writing dependency_links to ../../build/uorover_arm/uorover_arm.egg-info/dependency_links.txt
[1.281s] writing entry points to ../../build/uorover_arm/uorover_arm.egg-info/entry_points.txt
[1.281s] writing requirements to ../../build/uorover_arm/uorover_arm.egg-info/requires.txt
[1.281s] writing top-level names to ../../build/uorover_arm/uorover_arm.egg-info/top_level.txt
[1.282s] reading manifest file '../../build/uorover_arm/uorover_arm.egg-info/SOURCES.txt'
[1.283s] writing manifest file '../../build/uorover_arm/uorover_arm.egg-info/SOURCES.txt'
[1.283s] running build
[1.283s] running build_py
[1.283s] running install
[1.284s] running install_lib
[1.284s] running install_data
[1.285s] running install_egg_info
[1.286s] removing '/home/luka/ws_moveit2/install/uorover_arm/lib/python3.10/site-packages/uorover_arm-0.0.0-py3.10.egg-info' (and everything under it)
[1.287s] Copying ../../build/uorover_arm/uorover_arm.egg-info to /home/luka/ws_moveit2/install/uorover_arm/lib/python3.10/site-packages/uorover_arm-0.0.0-py3.10.egg-info
[1.287s] running install_scripts
[1.304s] writing list of installed files to '/home/luka/ws_moveit2/build/uorover_arm/install.log'
[1.320s] Invoked command in '/home/luka/ws_moveit2/src/uorover_arm' returned '0': PYTHONPATH=/home/luka/ws_moveit2/build/uorover_arm/prefix_override:/home/luka/ws_moveit2/install/uorover_arm/lib/python3.10/site-packages:${PYTHONPATH} /usr/bin/python3 setup.py egg_info --egg-base ../../build/uorover_arm build --build-base /home/luka/ws_moveit2/build/uorover_arm/build install --record /home/luka/ws_moveit2/build/uorover_arm/install.log --single-version-externally-managed
