/home/luka/ws_moveit2/install/uorover_arm/lib/python3.10/site-packages/uorover_arm/__init__.py
/home/luka/ws_moveit2/install/uorover_arm/lib/python3.10/site-packages/uorover_arm/__pycache__/__init__.cpython-310.pyc
/home/luka/ws_moveit2/install/uorover_arm/share/ament_index/resource_index/packages/uorover_arm
/home/luka/ws_moveit2/install/uorover_arm/share/uorover_arm/package.xml
/home/luka/ws_moveit2/install/uorover_arm/share/uorover_arm/launch.py
/home/luka/ws_moveit2/install/uorover_arm/share/uorover_arm/urdf/crane.urdf
/home/luka/ws_moveit2/install/uorover_arm/share/uorover_arm/rviz/
/home/luka/ws_moveit2/install/uorover_arm/share/uorover_arm/meshes/collision/L4.STL
/home/luka/ws_moveit2/install/uorover_arm/share/uorover_arm/meshes/collision/L1.STL
/home/luka/ws_moveit2/install/uorover_arm/share/uorover_arm/meshes/collision/L2.STL
/home/luka/ws_moveit2/install/uorover_arm/share/uorover_arm/meshes/collision/L3.STL
/home/luka/ws_moveit2/install/uorover_arm/share/uorover_arm/meshes/collision/L5.STL
/home/luka/ws_moveit2/install/uorover_arm/share/uorover_arm/meshes/visual/L4.STL
/home/luka/ws_moveit2/install/uorover_arm/share/uorover_arm/meshes/visual/L1.STL
/home/luka/ws_moveit2/install/uorover_arm/share/uorover_arm/meshes/visual/L2.STL
/home/luka/ws_moveit2/install/uorover_arm/share/uorover_arm/meshes/visual/L3.STL
/home/luka/ws_moveit2/install/uorover_arm/share/uorover_arm/meshes/visual/L5.STL
/home/luka/ws_moveit2/install/uorover_arm/lib/python3.10/site-packages/uorover_arm-0.0.0-py3.10.egg-info/dependency_links.txt
/home/luka/ws_moveit2/install/uorover_arm/lib/python3.10/site-packages/uorover_arm-0.0.0-py3.10.egg-info/zip-safe
/home/luka/ws_moveit2/install/uorover_arm/lib/python3.10/site-packages/uorover_arm-0.0.0-py3.10.egg-info/entry_points.txt
/home/luka/ws_moveit2/install/uorover_arm/lib/python3.10/site-packages/uorover_arm-0.0.0-py3.10.egg-info/PKG-INFO
/home/luka/ws_moveit2/install/uorover_arm/lib/python3.10/site-packages/uorover_arm-0.0.0-py3.10.egg-info/SOURCES.txt
/home/luka/ws_moveit2/install/uorover_arm/lib/python3.10/site-packages/uorover_arm-0.0.0-py3.10.egg-info/top_level.txt
/home/luka/ws_moveit2/install/uorover_arm/lib/python3.10/site-packages/uorover_arm-0.0.0-py3.10.egg-info/requires.txt
