[0.442s] Invoking command in '/home/luka/ws_moveit2/build/uorover_ik': CMAKE_PREFIX_PATH=${CMAKE_PREFIX_PATH}:/home/luka/rover_workspace/install/robotic_arm_controls:/home/luka/rover_workspace/install/ld_controls:/home/luka/rover_workspace/install/gps_node:/home/luka/rover_workspace/install/camera_nodes:/home/luka/rover_workspace/install/drive_urdf:/home/luka/rover_workspace/install/drive_controls:/home/luka/rover_workspace/install/autonomous_navigation:/opt/ros/humble /usr/bin/cmake --build /home/luka/ws_moveit2/build/uorover_ik -- -j12 -l12
[0.490s] -- Found ament_cmake: 1.3.7 (/opt/ros/humble/share/ament_cmake/cmake)
[0.636s] -- Found moveit_ros_planning_interface: 2.5.5 (/opt/ros/humble/share/moveit_ros_planning_interface/cmake)
[0.650s] -- Found Boost: /usr/lib/x86_64-linux-gnu/cmake/Boost-1.74.0/BoostConfig.cmake (found version "1.74.0") found components: date_time filesystem program_options system thread 
[0.686s] -- Found rosidl_generator_c: 3.1.5 (/opt/ros/humble/share/rosidl_generator_c/cmake)
[0.689s] -- Found rosidl_adapter: 3.1.5 (/opt/ros/humble/share/rosidl_adapter/cmake)
[0.697s] -- Found rosidl_generator_cpp: 3.1.5 (/opt/ros/humble/share/rosidl_generator_cpp/cmake)
[0.710s] -- Using all available rosidl_typesupport_c: rosidl_typesupport_fastrtps_c;rosidl_typesupport_introspection_c
[0.728s] -- Using all available rosidl_typesupport_cpp: rosidl_typesupport_fastrtps_cpp;rosidl_typesupport_introspection_cpp
[1.650s] -- Found Boost: /usr/lib/x86_64-linux-gnu/cmake/Boost-1.74.0/BoostConfig.cmake (found version "1.74.0") found components: chrono date_time filesystem iostreams program_options regex serialization system thread 
[1.660s] -- Found parameter_traits: 0.3.7 (/opt/ros/humble/share/parameter_traits/cmake)
[1.716s] -- Found rmw_implementation_cmake: 6.1.1 (/opt/ros/humble/share/rmw_implementation_cmake/cmake)
[1.719s] -- Found rmw_cyclonedds_cpp: 1.3.4 (/opt/ros/humble/share/rmw_cyclonedds_cpp/cmake)
[1.752s] -- Using RMW implementation 'rmw_cyclonedds_cpp' as default
[1.900s] -- Found rclcpp_lifecycle: 16.0.8 (/opt/ros/humble/share/rclcpp_lifecycle/cmake)
[1.944s] -- Found Boost: /usr/lib/x86_64-linux-gnu/cmake/Boost-1.74.0/BoostConfig.cmake (found version "1.74.0") found components: filesystem 
[1.986s] -- library: /usr/lib/x86_64-linux-gnu/libcurl.so
[2.139s] -- Ensuring Eigen3 include directory is part of orocos-kdl CMake target
[2.641s] -- Found Boost: /usr/lib/x86_64-linux-gnu/cmake/Boost-1.74.0/BoostConfig.cmake (found version "1.74.0") found components: system filesystem date_time program_options thread chrono 
[3.172s] -- Found Boost: /usr/lib/x86_64-linux-gnu/cmake/Boost-1.74.0/BoostConfig.cmake (found version "1.74.0") found components: thread system filesystem regex date_time program_options 
[3.419s] -- Found Boost: /usr/lib/x86_64-linux-gnu/cmake/Boost-1.74.0/BoostConfig.cmake (found version "1.74.0") found components: system filesystem date_time program_options thread 
[3.839s] -- Found control_msgs: 4.4.0 (/opt/ros/humble/share/control_msgs/cmake)
[4.039s] -- Found general_interfaces: 0.1.0 (/home/luka/rover_workspace/install/general_interfaces/share/general_interfaces/cmake)
[4.057s] -- Found ament_lint_auto: 0.12.10 (/opt/ros/humble/share/ament_lint_auto/cmake)
[4.121s] -- Added test 'cppcheck' to perform static code analysis on C / C++ code
[4.121s] -- Configured cppcheck include dirs: $<BUILD_INTERFACE:/home/luka/ws_moveit2/src/uorover_ik/include>
[4.121s] -- Configured cppcheck exclude dirs and/or files: 
[4.122s] -- Added test 'flake8' to check Python code syntax and style conventions
[4.122s] -- Added test 'lint_cmake' to check CMake code style
[4.123s] -- Added test 'pep257' to check Python code against some of the docstring style conventions in PEP 257
[4.124s] -- Added test 'uncrustify' to check C / C++ code style
[4.124s] -- Configured uncrustify additional arguments: 
[4.124s] -- Added test 'xmllint' to check XML markup files
[4.125s] -- Configuring done
[4.177s] -- Generating done
[4.179s] -- Build files have been written to: /home/luka/ws_moveit2/build/uorover_ik
[4.205s] [35m[1mConsolidate compiler generated dependencies of target ik_hardware_interface[0m
[4.205s] [35m[1mConsolidate compiler generated dependencies of target uorover_ik[0m
[4.225s] [ 25%] [32mBuilding CXX object CMakeFiles/ik_hardware_interface.dir/src/ik_hardware_interface.cpp.o[0m
[4.253s] [ 50%] [32mBuilding CXX object CMakeFiles/uorover_ik.dir/src/uorover_ik.cpp.o[0m
[10.641s] [ 75%] [32m[1mLinking CXX executable uorover_ik[0m
[10.988s] [ 75%] Built target uorover_ik
[12.744s] [100%] [32m[1mLinking CXX executable ik_hardware_interface[0m
[13.474s] /usr/bin/ld: CMakeFiles/ik_hardware_interface.dir/src/ik_hardware_interface.cpp.o: in function `std::enable_if<rosidl_generator_traits::is_message<general_interfaces::msg::ArmPose_<std::allocator<void> > >::value, rosidl_message_type_support_t const&>::type rclcpp::get_message_type_support_handle<general_interfaces::msg::ArmPose_<std::allocator<void> > >()':
[13.474s] ik_hardware_interface.cpp:(.text._ZN6rclcpp31get_message_type_support_handleIN18general_interfaces3msg8ArmPose_ISaIvEEEEENSt9enable_ifIXsrN23rosidl_generator_traits10is_messageIT_EE5valueERK29rosidl_message_type_support_tE4typeEv[_ZN6rclcpp31get_message_type_support_handleIN18general_interfaces3msg8ArmPose_ISaIvEEEEENSt9enable_ifIXsrN23rosidl_generator_traits10is_messageIT_EE5valueERK29rosidl_message_type_support_tE4typeEv]+0x10): undefined reference to `rosidl_message_type_support_t const* rosidl_typesupport_cpp::get_message_type_support_handle<general_interfaces::msg::ArmPose_<std::allocator<void> > >()'
[13.526s] collect2: error: ld returned 1 exit status
[13.528s] gmake[2]: *** [CMakeFiles/ik_hardware_interface.dir/build.make:371: ik_hardware_interface] Error 1
[13.528s] gmake[1]: *** [CMakeFiles/Makefile2:165: CMakeFiles/ik_hardware_interface.dir/all] Error 2
[13.528s] gmake: *** [Makefile:146: all] Error 2
[13.530s] Invoked command in '/home/luka/ws_moveit2/build/uorover_ik' returned '2': CMAKE_PREFIX_PATH=${CMAKE_PREFIX_PATH}:/home/luka/rover_workspace/install/robotic_arm_controls:/home/luka/rover_workspace/install/ld_controls:/home/luka/rover_workspace/install/gps_node:/home/luka/rover_workspace/install/camera_nodes:/home/luka/rover_workspace/install/drive_urdf:/home/luka/rover_workspace/install/drive_controls:/home/luka/rover_workspace/install/autonomous_navigation:/opt/ros/humble /usr/bin/cmake --build /home/luka/ws_moveit2/build/uorover_ik -- -j12 -l12
