[2.235s] DEBUG:colcon:Command line arguments: ['/usr/bin/colcon', 'build']
[2.235s] DEBUG:colcon:Parsed command line arguments: Namespace(log_base=None, log_level=None, verb_name='build', build_base='build', install_base='install', merge_install=False, symlink_install=False, test_result_base=None, continue_on_error=False, executor='parallel', parallel_workers=12, event_handlers=None, ignore_user_meta=False, metas=['./colcon.meta'], base_paths=['.'], packages_ignore=None, packages_ignore_regex=None, paths=None, packages_up_to=None, packages_up_to_regex=None, packages_above=None, packages_above_and_dependencies=None, packages_above_depth=None, packages_select_by_dep=None, packages_skip_by_dep=None, packages_skip_up_to=None, packages_select_build_failed=False, packages_skip_build_finished=False, packages_select_test_failures=False, packages_skip_test_passed=False, packages_select=None, packages_skip=None, packages_select_regex=None, packages_skip_regex=None, packages_start=None, packages_end=None, allow_overriding=[], cmake_args=None, cmake_target=None, cmake_target_skip_unavailable=False, cmake_clean_cache=False, cmake_clean_first=False, cmake_force_configure=False, ament_cmake_args=None, catkin_cmake_args=None, catkin_skip_building_tests=False, mixin_files=None, mixin=None, verb_parser=<colcon_mixin.mixin.mixin_argument.MixinArgumentDecorator object at 0x7f2bb2dab5b0>, verb_extension=<colcon_core.verb.build.BuildVerb object at 0x7f2bb2da8f70>, main=<bound method BuildVerb.main of <colcon_core.verb.build.BuildVerb object at 0x7f2bb2da8f70>>, mixin_verb=('build',))
[2.308s] Level 1:colcon.colcon_core.package_discovery:discover_packages(colcon_meta) check parameters
[2.308s] Level 1:colcon.colcon_core.package_discovery:discover_packages(recursive) check parameters
[2.309s] Level 1:colcon.colcon_core.package_discovery:discover_packages(ignore) check parameters
[2.309s] Level 1:colcon.colcon_core.package_discovery:discover_packages(path) check parameters
[2.309s] Level 1:colcon.colcon_core.package_discovery:discover_packages(colcon_meta) discover
[2.309s] Level 1:colcon.colcon_core.package_discovery:discover_packages(recursive) discover
[2.309s] INFO:colcon.colcon_core.package_discovery:Crawling recursively for packages in '/home/luka/ws_moveit2'
[2.309s] Level 1:colcon.colcon_core.package_identification:_identify(.) by extensions ['ignore', 'ignore_ament_install']
[2.309s] Level 1:colcon.colcon_core.package_identification:_identify(.) by extension 'ignore'
[2.309s] Level 1:colcon.colcon_core.package_identification:_identify(.) by extension 'ignore_ament_install'
[2.309s] Level 1:colcon.colcon_core.package_identification:_identify(.) by extensions ['colcon_pkg']
[2.309s] Level 1:colcon.colcon_core.package_identification:_identify(.) by extension 'colcon_pkg'
[2.309s] Level 1:colcon.colcon_core.package_identification:_identify(.) by extensions ['colcon_meta']
[2.309s] Level 1:colcon.colcon_core.package_identification:_identify(.) by extension 'colcon_meta'
[2.309s] Level 1:colcon.colcon_core.package_identification:_identify(.) by extensions ['ros']
[2.309s] Level 1:colcon.colcon_core.package_identification:_identify(.) by extension 'ros'
[2.325s] Level 1:colcon.colcon_core.package_identification:_identify(.) by extensions ['cmake', 'python']
[2.325s] Level 1:colcon.colcon_core.package_identification:_identify(.) by extension 'cmake'
[2.325s] Level 1:colcon.colcon_core.package_identification:_identify(.) by extension 'python'
[2.325s] Level 1:colcon.colcon_core.package_identification:_identify(.) by extensions ['python_setup_py']
[2.325s] Level 1:colcon.colcon_core.package_identification:_identify(.) by extension 'python_setup_py'
[2.326s] Level 1:colcon.colcon_core.package_identification:_identify(build) by extensions ['ignore', 'ignore_ament_install']
[2.326s] Level 1:colcon.colcon_core.package_identification:_identify(build) by extension 'ignore'
[2.326s] Level 1:colcon.colcon_core.package_identification:_identify(build) ignored
[2.326s] Level 1:colcon.colcon_core.package_identification:_identify(install) by extensions ['ignore', 'ignore_ament_install']
[2.326s] Level 1:colcon.colcon_core.package_identification:_identify(install) by extension 'ignore'
[2.326s] Level 1:colcon.colcon_core.package_identification:_identify(install) ignored
[2.326s] Level 1:colcon.colcon_core.package_identification:_identify(log) by extensions ['ignore', 'ignore_ament_install']
[2.326s] Level 1:colcon.colcon_core.package_identification:_identify(log) by extension 'ignore'
[2.327s] Level 1:colcon.colcon_core.package_identification:_identify(log) ignored
[2.327s] Level 1:colcon.colcon_core.package_identification:_identify(src) by extensions ['ignore', 'ignore_ament_install']
[2.327s] Level 1:colcon.colcon_core.package_identification:_identify(src) by extension 'ignore'
[2.327s] Level 1:colcon.colcon_core.package_identification:_identify(src) by extension 'ignore_ament_install'
[2.327s] Level 1:colcon.colcon_core.package_identification:_identify(src) by extensions ['colcon_pkg']
[2.327s] Level 1:colcon.colcon_core.package_identification:_identify(src) by extension 'colcon_pkg'
[2.327s] Level 1:colcon.colcon_core.package_identification:_identify(src) by extensions ['colcon_meta']
[2.327s] Level 1:colcon.colcon_core.package_identification:_identify(src) by extension 'colcon_meta'
[2.327s] Level 1:colcon.colcon_core.package_identification:_identify(src) by extensions ['ros']
[2.327s] Level 1:colcon.colcon_core.package_identification:_identify(src) by extension 'ros'
[2.327s] Level 1:colcon.colcon_core.package_identification:_identify(src) by extensions ['cmake', 'python']
[2.327s] Level 1:colcon.colcon_core.package_identification:_identify(src) by extension 'cmake'
[2.328s] Level 1:colcon.colcon_core.package_identification:_identify(src) by extension 'python'
[2.328s] Level 1:colcon.colcon_core.package_identification:_identify(src) by extensions ['python_setup_py']
[2.328s] Level 1:colcon.colcon_core.package_identification:_identify(src) by extension 'python_setup_py'
[2.328s] Level 1:colcon.colcon_core.package_identification:_identify(src/uorover_arm) by extensions ['ignore', 'ignore_ament_install']
[2.328s] Level 1:colcon.colcon_core.package_identification:_identify(src/uorover_arm) by extension 'ignore'
[2.328s] Level 1:colcon.colcon_core.package_identification:_identify(src/uorover_arm) by extension 'ignore_ament_install'
[2.328s] Level 1:colcon.colcon_core.package_identification:_identify(src/uorover_arm) by extensions ['colcon_pkg']
[2.328s] Level 1:colcon.colcon_core.package_identification:_identify(src/uorover_arm) by extension 'colcon_pkg'
[2.328s] Level 1:colcon.colcon_core.package_identification:_identify(src/uorover_arm) by extensions ['colcon_meta']
[2.328s] Level 1:colcon.colcon_core.package_identification:_identify(src/uorover_arm) by extension 'colcon_meta'
[2.328s] Level 1:colcon.colcon_core.package_identification:_identify(src/uorover_arm) by extensions ['ros']
[2.328s] Level 1:colcon.colcon_core.package_identification:_identify(src/uorover_arm) by extension 'ros'
[2.331s] DEBUG:colcon.colcon_core.package_identification:Package 'src/uorover_arm' with type 'ros.ament_python' and name 'uorover_arm'
[2.331s] Level 1:colcon.colcon_core.package_identification:_identify(src/uorover_ik) by extensions ['ignore', 'ignore_ament_install']
[2.332s] Level 1:colcon.colcon_core.package_identification:_identify(src/uorover_ik) by extension 'ignore'
[2.332s] Level 1:colcon.colcon_core.package_identification:_identify(src/uorover_ik) by extension 'ignore_ament_install'
[2.332s] Level 1:colcon.colcon_core.package_identification:_identify(src/uorover_ik) by extensions ['colcon_pkg']
[2.332s] Level 1:colcon.colcon_core.package_identification:_identify(src/uorover_ik) by extension 'colcon_pkg'
[2.332s] Level 1:colcon.colcon_core.package_identification:_identify(src/uorover_ik) by extensions ['colcon_meta']
[2.332s] Level 1:colcon.colcon_core.package_identification:_identify(src/uorover_ik) by extension 'colcon_meta'
[2.332s] Level 1:colcon.colcon_core.package_identification:_identify(src/uorover_ik) by extensions ['ros']
[2.332s] Level 1:colcon.colcon_core.package_identification:_identify(src/uorover_ik) by extension 'ros'
[2.333s] DEBUG:colcon.colcon_core.package_identification:Package 'src/uorover_ik' with type 'ros.ament_cmake' and name 'uorover_ik'
[2.333s] Level 1:colcon.colcon_core.package_identification:_identify(src/uorover_moveit_config) by extensions ['ignore', 'ignore_ament_install']
[2.333s] Level 1:colcon.colcon_core.package_identification:_identify(src/uorover_moveit_config) by extension 'ignore'
[2.333s] Level 1:colcon.colcon_core.package_identification:_identify(src/uorover_moveit_config) by extension 'ignore_ament_install'
[2.333s] Level 1:colcon.colcon_core.package_identification:_identify(src/uorover_moveit_config) by extensions ['colcon_pkg']
[2.333s] Level 1:colcon.colcon_core.package_identification:_identify(src/uorover_moveit_config) by extension 'colcon_pkg'
[2.333s] Level 1:colcon.colcon_core.package_identification:_identify(src/uorover_moveit_config) by extensions ['colcon_meta']
[2.333s] Level 1:colcon.colcon_core.package_identification:_identify(src/uorover_moveit_config) by extension 'colcon_meta'
[2.333s] Level 1:colcon.colcon_core.package_identification:_identify(src/uorover_moveit_config) by extensions ['ros']
[2.333s] Level 1:colcon.colcon_core.package_identification:_identify(src/uorover_moveit_config) by extension 'ros'
[2.334s] DEBUG:colcon.colcon_core.package_identification:Package 'src/uorover_moveit_config' with type 'ros.ament_cmake' and name 'uorover_moveit_config'
[2.334s] Level 1:colcon.colcon_core.package_discovery:discover_packages(recursive) using defaults
[2.334s] Level 1:colcon.colcon_core.package_discovery:discover_packages(ignore) discover
[2.334s] Level 1:colcon.colcon_core.package_discovery:discover_packages(ignore) using defaults
[2.334s] Level 1:colcon.colcon_core.package_discovery:discover_packages(path) discover
[2.334s] Level 1:colcon.colcon_core.package_discovery:discover_packages(path) using defaults
[2.486s] Level 1:colcon.colcon_core.package_discovery:discover_packages(prefix_path) check parameters
[2.486s] Level 1:colcon.colcon_core.package_discovery:discover_packages(prefix_path) discover
[2.540s] DEBUG:colcon.colcon_installed_package_information.package_discovery:Found 3 installed packages in /home/luka/ws_moveit2/install
[2.566s] DEBUG:colcon.colcon_installed_package_information.package_discovery:Found 8 installed packages in /home/luka/rover_workspace/install
[2.598s] DEBUG:colcon.colcon_installed_package_information.package_discovery:Found 407 installed packages in /opt/ros/humble
[2.601s] Level 1:colcon.colcon_core.package_discovery:discover_packages(prefix_path) using defaults
[2.790s] Level 5:colcon.colcon_core.verb:set package 'uorover_arm' build argument 'cmake_args' from command line to 'None'
[2.790s] Level 5:colcon.colcon_core.verb:set package 'uorover_arm' build argument 'cmake_target' from command line to 'None'
[2.790s] Level 5:colcon.colcon_core.verb:set package 'uorover_arm' build argument 'cmake_target_skip_unavailable' from command line to 'False'
[2.790s] Level 5:colcon.colcon_core.verb:set package 'uorover_arm' build argument 'cmake_clean_cache' from command line to 'False'
[2.790s] Level 5:colcon.colcon_core.verb:set package 'uorover_arm' build argument 'cmake_clean_first' from command line to 'False'
[2.790s] Level 5:colcon.colcon_core.verb:set package 'uorover_arm' build argument 'cmake_force_configure' from command line to 'False'
[2.790s] Level 5:colcon.colcon_core.verb:set package 'uorover_arm' build argument 'ament_cmake_args' from command line to 'None'
[2.790s] Level 5:colcon.colcon_core.verb:set package 'uorover_arm' build argument 'catkin_cmake_args' from command line to 'None'
[2.790s] Level 5:colcon.colcon_core.verb:set package 'uorover_arm' build argument 'catkin_skip_building_tests' from command line to 'False'
[2.790s] DEBUG:colcon.colcon_core.verb:Building package 'uorover_arm' with the following arguments: {'ament_cmake_args': None, 'build_base': '/home/luka/ws_moveit2/build/uorover_arm', 'catkin_cmake_args': None, 'catkin_skip_building_tests': False, 'cmake_args': None, 'cmake_clean_cache': False, 'cmake_clean_first': False, 'cmake_force_configure': False, 'cmake_target': None, 'cmake_target_skip_unavailable': False, 'install_base': '/home/luka/ws_moveit2/install/uorover_arm', 'merge_install': False, 'path': '/home/luka/ws_moveit2/src/uorover_arm', 'symlink_install': False, 'test_result_base': None}
[2.817s] Level 5:colcon.colcon_core.verb:set package 'uorover_ik' build argument 'cmake_args' from command line to 'None'
[2.817s] Level 5:colcon.colcon_core.verb:set package 'uorover_ik' build argument 'cmake_target' from command line to 'None'
[2.817s] Level 5:colcon.colcon_core.verb:set package 'uorover_ik' build argument 'cmake_target_skip_unavailable' from command line to 'False'
[2.817s] Level 5:colcon.colcon_core.verb:set package 'uorover_ik' build argument 'cmake_clean_cache' from command line to 'False'
[2.817s] Level 5:colcon.colcon_core.verb:set package 'uorover_ik' build argument 'cmake_clean_first' from command line to 'False'
[2.817s] Level 5:colcon.colcon_core.verb:set package 'uorover_ik' build argument 'cmake_force_configure' from command line to 'False'
[2.817s] Level 5:colcon.colcon_core.verb:set package 'uorover_ik' build argument 'ament_cmake_args' from command line to 'None'
[2.817s] Level 5:colcon.colcon_core.verb:set package 'uorover_ik' build argument 'catkin_cmake_args' from command line to 'None'
[2.817s] Level 5:colcon.colcon_core.verb:set package 'uorover_ik' build argument 'catkin_skip_building_tests' from command line to 'False'
[2.817s] DEBUG:colcon.colcon_core.verb:Building package 'uorover_ik' with the following arguments: {'ament_cmake_args': None, 'build_base': '/home/luka/ws_moveit2/build/uorover_ik', 'catkin_cmake_args': None, 'catkin_skip_building_tests': False, 'cmake_args': None, 'cmake_clean_cache': False, 'cmake_clean_first': False, 'cmake_force_configure': False, 'cmake_target': None, 'cmake_target_skip_unavailable': False, 'install_base': '/home/luka/ws_moveit2/install/uorover_ik', 'merge_install': False, 'path': '/home/luka/ws_moveit2/src/uorover_ik', 'symlink_install': False, 'test_result_base': None}
[2.845s] Level 5:colcon.colcon_core.verb:set package 'uorover_moveit_config' build argument 'cmake_args' from command line to 'None'
[2.845s] Level 5:colcon.colcon_core.verb:set package 'uorover_moveit_config' build argument 'cmake_target' from command line to 'None'
[2.846s] Level 5:colcon.colcon_core.verb:set package 'uorover_moveit_config' build argument 'cmake_target_skip_unavailable' from command line to 'False'
[2.846s] Level 5:colcon.colcon_core.verb:set package 'uorover_moveit_config' build argument 'cmake_clean_cache' from command line to 'False'
[2.846s] Level 5:colcon.colcon_core.verb:set package 'uorover_moveit_config' build argument 'cmake_clean_first' from command line to 'False'
[2.846s] Level 5:colcon.colcon_core.verb:set package 'uorover_moveit_config' build argument 'cmake_force_configure' from command line to 'False'
[2.846s] Level 5:colcon.colcon_core.verb:set package 'uorover_moveit_config' build argument 'ament_cmake_args' from command line to 'None'
[2.846s] Level 5:colcon.colcon_core.verb:set package 'uorover_moveit_config' build argument 'catkin_cmake_args' from command line to 'None'
[2.846s] Level 5:colcon.colcon_core.verb:set package 'uorover_moveit_config' build argument 'catkin_skip_building_tests' from command line to 'False'
[2.846s] DEBUG:colcon.colcon_core.verb:Building package 'uorover_moveit_config' with the following arguments: {'ament_cmake_args': None, 'build_base': '/home/luka/ws_moveit2/build/uorover_moveit_config', 'catkin_cmake_args': None, 'catkin_skip_building_tests': False, 'cmake_args': None, 'cmake_clean_cache': False, 'cmake_clean_first': False, 'cmake_force_configure': False, 'cmake_target': None, 'cmake_target_skip_unavailable': False, 'install_base': '/home/luka/ws_moveit2/install/uorover_moveit_config', 'merge_install': False, 'path': '/home/luka/ws_moveit2/src/uorover_moveit_config', 'symlink_install': False, 'test_result_base': None}
[2.873s] INFO:colcon.colcon_core.executor:Executing jobs using 'parallel' executor
[2.900s] DEBUG:colcon.colcon_parallel_executor.executor.parallel:run_until_complete
[2.901s] INFO:colcon.colcon_ros.task.ament_python.build:Building ROS package in '/home/luka/ws_moveit2/src/uorover_arm' with build type 'ament_python'
[2.901s] Level 1:colcon.colcon_core.shell:create_environment_hook('uorover_arm', 'ament_prefix_path')
[2.931s] INFO:colcon.colcon_core.plugin_system:Skipping extension 'colcon_core.shell.bat': Not used on non-Windows systems
[2.932s] INFO:colcon.colcon_core.shell:Creating environment hook '/home/luka/ws_moveit2/install/uorover_arm/share/uorover_arm/hook/ament_prefix_path.ps1'
[2.933s] INFO:colcon.colcon_core.shell:Creating environment descriptor '/home/luka/ws_moveit2/install/uorover_arm/share/uorover_arm/hook/ament_prefix_path.dsv'
[2.933s] INFO:colcon.colcon_core.shell:Creating environment hook '/home/luka/ws_moveit2/install/uorover_arm/share/uorover_arm/hook/ament_prefix_path.sh'
[2.960s] INFO:colcon.colcon_core.shell:Skip shell extension 'powershell' for command environment: Not usable outside of PowerShell
[2.960s] DEBUG:colcon.colcon_core.shell:Skip shell extension 'dsv' for command environment
[3.079s] INFO:colcon.colcon_ros.task.ament_cmake.build:Building ROS package in '/home/luka/ws_moveit2/src/uorover_ik' with build type 'ament_cmake'
[3.080s] INFO:colcon.colcon_cmake.task.cmake.build:Building CMake package in '/home/luka/ws_moveit2/src/uorover_ik'
[3.110s] INFO:colcon.colcon_core.shell:Skip shell extension 'powershell' for command environment: Not usable outside of PowerShell
[3.110s] DEBUG:colcon.colcon_core.shell:Skip shell extension 'dsv' for command environment
[3.721s] INFO:colcon.colcon_core.task.python.build:Building Python package in '/home/luka/ws_moveit2/src/uorover_arm'
[3.753s] INFO:colcon.colcon_core.shell:Skip shell extension 'powershell' for command environment: Not usable outside of PowerShell
[3.753s] DEBUG:colcon.colcon_core.shell:Skip shell extension 'dsv' for command environment
[3.889s] DEBUG:colcon.colcon_core.event_handler.log_command:Invoking command in '/home/luka/ws_moveit2/build/uorover_ik': CMAKE_PREFIX_PATH=${CMAKE_PREFIX_PATH}:/home/luka/ws_moveit2/install/uorover_arm:/home/luka/rover_workspace/install/robotic_arm_controls:/home/luka/rover_workspace/install/ld_controls:/home/luka/rover_workspace/install/gps_node:/home/luka/rover_workspace/install/camera_nodes:/home/luka/rover_workspace/install/drive_urdf:/home/luka/rover_workspace/install/drive_controls:/opt/ros/humble /usr/bin/cmake --build /home/luka/ws_moveit2/build/uorover_ik -- -j12 -l12
[4.529s] DEBUG:colcon.colcon_core.event_handler.log_command:Invoking command in '/home/luka/ws_moveit2/src/uorover_arm': PYTHONPATH=/home/luka/ws_moveit2/build/uorover_arm/prefix_override:/home/luka/ws_moveit2/install/uorover_arm/lib/python3.10/site-packages:${PYTHONPATH} /usr/bin/python3 setup.py egg_info --egg-base ../../build/uorover_arm build --build-base /home/luka/ws_moveit2/build/uorover_arm/build install --record /home/luka/ws_moveit2/build/uorover_arm/install.log --single-version-externally-managed
[5.074s] DEBUG:colcon.colcon_core.event_handler.log_command:Invoked command in '/home/luka/ws_moveit2/src/uorover_arm' returned '0': PYTHONPATH=/home/luka/ws_moveit2/build/uorover_arm/prefix_override:/home/luka/ws_moveit2/install/uorover_arm/lib/python3.10/site-packages:${PYTHONPATH} /usr/bin/python3 setup.py egg_info --egg-base ../../build/uorover_arm build --build-base /home/luka/ws_moveit2/build/uorover_arm/build install --record /home/luka/ws_moveit2/build/uorover_arm/install.log --single-version-externally-managed
[5.114s] Level 1:colcon.colcon_core.environment:checking '/home/luka/ws_moveit2/install/uorover_arm' for CMake module files
[5.115s] Level 1:colcon.colcon_core.environment:checking '/home/luka/ws_moveit2/install/uorover_arm' for CMake config files
[5.116s] Level 1:colcon.colcon_core.environment:checking '/home/luka/ws_moveit2/install/uorover_arm/lib'
[5.116s] Level 1:colcon.colcon_core.environment:checking '/home/luka/ws_moveit2/install/uorover_arm/bin'
[5.116s] Level 1:colcon.colcon_core.environment:checking '/home/luka/ws_moveit2/install/uorover_arm/lib/pkgconfig/uorover_arm.pc'
[5.117s] Level 1:colcon.colcon_core.environment:checking '/home/luka/ws_moveit2/install/uorover_arm/lib/python3.10/site-packages'
[5.117s] Level 1:colcon.colcon_core.shell:create_environment_hook('uorover_arm', 'pythonpath')
[5.144s] INFO:colcon.colcon_core.shell:Creating environment hook '/home/luka/ws_moveit2/install/uorover_arm/share/uorover_arm/hook/pythonpath.ps1'
[5.144s] INFO:colcon.colcon_core.shell:Creating environment descriptor '/home/luka/ws_moveit2/install/uorover_arm/share/uorover_arm/hook/pythonpath.dsv'
[5.145s] INFO:colcon.colcon_core.shell:Creating environment hook '/home/luka/ws_moveit2/install/uorover_arm/share/uorover_arm/hook/pythonpath.sh'
[5.145s] Level 1:colcon.colcon_core.environment:checking '/home/luka/ws_moveit2/install/uorover_arm/bin'
[5.146s] Level 1:colcon.colcon_core.environment:create_environment_scripts_only(uorover_arm)
[5.177s] INFO:colcon.colcon_core.shell:Creating package script '/home/luka/ws_moveit2/install/uorover_arm/share/uorover_arm/package.ps1'
[5.178s] INFO:colcon.colcon_core.shell:Creating package descriptor '/home/luka/ws_moveit2/install/uorover_arm/share/uorover_arm/package.dsv'
[5.179s] INFO:colcon.colcon_core.shell:Creating package script '/home/luka/ws_moveit2/install/uorover_arm/share/uorover_arm/package.sh'
[5.181s] INFO:colcon.colcon_core.shell:Creating package script '/home/luka/ws_moveit2/install/uorover_arm/share/uorover_arm/package.bash'
[5.181s] INFO:colcon.colcon_core.shell:Creating package script '/home/luka/ws_moveit2/install/uorover_arm/share/uorover_arm/package.zsh'
[5.182s] Level 1:colcon.colcon_core.environment:create_file_with_runtime_dependencies(/home/luka/ws_moveit2/install/uorover_arm/share/colcon-core/packages/uorover_arm)
[5.183s] INFO:colcon.colcon_ros.task.ament_cmake.build:Building ROS package in '/home/luka/ws_moveit2/src/uorover_moveit_config' with build type 'ament_cmake'
[5.183s] INFO:colcon.colcon_cmake.task.cmake.build:Building CMake package in '/home/luka/ws_moveit2/src/uorover_moveit_config'
[5.221s] INFO:colcon.colcon_core.shell:Skip shell extension 'powershell' for command environment: Not usable outside of PowerShell
[5.222s] DEBUG:colcon.colcon_core.shell:Skip shell extension 'dsv' for command environment
[5.357s] DEBUG:colcon.colcon_core.event_handler.log_command:Invoking command in '/home/luka/ws_moveit2/build/uorover_moveit_config': AMENT_PREFIX_PATH=/home/luka/ws_moveit2/install/uorover_arm:/home/luka/ws_moveit2/install/uorover_moveit_config:/home/luka/ws_moveit2/install/uorover_ik:/home/luka/rover_workspace/install/robotic_arm_controls:/home/luka/rover_workspace/install/ld_controls:/home/luka/rover_workspace/install/gps_node:/home/luka/rover_workspace/install/chassis_controls:/home/luka/rover_workspace/install/camera_nodes:/home/luka/rover_workspace/install/general_interfaces:/home/luka/rover_workspace/install/drive_urdf:/home/luka/rover_workspace/install/drive_controls:/opt/ros/humble CMAKE_PREFIX_PATH=${CMAKE_PREFIX_PATH}:/home/luka/ws_moveit2/install/uorover_arm:/home/luka/rover_workspace/install/robotic_arm_controls:/home/luka/rover_workspace/install/ld_controls:/home/luka/rover_workspace/install/gps_node:/home/luka/rover_workspace/install/camera_nodes:/home/luka/rover_workspace/install/drive_urdf:/home/luka/rover_workspace/install/drive_controls:/opt/ros/humble /usr/bin/cmake --build /home/luka/ws_moveit2/build/uorover_moveit_config -- -j12 -l12
[5.413s] DEBUG:colcon.colcon_core.event_handler.log_command:Invoked command in '/home/luka/ws_moveit2/build/uorover_moveit_config' returned '0': AMENT_PREFIX_PATH=/home/luka/ws_moveit2/install/uorover_arm:/home/luka/ws_moveit2/install/uorover_moveit_config:/home/luka/ws_moveit2/install/uorover_ik:/home/luka/rover_workspace/install/robotic_arm_controls:/home/luka/rover_workspace/install/ld_controls:/home/luka/rover_workspace/install/gps_node:/home/luka/rover_workspace/install/chassis_controls:/home/luka/rover_workspace/install/camera_nodes:/home/luka/rover_workspace/install/general_interfaces:/home/luka/rover_workspace/install/drive_urdf:/home/luka/rover_workspace/install/drive_controls:/opt/ros/humble CMAKE_PREFIX_PATH=${CMAKE_PREFIX_PATH}:/home/luka/ws_moveit2/install/uorover_arm:/home/luka/rover_workspace/install/robotic_arm_controls:/home/luka/rover_workspace/install/ld_controls:/home/luka/rover_workspace/install/gps_node:/home/luka/rover_workspace/install/camera_nodes:/home/luka/rover_workspace/install/drive_urdf:/home/luka/rover_workspace/install/drive_controls:/opt/ros/humble /usr/bin/cmake --build /home/luka/ws_moveit2/build/uorover_moveit_config -- -j12 -l12
[5.463s] DEBUG:colcon.colcon_core.event_handler.log_command:Invoking command in '/home/luka/ws_moveit2/build/uorover_moveit_config': AMENT_PREFIX_PATH=/home/luka/ws_moveit2/install/uorover_arm:/home/luka/ws_moveit2/install/uorover_moveit_config:/home/luka/ws_moveit2/install/uorover_ik:/home/luka/rover_workspace/install/robotic_arm_controls:/home/luka/rover_workspace/install/ld_controls:/home/luka/rover_workspace/install/gps_node:/home/luka/rover_workspace/install/chassis_controls:/home/luka/rover_workspace/install/camera_nodes:/home/luka/rover_workspace/install/general_interfaces:/home/luka/rover_workspace/install/drive_urdf:/home/luka/rover_workspace/install/drive_controls:/opt/ros/humble CMAKE_PREFIX_PATH=${CMAKE_PREFIX_PATH}:/home/luka/ws_moveit2/install/uorover_arm:/home/luka/rover_workspace/install/robotic_arm_controls:/home/luka/rover_workspace/install/ld_controls:/home/luka/rover_workspace/install/gps_node:/home/luka/rover_workspace/install/camera_nodes:/home/luka/rover_workspace/install/drive_urdf:/home/luka/rover_workspace/install/drive_controls:/opt/ros/humble /usr/bin/cmake --install /home/luka/ws_moveit2/build/uorover_moveit_config
[5.483s] Level 1:colcon.colcon_core.environment:create_environment_scripts_only(uorover_moveit_config)
[5.487s] DEBUG:colcon.colcon_core.event_handler.log_command:Invoked command in '/home/luka/ws_moveit2/build/uorover_moveit_config' returned '0': AMENT_PREFIX_PATH=/home/luka/ws_moveit2/install/uorover_arm:/home/luka/ws_moveit2/install/uorover_moveit_config:/home/luka/ws_moveit2/install/uorover_ik:/home/luka/rover_workspace/install/robotic_arm_controls:/home/luka/rover_workspace/install/ld_controls:/home/luka/rover_workspace/install/gps_node:/home/luka/rover_workspace/install/chassis_controls:/home/luka/rover_workspace/install/camera_nodes:/home/luka/rover_workspace/install/general_interfaces:/home/luka/rover_workspace/install/drive_urdf:/home/luka/rover_workspace/install/drive_controls:/opt/ros/humble CMAKE_PREFIX_PATH=${CMAKE_PREFIX_PATH}:/home/luka/ws_moveit2/install/uorover_arm:/home/luka/rover_workspace/install/robotic_arm_controls:/home/luka/rover_workspace/install/ld_controls:/home/luka/rover_workspace/install/gps_node:/home/luka/rover_workspace/install/camera_nodes:/home/luka/rover_workspace/install/drive_urdf:/home/luka/rover_workspace/install/drive_controls:/opt/ros/humble /usr/bin/cmake --install /home/luka/ws_moveit2/build/uorover_moveit_config
[5.519s] Level 1:colcon.colcon_core.environment:checking '/home/luka/ws_moveit2/install/uorover_moveit_config' for CMake module files
[5.520s] Level 1:colcon.colcon_core.environment:checking '/home/luka/ws_moveit2/install/uorover_moveit_config' for CMake config files
[5.520s] Level 1:colcon.colcon_core.shell:create_environment_hook('uorover_moveit_config', 'cmake_prefix_path')
[5.551s] INFO:colcon.colcon_core.shell:Creating environment hook '/home/luka/ws_moveit2/install/uorover_moveit_config/share/uorover_moveit_config/hook/cmake_prefix_path.ps1'
[5.552s] INFO:colcon.colcon_core.shell:Creating environment descriptor '/home/luka/ws_moveit2/install/uorover_moveit_config/share/uorover_moveit_config/hook/cmake_prefix_path.dsv'
[5.552s] INFO:colcon.colcon_core.shell:Creating environment hook '/home/luka/ws_moveit2/install/uorover_moveit_config/share/uorover_moveit_config/hook/cmake_prefix_path.sh'
[5.553s] Level 1:colcon.colcon_core.environment:checking '/home/luka/ws_moveit2/install/uorover_moveit_config/bin'
[5.553s] Level 1:colcon.colcon_core.environment:checking '/home/luka/ws_moveit2/install/uorover_moveit_config/lib/pkgconfig/uorover_moveit_config.pc'
[5.554s] Level 1:colcon.colcon_core.environment:checking '/home/luka/ws_moveit2/install/uorover_moveit_config/lib/python3.10/site-packages'
[5.554s] Level 1:colcon.colcon_core.environment:checking '/home/luka/ws_moveit2/install/uorover_moveit_config/bin'
[5.586s] INFO:colcon.colcon_core.shell:Creating package script '/home/luka/ws_moveit2/install/uorover_moveit_config/share/uorover_moveit_config/package.ps1'
[5.586s] INFO:colcon.colcon_core.shell:Creating package descriptor '/home/luka/ws_moveit2/install/uorover_moveit_config/share/uorover_moveit_config/package.dsv'
[5.587s] INFO:colcon.colcon_core.shell:Creating package script '/home/luka/ws_moveit2/install/uorover_moveit_config/share/uorover_moveit_config/package.sh'
[5.588s] INFO:colcon.colcon_core.shell:Creating package script '/home/luka/ws_moveit2/install/uorover_moveit_config/share/uorover_moveit_config/package.bash'
[5.588s] INFO:colcon.colcon_core.shell:Creating package script '/home/luka/ws_moveit2/install/uorover_moveit_config/share/uorover_moveit_config/package.zsh'
[5.588s] Level 1:colcon.colcon_core.environment:create_file_with_runtime_dependencies(/home/luka/ws_moveit2/install/uorover_moveit_config/share/colcon-core/packages/uorover_moveit_config)
[5.655s] Level 1:colcon.colcon_core.environment:create_environment_scripts_only(uorover_moveit_config)
[5.685s] Level 1:colcon.colcon_core.environment:checking '/home/luka/ws_moveit2/install/uorover_moveit_config' for CMake module files
[5.686s] Level 1:colcon.colcon_core.environment:checking '/home/luka/ws_moveit2/install/uorover_moveit_config' for CMake config files
[5.686s] Level 1:colcon.colcon_core.shell:create_environment_hook('uorover_moveit_config', 'cmake_prefix_path')
[5.716s] INFO:colcon.colcon_core.shell:Creating environment hook '/home/luka/ws_moveit2/install/uorover_moveit_config/share/uorover_moveit_config/hook/cmake_prefix_path.ps1'
[5.716s] INFO:colcon.colcon_core.shell:Creating environment descriptor '/home/luka/ws_moveit2/install/uorover_moveit_config/share/uorover_moveit_config/hook/cmake_prefix_path.dsv'
[5.717s] INFO:colcon.colcon_core.shell:Creating environment hook '/home/luka/ws_moveit2/install/uorover_moveit_config/share/uorover_moveit_config/hook/cmake_prefix_path.sh'
[5.718s] Level 1:colcon.colcon_core.environment:checking '/home/luka/ws_moveit2/install/uorover_moveit_config/bin'
[5.718s] Level 1:colcon.colcon_core.environment:checking '/home/luka/ws_moveit2/install/uorover_moveit_config/lib/pkgconfig/uorover_moveit_config.pc'
[5.718s] Level 1:colcon.colcon_core.environment:checking '/home/luka/ws_moveit2/install/uorover_moveit_config/lib/python3.10/site-packages'
[5.718s] Level 1:colcon.colcon_core.environment:checking '/home/luka/ws_moveit2/install/uorover_moveit_config/bin'
[5.747s] INFO:colcon.colcon_core.shell:Creating package script '/home/luka/ws_moveit2/install/uorover_moveit_config/share/uorover_moveit_config/package.ps1'
[5.748s] INFO:colcon.colcon_core.shell:Creating package descriptor '/home/luka/ws_moveit2/install/uorover_moveit_config/share/uorover_moveit_config/package.dsv'
[5.748s] INFO:colcon.colcon_core.shell:Creating package script '/home/luka/ws_moveit2/install/uorover_moveit_config/share/uorover_moveit_config/package.sh'
[5.749s] INFO:colcon.colcon_core.shell:Creating package script '/home/luka/ws_moveit2/install/uorover_moveit_config/share/uorover_moveit_config/package.bash'
[5.749s] INFO:colcon.colcon_core.shell:Creating package script '/home/luka/ws_moveit2/install/uorover_moveit_config/share/uorover_moveit_config/package.zsh'
[5.750s] Level 1:colcon.colcon_core.environment:create_file_with_runtime_dependencies(/home/luka/ws_moveit2/install/uorover_moveit_config/share/colcon-core/packages/uorover_moveit_config)
[16.852s] DEBUG:colcon.colcon_core.event_handler.log_command:Invoked command in '/home/luka/ws_moveit2/build/uorover_ik' returned '0': CMAKE_PREFIX_PATH=${CMAKE_PREFIX_PATH}:/home/luka/ws_moveit2/install/uorover_arm:/home/luka/rover_workspace/install/robotic_arm_controls:/home/luka/rover_workspace/install/ld_controls:/home/luka/rover_workspace/install/gps_node:/home/luka/rover_workspace/install/camera_nodes:/home/luka/rover_workspace/install/drive_urdf:/home/luka/rover_workspace/install/drive_controls:/opt/ros/humble /usr/bin/cmake --build /home/luka/ws_moveit2/build/uorover_ik -- -j12 -l12
[16.892s] DEBUG:colcon.colcon_core.event_handler.log_command:Invoking command in '/home/luka/ws_moveit2/build/uorover_ik': CMAKE_PREFIX_PATH=${CMAKE_PREFIX_PATH}:/home/luka/ws_moveit2/install/uorover_arm:/home/luka/rover_workspace/install/robotic_arm_controls:/home/luka/rover_workspace/install/ld_controls:/home/luka/rover_workspace/install/gps_node:/home/luka/rover_workspace/install/camera_nodes:/home/luka/rover_workspace/install/drive_urdf:/home/luka/rover_workspace/install/drive_controls:/opt/ros/humble /usr/bin/cmake --install /home/luka/ws_moveit2/build/uorover_ik
[16.910s] Level 1:colcon.colcon_core.environment:create_environment_scripts_only(uorover_ik)
[16.910s] DEBUG:colcon.colcon_core.event_handler.log_command:Invoked command in '/home/luka/ws_moveit2/build/uorover_ik' returned '0': CMAKE_PREFIX_PATH=${CMAKE_PREFIX_PATH}:/home/luka/ws_moveit2/install/uorover_arm:/home/luka/rover_workspace/install/robotic_arm_controls:/home/luka/rover_workspace/install/ld_controls:/home/luka/rover_workspace/install/gps_node:/home/luka/rover_workspace/install/camera_nodes:/home/luka/rover_workspace/install/drive_urdf:/home/luka/rover_workspace/install/drive_controls:/opt/ros/humble /usr/bin/cmake --install /home/luka/ws_moveit2/build/uorover_ik
[16.936s] Level 1:colcon.colcon_core.environment:checking '/home/luka/ws_moveit2/install/uorover_ik' for CMake module files
[16.937s] Level 1:colcon.colcon_core.environment:checking '/home/luka/ws_moveit2/install/uorover_ik' for CMake config files
[16.937s] Level 1:colcon.colcon_core.shell:create_environment_hook('uorover_ik', 'cmake_prefix_path')
[16.960s] INFO:colcon.colcon_core.shell:Creating environment hook '/home/luka/ws_moveit2/install/uorover_ik/share/uorover_ik/hook/cmake_prefix_path.ps1'
[16.961s] INFO:colcon.colcon_core.shell:Creating environment descriptor '/home/luka/ws_moveit2/install/uorover_ik/share/uorover_ik/hook/cmake_prefix_path.dsv'
[16.962s] INFO:colcon.colcon_core.shell:Creating environment hook '/home/luka/ws_moveit2/install/uorover_ik/share/uorover_ik/hook/cmake_prefix_path.sh'
[16.963s] Level 1:colcon.colcon_core.environment:checking '/home/luka/ws_moveit2/install/uorover_ik/lib'
[16.963s] Level 1:colcon.colcon_core.environment:checking '/home/luka/ws_moveit2/install/uorover_ik/bin'
[16.963s] Level 1:colcon.colcon_core.environment:checking '/home/luka/ws_moveit2/install/uorover_ik/lib/pkgconfig/uorover_ik.pc'
[16.963s] Level 1:colcon.colcon_core.environment:checking '/home/luka/ws_moveit2/install/uorover_ik/lib/python3.10/site-packages'
[16.964s] Level 1:colcon.colcon_core.environment:checking '/home/luka/ws_moveit2/install/uorover_ik/bin'
[16.994s] INFO:colcon.colcon_core.shell:Creating package script '/home/luka/ws_moveit2/install/uorover_ik/share/uorover_ik/package.ps1'
[16.995s] INFO:colcon.colcon_core.shell:Creating package descriptor '/home/luka/ws_moveit2/install/uorover_ik/share/uorover_ik/package.dsv'
[16.995s] INFO:colcon.colcon_core.shell:Creating package script '/home/luka/ws_moveit2/install/uorover_ik/share/uorover_ik/package.sh'
[16.995s] INFO:colcon.colcon_core.shell:Creating package script '/home/luka/ws_moveit2/install/uorover_ik/share/uorover_ik/package.bash'
[16.996s] INFO:colcon.colcon_core.shell:Creating package script '/home/luka/ws_moveit2/install/uorover_ik/share/uorover_ik/package.zsh'
[16.996s] Level 1:colcon.colcon_core.environment:create_file_with_runtime_dependencies(/home/luka/ws_moveit2/install/uorover_ik/share/colcon-core/packages/uorover_ik)
[17.067s] Level 1:colcon.colcon_core.environment:create_environment_scripts_only(uorover_ik)
[17.100s] Level 1:colcon.colcon_core.environment:checking '/home/luka/ws_moveit2/install/uorover_ik' for CMake module files
[17.101s] Level 1:colcon.colcon_core.environment:checking '/home/luka/ws_moveit2/install/uorover_ik' for CMake config files
[17.102s] Level 1:colcon.colcon_core.shell:create_environment_hook('uorover_ik', 'cmake_prefix_path')
[17.128s] INFO:colcon.colcon_core.shell:Creating environment hook '/home/luka/ws_moveit2/install/uorover_ik/share/uorover_ik/hook/cmake_prefix_path.ps1'
[17.129s] INFO:colcon.colcon_core.shell:Creating environment descriptor '/home/luka/ws_moveit2/install/uorover_ik/share/uorover_ik/hook/cmake_prefix_path.dsv'
[17.129s] INFO:colcon.colcon_core.shell:Creating environment hook '/home/luka/ws_moveit2/install/uorover_ik/share/uorover_ik/hook/cmake_prefix_path.sh'
[17.130s] Level 1:colcon.colcon_core.environment:checking '/home/luka/ws_moveit2/install/uorover_ik/lib'
[17.130s] Level 1:colcon.colcon_core.environment:checking '/home/luka/ws_moveit2/install/uorover_ik/bin'
[17.130s] Level 1:colcon.colcon_core.environment:checking '/home/luka/ws_moveit2/install/uorover_ik/lib/pkgconfig/uorover_ik.pc'
[17.130s] Level 1:colcon.colcon_core.environment:checking '/home/luka/ws_moveit2/install/uorover_ik/lib/python3.10/site-packages'
[17.130s] Level 1:colcon.colcon_core.environment:checking '/home/luka/ws_moveit2/install/uorover_ik/bin'
[17.157s] INFO:colcon.colcon_core.shell:Creating package script '/home/luka/ws_moveit2/install/uorover_ik/share/uorover_ik/package.ps1'
[17.158s] INFO:colcon.colcon_core.shell:Creating package descriptor '/home/luka/ws_moveit2/install/uorover_ik/share/uorover_ik/package.dsv'
[17.158s] INFO:colcon.colcon_core.shell:Creating package script '/home/luka/ws_moveit2/install/uorover_ik/share/uorover_ik/package.sh'
[17.158s] INFO:colcon.colcon_core.shell:Creating package script '/home/luka/ws_moveit2/install/uorover_ik/share/uorover_ik/package.bash'
[17.159s] INFO:colcon.colcon_core.shell:Creating package script '/home/luka/ws_moveit2/install/uorover_ik/share/uorover_ik/package.zsh'
[17.159s] Level 1:colcon.colcon_core.environment:create_file_with_runtime_dependencies(/home/luka/ws_moveit2/install/uorover_ik/share/colcon-core/packages/uorover_ik)
[17.159s] DEBUG:colcon.colcon_parallel_executor.executor.parallel:closing loop
[17.160s] DEBUG:colcon.colcon_parallel_executor.executor.parallel:loop closed
[17.160s] DEBUG:colcon.colcon_parallel_executor.executor.parallel:run_until_complete finished with '0'
[17.160s] DEBUG:colcon.colcon_core.event_reactor:joining thread
[17.192s] INFO:colcon.colcon_core.plugin_system:Skipping extension 'colcon_notification.desktop_notification.terminal_notifier': Not used on non-Darwin systems
[17.192s] INFO:colcon.colcon_core.plugin_system:Skipping extension 'colcon_notification.desktop_notification.win32': Not used on non-Windows systems
[17.192s] INFO:colcon.colcon_notification.desktop_notification:Sending desktop notification using 'notify2'
[17.209s] DEBUG:colcon.colcon_core.event_reactor:joined thread
[17.234s] INFO:colcon.colcon_core.shell:Creating prefix script '/home/luka/ws_moveit2/install/local_setup.ps1'
[17.235s] INFO:colcon.colcon_core.shell:Creating prefix util module '/home/luka/ws_moveit2/install/_local_setup_util_ps1.py'
[17.237s] INFO:colcon.colcon_core.shell:Creating prefix chain script '/home/luka/ws_moveit2/install/setup.ps1'
[17.265s] INFO:colcon.colcon_core.shell:Creating prefix script '/home/luka/ws_moveit2/install/local_setup.sh'
[17.266s] INFO:colcon.colcon_core.shell:Creating prefix util module '/home/luka/ws_moveit2/install/_local_setup_util_sh.py'
[17.267s] INFO:colcon.colcon_core.shell:Creating prefix chain script '/home/luka/ws_moveit2/install/setup.sh'
[17.294s] INFO:colcon.colcon_core.shell:Creating prefix script '/home/luka/ws_moveit2/install/local_setup.bash'
[17.295s] INFO:colcon.colcon_core.shell:Creating prefix chain script '/home/luka/ws_moveit2/install/setup.bash'
[17.327s] INFO:colcon.colcon_core.shell:Creating prefix script '/home/luka/ws_moveit2/install/local_setup.zsh'
[17.328s] INFO:colcon.colcon_core.shell:Creating prefix chain script '/home/luka/ws_moveit2/install/setup.zsh'
