[1.778s] DEBUG:colcon:Command line arguments: ['/usr/bin/colcon', 'build']
[1.778s] DEBUG:colcon:Parsed command line arguments: Namespace(log_base=None, log_level=None, verb_name='build', build_base='build', install_base='install', merge_install=False, symlink_install=False, test_result_base=None, continue_on_error=False, executor='parallel', parallel_workers=12, event_handlers=None, ignore_user_meta=False, metas=['./colcon.meta'], base_paths=['.'], packages_ignore=None, packages_ignore_regex=None, paths=None, packages_up_to=None, packages_up_to_regex=None, packages_above=None, packages_above_and_dependencies=None, packages_above_depth=None, packages_select_by_dep=None, packages_skip_by_dep=None, packages_skip_up_to=None, packages_select_build_failed=False, packages_skip_build_finished=False, packages_select_test_failures=False, packages_skip_test_passed=False, packages_select=None, packages_skip=None, packages_select_regex=None, packages_skip_regex=None, packages_start=None, packages_end=None, allow_overriding=[], cmake_args=None, cmake_target=None, cmake_target_skip_unavailable=False, cmake_clean_cache=False, cmake_clean_first=False, cmake_force_configure=False, ament_cmake_args=None, catkin_cmake_args=None, catkin_skip_building_tests=False, mixin_files=None, mixin=None, verb_parser=<colcon_mixin.mixin.mixin_argument.MixinArgumentDecorator object at 0x7f3cae2b0f10>, verb_extension=<colcon_core.verb.build.BuildVerb object at 0x7f3cae2b1090>, main=<bound method BuildVerb.main of <colcon_core.verb.build.BuildVerb object at 0x7f3cae2b1090>>, mixin_verb=('build',))
[1.836s] Level 1:colcon.colcon_core.package_discovery:discover_packages(colcon_meta) check parameters
[1.836s] Level 1:colcon.colcon_core.package_discovery:discover_packages(recursive) check parameters
[1.836s] Level 1:colcon.colcon_core.package_discovery:discover_packages(ignore) check parameters
[1.836s] Level 1:colcon.colcon_core.package_discovery:discover_packages(path) check parameters
[1.836s] Level 1:colcon.colcon_core.package_discovery:discover_packages(colcon_meta) discover
[1.836s] Level 1:colcon.colcon_core.package_discovery:discover_packages(recursive) discover
[1.836s] INFO:colcon.colcon_core.package_discovery:Crawling recursively for packages in '/home/luka/ws_moveit2'
[1.836s] Level 1:colcon.colcon_core.package_identification:_identify(.) by extensions ['ignore', 'ignore_ament_install']
[1.836s] Level 1:colcon.colcon_core.package_identification:_identify(.) by extension 'ignore'
[1.836s] Level 1:colcon.colcon_core.package_identification:_identify(.) by extension 'ignore_ament_install'
[1.836s] Level 1:colcon.colcon_core.package_identification:_identify(.) by extensions ['colcon_pkg']
[1.836s] Level 1:colcon.colcon_core.package_identification:_identify(.) by extension 'colcon_pkg'
[1.836s] Level 1:colcon.colcon_core.package_identification:_identify(.) by extensions ['colcon_meta']
[1.836s] Level 1:colcon.colcon_core.package_identification:_identify(.) by extension 'colcon_meta'
[1.836s] Level 1:colcon.colcon_core.package_identification:_identify(.) by extensions ['ros']
[1.836s] Level 1:colcon.colcon_core.package_identification:_identify(.) by extension 'ros'
[1.847s] Level 1:colcon.colcon_core.package_identification:_identify(.) by extensions ['cmake', 'python']
[1.847s] Level 1:colcon.colcon_core.package_identification:_identify(.) by extension 'cmake'
[1.847s] Level 1:colcon.colcon_core.package_identification:_identify(.) by extension 'python'
[1.847s] Level 1:colcon.colcon_core.package_identification:_identify(.) by extensions ['python_setup_py']
[1.847s] Level 1:colcon.colcon_core.package_identification:_identify(.) by extension 'python_setup_py'
[1.847s] Level 1:colcon.colcon_core.package_identification:_identify(build) by extensions ['ignore', 'ignore_ament_install']
[1.847s] Level 1:colcon.colcon_core.package_identification:_identify(build) by extension 'ignore'
[1.847s] Level 1:colcon.colcon_core.package_identification:_identify(build) ignored
[1.847s] Level 1:colcon.colcon_core.package_identification:_identify(install) by extensions ['ignore', 'ignore_ament_install']
[1.847s] Level 1:colcon.colcon_core.package_identification:_identify(install) by extension 'ignore'
[1.847s] Level 1:colcon.colcon_core.package_identification:_identify(install) ignored
[1.847s] Level 1:colcon.colcon_core.package_identification:_identify(log) by extensions ['ignore', 'ignore_ament_install']
[1.847s] Level 1:colcon.colcon_core.package_identification:_identify(log) by extension 'ignore'
[1.848s] Level 1:colcon.colcon_core.package_identification:_identify(log) ignored
[1.848s] Level 1:colcon.colcon_core.package_identification:_identify(src) by extensions ['ignore', 'ignore_ament_install']
[1.848s] Level 1:colcon.colcon_core.package_identification:_identify(src) by extension 'ignore'
[1.848s] Level 1:colcon.colcon_core.package_identification:_identify(src) by extension 'ignore_ament_install'
[1.848s] Level 1:colcon.colcon_core.package_identification:_identify(src) by extensions ['colcon_pkg']
[1.848s] Level 1:colcon.colcon_core.package_identification:_identify(src) by extension 'colcon_pkg'
[1.848s] Level 1:colcon.colcon_core.package_identification:_identify(src) by extensions ['colcon_meta']
[1.848s] Level 1:colcon.colcon_core.package_identification:_identify(src) by extension 'colcon_meta'
[1.848s] Level 1:colcon.colcon_core.package_identification:_identify(src) by extensions ['ros']
[1.848s] Level 1:colcon.colcon_core.package_identification:_identify(src) by extension 'ros'
[1.848s] Level 1:colcon.colcon_core.package_identification:_identify(src) by extensions ['cmake', 'python']
[1.848s] Level 1:colcon.colcon_core.package_identification:_identify(src) by extension 'cmake'
[1.848s] Level 1:colcon.colcon_core.package_identification:_identify(src) by extension 'python'
[1.848s] Level 1:colcon.colcon_core.package_identification:_identify(src) by extensions ['python_setup_py']
[1.848s] Level 1:colcon.colcon_core.package_identification:_identify(src) by extension 'python_setup_py'
[1.848s] Level 1:colcon.colcon_core.package_identification:_identify(src/uorover_arm) by extensions ['ignore', 'ignore_ament_install']
[1.848s] Level 1:colcon.colcon_core.package_identification:_identify(src/uorover_arm) by extension 'ignore'
[1.848s] Level 1:colcon.colcon_core.package_identification:_identify(src/uorover_arm) by extension 'ignore_ament_install'
[1.848s] Level 1:colcon.colcon_core.package_identification:_identify(src/uorover_arm) by extensions ['colcon_pkg']
[1.848s] Level 1:colcon.colcon_core.package_identification:_identify(src/uorover_arm) by extension 'colcon_pkg'
[1.849s] Level 1:colcon.colcon_core.package_identification:_identify(src/uorover_arm) by extensions ['colcon_meta']
[1.849s] Level 1:colcon.colcon_core.package_identification:_identify(src/uorover_arm) by extension 'colcon_meta'
[1.849s] Level 1:colcon.colcon_core.package_identification:_identify(src/uorover_arm) by extensions ['ros']
[1.849s] Level 1:colcon.colcon_core.package_identification:_identify(src/uorover_arm) by extension 'ros'
[1.851s] DEBUG:colcon.colcon_core.package_identification:Package 'src/uorover_arm' with type 'ros.ament_python' and name 'uorover_arm'
[1.851s] Level 1:colcon.colcon_core.package_identification:_identify(src/uorover_ik) by extensions ['ignore', 'ignore_ament_install']
[1.851s] Level 1:colcon.colcon_core.package_identification:_identify(src/uorover_ik) by extension 'ignore'
[1.852s] Level 1:colcon.colcon_core.package_identification:_identify(src/uorover_ik) by extension 'ignore_ament_install'
[1.852s] Level 1:colcon.colcon_core.package_identification:_identify(src/uorover_ik) by extensions ['colcon_pkg']
[1.852s] Level 1:colcon.colcon_core.package_identification:_identify(src/uorover_ik) by extension 'colcon_pkg'
[1.852s] Level 1:colcon.colcon_core.package_identification:_identify(src/uorover_ik) by extensions ['colcon_meta']
[1.852s] Level 1:colcon.colcon_core.package_identification:_identify(src/uorover_ik) by extension 'colcon_meta'
[1.852s] Level 1:colcon.colcon_core.package_identification:_identify(src/uorover_ik) by extensions ['ros']
[1.852s] Level 1:colcon.colcon_core.package_identification:_identify(src/uorover_ik) by extension 'ros'
[1.852s] DEBUG:colcon.colcon_core.package_identification:Package 'src/uorover_ik' with type 'ros.ament_cmake' and name 'uorover_ik'
[1.853s] Level 1:colcon.colcon_core.package_identification:_identify(src/uorover_moveit_config) by extensions ['ignore', 'ignore_ament_install']
[1.853s] Level 1:colcon.colcon_core.package_identification:_identify(src/uorover_moveit_config) by extension 'ignore'
[1.853s] Level 1:colcon.colcon_core.package_identification:_identify(src/uorover_moveit_config) by extension 'ignore_ament_install'
[1.853s] Level 1:colcon.colcon_core.package_identification:_identify(src/uorover_moveit_config) by extensions ['colcon_pkg']
[1.853s] Level 1:colcon.colcon_core.package_identification:_identify(src/uorover_moveit_config) by extension 'colcon_pkg'
[1.853s] Level 1:colcon.colcon_core.package_identification:_identify(src/uorover_moveit_config) by extensions ['colcon_meta']
[1.853s] Level 1:colcon.colcon_core.package_identification:_identify(src/uorover_moveit_config) by extension 'colcon_meta'
[1.853s] Level 1:colcon.colcon_core.package_identification:_identify(src/uorover_moveit_config) by extensions ['ros']
[1.853s] Level 1:colcon.colcon_core.package_identification:_identify(src/uorover_moveit_config) by extension 'ros'
[1.854s] DEBUG:colcon.colcon_core.package_identification:Package 'src/uorover_moveit_config' with type 'ros.ament_cmake' and name 'uorover_moveit_config'
[1.854s] Level 1:colcon.colcon_core.package_discovery:discover_packages(recursive) using defaults
[1.854s] Level 1:colcon.colcon_core.package_discovery:discover_packages(ignore) discover
[1.854s] Level 1:colcon.colcon_core.package_discovery:discover_packages(ignore) using defaults
[1.854s] Level 1:colcon.colcon_core.package_discovery:discover_packages(path) discover
[1.854s] Level 1:colcon.colcon_core.package_discovery:discover_packages(path) using defaults
[1.975s] Level 1:colcon.colcon_core.package_discovery:discover_packages(prefix_path) check parameters
[1.975s] Level 1:colcon.colcon_core.package_discovery:discover_packages(prefix_path) discover
[2.017s] DEBUG:colcon.colcon_installed_package_information.package_discovery:Found 3 installed packages in /home/luka/ws_moveit2/install
[2.038s] DEBUG:colcon.colcon_installed_package_information.package_discovery:Found 8 installed packages in /home/luka/rover_workspace/install
[2.060s] DEBUG:colcon.colcon_installed_package_information.package_discovery:Found 407 installed packages in /opt/ros/humble
[2.062s] Level 1:colcon.colcon_core.package_discovery:discover_packages(prefix_path) using defaults
[2.183s] Level 5:colcon.colcon_core.verb:set package 'uorover_arm' build argument 'cmake_args' from command line to 'None'
[2.183s] Level 5:colcon.colcon_core.verb:set package 'uorover_arm' build argument 'cmake_target' from command line to 'None'
[2.183s] Level 5:colcon.colcon_core.verb:set package 'uorover_arm' build argument 'cmake_target_skip_unavailable' from command line to 'False'
[2.183s] Level 5:colcon.colcon_core.verb:set package 'uorover_arm' build argument 'cmake_clean_cache' from command line to 'False'
[2.183s] Level 5:colcon.colcon_core.verb:set package 'uorover_arm' build argument 'cmake_clean_first' from command line to 'False'
[2.184s] Level 5:colcon.colcon_core.verb:set package 'uorover_arm' build argument 'cmake_force_configure' from command line to 'False'
[2.184s] Level 5:colcon.colcon_core.verb:set package 'uorover_arm' build argument 'ament_cmake_args' from command line to 'None'
[2.184s] Level 5:colcon.colcon_core.verb:set package 'uorover_arm' build argument 'catkin_cmake_args' from command line to 'None'
[2.184s] Level 5:colcon.colcon_core.verb:set package 'uorover_arm' build argument 'catkin_skip_building_tests' from command line to 'False'
[2.184s] DEBUG:colcon.colcon_core.verb:Building package 'uorover_arm' with the following arguments: {'ament_cmake_args': None, 'build_base': '/home/luka/ws_moveit2/build/uorover_arm', 'catkin_cmake_args': None, 'catkin_skip_building_tests': False, 'cmake_args': None, 'cmake_clean_cache': False, 'cmake_clean_first': False, 'cmake_force_configure': False, 'cmake_target': None, 'cmake_target_skip_unavailable': False, 'install_base': '/home/luka/ws_moveit2/install/uorover_arm', 'merge_install': False, 'path': '/home/luka/ws_moveit2/src/uorover_arm', 'symlink_install': False, 'test_result_base': None}
[2.204s] Level 5:colcon.colcon_core.verb:set package 'uorover_ik' build argument 'cmake_args' from command line to 'None'
[2.204s] Level 5:colcon.colcon_core.verb:set package 'uorover_ik' build argument 'cmake_target' from command line to 'None'
[2.204s] Level 5:colcon.colcon_core.verb:set package 'uorover_ik' build argument 'cmake_target_skip_unavailable' from command line to 'False'
[2.204s] Level 5:colcon.colcon_core.verb:set package 'uorover_ik' build argument 'cmake_clean_cache' from command line to 'False'
[2.204s] Level 5:colcon.colcon_core.verb:set package 'uorover_ik' build argument 'cmake_clean_first' from command line to 'False'
[2.204s] Level 5:colcon.colcon_core.verb:set package 'uorover_ik' build argument 'cmake_force_configure' from command line to 'False'
[2.204s] Level 5:colcon.colcon_core.verb:set package 'uorover_ik' build argument 'ament_cmake_args' from command line to 'None'
[2.204s] Level 5:colcon.colcon_core.verb:set package 'uorover_ik' build argument 'catkin_cmake_args' from command line to 'None'
[2.204s] Level 5:colcon.colcon_core.verb:set package 'uorover_ik' build argument 'catkin_skip_building_tests' from command line to 'False'
[2.204s] DEBUG:colcon.colcon_core.verb:Building package 'uorover_ik' with the following arguments: {'ament_cmake_args': None, 'build_base': '/home/luka/ws_moveit2/build/uorover_ik', 'catkin_cmake_args': None, 'catkin_skip_building_tests': False, 'cmake_args': None, 'cmake_clean_cache': False, 'cmake_clean_first': False, 'cmake_force_configure': False, 'cmake_target': None, 'cmake_target_skip_unavailable': False, 'install_base': '/home/luka/ws_moveit2/install/uorover_ik', 'merge_install': False, 'path': '/home/luka/ws_moveit2/src/uorover_ik', 'symlink_install': False, 'test_result_base': None}
[2.224s] Level 5:colcon.colcon_core.verb:set package 'uorover_moveit_config' build argument 'cmake_args' from command line to 'None'
[2.224s] Level 5:colcon.colcon_core.verb:set package 'uorover_moveit_config' build argument 'cmake_target' from command line to 'None'
[2.224s] Level 5:colcon.colcon_core.verb:set package 'uorover_moveit_config' build argument 'cmake_target_skip_unavailable' from command line to 'False'
[2.224s] Level 5:colcon.colcon_core.verb:set package 'uorover_moveit_config' build argument 'cmake_clean_cache' from command line to 'False'
[2.224s] Level 5:colcon.colcon_core.verb:set package 'uorover_moveit_config' build argument 'cmake_clean_first' from command line to 'False'
[2.224s] Level 5:colcon.colcon_core.verb:set package 'uorover_moveit_config' build argument 'cmake_force_configure' from command line to 'False'
[2.224s] Level 5:colcon.colcon_core.verb:set package 'uorover_moveit_config' build argument 'ament_cmake_args' from command line to 'None'
[2.224s] Level 5:colcon.colcon_core.verb:set package 'uorover_moveit_config' build argument 'catkin_cmake_args' from command line to 'None'
[2.224s] Level 5:colcon.colcon_core.verb:set package 'uorover_moveit_config' build argument 'catkin_skip_building_tests' from command line to 'False'
[2.224s] DEBUG:colcon.colcon_core.verb:Building package 'uorover_moveit_config' with the following arguments: {'ament_cmake_args': None, 'build_base': '/home/luka/ws_moveit2/build/uorover_moveit_config', 'catkin_cmake_args': None, 'catkin_skip_building_tests': False, 'cmake_args': None, 'cmake_clean_cache': False, 'cmake_clean_first': False, 'cmake_force_configure': False, 'cmake_target': None, 'cmake_target_skip_unavailable': False, 'install_base': '/home/luka/ws_moveit2/install/uorover_moveit_config', 'merge_install': False, 'path': '/home/luka/ws_moveit2/src/uorover_moveit_config', 'symlink_install': False, 'test_result_base': None}
[2.244s] INFO:colcon.colcon_core.executor:Executing jobs using 'parallel' executor
[2.267s] DEBUG:colcon.colcon_parallel_executor.executor.parallel:run_until_complete
[2.267s] INFO:colcon.colcon_ros.task.ament_python.build:Building ROS package in '/home/luka/ws_moveit2/src/uorover_arm' with build type 'ament_python'
[2.268s] Level 1:colcon.colcon_core.shell:create_environment_hook('uorover_arm', 'ament_prefix_path')
[2.290s] INFO:colcon.colcon_core.plugin_system:Skipping extension 'colcon_core.shell.bat': Not used on non-Windows systems
[2.290s] INFO:colcon.colcon_core.shell:Creating environment hook '/home/luka/ws_moveit2/install/uorover_arm/share/uorover_arm/hook/ament_prefix_path.ps1'
[2.291s] INFO:colcon.colcon_core.shell:Creating environment descriptor '/home/luka/ws_moveit2/install/uorover_arm/share/uorover_arm/hook/ament_prefix_path.dsv'
[2.291s] INFO:colcon.colcon_core.shell:Creating environment hook '/home/luka/ws_moveit2/install/uorover_arm/share/uorover_arm/hook/ament_prefix_path.sh'
[2.312s] INFO:colcon.colcon_core.shell:Skip shell extension 'powershell' for command environment: Not usable outside of PowerShell
[2.312s] DEBUG:colcon.colcon_core.shell:Skip shell extension 'dsv' for command environment
[2.401s] INFO:colcon.colcon_ros.task.ament_cmake.build:Building ROS package in '/home/luka/ws_moveit2/src/uorover_ik' with build type 'ament_cmake'
[2.401s] INFO:colcon.colcon_cmake.task.cmake.build:Building CMake package in '/home/luka/ws_moveit2/src/uorover_ik'
[2.432s] INFO:colcon.colcon_core.shell:Skip shell extension 'powershell' for command environment: Not usable outside of PowerShell
[2.432s] DEBUG:colcon.colcon_core.shell:Skip shell extension 'dsv' for command environment
[2.838s] INFO:colcon.colcon_core.task.python.build:Building Python package in '/home/luka/ws_moveit2/src/uorover_arm'
[2.859s] INFO:colcon.colcon_core.shell:Skip shell extension 'powershell' for command environment: Not usable outside of PowerShell
[2.859s] DEBUG:colcon.colcon_core.shell:Skip shell extension 'dsv' for command environment
[2.963s] DEBUG:colcon.colcon_core.event_handler.log_command:Invoking command in '/home/luka/ws_moveit2/build/uorover_ik': CMAKE_PREFIX_PATH=${CMAKE_PREFIX_PATH}:/home/luka/ws_moveit2/install/uorover_arm:/home/luka/rover_workspace/install/robotic_arm_controls:/home/luka/rover_workspace/install/ld_controls:/home/luka/rover_workspace/install/gps_node:/home/luka/rover_workspace/install/camera_nodes:/home/luka/rover_workspace/install/drive_urdf:/home/luka/rover_workspace/install/drive_controls:/opt/ros/humble /usr/bin/cmake --build /home/luka/ws_moveit2/build/uorover_ik -- -j12 -l12
[3.420s] DEBUG:colcon.colcon_core.event_handler.log_command:Invoking command in '/home/luka/ws_moveit2/src/uorover_arm': PYTHONPATH=/home/luka/ws_moveit2/build/uorover_arm/prefix_override:/home/luka/ws_moveit2/install/uorover_arm/lib/python3.10/site-packages:${PYTHONPATH} /usr/bin/python3 setup.py egg_info --egg-base ../../build/uorover_arm build --build-base /home/luka/ws_moveit2/build/uorover_arm/build install --record /home/luka/ws_moveit2/build/uorover_arm/install.log --single-version-externally-managed
[3.771s] DEBUG:colcon.colcon_core.event_handler.log_command:Invoked command in '/home/luka/ws_moveit2/src/uorover_arm' returned '0': PYTHONPATH=/home/luka/ws_moveit2/build/uorover_arm/prefix_override:/home/luka/ws_moveit2/install/uorover_arm/lib/python3.10/site-packages:${PYTHONPATH} /usr/bin/python3 setup.py egg_info --egg-base ../../build/uorover_arm build --build-base /home/luka/ws_moveit2/build/uorover_arm/build install --record /home/luka/ws_moveit2/build/uorover_arm/install.log --single-version-externally-managed
[3.794s] Level 1:colcon.colcon_core.environment:checking '/home/luka/ws_moveit2/install/uorover_arm' for CMake module files
[3.794s] Level 1:colcon.colcon_core.environment:checking '/home/luka/ws_moveit2/install/uorover_arm' for CMake config files
[3.795s] Level 1:colcon.colcon_core.environment:checking '/home/luka/ws_moveit2/install/uorover_arm/lib'
[3.795s] Level 1:colcon.colcon_core.environment:checking '/home/luka/ws_moveit2/install/uorover_arm/bin'
[3.795s] Level 1:colcon.colcon_core.environment:checking '/home/luka/ws_moveit2/install/uorover_arm/lib/pkgconfig/uorover_arm.pc'
[3.795s] Level 1:colcon.colcon_core.environment:checking '/home/luka/ws_moveit2/install/uorover_arm/lib/python3.10/site-packages'
[3.795s] Level 1:colcon.colcon_core.shell:create_environment_hook('uorover_arm', 'pythonpath')
[3.820s] INFO:colcon.colcon_core.shell:Creating environment hook '/home/luka/ws_moveit2/install/uorover_arm/share/uorover_arm/hook/pythonpath.ps1'
[3.821s] INFO:colcon.colcon_core.shell:Creating environment descriptor '/home/luka/ws_moveit2/install/uorover_arm/share/uorover_arm/hook/pythonpath.dsv'
[3.821s] INFO:colcon.colcon_core.shell:Creating environment hook '/home/luka/ws_moveit2/install/uorover_arm/share/uorover_arm/hook/pythonpath.sh'
[3.822s] Level 1:colcon.colcon_core.environment:checking '/home/luka/ws_moveit2/install/uorover_arm/bin'
[3.822s] Level 1:colcon.colcon_core.environment:create_environment_scripts_only(uorover_arm)
[3.844s] INFO:colcon.colcon_core.shell:Creating package script '/home/luka/ws_moveit2/install/uorover_arm/share/uorover_arm/package.ps1'
[3.845s] INFO:colcon.colcon_core.shell:Creating package descriptor '/home/luka/ws_moveit2/install/uorover_arm/share/uorover_arm/package.dsv'
[3.845s] INFO:colcon.colcon_core.shell:Creating package script '/home/luka/ws_moveit2/install/uorover_arm/share/uorover_arm/package.sh'
[3.846s] INFO:colcon.colcon_core.shell:Creating package script '/home/luka/ws_moveit2/install/uorover_arm/share/uorover_arm/package.bash'
[3.847s] INFO:colcon.colcon_core.shell:Creating package script '/home/luka/ws_moveit2/install/uorover_arm/share/uorover_arm/package.zsh'
[3.847s] Level 1:colcon.colcon_core.environment:create_file_with_runtime_dependencies(/home/luka/ws_moveit2/install/uorover_arm/share/colcon-core/packages/uorover_arm)
[3.848s] INFO:colcon.colcon_ros.task.ament_cmake.build:Building ROS package in '/home/luka/ws_moveit2/src/uorover_moveit_config' with build type 'ament_cmake'
[3.848s] INFO:colcon.colcon_cmake.task.cmake.build:Building CMake package in '/home/luka/ws_moveit2/src/uorover_moveit_config'
[3.869s] INFO:colcon.colcon_core.shell:Skip shell extension 'powershell' for command environment: Not usable outside of PowerShell
[3.870s] DEBUG:colcon.colcon_core.shell:Skip shell extension 'dsv' for command environment
[3.968s] DEBUG:colcon.colcon_core.event_handler.log_command:Invoking command in '/home/luka/ws_moveit2/build/uorover_moveit_config': AMENT_PREFIX_PATH=/home/luka/ws_moveit2/install/uorover_arm:/home/luka/ws_moveit2/install/uorover_moveit_config:/home/luka/ws_moveit2/install/uorover_ik:/home/luka/rover_workspace/install/robotic_arm_controls:/home/luka/rover_workspace/install/ld_controls:/home/luka/rover_workspace/install/gps_node:/home/luka/rover_workspace/install/chassis_controls:/home/luka/rover_workspace/install/camera_nodes:/home/luka/rover_workspace/install/general_interfaces:/home/luka/rover_workspace/install/drive_urdf:/home/luka/rover_workspace/install/drive_controls:/opt/ros/humble CMAKE_PREFIX_PATH=${CMAKE_PREFIX_PATH}:/home/luka/ws_moveit2/install/uorover_arm:/home/luka/rover_workspace/install/robotic_arm_controls:/home/luka/rover_workspace/install/ld_controls:/home/luka/rover_workspace/install/gps_node:/home/luka/rover_workspace/install/camera_nodes:/home/luka/rover_workspace/install/drive_urdf:/home/luka/rover_workspace/install/drive_controls:/opt/ros/humble /usr/bin/cmake --build /home/luka/ws_moveit2/build/uorover_moveit_config -- -j12 -l12
[4.011s] DEBUG:colcon.colcon_core.event_handler.log_command:Invoked command in '/home/luka/ws_moveit2/build/uorover_moveit_config' returned '0': AMENT_PREFIX_PATH=/home/luka/ws_moveit2/install/uorover_arm:/home/luka/ws_moveit2/install/uorover_moveit_config:/home/luka/ws_moveit2/install/uorover_ik:/home/luka/rover_workspace/install/robotic_arm_controls:/home/luka/rover_workspace/install/ld_controls:/home/luka/rover_workspace/install/gps_node:/home/luka/rover_workspace/install/chassis_controls:/home/luka/rover_workspace/install/camera_nodes:/home/luka/rover_workspace/install/general_interfaces:/home/luka/rover_workspace/install/drive_urdf:/home/luka/rover_workspace/install/drive_controls:/opt/ros/humble CMAKE_PREFIX_PATH=${CMAKE_PREFIX_PATH}:/home/luka/ws_moveit2/install/uorover_arm:/home/luka/rover_workspace/install/robotic_arm_controls:/home/luka/rover_workspace/install/ld_controls:/home/luka/rover_workspace/install/gps_node:/home/luka/rover_workspace/install/camera_nodes:/home/luka/rover_workspace/install/drive_urdf:/home/luka/rover_workspace/install/drive_controls:/opt/ros/humble /usr/bin/cmake --build /home/luka/ws_moveit2/build/uorover_moveit_config -- -j12 -l12
[4.047s] DEBUG:colcon.colcon_core.event_handler.log_command:Invoking command in '/home/luka/ws_moveit2/build/uorover_moveit_config': AMENT_PREFIX_PATH=/home/luka/ws_moveit2/install/uorover_arm:/home/luka/ws_moveit2/install/uorover_moveit_config:/home/luka/ws_moveit2/install/uorover_ik:/home/luka/rover_workspace/install/robotic_arm_controls:/home/luka/rover_workspace/install/ld_controls:/home/luka/rover_workspace/install/gps_node:/home/luka/rover_workspace/install/chassis_controls:/home/luka/rover_workspace/install/camera_nodes:/home/luka/rover_workspace/install/general_interfaces:/home/luka/rover_workspace/install/drive_urdf:/home/luka/rover_workspace/install/drive_controls:/opt/ros/humble CMAKE_PREFIX_PATH=${CMAKE_PREFIX_PATH}:/home/luka/ws_moveit2/install/uorover_arm:/home/luka/rover_workspace/install/robotic_arm_controls:/home/luka/rover_workspace/install/ld_controls:/home/luka/rover_workspace/install/gps_node:/home/luka/rover_workspace/install/camera_nodes:/home/luka/rover_workspace/install/drive_urdf:/home/luka/rover_workspace/install/drive_controls:/opt/ros/humble /usr/bin/cmake --install /home/luka/ws_moveit2/build/uorover_moveit_config
[4.058s] Level 1:colcon.colcon_core.environment:create_environment_scripts_only(uorover_moveit_config)
[4.061s] DEBUG:colcon.colcon_core.event_handler.log_command:Invoked command in '/home/luka/ws_moveit2/build/uorover_moveit_config' returned '0': AMENT_PREFIX_PATH=/home/luka/ws_moveit2/install/uorover_arm:/home/luka/ws_moveit2/install/uorover_moveit_config:/home/luka/ws_moveit2/install/uorover_ik:/home/luka/rover_workspace/install/robotic_arm_controls:/home/luka/rover_workspace/install/ld_controls:/home/luka/rover_workspace/install/gps_node:/home/luka/rover_workspace/install/chassis_controls:/home/luka/rover_workspace/install/camera_nodes:/home/luka/rover_workspace/install/general_interfaces:/home/luka/rover_workspace/install/drive_urdf:/home/luka/rover_workspace/install/drive_controls:/opt/ros/humble CMAKE_PREFIX_PATH=${CMAKE_PREFIX_PATH}:/home/luka/ws_moveit2/install/uorover_arm:/home/luka/rover_workspace/install/robotic_arm_controls:/home/luka/rover_workspace/install/ld_controls:/home/luka/rover_workspace/install/gps_node:/home/luka/rover_workspace/install/camera_nodes:/home/luka/rover_workspace/install/drive_urdf:/home/luka/rover_workspace/install/drive_controls:/opt/ros/humble /usr/bin/cmake --install /home/luka/ws_moveit2/build/uorover_moveit_config
[4.081s] Level 1:colcon.colcon_core.environment:checking '/home/luka/ws_moveit2/install/uorover_moveit_config' for CMake module files
[4.082s] Level 1:colcon.colcon_core.environment:checking '/home/luka/ws_moveit2/install/uorover_moveit_config' for CMake config files
[4.082s] Level 1:colcon.colcon_core.shell:create_environment_hook('uorover_moveit_config', 'cmake_prefix_path')
[4.103s] INFO:colcon.colcon_core.shell:Creating environment hook '/home/luka/ws_moveit2/install/uorover_moveit_config/share/uorover_moveit_config/hook/cmake_prefix_path.ps1'
[4.104s] INFO:colcon.colcon_core.shell:Creating environment descriptor '/home/luka/ws_moveit2/install/uorover_moveit_config/share/uorover_moveit_config/hook/cmake_prefix_path.dsv'
[4.104s] INFO:colcon.colcon_core.shell:Creating environment hook '/home/luka/ws_moveit2/install/uorover_moveit_config/share/uorover_moveit_config/hook/cmake_prefix_path.sh'
[4.105s] Level 1:colcon.colcon_core.environment:checking '/home/luka/ws_moveit2/install/uorover_moveit_config/bin'
[4.105s] Level 1:colcon.colcon_core.environment:checking '/home/luka/ws_moveit2/install/uorover_moveit_config/lib/pkgconfig/uorover_moveit_config.pc'
[4.105s] Level 1:colcon.colcon_core.environment:checking '/home/luka/ws_moveit2/install/uorover_moveit_config/lib/python3.10/site-packages'
[4.105s] Level 1:colcon.colcon_core.environment:checking '/home/luka/ws_moveit2/install/uorover_moveit_config/bin'
[4.127s] INFO:colcon.colcon_core.shell:Creating package script '/home/luka/ws_moveit2/install/uorover_moveit_config/share/uorover_moveit_config/package.ps1'
[4.127s] INFO:colcon.colcon_core.shell:Creating package descriptor '/home/luka/ws_moveit2/install/uorover_moveit_config/share/uorover_moveit_config/package.dsv'
[4.128s] INFO:colcon.colcon_core.shell:Creating package script '/home/luka/ws_moveit2/install/uorover_moveit_config/share/uorover_moveit_config/package.sh'
[4.128s] INFO:colcon.colcon_core.shell:Creating package script '/home/luka/ws_moveit2/install/uorover_moveit_config/share/uorover_moveit_config/package.bash'
[4.128s] INFO:colcon.colcon_core.shell:Creating package script '/home/luka/ws_moveit2/install/uorover_moveit_config/share/uorover_moveit_config/package.zsh'
[4.129s] Level 1:colcon.colcon_core.environment:create_file_with_runtime_dependencies(/home/luka/ws_moveit2/install/uorover_moveit_config/share/colcon-core/packages/uorover_moveit_config)
[4.172s] Level 1:colcon.colcon_core.environment:create_environment_scripts_only(uorover_moveit_config)
[4.192s] Level 1:colcon.colcon_core.environment:checking '/home/luka/ws_moveit2/install/uorover_moveit_config' for CMake module files
[4.192s] Level 1:colcon.colcon_core.environment:checking '/home/luka/ws_moveit2/install/uorover_moveit_config' for CMake config files
[4.202s] Level 1:colcon.colcon_core.shell:create_environment_hook('uorover_moveit_config', 'cmake_prefix_path')
[4.222s] INFO:colcon.colcon_core.shell:Creating environment hook '/home/luka/ws_moveit2/install/uorover_moveit_config/share/uorover_moveit_config/hook/cmake_prefix_path.ps1'
[4.222s] INFO:colcon.colcon_core.shell:Creating environment descriptor '/home/luka/ws_moveit2/install/uorover_moveit_config/share/uorover_moveit_config/hook/cmake_prefix_path.dsv'
[4.223s] INFO:colcon.colcon_core.shell:Creating environment hook '/home/luka/ws_moveit2/install/uorover_moveit_config/share/uorover_moveit_config/hook/cmake_prefix_path.sh'
[4.223s] Level 1:colcon.colcon_core.environment:checking '/home/luka/ws_moveit2/install/uorover_moveit_config/bin'
[4.223s] Level 1:colcon.colcon_core.environment:checking '/home/luka/ws_moveit2/install/uorover_moveit_config/lib/pkgconfig/uorover_moveit_config.pc'
[4.223s] Level 1:colcon.colcon_core.environment:checking '/home/luka/ws_moveit2/install/uorover_moveit_config/lib/python3.10/site-packages'
[4.224s] Level 1:colcon.colcon_core.environment:checking '/home/luka/ws_moveit2/install/uorover_moveit_config/bin'
[4.243s] INFO:colcon.colcon_core.shell:Creating package script '/home/luka/ws_moveit2/install/uorover_moveit_config/share/uorover_moveit_config/package.ps1'
[4.244s] INFO:colcon.colcon_core.shell:Creating package descriptor '/home/luka/ws_moveit2/install/uorover_moveit_config/share/uorover_moveit_config/package.dsv'
[4.244s] INFO:colcon.colcon_core.shell:Creating package script '/home/luka/ws_moveit2/install/uorover_moveit_config/share/uorover_moveit_config/package.sh'
[4.245s] INFO:colcon.colcon_core.shell:Creating package script '/home/luka/ws_moveit2/install/uorover_moveit_config/share/uorover_moveit_config/package.bash'
[4.245s] INFO:colcon.colcon_core.shell:Creating package script '/home/luka/ws_moveit2/install/uorover_moveit_config/share/uorover_moveit_config/package.zsh'
[4.245s] Level 1:colcon.colcon_core.environment:create_file_with_runtime_dependencies(/home/luka/ws_moveit2/install/uorover_moveit_config/share/colcon-core/packages/uorover_moveit_config)
[11.155s] DEBUG:colcon.colcon_core.event_handler.log_command:Invoked command in '/home/luka/ws_moveit2/build/uorover_ik' returned '0': CMAKE_PREFIX_PATH=${CMAKE_PREFIX_PATH}:/home/luka/ws_moveit2/install/uorover_arm:/home/luka/rover_workspace/install/robotic_arm_controls:/home/luka/rover_workspace/install/ld_controls:/home/luka/rover_workspace/install/gps_node:/home/luka/rover_workspace/install/camera_nodes:/home/luka/rover_workspace/install/drive_urdf:/home/luka/rover_workspace/install/drive_controls:/opt/ros/humble /usr/bin/cmake --build /home/luka/ws_moveit2/build/uorover_ik -- -j12 -l12
[11.186s] DEBUG:colcon.colcon_core.event_handler.log_command:Invoking command in '/home/luka/ws_moveit2/build/uorover_ik': CMAKE_PREFIX_PATH=${CMAKE_PREFIX_PATH}:/home/luka/ws_moveit2/install/uorover_arm:/home/luka/rover_workspace/install/robotic_arm_controls:/home/luka/rover_workspace/install/ld_controls:/home/luka/rover_workspace/install/gps_node:/home/luka/rover_workspace/install/camera_nodes:/home/luka/rover_workspace/install/drive_urdf:/home/luka/rover_workspace/install/drive_controls:/opt/ros/humble /usr/bin/cmake --install /home/luka/ws_moveit2/build/uorover_ik
[11.197s] Level 1:colcon.colcon_core.environment:create_environment_scripts_only(uorover_ik)
[11.198s] DEBUG:colcon.colcon_core.event_handler.log_command:Invoked command in '/home/luka/ws_moveit2/build/uorover_ik' returned '0': CMAKE_PREFIX_PATH=${CMAKE_PREFIX_PATH}:/home/luka/ws_moveit2/install/uorover_arm:/home/luka/rover_workspace/install/robotic_arm_controls:/home/luka/rover_workspace/install/ld_controls:/home/luka/rover_workspace/install/gps_node:/home/luka/rover_workspace/install/camera_nodes:/home/luka/rover_workspace/install/drive_urdf:/home/luka/rover_workspace/install/drive_controls:/opt/ros/humble /usr/bin/cmake --install /home/luka/ws_moveit2/build/uorover_ik
[11.219s] Level 1:colcon.colcon_core.environment:checking '/home/luka/ws_moveit2/install/uorover_ik' for CMake module files
[11.219s] Level 1:colcon.colcon_core.environment:checking '/home/luka/ws_moveit2/install/uorover_ik' for CMake config files
[11.220s] Level 1:colcon.colcon_core.shell:create_environment_hook('uorover_ik', 'cmake_prefix_path')
[11.241s] INFO:colcon.colcon_core.shell:Creating environment hook '/home/luka/ws_moveit2/install/uorover_ik/share/uorover_ik/hook/cmake_prefix_path.ps1'
[11.242s] INFO:colcon.colcon_core.shell:Creating environment descriptor '/home/luka/ws_moveit2/install/uorover_ik/share/uorover_ik/hook/cmake_prefix_path.dsv'
[11.242s] INFO:colcon.colcon_core.shell:Creating environment hook '/home/luka/ws_moveit2/install/uorover_ik/share/uorover_ik/hook/cmake_prefix_path.sh'
[11.242s] Level 1:colcon.colcon_core.environment:checking '/home/luka/ws_moveit2/install/uorover_ik/lib'
[11.243s] Level 1:colcon.colcon_core.environment:checking '/home/luka/ws_moveit2/install/uorover_ik/bin'
[11.243s] Level 1:colcon.colcon_core.environment:checking '/home/luka/ws_moveit2/install/uorover_ik/lib/pkgconfig/uorover_ik.pc'
[11.243s] Level 1:colcon.colcon_core.environment:checking '/home/luka/ws_moveit2/install/uorover_ik/lib/python3.10/site-packages'
[11.243s] Level 1:colcon.colcon_core.environment:checking '/home/luka/ws_moveit2/install/uorover_ik/bin'
[11.264s] INFO:colcon.colcon_core.shell:Creating package script '/home/luka/ws_moveit2/install/uorover_ik/share/uorover_ik/package.ps1'
[11.265s] INFO:colcon.colcon_core.shell:Creating package descriptor '/home/luka/ws_moveit2/install/uorover_ik/share/uorover_ik/package.dsv'
[11.265s] INFO:colcon.colcon_core.shell:Creating package script '/home/luka/ws_moveit2/install/uorover_ik/share/uorover_ik/package.sh'
[11.265s] INFO:colcon.colcon_core.shell:Creating package script '/home/luka/ws_moveit2/install/uorover_ik/share/uorover_ik/package.bash'
[11.266s] INFO:colcon.colcon_core.shell:Creating package script '/home/luka/ws_moveit2/install/uorover_ik/share/uorover_ik/package.zsh'
[11.266s] Level 1:colcon.colcon_core.environment:create_file_with_runtime_dependencies(/home/luka/ws_moveit2/install/uorover_ik/share/colcon-core/packages/uorover_ik)
[11.316s] Level 1:colcon.colcon_core.environment:create_environment_scripts_only(uorover_ik)
[11.337s] Level 1:colcon.colcon_core.environment:checking '/home/luka/ws_moveit2/install/uorover_ik' for CMake module files
[11.338s] Level 1:colcon.colcon_core.environment:checking '/home/luka/ws_moveit2/install/uorover_ik' for CMake config files
[11.338s] Level 1:colcon.colcon_core.shell:create_environment_hook('uorover_ik', 'cmake_prefix_path')
[11.360s] INFO:colcon.colcon_core.shell:Creating environment hook '/home/luka/ws_moveit2/install/uorover_ik/share/uorover_ik/hook/cmake_prefix_path.ps1'
[11.360s] INFO:colcon.colcon_core.shell:Creating environment descriptor '/home/luka/ws_moveit2/install/uorover_ik/share/uorover_ik/hook/cmake_prefix_path.dsv'
[11.361s] INFO:colcon.colcon_core.shell:Creating environment hook '/home/luka/ws_moveit2/install/uorover_ik/share/uorover_ik/hook/cmake_prefix_path.sh'
[11.361s] Level 1:colcon.colcon_core.environment:checking '/home/luka/ws_moveit2/install/uorover_ik/lib'
[11.361s] Level 1:colcon.colcon_core.environment:checking '/home/luka/ws_moveit2/install/uorover_ik/bin'
[11.361s] Level 1:colcon.colcon_core.environment:checking '/home/luka/ws_moveit2/install/uorover_ik/lib/pkgconfig/uorover_ik.pc'
[11.362s] Level 1:colcon.colcon_core.environment:checking '/home/luka/ws_moveit2/install/uorover_ik/lib/python3.10/site-packages'
[11.362s] Level 1:colcon.colcon_core.environment:checking '/home/luka/ws_moveit2/install/uorover_ik/bin'
[11.382s] INFO:colcon.colcon_core.shell:Creating package script '/home/luka/ws_moveit2/install/uorover_ik/share/uorover_ik/package.ps1'
[11.383s] INFO:colcon.colcon_core.shell:Creating package descriptor '/home/luka/ws_moveit2/install/uorover_ik/share/uorover_ik/package.dsv'
[11.384s] INFO:colcon.colcon_core.shell:Creating package script '/home/luka/ws_moveit2/install/uorover_ik/share/uorover_ik/package.sh'
[11.384s] INFO:colcon.colcon_core.shell:Creating package script '/home/luka/ws_moveit2/install/uorover_ik/share/uorover_ik/package.bash'
[11.384s] INFO:colcon.colcon_core.shell:Creating package script '/home/luka/ws_moveit2/install/uorover_ik/share/uorover_ik/package.zsh'
[11.385s] Level 1:colcon.colcon_core.environment:create_file_with_runtime_dependencies(/home/luka/ws_moveit2/install/uorover_ik/share/colcon-core/packages/uorover_ik)
[11.385s] DEBUG:colcon.colcon_parallel_executor.executor.parallel:closing loop
[11.385s] DEBUG:colcon.colcon_parallel_executor.executor.parallel:loop closed
[11.385s] DEBUG:colcon.colcon_parallel_executor.executor.parallel:run_until_complete finished with '0'
[11.385s] DEBUG:colcon.colcon_core.event_reactor:joining thread
[11.410s] INFO:colcon.colcon_core.plugin_system:Skipping extension 'colcon_notification.desktop_notification.terminal_notifier': Not used on non-Darwin systems
[11.411s] INFO:colcon.colcon_core.plugin_system:Skipping extension 'colcon_notification.desktop_notification.win32': Not used on non-Windows systems
[11.411s] INFO:colcon.colcon_notification.desktop_notification:Sending desktop notification using 'notify2'
[11.422s] DEBUG:colcon.colcon_core.event_reactor:joined thread
[11.442s] INFO:colcon.colcon_core.shell:Creating prefix script '/home/luka/ws_moveit2/install/local_setup.ps1'
[11.443s] INFO:colcon.colcon_core.shell:Creating prefix util module '/home/luka/ws_moveit2/install/_local_setup_util_ps1.py'
[11.445s] INFO:colcon.colcon_core.shell:Creating prefix chain script '/home/luka/ws_moveit2/install/setup.ps1'
[11.468s] INFO:colcon.colcon_core.shell:Creating prefix script '/home/luka/ws_moveit2/install/local_setup.sh'
[11.468s] INFO:colcon.colcon_core.shell:Creating prefix util module '/home/luka/ws_moveit2/install/_local_setup_util_sh.py'
[11.469s] INFO:colcon.colcon_core.shell:Creating prefix chain script '/home/luka/ws_moveit2/install/setup.sh'
[11.493s] INFO:colcon.colcon_core.shell:Creating prefix script '/home/luka/ws_moveit2/install/local_setup.bash'
[11.493s] INFO:colcon.colcon_core.shell:Creating prefix chain script '/home/luka/ws_moveit2/install/setup.bash'
[11.515s] INFO:colcon.colcon_core.shell:Creating prefix script '/home/luka/ws_moveit2/install/local_setup.zsh'
[11.515s] INFO:colcon.colcon_core.shell:Creating prefix chain script '/home/luka/ws_moveit2/install/setup.zsh'
