[0.504s] Invoking command in '/home/luka/ws_moveit2/build/uorover_ik': CMAKE_PREFIX_PATH=${CMAKE_PREFIX_PATH}:/home/luka/rover_workspace/install/robotic_arm_controls:/home/luka/rover_workspace/install/ld_controls:/home/luka/rover_workspace/install/gps_node:/home/luka/rover_workspace/install/camera_nodes:/home/luka/rover_workspace/install/drive_urdf:/home/luka/rover_workspace/install/drive_controls:/home/luka/rover_workspace/install/autonomous_navigation:/home/luka/ws_moveit2/install/uorover_arm:/opt/ros/humble /usr/bin/cmake --build /home/luka/ws_moveit2/build/uorover_ik -- -j12 -l12
[0.534s] -- Found ament_cmake: 1.3.8 (/opt/ros/humble/share/ament_cmake/cmake)
[0.662s] -- Found moveit_ros_planning_interface: 2.5.5 (/opt/ros/humble/share/moveit_ros_planning_interface/cmake)
[0.672s] -- Found Boost: /usr/lib/x86_64-linux-gnu/cmake/Boost-1.74.0/BoostConfig.cmake (found version "1.74.0") found components: date_time filesystem program_options system thread 
[0.698s] -- Found rosidl_generator_c: 3.1.5 (/opt/ros/humble/share/rosidl_generator_c/cmake)
[0.700s] -- Found rosidl_adapter: 3.1.5 (/opt/ros/humble/share/rosidl_adapter/cmake)
[0.705s] -- Found rosidl_generator_cpp: 3.1.5 (/opt/ros/humble/share/rosidl_generator_cpp/cmake)
[0.717s] -- Using all available rosidl_typesupport_c: rosidl_typesupport_fastrtps_c;rosidl_typesupport_introspection_c
[0.734s] -- Using all available rosidl_typesupport_cpp: rosidl_typesupport_fastrtps_cpp;rosidl_typesupport_introspection_cpp
[1.614s] -- Found Boost: /usr/lib/x86_64-linux-gnu/cmake/Boost-1.74.0/BoostConfig.cmake (found version "1.74.0") found components: chrono date_time filesystem iostreams program_options regex serialization system thread 
[1.621s] -- Found parameter_traits: 0.3.7 (/opt/ros/humble/share/parameter_traits/cmake)
[1.670s] -- Found rmw_implementation_cmake: 6.1.1 (/opt/ros/humble/share/rmw_implementation_cmake/cmake)
[1.671s] -- Found rmw_cyclonedds_cpp: 1.3.4 (/opt/ros/humble/share/rmw_cyclonedds_cpp/cmake)
[1.697s] -- Using RMW implementation 'rmw_cyclonedds_cpp' as default
[1.842s] -- Found rclcpp_lifecycle: 16.0.8 (/opt/ros/humble/share/rclcpp_lifecycle/cmake)
[1.881s] -- Found Boost: /usr/lib/x86_64-linux-gnu/cmake/Boost-1.74.0/BoostConfig.cmake (found version "1.74.0") found components: filesystem 
[1.920s] -- library: /usr/lib/x86_64-linux-gnu/libcurl.so
[2.066s] -- Ensuring Eigen3 include directory is part of orocos-kdl CMake target
[2.552s] -- Found Boost: /usr/lib/x86_64-linux-gnu/cmake/Boost-1.74.0/BoostConfig.cmake (found version "1.74.0") found components: system filesystem date_time program_options thread chrono 
[3.080s] -- Found Boost: /usr/lib/x86_64-linux-gnu/cmake/Boost-1.74.0/BoostConfig.cmake (found version "1.74.0") found components: thread system filesystem regex date_time program_options 
[3.339s] -- Found Boost: /usr/lib/x86_64-linux-gnu/cmake/Boost-1.74.0/BoostConfig.cmake (found version "1.74.0") found components: system filesystem date_time program_options thread 
[3.770s] -- Found control_msgs: 4.4.0 (/opt/ros/humble/share/control_msgs/cmake)
[3.971s] -- Found general_interfaces: 0.1.0 (/home/luka/rover_workspace/install/general_interfaces/share/general_interfaces/cmake)
[4.020s] -- Found hardware_interface: 2.39.1 (/opt/ros/humble/share/hardware_interface/cmake)
[4.211s] -- Found ament_lint_auto: 0.12.10 (/opt/ros/humble/share/ament_lint_auto/cmake)
[4.278s] -- Added test 'cppcheck' to perform static code analysis on C / C++ code
[4.278s] -- Configured cppcheck include dirs: $<BUILD_INTERFACE:/home/luka/ws_moveit2/src/uorover_ik/include>
[4.278s] -- Configured cppcheck exclude dirs and/or files: 
[4.278s] -- Added test 'flake8' to check Python code syntax and style conventions
[4.278s] -- Added test 'lint_cmake' to check CMake code style
[4.279s] -- Added test 'pep257' to check Python code against some of the docstring style conventions in PEP 257
[4.280s] -- Added test 'uncrustify' to check C / C++ code style
[4.280s] -- Configured uncrustify additional arguments: 
[4.280s] -- Added test 'xmllint' to check XML markup files
[4.281s] -- Configuring done
[4.315s] -- Generating done
[4.317s] -- Build files have been written to: /home/luka/ws_moveit2/build/uorover_ik
[4.351s] [35m[1mConsolidate compiler generated dependencies of target rmm_hardware[0m
[4.351s] [35m[1mConsolidate compiler generated dependencies of target uorover_ik[0m
[4.368s] [ 50%] Built target rmm_hardware
[4.374s] [100%] Built target uorover_ik
[4.384s] Invoked command in '/home/luka/ws_moveit2/build/uorover_ik' returned '0': CMAKE_PREFIX_PATH=${CMAKE_PREFIX_PATH}:/home/luka/rover_workspace/install/robotic_arm_controls:/home/luka/rover_workspace/install/ld_controls:/home/luka/rover_workspace/install/gps_node:/home/luka/rover_workspace/install/camera_nodes:/home/luka/rover_workspace/install/drive_urdf:/home/luka/rover_workspace/install/drive_controls:/home/luka/rover_workspace/install/autonomous_navigation:/home/luka/ws_moveit2/install/uorover_arm:/opt/ros/humble /usr/bin/cmake --build /home/luka/ws_moveit2/build/uorover_ik -- -j12 -l12
[4.412s] Invoking command in '/home/luka/ws_moveit2/build/uorover_ik': CMAKE_PREFIX_PATH=${CMAKE_PREFIX_PATH}:/home/luka/rover_workspace/install/robotic_arm_controls:/home/luka/rover_workspace/install/ld_controls:/home/luka/rover_workspace/install/gps_node:/home/luka/rover_workspace/install/camera_nodes:/home/luka/rover_workspace/install/drive_urdf:/home/luka/rover_workspace/install/drive_controls:/home/luka/rover_workspace/install/autonomous_navigation:/home/luka/ws_moveit2/install/uorover_arm:/opt/ros/humble /usr/bin/cmake --install /home/luka/ws_moveit2/build/uorover_ik
[4.419s] -- Install configuration: ""
[4.419s] -- Up-to-date: /home/luka/ws_moveit2/install/uorover_ik/share/uorover_ik/rmm_hardware.xml
[4.419s] -- Up-to-date: /home/luka/ws_moveit2/install/uorover_ik/lib/uorover_ik/uorover_ik
[4.420s] -- Up-to-date: /home/luka/ws_moveit2/install/uorover_ik/share/uorover_ik/launch
[4.420s] -- Up-to-date: /home/luka/ws_moveit2/install/uorover_ik/share/uorover_ik/launch/sim_ik.launch.py
[4.420s] -- Up-to-date: /home/luka/ws_moveit2/install/uorover_ik/share/uorover_ik/launch/ik.launch.py
[4.420s] -- Up-to-date: /home/luka/ws_moveit2/install/uorover_ik/include/rmm_hardware
[4.420s] -- Up-to-date: /home/luka/ws_moveit2/install/uorover_ik/include/rmm_hardware/uorover_ik
[4.420s] -- Up-to-date: /home/luka/ws_moveit2/install/uorover_ik/include/rmm_hardware/uorover_ik/rmm_hardware.hpp
[4.420s] -- Up-to-date: /home/luka/ws_moveit2/install/uorover_ik/lib/librmm_hardware.so
[4.420s] -- Up-to-date: /home/luka/ws_moveit2/install/uorover_ik/share/uorover_ik/environment/library_path.sh
[4.420s] -- Installing: /home/luka/ws_moveit2/install/uorover_ik/share/uorover_ik/environment/library_path.dsv
[4.420s] -- Up-to-date: /home/luka/ws_moveit2/install/uorover_ik/share/ament_index/resource_index/package_run_dependencies/uorover_ik
[4.420s] -- Up-to-date: /home/luka/ws_moveit2/install/uorover_ik/share/ament_index/resource_index/parent_prefix_path/uorover_ik
[4.420s] -- Up-to-date: /home/luka/ws_moveit2/install/uorover_ik/share/uorover_ik/environment/ament_prefix_path.sh
[4.420s] -- Installing: /home/luka/ws_moveit2/install/uorover_ik/share/uorover_ik/environment/ament_prefix_path.dsv
[4.421s] -- Up-to-date: /home/luka/ws_moveit2/install/uorover_ik/share/uorover_ik/environment/path.sh
[4.421s] -- Installing: /home/luka/ws_moveit2/install/uorover_ik/share/uorover_ik/environment/path.dsv
[4.421s] -- Up-to-date: /home/luka/ws_moveit2/install/uorover_ik/share/uorover_ik/local_setup.bash
[4.421s] -- Up-to-date: /home/luka/ws_moveit2/install/uorover_ik/share/uorover_ik/local_setup.sh
[4.421s] -- Up-to-date: /home/luka/ws_moveit2/install/uorover_ik/share/uorover_ik/local_setup.zsh
[4.421s] -- Installing: /home/luka/ws_moveit2/install/uorover_ik/share/uorover_ik/local_setup.dsv
[4.421s] -- Installing: /home/luka/ws_moveit2/install/uorover_ik/share/uorover_ik/package.dsv
[4.421s] -- Up-to-date: /home/luka/ws_moveit2/install/uorover_ik/share/ament_index/resource_index/packages/uorover_ik
[4.421s] -- Up-to-date: /home/luka/ws_moveit2/install/uorover_ik/share/ament_index/resource_index/rmm_hardware__pluginlib__plugin/uorover_ik
[4.422s] -- Up-to-date: /home/luka/ws_moveit2/install/uorover_ik/share/uorover_ik/cmake/rmm_hardwareExport.cmake
[4.422s] -- Up-to-date: /home/luka/ws_moveit2/install/uorover_ik/share/uorover_ik/cmake/rmm_hardwareExport-noconfig.cmake
[4.422s] -- Up-to-date: /home/luka/ws_moveit2/install/uorover_ik/share/uorover_ik/cmake/ament_cmake_export_targets-extras.cmake
[4.422s] -- Up-to-date: /home/luka/ws_moveit2/install/uorover_ik/share/uorover_ik/cmake/uorover_ikConfig.cmake
[4.422s] -- Up-to-date: /home/luka/ws_moveit2/install/uorover_ik/share/uorover_ik/cmake/uorover_ikConfig-version.cmake
[4.422s] -- Up-to-date: /home/luka/ws_moveit2/install/uorover_ik/share/uorover_ik/package.xml
[4.424s] Invoked command in '/home/luka/ws_moveit2/build/uorover_ik' returned '0': CMAKE_PREFIX_PATH=${CMAKE_PREFIX_PATH}:/home/luka/rover_workspace/install/robotic_arm_controls:/home/luka/rover_workspace/install/ld_controls:/home/luka/rover_workspace/install/gps_node:/home/luka/rover_workspace/install/camera_nodes:/home/luka/rover_workspace/install/drive_urdf:/home/luka/rover_workspace/install/drive_controls:/home/luka/rover_workspace/install/autonomous_navigation:/home/luka/ws_moveit2/install/uorover_arm:/opt/ros/humble /usr/bin/cmake --install /home/luka/ws_moveit2/build/uorover_ik
